#
# There is insufficient memory for the Java Runtime Environment to continue.
# Native memory allocation (malloc) failed to allocate 2187056 bytes for Chunk::new
# Possible reasons:
#   The system is out of physical RAM or swap space
#   The process is running with CompressedOops enabled, and the Java Heap may be blocking the growth of the native heap
# Possible solutions:
#   Reduce memory load on the system
#   Increase physical memory or swap space
#   Check if swap backing store is full
#   Decrease Java heap size (-Xmx/-Xms)
#   Decrease number of Java threads
#   Decrease Java thread stack sizes (-Xss)
#   Set larger code cache with -XX:ReservedCodeCacheSize=
#   JVM is running with Unscaled Compressed Oops mode in which the Java heap is
#     placed in the first 4GB address space. The Java Heap base address is the
#     maximum limit for the native heap growth. Please use -XX:HeapBaseMinAddress
#     to set the Java Heap base and to place the Java Heap above 4GB virtual address.
# This output file may be truncated or incomplete.
#
#  Out of Memory Error (arena.cpp:189), pid=16624, tid=3080
#
# JRE version: OpenJDK Runtime Environment (17.0.6) (build 17.0.6+0-b2043.56-9586694)
# Java VM: OpenJDK 64-Bit Server VM (17.0.6+0-b2043.56-9586694, mixed mode, tiered, compressed oops, compressed class ptrs, g1 gc, windows-amd64)
# No core dump will be written. Minidumps are not enabled by default on client versions of Windows
#

---------------  S U M M A R Y ------------

Command Line: --add-opens=java.base/java.util=ALL-UNNAMED --add-opens=java.base/java.lang=ALL-UNNAMED --add-opens=java.base/java.lang.invoke=ALL-UNNAMED --add-opens=java.base/java.util=ALL-UNNAMED --add-opens=java.prefs/java.util.prefs=ALL-UNNAMED --add-opens=java.prefs/java.util.prefs=ALL-UNNAMED --add-opens=java.base/java.nio.charset=ALL-UNNAMED --add-opens=java.base/java.net=ALL-UNNAMED --add-opens=java.base/java.util.concurrent.atomic=ALL-UNNAMED -Xmx2048m -Dfile.encoding=UTF-8 -Duser.country=PT -Duser.language=pt -Duser.variant org.gradle.launcher.daemon.bootstrap.GradleDaemon 7.2

Host: Intel(R) Core(TM) i5-8300H CPU @ 2.30GHz, 8 cores, 15G,  Windows 10 , 64 bit Build 19041 (10.0.19041.3155)
Time: Fri Jul 21 23:28:51 2023 Hora de Verão de GMT elapsed time: 21.322333 seconds (0d 0h 0m 21s)

---------------  T H R E A D  ---------------

Current thread (0x0000029c23473b90):  JavaThread "C2 CompilerThread0" daemon [_thread_in_native, id=3080, stack(0x000000f2eae00000,0x000000f2eaf00000)]


Current CompileTask:
C2:  21322 8104       4       java.beans.Introspector::addMethod (196 bytes)

Stack: [0x000000f2eae00000,0x000000f2eaf00000]
Native frames: (J=compiled Java code, j=interpreted, Vv=VM code, C=native code)
V  [jvm.dll+0x683b4a]
V  [jvm.dll+0x842654]
V  [jvm.dll+0x843dfe]
V  [jvm.dll+0x844463]
V  [jvm.dll+0x249b75]
V  [jvm.dll+0xabcac]
V  [jvm.dll+0xac27c]
V  [jvm.dll+0x368802]
V  [jvm.dll+0x332f31]
V  [jvm.dll+0x3323da]
V  [jvm.dll+0x21c201]
V  [jvm.dll+0x21b621]
V  [jvm.dll+0x1a4fdd]
V  [jvm.dll+0x22b098]
V  [jvm.dll+0x229159]
V  [jvm.dll+0x7f809c]
V  [jvm.dll+0x7f25fa]
V  [jvm.dll+0x682985]
C  [ucrtbase.dll+0x21bb2]
C  [KERNEL32.DLL+0x17614]
C  [ntdll.dll+0x526b1]


---------------  P R O C E S S  ---------------

Threads class SMR info:
_java_thread_list=0x0000029c28d10090, length=128, elements={
0x0000029c089a9cc0, 0x0000029c23427a60, 0x0000029c23428ce0, 0x0000029c2346e130,
0x0000029c2346fd60, 0x0000029c23472630, 0x0000029c23472ef0, 0x0000029c23473b90,
0x0000029c23475550, 0x0000029c2347b550, 0x0000029c23600470, 0x0000029c23628430,
0x0000029c25e63ff0, 0x0000029c247f53f0, 0x0000029c25c60910, 0x0000029c25a3d6c0,
0x0000029c262dc030, 0x0000029c24894dc0, 0x0000029c2475b060, 0x0000029c25dff470,
0x0000029c25dffe10, 0x0000029c25dff940, 0x0000029c25e002e0, 0x0000029c25dfc920,
0x0000029c25dfd2c0, 0x0000029c25dfd790, 0x0000029c25dfefa0, 0x0000029c25dfcdf0,
0x0000029c25dfdc60, 0x0000029c25dfe130, 0x0000029c25dfe600, 0x0000029c25dfead0,
0x0000029c283982b0, 0x0000029c28392c10, 0x0000029c28399f90, 0x0000029c283930e0,
0x0000029c283995f0, 0x0000029c28399ac0, 0x0000029c28398c50, 0x0000029c283935b0,
0x0000029c283948f0, 0x0000029c28397440, 0x0000029c28393f50, 0x0000029c28399120,
0x0000029c28392740, 0x0000029c28398780, 0x0000029c28395760, 0x0000029c28396100,
0x0000029c283965d0, 0x0000029c28396aa0, 0x0000029c28396f70, 0x0000029c28397910,
0x0000029c23ee0ab0, 0x0000029c23ee05e0, 0x0000029c23ee2790, 0x0000029c23edfc40,
0x0000029c23eddf60, 0x0000029c23ede430, 0x0000029c23ee0110, 0x0000029c23ee0f80,
0x0000029c23ee2c60, 0x0000029c23ede900, 0x0000029c23ee1450, 0x0000029c23ee22c0,
0x0000029c23ee1920, 0x0000029c23ee3130, 0x0000029c23ededd0, 0x0000029c23ee4e10,
0x0000029c23ee3600, 0x0000029c23ee3fa0, 0x0000029c23ee1df0, 0x0000029c23ee3ad0,
0x0000029c23ee4470, 0x0000029c23ee4940, 0x0000029c23ee52e0, 0x0000029c23ee57b0,
0x0000029c23edf2a0, 0x0000029c23edf770, 0x0000029c23ee6910, 0x0000029c23ee85f0,
0x0000029c23ee8f90, 0x0000029c23ee6de0, 0x0000029c23ee72b0, 0x0000029c23ee7780,
0x0000029c23ee7c50, 0x0000029c23ee8120, 0x0000029c23ee8ac0, 0x0000029c23ee9460,
0x0000029c23ee9930, 0x0000029c23ee5f70, 0x0000029c23ee6440, 0x0000029c24d13550,
0x0000029c24d18720, 0x0000029c24d190c0, 0x0000029c24d19590, 0x0000029c24d18250,
0x0000029c24d143c0, 0x0000029c24d18bf0, 0x0000029c24d14890, 0x0000029c24d19f30,
0x0000029c24d15230, 0x0000029c24d17d80, 0x0000029c24d15700, 0x0000029c24d1a400,
0x0000029c24d13ef0, 0x0000029c24d1a8d0, 0x0000029c24d13a20, 0x0000029c24d14d60,
0x0000029c24d173e0, 0x0000029c24d19a60, 0x0000029c24d15bd0, 0x0000029c24d13080,
0x0000029c24d160a0, 0x0000029c24d16570, 0x0000029c24d16a40, 0x0000029c24d16f10,
0x0000029c24d178b0, 0x0000029c27e138c0, 0x0000029c27e14c00, 0x0000029c27e133f0,
0x0000029c27e150d0, 0x0000029c27e108a0, 0x0000029c27e14260, 0x0000029c27e168e0,
0x0000029c27e103d0, 0x0000029c2925ddf0, 0x0000029c27e120b0, 0x0000029c27e15f40
}

Java Threads: ( => current thread )
  0x0000029c089a9cc0 JavaThread "main" [_thread_blocked, id=27056, stack(0x000000f2ea100000,0x000000f2ea200000)]
  0x0000029c23427a60 JavaThread "Reference Handler" daemon [_thread_blocked, id=4664, stack(0x000000f2ea800000,0x000000f2ea900000)]
  0x0000029c23428ce0 JavaThread "Finalizer" daemon [_thread_blocked, id=16260, stack(0x000000f2ea900000,0x000000f2eaa00000)]
  0x0000029c2346e130 JavaThread "Signal Dispatcher" daemon [_thread_blocked, id=24640, stack(0x000000f2eaa00000,0x000000f2eab00000)]
  0x0000029c2346fd60 JavaThread "Attach Listener" daemon [_thread_blocked, id=13040, stack(0x000000f2eab00000,0x000000f2eac00000)]
  0x0000029c23472630 JavaThread "Service Thread" daemon [_thread_blocked, id=28132, stack(0x000000f2eac00000,0x000000f2ead00000)]
  0x0000029c23472ef0 JavaThread "Monitor Deflation Thread" daemon [_thread_blocked, id=26176, stack(0x000000f2ead00000,0x000000f2eae00000)]
=>0x0000029c23473b90 JavaThread "C2 CompilerThread0" daemon [_thread_in_native, id=3080, stack(0x000000f2eae00000,0x000000f2eaf00000)]
  0x0000029c23475550 JavaThread "C1 CompilerThread0" daemon [_thread_in_native, id=10676, stack(0x000000f2eaf00000,0x000000f2eb000000)]
  0x0000029c2347b550 JavaThread "Sweeper thread" daemon [_thread_blocked, id=17356, stack(0x000000f2eb000000,0x000000f2eb100000)]
  0x0000029c23600470 JavaThread "Common-Cleaner" daemon [_thread_blocked, id=2564, stack(0x000000f2eb100000,0x000000f2eb200000)]
  0x0000029c23628430 JavaThread "Notification Thread" daemon [_thread_blocked, id=1996, stack(0x000000f2eb200000,0x000000f2eb300000)]
  0x0000029c25e63ff0 JavaThread "Daemon health stats" [_thread_blocked, id=29108, stack(0x000000f2ebb00000,0x000000f2ebc00000)]
  0x0000029c247f53f0 JavaThread "Incoming local TCP Connector on port 59848" [_thread_in_native, id=9952, stack(0x000000f2eb400000,0x000000f2eb500000)]
  0x0000029c25c60910 JavaThread "Daemon periodic checks" [_thread_blocked, id=11188, stack(0x000000f2eb500000,0x000000f2eb600000)]
  0x0000029c25a3d6c0 JavaThread "Daemon" [_thread_blocked, id=28500, stack(0x000000f2ebc00000,0x000000f2ebd00000)]
  0x0000029c262dc030 JavaThread "Handler for socket connection from /127.0.0.1:59848 to /127.0.0.1:59850" [_thread_in_native, id=13304, stack(0x000000f2ebd00000,0x000000f2ebe00000)]
  0x0000029c24894dc0 JavaThread "Cancel handler" [_thread_blocked, id=600, stack(0x000000f2ebe00000,0x000000f2ebf00000)]
  0x0000029c2475b060 JavaThread "Daemon worker" [_thread_in_vm, id=13408, stack(0x000000f2ebf00000,0x000000f2ec000000)]
  0x0000029c25dff470 JavaThread "Asynchronous log dispatcher for DefaultDaemonConnection: socket connection from /127.0.0.1:59848 to /127.0.0.1:59850" [_thread_blocked, id=21936, stack(0x000000f2ec000000,0x000000f2ec100000)]
  0x0000029c25dffe10 JavaThread "Stdin handler" [_thread_blocked, id=21748, stack(0x000000f2ec100000,0x000000f2ec200000)]
  0x0000029c25dff940 JavaThread "Daemon client event forwarder" [_thread_blocked, id=13864, stack(0x000000f2ec200000,0x000000f2ec300000)]
  0x0000029c25e002e0 JavaThread "Cache worker for journal cache (C:\Users\Filipe Guia\.gradle\caches\journal-1)" [_thread_blocked, id=14640, stack(0x000000f2ec600000,0x000000f2ec700000)]
  0x0000029c25dfc920 JavaThread "File lock request listener" [_thread_in_native, id=22144, stack(0x000000f2ec700000,0x000000f2ec800000)]
  0x0000029c25dfd2c0 JavaThread "Cache worker for file hash cache (C:\Users\Filipe Guia\.gradle\caches\7.2\fileHashes)" [_thread_blocked, id=21520, stack(0x000000f2ec800000,0x000000f2ec900000)]
  0x0000029c25dfd790 JavaThread "Cache worker for file hash cache (C:\ProjetoAndroid\MoviesManager\.gradle\7.2\fileHashes)" [_thread_blocked, id=26472, stack(0x000000f2ec900000,0x000000f2eca00000)]
  0x0000029c25dfefa0 JavaThread "File watcher server" daemon [_thread_in_native, id=9764, stack(0x000000f2ecc00000,0x000000f2ecd00000)]
  0x0000029c25dfcdf0 JavaThread "File watcher consumer" daemon [_thread_blocked, id=29844, stack(0x000000f2ecd00000,0x000000f2ece00000)]
  0x0000029c25dfdc60 JavaThread "jar transforms" [_thread_blocked, id=14308, stack(0x000000f2ece00000,0x000000f2ecf00000)]
  0x0000029c25dfe130 JavaThread "jar transforms Thread 2" [_thread_blocked, id=28692, stack(0x000000f2ecf00000,0x000000f2ed000000)]
  0x0000029c25dfe600 JavaThread "jar transforms Thread 3" [_thread_blocked, id=13808, stack(0x000000f2ed000000,0x000000f2ed100000)]
  0x0000029c25dfead0 JavaThread "jar transforms Thread 4" [_thread_blocked, id=27992, stack(0x000000f2ed100000,0x000000f2ed200000)]
  0x0000029c283982b0 JavaThread "jar transforms Thread 5" [_thread_blocked, id=16616, stack(0x000000f2ed200000,0x000000f2ed300000)]
  0x0000029c28392c10 JavaThread "jar transforms Thread 6" [_thread_blocked, id=30400, stack(0x000000f2ed300000,0x000000f2ed400000)]
  0x0000029c28399f90 JavaThread "jar transforms Thread 7" [_thread_blocked, id=29644, stack(0x000000f2ed400000,0x000000f2ed500000)]
  0x0000029c283930e0 JavaThread "jar transforms Thread 8" [_thread_blocked, id=9588, stack(0x000000f2ed500000,0x000000f2ed600000)]
  0x0000029c283995f0 JavaThread "Cache worker for checksums cache (C:\ProjetoAndroid\MoviesManager\.gradle\checksums)" [_thread_blocked, id=23072, stack(0x000000f2ed600000,0x000000f2ed700000)]
  0x0000029c28399ac0 JavaThread "Cache worker for cache directory md-supplier (C:\Users\Filipe Guia\.gradle\caches\7.2\md-supplier)" [_thread_blocked, id=29664, stack(0x000000f2ed700000,0x000000f2ed800000)]
  0x0000029c28398c50 JavaThread "Cache worker for cache directory md-rule (C:\Users\Filipe Guia\.gradle\caches\7.2\md-rule)" [_thread_blocked, id=21776, stack(0x000000f2ed800000,0x000000f2ed900000)]
  0x0000029c283935b0 JavaThread "Cache worker for execution history cache (C:\Users\Filipe Guia\.gradle\caches\7.2\executionHistory)" [_thread_blocked, id=14192, stack(0x000000f2ed900000,0x000000f2eda00000)]
  0x0000029c283948f0 JavaThread "Cache worker for file content cache (C:\Users\Filipe Guia\.gradle\caches\7.2\fileContent)" [_thread_blocked, id=28080, stack(0x000000f2eda00000,0x000000f2edb00000)]
  0x0000029c28397440 JavaThread "Cache worker for dependencies-accessors (C:\ProjetoAndroid\MoviesManager\.gradle\7.2\dependencies-accessors)" [_thread_blocked, id=9808, stack(0x000000f2edb00000,0x000000f2edc00000)]
  0x0000029c28393f50 JavaThread "Cache worker for Build Output Cleanup Cache (C:\ProjetoAndroid\MoviesManager\.gradle\buildOutputCleanup)" [_thread_blocked, id=7332, stack(0x000000f2edc00000,0x000000f2edd00000)]
  0x0000029c28399120 JavaThread "Unconstrained build operations" [_thread_blocked, id=21660, stack(0x000000f2ecb00000,0x000000f2ecc00000)]
  0x0000029c28392740 JavaThread "Unconstrained build operations Thread 2" [_thread_blocked, id=21408, stack(0x000000f2edd00000,0x000000f2ede00000)]
  0x0000029c28398780 JavaThread "Unconstrained build operations Thread 3" [_thread_blocked, id=28404, stack(0x000000f2ede00000,0x000000f2edf00000)]
  0x0000029c28395760 JavaThread "Unconstrained build operations Thread 4" [_thread_blocked, id=19756, stack(0x000000f2edf00000,0x000000f2ee000000)]
  0x0000029c28396100 JavaThread "Unconstrained build operations Thread 5" [_thread_blocked, id=25540, stack(0x000000f2ee000000,0x000000f2ee100000)]
  0x0000029c283965d0 JavaThread "Unconstrained build operations Thread 6" [_thread_blocked, id=24148, stack(0x000000f2ee100000,0x000000f2ee200000)]
  0x0000029c28396aa0 JavaThread "Unconstrained build operations Thread 7" [_thread_blocked, id=17884, stack(0x000000f2ee200000,0x000000f2ee300000)]
  0x0000029c28396f70 JavaThread "Unconstrained build operations Thread 8" [_thread_blocked, id=28808, stack(0x000000f2ee300000,0x000000f2ee400000)]
  0x0000029c28397910 JavaThread "Unconstrained build operations Thread 9" [_thread_blocked, id=27488, stack(0x000000f2ee400000,0x000000f2ee500000)]
  0x0000029c23ee0ab0 JavaThread "Unconstrained build operations Thread 10" [_thread_blocked, id=25520, stack(0x000000f2ee500000,0x000000f2ee600000)]
  0x0000029c23ee05e0 JavaThread "Unconstrained build operations Thread 11" [_thread_blocked, id=25652, stack(0x000000f2ee600000,0x000000f2ee700000)]
  0x0000029c23ee2790 JavaThread "Unconstrained build operations Thread 12" [_thread_blocked, id=25140, stack(0x000000f2ee700000,0x000000f2ee800000)]
  0x0000029c23edfc40 JavaThread "Unconstrained build operations Thread 13" [_thread_blocked, id=30352, stack(0x000000f2ee800000,0x000000f2ee900000)]
  0x0000029c23eddf60 JavaThread "Unconstrained build operations Thread 14" [_thread_blocked, id=9244, stack(0x000000f2ee900000,0x000000f2eea00000)]
  0x0000029c23ede430 JavaThread "Unconstrained build operations Thread 15" [_thread_blocked, id=29104, stack(0x000000f2eea00000,0x000000f2eeb00000)]
  0x0000029c23ee0110 JavaThread "Unconstrained build operations Thread 16" [_thread_blocked, id=7824, stack(0x000000f2eeb00000,0x000000f2eec00000)]
  0x0000029c23ee0f80 JavaThread "Unconstrained build operations Thread 17" [_thread_blocked, id=10516, stack(0x000000f2eec00000,0x000000f2eed00000)]
  0x0000029c23ee2c60 JavaThread "Unconstrained build operations Thread 18" [_thread_blocked, id=20896, stack(0x000000f2eed00000,0x000000f2eee00000)]
  0x0000029c23ede900 JavaThread "Unconstrained build operations Thread 19" [_thread_blocked, id=23736, stack(0x000000f2eee00000,0x000000f2eef00000)]
  0x0000029c23ee1450 JavaThread "Unconstrained build operations Thread 20" [_thread_blocked, id=25892, stack(0x000000f2eef00000,0x000000f2ef000000)]
  0x0000029c23ee22c0 JavaThread "Unconstrained build operations Thread 21" [_thread_blocked, id=17696, stack(0x000000f2ef000000,0x000000f2ef100000)]
  0x0000029c23ee1920 JavaThread "Unconstrained build operations Thread 22" [_thread_blocked, id=28144, stack(0x000000f2ef100000,0x000000f2ef200000)]
  0x0000029c23ee3130 JavaThread "Unconstrained build operations Thread 23" [_thread_blocked, id=28572, stack(0x000000f2ef200000,0x000000f2ef300000)]
  0x0000029c23ededd0 JavaThread "Unconstrained build operations Thread 24" [_thread_blocked, id=12428, stack(0x000000f2ef300000,0x000000f2ef400000)]
  0x0000029c23ee4e10 JavaThread "Unconstrained build operations Thread 25" [_thread_blocked, id=5316, stack(0x000000f2ef400000,0x000000f2ef500000)]
  0x0000029c23ee3600 JavaThread "Unconstrained build operations Thread 26" [_thread_blocked, id=24320, stack(0x000000f2ef500000,0x000000f2ef600000)]
  0x0000029c23ee3fa0 JavaThread "Unconstrained build operations Thread 27" [_thread_blocked, id=22604, stack(0x000000f2ef600000,0x000000f2ef700000)]
  0x0000029c23ee1df0 JavaThread "Unconstrained build operations Thread 28" [_thread_blocked, id=22892, stack(0x000000f2ef700000,0x000000f2ef800000)]
  0x0000029c23ee3ad0 JavaThread "Unconstrained build operations Thread 29" [_thread_blocked, id=19324, stack(0x000000f2ef800000,0x000000f2ef900000)]
  0x0000029c23ee4470 JavaThread "Unconstrained build operations Thread 30" [_thread_blocked, id=28212, stack(0x000000f2ef900000,0x000000f2efa00000)]
  0x0000029c23ee4940 JavaThread "Unconstrained build operations Thread 31" [_thread_blocked, id=24660, stack(0x000000f2efa00000,0x000000f2efb00000)]
  0x0000029c23ee52e0 JavaThread "Unconstrained build operations Thread 32" [_thread_blocked, id=7844, stack(0x000000f2efb00000,0x000000f2efc00000)]
  0x0000029c23ee57b0 JavaThread "Unconstrained build operations Thread 33" [_thread_blocked, id=21484, stack(0x000000f2efc00000,0x000000f2efd00000)]
  0x0000029c23edf2a0 JavaThread "Unconstrained build operations Thread 34" [_thread_blocked, id=21240, stack(0x000000f2efd00000,0x000000f2efe00000)]
  0x0000029c23edf770 JavaThread "Unconstrained build operations Thread 35" [_thread_blocked, id=22084, stack(0x000000f2efe00000,0x000000f2eff00000)]
  0x0000029c23ee6910 JavaThread "Unconstrained build operations Thread 36" [_thread_blocked, id=21416, stack(0x000000f2eff00000,0x000000f2f0000000)]
  0x0000029c23ee85f0 JavaThread "Unconstrained build operations Thread 37" [_thread_blocked, id=30020, stack(0x000000f2f0000000,0x000000f2f0100000)]
  0x0000029c23ee8f90 JavaThread "Unconstrained build operations Thread 38" [_thread_blocked, id=12692, stack(0x000000f2f0100000,0x000000f2f0200000)]
  0x0000029c23ee6de0 JavaThread "Unconstrained build operations Thread 39" [_thread_blocked, id=21204, stack(0x000000f2f0200000,0x000000f2f0300000)]
  0x0000029c23ee72b0 JavaThread "Unconstrained build operations Thread 40" [_thread_blocked, id=12076, stack(0x000000f2f0300000,0x000000f2f0400000)]
  0x0000029c23ee7780 JavaThread "Unconstrained build operations Thread 41" [_thread_blocked, id=10956, stack(0x000000f2f0400000,0x000000f2f0500000)]
  0x0000029c23ee7c50 JavaThread "Unconstrained build operations Thread 42" [_thread_blocked, id=14688, stack(0x000000f2f0500000,0x000000f2f0600000)]
  0x0000029c23ee8120 JavaThread "Unconstrained build operations Thread 43" [_thread_blocked, id=29188, stack(0x000000f2f0600000,0x000000f2f0700000)]
  0x0000029c23ee8ac0 JavaThread "Unconstrained build operations Thread 44" [_thread_blocked, id=8272, stack(0x000000f2f0700000,0x000000f2f0800000)]
  0x0000029c23ee9460 JavaThread "Unconstrained build operations Thread 45" [_thread_blocked, id=8624, stack(0x000000f2f0800000,0x000000f2f0900000)]
  0x0000029c23ee9930 JavaThread "Unconstrained build operations Thread 46" [_thread_blocked, id=22972, stack(0x000000f2f0900000,0x000000f2f0a00000)]
  0x0000029c23ee5f70 JavaThread "Unconstrained build operations Thread 47" [_thread_blocked, id=22844, stack(0x000000f2f0a00000,0x000000f2f0b00000)]
  0x0000029c23ee6440 JavaThread "Unconstrained build operations Thread 48" [_thread_blocked, id=3444, stack(0x000000f2f0b00000,0x000000f2f0c00000)]
  0x0000029c24d13550 JavaThread "Unconstrained build operations Thread 49" [_thread_blocked, id=18520, stack(0x000000f2f0c00000,0x000000f2f0d00000)]
  0x0000029c24d18720 JavaThread "Unconstrained build operations Thread 50" [_thread_blocked, id=10896, stack(0x000000f2f0d00000,0x000000f2f0e00000)]
  0x0000029c24d190c0 JavaThread "Unconstrained build operations Thread 51" [_thread_blocked, id=11892, stack(0x000000f2f0e00000,0x000000f2f0f00000)]
  0x0000029c24d19590 JavaThread "Unconstrained build operations Thread 52" [_thread_blocked, id=28156, stack(0x000000f2f0f00000,0x000000f2f1000000)]
  0x0000029c24d18250 JavaThread "Unconstrained build operations Thread 53" [_thread_blocked, id=30480, stack(0x000000f2f1000000,0x000000f2f1100000)]
  0x0000029c24d143c0 JavaThread "Unconstrained build operations Thread 54" [_thread_blocked, id=26960, stack(0x000000f2f1100000,0x000000f2f1200000)]
  0x0000029c24d18bf0 JavaThread "Unconstrained build operations Thread 55" [_thread_blocked, id=10224, stack(0x000000f2f1200000,0x000000f2f1300000)]
  0x0000029c24d14890 JavaThread "Unconstrained build operations Thread 56" [_thread_blocked, id=780, stack(0x000000f2f1300000,0x000000f2f1400000)]
  0x0000029c24d19f30 JavaThread "Unconstrained build operations Thread 57" [_thread_blocked, id=19516, stack(0x000000f2f1400000,0x000000f2f1500000)]
  0x0000029c24d15230 JavaThread "Unconstrained build operations Thread 58" [_thread_blocked, id=2964, stack(0x000000f2f1500000,0x000000f2f1600000)]
  0x0000029c24d17d80 JavaThread "Unconstrained build operations Thread 59" [_thread_blocked, id=23440, stack(0x000000f2f1600000,0x000000f2f1700000)]
  0x0000029c24d15700 JavaThread "Unconstrained build operations Thread 60" [_thread_blocked, id=26304, stack(0x000000f2f1700000,0x000000f2f1800000)]
  0x0000029c24d1a400 JavaThread "Unconstrained build operations Thread 61" [_thread_blocked, id=15664, stack(0x000000f2f1800000,0x000000f2f1900000)]
  0x0000029c24d13ef0 JavaThread "Unconstrained build operations Thread 62" [_thread_blocked, id=20964, stack(0x000000f2f1900000,0x000000f2f1a00000)]
  0x0000029c24d1a8d0 JavaThread "Unconstrained build operations Thread 63" [_thread_blocked, id=29464, stack(0x000000f2f1a00000,0x000000f2f1b00000)]
  0x0000029c24d13a20 JavaThread "Unconstrained build operations Thread 64" [_thread_blocked, id=28072, stack(0x000000f2f1b00000,0x000000f2f1c00000)]
  0x0000029c24d14d60 JavaThread "Unconstrained build operations Thread 65" [_thread_blocked, id=29780, stack(0x000000f2f1c00000,0x000000f2f1d00000)]
  0x0000029c24d173e0 JavaThread "Unconstrained build operations Thread 66" [_thread_blocked, id=15116, stack(0x000000f2f1d00000,0x000000f2f1e00000)]
  0x0000029c24d19a60 JavaThread "Unconstrained build operations Thread 67" [_thread_blocked, id=21836, stack(0x000000f2f1e00000,0x000000f2f1f00000)]
  0x0000029c24d15bd0 JavaThread "Unconstrained build operations Thread 68" [_thread_blocked, id=28864, stack(0x000000f2f1f00000,0x000000f2f2000000)]
  0x0000029c24d13080 JavaThread "Unconstrained build operations Thread 69" [_thread_blocked, id=8464, stack(0x000000f2f2000000,0x000000f2f2100000)]
  0x0000029c24d160a0 JavaThread "Unconstrained build operations Thread 70" [_thread_blocked, id=19736, stack(0x000000f2f2100000,0x000000f2f2200000)]
  0x0000029c24d16570 JavaThread "Unconstrained build operations Thread 71" [_thread_blocked, id=20424, stack(0x000000f2f2300000,0x000000f2f2400000)]
  0x0000029c24d16a40 JavaThread "Unconstrained build operations Thread 72" [_thread_blocked, id=12568, stack(0x000000f2f2400000,0x000000f2f2500000)]
  0x0000029c24d16f10 JavaThread "Unconstrained build operations Thread 73" [_thread_blocked, id=25720, stack(0x000000f2f2500000,0x000000f2f2600000)]
  0x0000029c24d178b0 JavaThread "Unconstrained build operations Thread 74" [_thread_blocked, id=15836, stack(0x000000f2f2600000,0x000000f2f2700000)]
  0x0000029c27e138c0 JavaThread "Unconstrained build operations Thread 75" [_thread_blocked, id=11612, stack(0x000000f2f2700000,0x000000f2f2800000)]
  0x0000029c27e14c00 JavaThread "Unconstrained build operations Thread 76" [_thread_blocked, id=9240, stack(0x000000f2f2800000,0x000000f2f2900000)]
  0x0000029c27e133f0 JavaThread "Unconstrained build operations Thread 77" [_thread_blocked, id=25272, stack(0x000000f2f2900000,0x000000f2f2a00000)]
  0x0000029c27e150d0 JavaThread "Unconstrained build operations Thread 78" [_thread_blocked, id=17496, stack(0x000000f2f2a00000,0x000000f2f2b00000)]
  0x0000029c27e108a0 JavaThread "Unconstrained build operations Thread 79" [_thread_blocked, id=8896, stack(0x000000f2f2b00000,0x000000f2f2c00000)]
  0x0000029c27e14260 JavaThread "Unconstrained build operations Thread 80" [_thread_blocked, id=20720, stack(0x000000f2f2c00000,0x000000f2f2d00000)]
  0x0000029c27e168e0 JavaThread "Memory manager" [_thread_blocked, id=20916, stack(0x000000f2f2d00000,0x000000f2f2e00000)]
  0x0000029c27e103d0 JavaThread "build event listener" [_thread_blocked, id=5092, stack(0x000000f2f2e00000,0x000000f2f2f00000)]
  0x0000029c2925ddf0 JavaThread "C2 CompilerThread1" daemon [_thread_in_native, id=19160, stack(0x000000f2eca00000,0x000000f2ecb00000)]
  0x0000029c27e120b0 JavaThread "Cache worker for execution history cache (C:\ProjetoAndroid\MoviesManager\.gradle\7.2\executionHistory)" [_thread_blocked, id=18180, stack(0x000000f2f3500000,0x000000f2f3600000)]
  0x0000029c27e15f40 JavaThread "idea-tooling-model-converter" [_thread_blocked, id=23800, stack(0x000000f2f2200000,0x000000f2f2300000)]

Other Threads:
  0x0000029c22808df0 VMThread "VM Thread" [stack: 0x000000f2ea700000,0x000000f2ea800000] [id=25948]
  0x0000029c23628900 WatcherThread [stack: 0x000000f2eb300000,0x000000f2eb400000] [id=3012]
  0x0000029c08a07c00 GCTaskThread "GC Thread#0" [stack: 0x000000f2ea200000,0x000000f2ea300000] [id=17976]
  0x0000029c240dd2e0 GCTaskThread "GC Thread#1" [stack: 0x000000f2eb600000,0x000000f2eb700000] [id=19124]
  0x0000029c245239c0 GCTaskThread "GC Thread#2" [stack: 0x000000f2eb700000,0x000000f2eb800000] [id=2168]
  0x0000029c24523c70 GCTaskThread "GC Thread#3" [stack: 0x000000f2eb800000,0x000000f2eb900000] [id=29216]
  0x0000029c248bb010 GCTaskThread "GC Thread#4" [stack: 0x000000f2eb900000,0x000000f2eba00000] [id=17488]
  0x0000029c24429250 GCTaskThread "GC Thread#5" [stack: 0x000000f2eba00000,0x000000f2ebb00000] [id=28256]
  0x0000029c247973f0 GCTaskThread "GC Thread#6" [stack: 0x000000f2ec300000,0x000000f2ec400000] [id=28552]
  0x0000029c23fa14d0 GCTaskThread "GC Thread#7" [stack: 0x000000f2ec400000,0x000000f2ec500000] [id=22600]
  0x0000029c08a19a60 ConcurrentGCThread "G1 Main Marker" [stack: 0x000000f2ea300000,0x000000f2ea400000] [id=10744]
  0x0000029c08a1ab20 ConcurrentGCThread "G1 Conc#0" [stack: 0x000000f2ea400000,0x000000f2ea500000] [id=14248]
  0x0000029c262ded20 ConcurrentGCThread "G1 Conc#1" [stack: 0x000000f2ec500000,0x000000f2ec600000] [id=13656]
  0x0000029c08a7e9f0 ConcurrentGCThread "G1 Refine#0" [stack: 0x000000f2ea500000,0x000000f2ea600000] [id=12292]
  0x0000029c226b8980 ConcurrentGCThread "G1 Service" [stack: 0x000000f2ea600000,0x000000f2ea700000] [id=25228]

Threads with active compile tasks:
C2 CompilerThread0    21378 8104       4       java.beans.Introspector::addMethod (196 bytes)
C2 CompilerThread1    21379 8309       4       com.esotericsoftware.kryo.io.Input::readString (127 bytes)

VM state: not at safepoint (normal execution)

VM Mutex/Monitor currently owned by a thread: None

Heap address: 0x0000000080000000, size: 2048 MB, Compressed Oops mode: 32-bit

CDS archive(s) not mapped
Compressed class space mapped at: 0x0000000100000000-0x0000000140000000, reserved size: 1073741824
Narrow klass base: 0x0000000000000000, Narrow klass shift: 3, Narrow klass range: 0x140000000

GC Precious Log:
 CPUs: 8 total, 8 available
 Memory: 16232M
 Large Page Support: Disabled
 NUMA Support: Disabled
 Compressed Oops: Enabled (32-bit)
 Heap Region Size: 1M
 Heap Min Capacity: 8M
 Heap Initial Capacity: 254M
 Heap Max Capacity: 2G
 Pre-touch: Disabled
 Parallel Workers: 8
 Concurrent Workers: 2
 Concurrent Refinement Workers: 8
 Periodic GC: Disabled

Heap:
 garbage-first heap   total 247808K, used 194662K [0x0000000080000000, 0x0000000100000000)
  region size 1024K, 35 young (35840K), 5 survivors (5120K)
 Metaspace       used 81863K, committed 82496K, reserved 1122304K
  class space    used 10952K, committed 11200K, reserved 1048576K

Heap Regions: E=young(eden), S=young(survivor), O=old, HS=humongous(starts), HC=humongous(continues), CS=collection set, F=free, OA=open archive, CA=closed archive, TAMS=top-at-mark-start (previous, next)
|   0|0x0000000080000000, 0x0000000080100000, 0x0000000080100000|100%| O|  |TAMS 0x0000000080100000, 0x0000000080000000| Untracked 
|   1|0x0000000080100000, 0x0000000080200000, 0x0000000080200000|100%| O|  |TAMS 0x0000000080200000, 0x0000000080100000| Untracked 
|   2|0x0000000080200000, 0x0000000080300000, 0x0000000080300000|100%| O|  |TAMS 0x0000000080300000, 0x0000000080200000| Untracked 
|   3|0x0000000080300000, 0x0000000080400000, 0x0000000080400000|100%|HS|  |TAMS 0x0000000080400000, 0x0000000080300000| Complete 
|   4|0x0000000080400000, 0x0000000080500000, 0x0000000080500000|100%|HC|  |TAMS 0x0000000080500000, 0x0000000080400000| Complete 
|   5|0x0000000080500000, 0x0000000080600000, 0x0000000080600000|100%|HC|  |TAMS 0x0000000080600000, 0x0000000080500000| Complete 
|   6|0x0000000080600000, 0x0000000080700000, 0x0000000080700000|100%| O|  |TAMS 0x0000000080700000, 0x0000000080600000| Untracked 
|   7|0x0000000080700000, 0x0000000080800000, 0x0000000080800000|100%| O|  |TAMS 0x0000000080800000, 0x0000000080700000| Untracked 
|   8|0x0000000080800000, 0x0000000080900000, 0x0000000080900000|100%| O|  |TAMS 0x0000000080900000, 0x0000000080800000| Untracked 
|   9|0x0000000080900000, 0x0000000080a00000, 0x0000000080a00000|100%| O|  |TAMS 0x0000000080a00000, 0x0000000080900000| Untracked 
|  10|0x0000000080a00000, 0x0000000080b00000, 0x0000000080b00000|100%| O|  |TAMS 0x0000000080b00000, 0x0000000080a00000| Untracked 
|  11|0x0000000080b00000, 0x0000000080c00000, 0x0000000080c00000|100%| O|  |TAMS 0x0000000080c00000, 0x0000000080b00000| Untracked 
|  12|0x0000000080c00000, 0x0000000080d00000, 0x0000000080d00000|100%| O|  |TAMS 0x0000000080d00000, 0x0000000080c00000| Untracked 
|  13|0x0000000080d00000, 0x0000000080e00000, 0x0000000080e00000|100%| O|  |TAMS 0x0000000080e00000, 0x0000000080d00000| Untracked 
|  14|0x0000000080e00000, 0x0000000080f00000, 0x0000000080f00000|100%| O|  |TAMS 0x0000000080f00000, 0x0000000080e00000| Untracked 
|  15|0x0000000080f00000, 0x0000000081000000, 0x0000000081000000|100%| O|  |TAMS 0x0000000081000000, 0x0000000080f00000| Untracked 
|  16|0x0000000081000000, 0x0000000081100000, 0x0000000081100000|100%| O|  |TAMS 0x0000000081100000, 0x0000000081000000| Untracked 
|  17|0x0000000081100000, 0x0000000081200000, 0x0000000081200000|100%| O|  |TAMS 0x0000000081200000, 0x0000000081100000| Untracked 
|  18|0x0000000081200000, 0x0000000081300000, 0x0000000081300000|100%| O|  |TAMS 0x0000000081300000, 0x0000000081200000| Untracked 
|  19|0x0000000081300000, 0x0000000081400000, 0x0000000081400000|100%| O|  |TAMS 0x0000000081400000, 0x0000000081300000| Untracked 
|  20|0x0000000081400000, 0x0000000081500000, 0x0000000081500000|100%|HS|  |TAMS 0x0000000081500000, 0x0000000081400000| Complete 
|  21|0x0000000081500000, 0x0000000081600000, 0x0000000081600000|100%|HC|  |TAMS 0x0000000081600000, 0x0000000081500000| Complete 
|  22|0x0000000081600000, 0x0000000081700000, 0x0000000081700000|100%|HS|  |TAMS 0x0000000081700000, 0x0000000081600000| Complete 
|  23|0x0000000081700000, 0x0000000081800000, 0x0000000081800000|100%|HC|  |TAMS 0x0000000081800000, 0x0000000081700000| Complete 
|  24|0x0000000081800000, 0x0000000081900000, 0x0000000081900000|100%|HC|  |TAMS 0x0000000081900000, 0x0000000081800000| Complete 
|  25|0x0000000081900000, 0x0000000081a00000, 0x0000000081a00000|100%|HS|  |TAMS 0x0000000081a00000, 0x0000000081900000| Complete 
|  26|0x0000000081a00000, 0x0000000081b00000, 0x0000000081b00000|100%|HC|  |TAMS 0x0000000081b00000, 0x0000000081a00000| Complete 
|  27|0x0000000081b00000, 0x0000000081c00000, 0x0000000081c00000|100%|HC|  |TAMS 0x0000000081c00000, 0x0000000081b00000| Complete 
|  28|0x0000000081c00000, 0x0000000081d00000, 0x0000000081d00000|100%|HS|  |TAMS 0x0000000081d00000, 0x0000000081c00000| Complete 
|  29|0x0000000081d00000, 0x0000000081e00000, 0x0000000081e00000|100%|HC|  |TAMS 0x0000000081e00000, 0x0000000081d00000| Complete 
|  30|0x0000000081e00000, 0x0000000081f00000, 0x0000000081f00000|100%| O|  |TAMS 0x0000000081f00000, 0x0000000081e00000| Untracked 
|  31|0x0000000081f00000, 0x0000000081f35e00, 0x0000000082000000| 21%| O|  |TAMS 0x0000000081f00000, 0x0000000081f00000| Untracked 
|  32|0x0000000082000000, 0x0000000082100000, 0x0000000082100000|100%|HS|  |TAMS 0x0000000082100000, 0x0000000082000000| Complete 
|  33|0x0000000082100000, 0x0000000082200000, 0x0000000082200000|100%|HC|  |TAMS 0x0000000082200000, 0x0000000082100000| Complete 
|  34|0x0000000082200000, 0x0000000082300000, 0x0000000082300000|100%|HC|  |TAMS 0x0000000082300000, 0x0000000082200000| Complete 
|  35|0x0000000082300000, 0x0000000082400000, 0x0000000082400000|100%|HC|  |TAMS 0x0000000082400000, 0x0000000082300000| Complete 
|  36|0x0000000082400000, 0x0000000082500000, 0x0000000082500000|100%|HC|  |TAMS 0x0000000082500000, 0x0000000082400000| Complete 
|  37|0x0000000082500000, 0x0000000082600000, 0x0000000082600000|100%|HC|  |TAMS 0x0000000082600000, 0x0000000082500000| Complete 
|  38|0x0000000082600000, 0x0000000082700000, 0x0000000082700000|100%|HS|  |TAMS 0x0000000082700000, 0x0000000082600000| Complete 
|  39|0x0000000082700000, 0x0000000082800000, 0x0000000082800000|100%| O|  |TAMS 0x0000000082800000, 0x0000000082700000| Untracked 
|  40|0x0000000082800000, 0x0000000082900000, 0x0000000082900000|100%| O|  |TAMS 0x0000000082900000, 0x0000000082800000| Untracked 
|  41|0x0000000082900000, 0x0000000082a00000, 0x0000000082a00000|100%| O|  |TAMS 0x0000000082a00000, 0x0000000082900000| Untracked 
|  42|0x0000000082a00000, 0x0000000082b00000, 0x0000000082b00000|100%|HS|  |TAMS 0x0000000082b00000, 0x0000000082a00000| Complete 
|  43|0x0000000082b00000, 0x0000000082c00000, 0x0000000082c00000|100%|HC|  |TAMS 0x0000000082c00000, 0x0000000082b00000| Complete 
|  44|0x0000000082c00000, 0x0000000082d00000, 0x0000000082d00000|100%|HC|  |TAMS 0x0000000082d00000, 0x0000000082c00000| Complete 
|  45|0x0000000082d00000, 0x0000000082e00000, 0x0000000082e00000|100%| O|  |TAMS 0x0000000082e00000, 0x0000000082d00000| Untracked 
|  46|0x0000000082e00000, 0x0000000082f00000, 0x0000000082f00000|100%| O|  |TAMS 0x0000000082f00000, 0x0000000082e00000| Untracked 
|  47|0x0000000082f00000, 0x0000000083000000, 0x0000000083000000|100%|HS|  |TAMS 0x0000000083000000, 0x0000000082f00000| Complete 
|  48|0x0000000083000000, 0x0000000083100000, 0x0000000083100000|100%|HC|  |TAMS 0x0000000083100000, 0x0000000083000000| Complete 
|  49|0x0000000083100000, 0x0000000083200000, 0x0000000083200000|100%| O|  |TAMS 0x0000000083200000, 0x0000000083100000| Untracked 
|  50|0x0000000083200000, 0x0000000083300000, 0x0000000083300000|100%| O|  |TAMS 0x0000000083300000, 0x0000000083200000| Untracked 
|  51|0x0000000083300000, 0x0000000083400000, 0x0000000083400000|100%| O|  |TAMS 0x0000000083400000, 0x0000000083300000| Untracked 
|  52|0x0000000083400000, 0x0000000083500000, 0x0000000083500000|100%| O|  |TAMS 0x0000000083500000, 0x0000000083400000| Untracked 
|  53|0x0000000083500000, 0x0000000083600000, 0x0000000083600000|100%| O|  |TAMS 0x0000000083600000, 0x0000000083500000| Untracked 
|  54|0x0000000083600000, 0x0000000083700000, 0x0000000083700000|100%|HS|  |TAMS 0x0000000083700000, 0x0000000083600000| Complete 
|  55|0x0000000083700000, 0x0000000083800000, 0x0000000083800000|100%|HC|  |TAMS 0x0000000083800000, 0x0000000083700000| Complete 
|  56|0x0000000083800000, 0x0000000083900000, 0x0000000083900000|100%|HC|  |TAMS 0x0000000083900000, 0x0000000083800000| Complete 
|  57|0x0000000083900000, 0x0000000083a00000, 0x0000000083a00000|100%|HC|  |TAMS 0x0000000083a00000, 0x0000000083900000| Complete 
|  58|0x0000000083a00000, 0x0000000083b00000, 0x0000000083b00000|100%|HC|  |TAMS 0x0000000083b00000, 0x0000000083a00000| Complete 
|  59|0x0000000083b00000, 0x0000000083c00000, 0x0000000083c00000|100%|HC|  |TAMS 0x0000000083c00000, 0x0000000083b00000| Complete 
|  60|0x0000000083c00000, 0x0000000083d00000, 0x0000000083d00000|100%|HC|  |TAMS 0x0000000083d00000, 0x0000000083c00000| Complete 
|  61|0x0000000083d00000, 0x0000000083e00000, 0x0000000083e00000|100%|HC|  |TAMS 0x0000000083e00000, 0x0000000083d00000| Complete 
|  62|0x0000000083e00000, 0x0000000083f00000, 0x0000000083f00000|100%|HC|  |TAMS 0x0000000083f00000, 0x0000000083e00000| Complete 
|  63|0x0000000083f00000, 0x0000000084000000, 0x0000000084000000|100%|HC|  |TAMS 0x0000000084000000, 0x0000000083f00000| Complete 
|  64|0x0000000084000000, 0x0000000084100000, 0x0000000084100000|100%|HC|  |TAMS 0x0000000084100000, 0x0000000084000000| Complete 
|  65|0x0000000084100000, 0x0000000084200000, 0x0000000084200000|100%|HS|  |TAMS 0x0000000084200000, 0x0000000084100000| Complete 
|  66|0x0000000084200000, 0x0000000084300000, 0x0000000084300000|100%|HC|  |TAMS 0x0000000084300000, 0x0000000084200000| Complete 
|  67|0x0000000084300000, 0x0000000084400000, 0x0000000084400000|100%|HS|  |TAMS 0x0000000084400000, 0x0000000084300000| Complete 
|  68|0x0000000084400000, 0x0000000084500000, 0x0000000084500000|100%|HC|  |TAMS 0x0000000084500000, 0x0000000084400000| Complete 
|  69|0x0000000084500000, 0x0000000084600000, 0x0000000084600000|100%|HC|  |TAMS 0x0000000084600000, 0x0000000084500000| Complete 
|  70|0x0000000084600000, 0x0000000084700000, 0x0000000084700000|100%| O|  |TAMS 0x0000000084700000, 0x0000000084600000| Untracked 
|  71|0x0000000084700000, 0x0000000084800000, 0x0000000084800000|100%| O|  |TAMS 0x0000000084800000, 0x0000000084700000| Untracked 
|  72|0x0000000084800000, 0x0000000084900000, 0x0000000084900000|100%| O|  |TAMS 0x0000000084900000, 0x0000000084800000| Untracked 
|  73|0x0000000084900000, 0x0000000084a00000, 0x0000000084a00000|100%| O|  |TAMS 0x0000000084a00000, 0x0000000084900000| Untracked 
|  74|0x0000000084a00000, 0x0000000084b00000, 0x0000000084b00000|100%| O|  |TAMS 0x0000000084b00000, 0x0000000084a00000| Untracked 
|  75|0x0000000084b00000, 0x0000000084c00000, 0x0000000084c00000|100%| O|  |TAMS 0x0000000084c00000, 0x0000000084b00000| Untracked 
|  76|0x0000000084c00000, 0x0000000084d00000, 0x0000000084d00000|100%| O|  |TAMS 0x0000000084d00000, 0x0000000084c00000| Untracked 
|  77|0x0000000084d00000, 0x0000000084e00000, 0x0000000084e00000|100%|HS|  |TAMS 0x0000000084e00000, 0x0000000084d00000| Complete 
|  78|0x0000000084e00000, 0x0000000084f00000, 0x0000000084f00000|100%|HC|  |TAMS 0x0000000084f00000, 0x0000000084e00000| Complete 
|  79|0x0000000084f00000, 0x0000000085000000, 0x0000000085000000|100%|HC|  |TAMS 0x0000000085000000, 0x0000000084f00000| Complete 
|  80|0x0000000085000000, 0x0000000085100000, 0x0000000085100000|100%|HC|  |TAMS 0x0000000085100000, 0x0000000085000000| Complete 
|  81|0x0000000085100000, 0x0000000085200000, 0x0000000085200000|100%|HC|  |TAMS 0x0000000085200000, 0x0000000085100000| Complete 
|  82|0x0000000085200000, 0x0000000085300000, 0x0000000085300000|100%|HC|  |TAMS 0x0000000085300000, 0x0000000085200000| Complete 
|  83|0x0000000085300000, 0x0000000085400000, 0x0000000085400000|100%|HS|  |TAMS 0x0000000085400000, 0x0000000085300000| Complete 
|  84|0x0000000085400000, 0x0000000085500000, 0x0000000085500000|100%| O|  |TAMS 0x0000000085500000, 0x0000000085400000| Untracked 
|  85|0x0000000085500000, 0x0000000085600000, 0x0000000085600000|100%| O|  |TAMS 0x0000000085600000, 0x0000000085500000| Untracked 
|  86|0x0000000085600000, 0x0000000085700000, 0x0000000085700000|100%| O|  |TAMS 0x0000000085700000, 0x0000000085600000| Untracked 
|  87|0x0000000085700000, 0x0000000085800000, 0x0000000085800000|100%| O|  |TAMS 0x0000000085800000, 0x0000000085700000| Untracked 
|  88|0x0000000085800000, 0x0000000085900000, 0x0000000085900000|100%|HS|  |TAMS 0x0000000085900000, 0x0000000085800000| Complete 
|  89|0x0000000085900000, 0x0000000085a00000, 0x0000000085a00000|100%|HS|  |TAMS 0x0000000085a00000, 0x0000000085900000| Complete 
|  90|0x0000000085a00000, 0x0000000085b00000, 0x0000000085b00000|100%|HS|  |TAMS 0x0000000085b00000, 0x0000000085a00000| Complete 
|  91|0x0000000085b00000, 0x0000000085c00000, 0x0000000085c00000|100%|HS|  |TAMS 0x0000000085c00000, 0x0000000085b00000| Complete 
|  92|0x0000000085c00000, 0x0000000085d00000, 0x0000000085d00000|100%|HS|  |TAMS 0x0000000085d00000, 0x0000000085c00000| Complete 
|  93|0x0000000085d00000, 0x0000000085e00000, 0x0000000085e00000|100%|HC|  |TAMS 0x0000000085e00000, 0x0000000085d00000| Complete 
|  94|0x0000000085e00000, 0x0000000085f00000, 0x0000000085f00000|100%|HC|  |TAMS 0x0000000085f00000, 0x0000000085e00000| Complete 
|  95|0x0000000085f00000, 0x0000000086000000, 0x0000000086000000|100%|HS|  |TAMS 0x0000000086000000, 0x0000000085f00000| Complete 
|  96|0x0000000086000000, 0x0000000086100000, 0x0000000086100000|100%|HC|  |TAMS 0x0000000086100000, 0x0000000086000000| Complete 
|  97|0x0000000086100000, 0x0000000086200000, 0x0000000086200000|100%| O|  |TAMS 0x0000000086200000, 0x0000000086100000| Untracked 
|  98|0x0000000086200000, 0x0000000086300000, 0x0000000086300000|100%| O|  |TAMS 0x0000000086300000, 0x0000000086200000| Untracked 
|  99|0x0000000086300000, 0x0000000086400000, 0x0000000086400000|100%| O|  |TAMS 0x0000000086400000, 0x0000000086300000| Untracked 
| 100|0x0000000086400000, 0x0000000086500000, 0x0000000086500000|100%| O|  |TAMS 0x0000000086500000, 0x0000000086400000| Untracked 
| 101|0x0000000086500000, 0x0000000086600000, 0x0000000086600000|100%| O|  |TAMS 0x0000000086600000, 0x0000000086500000| Untracked 
| 102|0x0000000086600000, 0x0000000086700000, 0x0000000086700000|100%| O|  |TAMS 0x0000000086700000, 0x0000000086600000| Untracked 
| 103|0x0000000086700000, 0x0000000086800000, 0x0000000086800000|100%| O|  |TAMS 0x0000000086800000, 0x0000000086700000| Untracked 
| 104|0x0000000086800000, 0x0000000086900000, 0x0000000086900000|100%| O|  |TAMS 0x0000000086900000, 0x0000000086800000| Untracked 
| 105|0x0000000086900000, 0x0000000086a00000, 0x0000000086a00000|100%| O|  |TAMS 0x0000000086a00000, 0x0000000086900000| Untracked 
| 106|0x0000000086a00000, 0x0000000086b00000, 0x0000000086b00000|100%| O|  |TAMS 0x0000000086b00000, 0x0000000086a00000| Untracked 
| 107|0x0000000086b00000, 0x0000000086c00000, 0x0000000086c00000|100%| O|  |TAMS 0x0000000086c00000, 0x0000000086b00000| Complete 
| 108|0x0000000086c00000, 0x0000000086d00000, 0x0000000086d00000|100%| O|  |TAMS 0x0000000086d00000, 0x0000000086c00000| Untracked 
| 109|0x0000000086d00000, 0x0000000086e00000, 0x0000000086e00000|100%| O|  |TAMS 0x0000000086e00000, 0x0000000086d00000| Untracked 
| 110|0x0000000086e00000, 0x0000000086f00000, 0x0000000086f00000|100%| O|  |TAMS 0x0000000086f00000, 0x0000000086e00000| Untracked 
| 111|0x0000000086f00000, 0x0000000087000000, 0x0000000087000000|100%| O|  |TAMS 0x0000000087000000, 0x0000000086f00000| Untracked 
| 112|0x0000000087000000, 0x0000000087100000, 0x0000000087100000|100%| O|  |TAMS 0x0000000087100000, 0x0000000087000000| Untracked 
| 113|0x0000000087100000, 0x0000000087200000, 0x0000000087200000|100%| O|  |TAMS 0x0000000087200000, 0x0000000087100000| Untracked 
| 114|0x0000000087200000, 0x0000000087300000, 0x0000000087300000|100%| O|  |TAMS 0x0000000087300000, 0x0000000087200000| Untracked 
| 115|0x0000000087300000, 0x0000000087400000, 0x0000000087400000|100%| O|  |TAMS 0x0000000087400000, 0x0000000087300000| Untracked 
| 116|0x0000000087400000, 0x0000000087500000, 0x0000000087500000|100%| O|  |TAMS 0x0000000087497c00, 0x0000000087400000| Untracked 
| 117|0x0000000087500000, 0x0000000087600000, 0x0000000087600000|100%|HS|  |TAMS 0x0000000087500000, 0x0000000087500000| Complete 
| 118|0x0000000087600000, 0x0000000087700000, 0x0000000087700000|100%|HC|  |TAMS 0x0000000087600000, 0x0000000087600000| Complete 
| 119|0x0000000087700000, 0x0000000087800000, 0x0000000087800000|100%|HC|  |TAMS 0x0000000087700000, 0x0000000087700000| Complete 
| 120|0x0000000087800000, 0x0000000087900000, 0x0000000087900000|100%|HC|  |TAMS 0x0000000087800000, 0x0000000087800000| Complete 
| 121|0x0000000087900000, 0x0000000087a00000, 0x0000000087a00000|100%|HC|  |TAMS 0x0000000087900000, 0x0000000087900000| Complete 
| 122|0x0000000087a00000, 0x0000000087b00000, 0x0000000087b00000|100%|HC|  |TAMS 0x0000000087a00000, 0x0000000087a00000| Complete 
| 123|0x0000000087b00000, 0x0000000087c00000, 0x0000000087c00000|100%|HC|  |TAMS 0x0000000087b00000, 0x0000000087b00000| Complete 
| 124|0x0000000087c00000, 0x0000000087d00000, 0x0000000087d00000|100%|HC|  |TAMS 0x0000000087c00000, 0x0000000087c00000| Complete 
| 125|0x0000000087d00000, 0x0000000087e00000, 0x0000000087e00000|100%|HC|  |TAMS 0x0000000087d00000, 0x0000000087d00000| Complete 
| 126|0x0000000087e00000, 0x0000000087f00000, 0x0000000087f00000|100%|HC|  |TAMS 0x0000000087e00000, 0x0000000087e00000| Complete 
| 127|0x0000000087f00000, 0x0000000088000000, 0x0000000088000000|100%|HS|  |TAMS 0x0000000087f00000, 0x0000000087f00000| Complete 
| 128|0x0000000088000000, 0x0000000088100000, 0x0000000088100000|100%|HC|  |TAMS 0x0000000088000000, 0x0000000088000000| Complete 
| 129|0x0000000088100000, 0x0000000088200000, 0x0000000088200000|100%|HS|  |TAMS 0x0000000088100000, 0x0000000088100000| Complete 
| 130|0x0000000088200000, 0x0000000088300000, 0x0000000088300000|100%|HC|  |TAMS 0x0000000088200000, 0x0000000088200000| Complete 
| 131|0x0000000088300000, 0x0000000088400000, 0x0000000088400000|100%|HS|  |TAMS 0x0000000088300000, 0x0000000088300000| Complete 
| 132|0x0000000088400000, 0x0000000088500000, 0x0000000088500000|100%|HC|  |TAMS 0x0000000088400000, 0x0000000088400000| Complete 
| 133|0x0000000088500000, 0x0000000088600000, 0x0000000088600000|100%|HC|  |TAMS 0x0000000088500000, 0x0000000088500000| Complete 
| 134|0x0000000088600000, 0x0000000088700000, 0x0000000088700000|100%|HS|  |TAMS 0x0000000088600000, 0x0000000088600000| Complete 
| 135|0x0000000088700000, 0x0000000088800000, 0x0000000088800000|100%|HC|  |TAMS 0x0000000088700000, 0x0000000088700000| Complete 
| 136|0x0000000088800000, 0x0000000088900000, 0x0000000088900000|100%|HC|  |TAMS 0x0000000088800000, 0x0000000088800000| Complete 
| 137|0x0000000088900000, 0x0000000088a00000, 0x0000000088a00000|100%|HS|  |TAMS 0x0000000088900000, 0x0000000088900000| Complete 
| 138|0x0000000088a00000, 0x0000000088b00000, 0x0000000088b00000|100%|HC|  |TAMS 0x0000000088a00000, 0x0000000088a00000| Complete 
| 139|0x0000000088b00000, 0x0000000088c00000, 0x0000000088c00000|100%|HS|  |TAMS 0x0000000088b00000, 0x0000000088b00000| Complete 
| 140|0x0000000088c00000, 0x0000000088d00000, 0x0000000088d00000|100%|HC|  |TAMS 0x0000000088c00000, 0x0000000088c00000| Complete 
| 141|0x0000000088d00000, 0x0000000088e00000, 0x0000000088e00000|100%|HC|  |TAMS 0x0000000088d00000, 0x0000000088d00000| Complete 
| 142|0x0000000088e00000, 0x0000000088f00000, 0x0000000088f00000|100%|HC|  |TAMS 0x0000000088e00000, 0x0000000088e00000| Complete 
| 143|0x0000000088f00000, 0x0000000089000000, 0x0000000089000000|100%|HC|  |TAMS 0x0000000088f00000, 0x0000000088f00000| Complete 
| 144|0x0000000089000000, 0x0000000089100000, 0x0000000089100000|100%|HC|  |TAMS 0x0000000089000000, 0x0000000089000000| Complete 
| 145|0x0000000089100000, 0x0000000089200000, 0x0000000089200000|100%|HS|  |TAMS 0x0000000089100000, 0x0000000089100000| Complete 
| 146|0x0000000089200000, 0x0000000089300000, 0x0000000089300000|100%|HS|  |TAMS 0x0000000089200000, 0x0000000089200000| Complete 
| 147|0x0000000089300000, 0x0000000089400000, 0x0000000089400000|100%|HC|  |TAMS 0x0000000089300000, 0x0000000089300000| Complete 
| 148|0x0000000089400000, 0x0000000089500000, 0x0000000089500000|100%|HC|  |TAMS 0x0000000089400000, 0x0000000089400000| Complete 
| 149|0x0000000089500000, 0x0000000089600000, 0x0000000089600000|100%|HC|  |TAMS 0x0000000089500000, 0x0000000089500000| Complete 
| 150|0x0000000089600000, 0x0000000089700000, 0x0000000089700000|100%|HC|  |TAMS 0x0000000089600000, 0x0000000089600000| Complete 
| 151|0x0000000089700000, 0x0000000089800000, 0x0000000089800000|100%|HC|  |TAMS 0x0000000089700000, 0x0000000089700000| Complete 
| 152|0x0000000089800000, 0x0000000089900000, 0x0000000089900000|100%|HC|  |TAMS 0x0000000089800000, 0x0000000089800000| Complete 
| 153|0x0000000089900000, 0x0000000089a00000, 0x0000000089a00000|100%|HC|  |TAMS 0x0000000089900000, 0x0000000089900000| Complete 
| 154|0x0000000089a00000, 0x0000000089b00000, 0x0000000089b00000|100%|HC|  |TAMS 0x0000000089a00000, 0x0000000089a00000| Complete 
| 155|0x0000000089b00000, 0x0000000089c00000, 0x0000000089c00000|100%|HC|  |TAMS 0x0000000089b00000, 0x0000000089b00000| Complete 
| 156|0x0000000089c00000, 0x0000000089d00000, 0x0000000089d00000|100%|HS|  |TAMS 0x0000000089c00000, 0x0000000089c00000| Complete 
| 157|0x0000000089d00000, 0x0000000089e00000, 0x0000000089e00000|100%|HC|  |TAMS 0x0000000089d00000, 0x0000000089d00000| Complete 
| 158|0x0000000089e00000, 0x0000000089e00000, 0x0000000089f00000|  0%| F|  |TAMS 0x0000000089e00000, 0x0000000089e00000| Untracked 
| 159|0x0000000089f00000, 0x0000000089f00000, 0x000000008a000000|  0%| F|  |TAMS 0x0000000089f00000, 0x0000000089f00000| Untracked 
| 160|0x000000008a000000, 0x000000008a000000, 0x000000008a100000|  0%| F|  |TAMS 0x000000008a000000, 0x000000008a000000| Untracked 
| 161|0x000000008a100000, 0x000000008a100000, 0x000000008a200000|  0%| F|  |TAMS 0x000000008a100000, 0x000000008a100000| Untracked 
| 162|0x000000008a200000, 0x000000008a200000, 0x000000008a300000|  0%| F|  |TAMS 0x000000008a200000, 0x000000008a200000| Untracked 
| 163|0x000000008a300000, 0x000000008a300000, 0x000000008a400000|  0%| F|  |TAMS 0x000000008a300000, 0x000000008a300000| Untracked 
| 164|0x000000008a400000, 0x000000008a400000, 0x000000008a500000|  0%| F|  |TAMS 0x000000008a400000, 0x000000008a400000| Untracked 
| 165|0x000000008a500000, 0x000000008a500000, 0x000000008a600000|  0%| F|  |TAMS 0x000000008a500000, 0x000000008a500000| Untracked 
| 166|0x000000008a600000, 0x000000008a6e3d60, 0x000000008a700000| 88%| S|CS|TAMS 0x000000008a600000, 0x000000008a600000| Complete 
| 167|0x000000008a700000, 0x000000008a800000, 0x000000008a800000|100%| S|CS|TAMS 0x000000008a700000, 0x000000008a700000| Complete 
| 168|0x000000008a800000, 0x000000008a900000, 0x000000008a900000|100%| S|CS|TAMS 0x000000008a800000, 0x000000008a800000| Complete 
| 169|0x000000008a900000, 0x000000008aa00000, 0x000000008aa00000|100%| S|CS|TAMS 0x000000008a900000, 0x000000008a900000| Complete 
| 170|0x000000008aa00000, 0x000000008ab00000, 0x000000008ab00000|100%| S|CS|TAMS 0x000000008aa00000, 0x000000008aa00000| Complete 
| 171|0x000000008ab00000, 0x000000008ab00000, 0x000000008ac00000|  0%| F|  |TAMS 0x000000008ab00000, 0x000000008ab00000| Untracked 
| 172|0x000000008ac00000, 0x000000008ac00000, 0x000000008ad00000|  0%| F|  |TAMS 0x000000008ac00000, 0x000000008ac00000| Untracked 
| 173|0x000000008ad00000, 0x000000008ad00000, 0x000000008ae00000|  0%| F|  |TAMS 0x000000008ad00000, 0x000000008ad00000| Untracked 
| 174|0x000000008ae00000, 0x000000008ae00000, 0x000000008af00000|  0%| F|  |TAMS 0x000000008ae00000, 0x000000008ae00000| Untracked 
| 175|0x000000008af00000, 0x000000008af00000, 0x000000008b000000|  0%| F|  |TAMS 0x000000008af00000, 0x000000008af00000| Untracked 
| 176|0x000000008b000000, 0x000000008b000000, 0x000000008b100000|  0%| F|  |TAMS 0x000000008b000000, 0x000000008b000000| Untracked 
| 177|0x000000008b100000, 0x000000008b100000, 0x000000008b200000|  0%| F|  |TAMS 0x000000008b100000, 0x000000008b100000| Untracked 
| 178|0x000000008b200000, 0x000000008b200000, 0x000000008b300000|  0%| F|  |TAMS 0x000000008b200000, 0x000000008b200000| Untracked 
| 179|0x000000008b300000, 0x000000008b300000, 0x000000008b400000|  0%| F|  |TAMS 0x000000008b300000, 0x000000008b300000| Untracked 
| 180|0x000000008b400000, 0x000000008b400000, 0x000000008b500000|  0%| F|  |TAMS 0x000000008b400000, 0x000000008b400000| Untracked 
| 181|0x000000008b500000, 0x000000008b500000, 0x000000008b600000|  0%| F|  |TAMS 0x000000008b500000, 0x000000008b500000| Untracked 
| 182|0x000000008b600000, 0x000000008b600000, 0x000000008b700000|  0%| F|  |TAMS 0x000000008b600000, 0x000000008b600000| Untracked 
| 183|0x000000008b700000, 0x000000008b700000, 0x000000008b800000|  0%| F|  |TAMS 0x000000008b700000, 0x000000008b700000| Untracked 
| 184|0x000000008b800000, 0x000000008b800000, 0x000000008b900000|  0%| F|  |TAMS 0x000000008b800000, 0x000000008b800000| Untracked 
| 185|0x000000008b900000, 0x000000008b900000, 0x000000008ba00000|  0%| F|  |TAMS 0x000000008b900000, 0x000000008b900000| Untracked 
| 186|0x000000008ba00000, 0x000000008ba00000, 0x000000008bb00000|  0%| F|  |TAMS 0x000000008ba00000, 0x000000008ba00000| Untracked 
| 187|0x000000008bb00000, 0x000000008bb00000, 0x000000008bc00000|  0%| F|  |TAMS 0x000000008bb00000, 0x000000008bb00000| Untracked 
| 188|0x000000008bc00000, 0x000000008bc00000, 0x000000008bd00000|  0%| F|  |TAMS 0x000000008bc00000, 0x000000008bc00000| Untracked 
| 189|0x000000008bd00000, 0x000000008bd00000, 0x000000008be00000|  0%| F|  |TAMS 0x000000008bd00000, 0x000000008bd00000| Untracked 
| 190|0x000000008be00000, 0x000000008be00000, 0x000000008bf00000|  0%| F|  |TAMS 0x000000008be00000, 0x000000008be00000| Untracked 
| 191|0x000000008bf00000, 0x000000008bf00000, 0x000000008c000000|  0%| F|  |TAMS 0x000000008bf00000, 0x000000008bf00000| Untracked 
| 192|0x000000008c000000, 0x000000008c000000, 0x000000008c100000|  0%| F|  |TAMS 0x000000008c000000, 0x000000008c000000| Untracked 
| 193|0x000000008c100000, 0x000000008c100000, 0x000000008c200000|  0%| F|  |TAMS 0x000000008c100000, 0x000000008c100000| Untracked 
| 194|0x000000008c200000, 0x000000008c200000, 0x000000008c300000|  0%| F|  |TAMS 0x000000008c200000, 0x000000008c200000| Untracked 
| 195|0x000000008c300000, 0x000000008c300000, 0x000000008c400000|  0%| F|  |TAMS 0x000000008c300000, 0x000000008c300000| Untracked 
| 196|0x000000008c400000, 0x000000008c400000, 0x000000008c500000|  0%| F|  |TAMS 0x000000008c400000, 0x000000008c400000| Untracked 
| 197|0x000000008c500000, 0x000000008c500000, 0x000000008c600000|  0%| F|  |TAMS 0x000000008c500000, 0x000000008c500000| Untracked 
| 198|0x000000008c600000, 0x000000008c600000, 0x000000008c700000|  0%| F|  |TAMS 0x000000008c600000, 0x000000008c600000| Untracked 
| 199|0x000000008c700000, 0x000000008c700000, 0x000000008c800000|  0%| F|  |TAMS 0x000000008c700000, 0x000000008c700000| Untracked 
| 200|0x000000008c800000, 0x000000008c800000, 0x000000008c900000|  0%| F|  |TAMS 0x000000008c800000, 0x000000008c800000| Untracked 
| 201|0x000000008c900000, 0x000000008c900000, 0x000000008ca00000|  0%| F|  |TAMS 0x000000008c900000, 0x000000008c900000| Untracked 
| 202|0x000000008ca00000, 0x000000008ca00000, 0x000000008cb00000|  0%| F|  |TAMS 0x000000008ca00000, 0x000000008ca00000| Untracked 
| 203|0x000000008cb00000, 0x000000008cb00000, 0x000000008cc00000|  0%| F|  |TAMS 0x000000008cb00000, 0x000000008cb00000| Untracked 
| 204|0x000000008cc00000, 0x000000008cc00000, 0x000000008cd00000|  0%| F|  |TAMS 0x000000008cc00000, 0x000000008cc00000| Untracked 
| 205|0x000000008cd00000, 0x000000008cd00000, 0x000000008ce00000|  0%| F|  |TAMS 0x000000008cd00000, 0x000000008cd00000| Untracked 
| 206|0x000000008ce00000, 0x000000008ce00000, 0x000000008cf00000|  0%| F|  |TAMS 0x000000008ce00000, 0x000000008ce00000| Untracked 
| 207|0x000000008cf00000, 0x000000008cf00000, 0x000000008d000000|  0%| F|  |TAMS 0x000000008cf00000, 0x000000008cf00000| Untracked 
| 208|0x000000008d000000, 0x000000008d000000, 0x000000008d100000|  0%| F|  |TAMS 0x000000008d000000, 0x000000008d000000| Untracked 
| 209|0x000000008d100000, 0x000000008d200000, 0x000000008d200000|100%| E|CS|TAMS 0x000000008d100000, 0x000000008d100000| Complete 
| 210|0x000000008d200000, 0x000000008d300000, 0x000000008d300000|100%| E|CS|TAMS 0x000000008d200000, 0x000000008d200000| Complete 
| 211|0x000000008d300000, 0x000000008d300000, 0x000000008d400000|  0%| F|  |TAMS 0x000000008d300000, 0x000000008d300000| Untracked 
| 212|0x000000008d400000, 0x000000008d400000, 0x000000008d500000|  0%| F|  |TAMS 0x000000008d400000, 0x000000008d400000| Untracked 
| 213|0x000000008d500000, 0x000000008d592078, 0x000000008d600000| 57%| E|  |TAMS 0x000000008d500000, 0x000000008d500000| Complete 
| 214|0x000000008d600000, 0x000000008d700000, 0x000000008d700000|100%| E|CS|TAMS 0x000000008d600000, 0x000000008d600000| Complete 
| 215|0x000000008d700000, 0x000000008d800000, 0x000000008d800000|100%| E|CS|TAMS 0x000000008d700000, 0x000000008d700000| Complete 
| 216|0x000000008d800000, 0x000000008d900000, 0x000000008d900000|100%| E|CS|TAMS 0x000000008d800000, 0x000000008d800000| Complete 
| 217|0x000000008d900000, 0x000000008da00000, 0x000000008da00000|100%| E|CS|TAMS 0x000000008d900000, 0x000000008d900000| Complete 
| 218|0x000000008da00000, 0x000000008db00000, 0x000000008db00000|100%| E|CS|TAMS 0x000000008da00000, 0x000000008da00000| Complete 
| 219|0x000000008db00000, 0x000000008dc00000, 0x000000008dc00000|100%| E|CS|TAMS 0x000000008db00000, 0x000000008db00000| Complete 
| 220|0x000000008dc00000, 0x000000008dd00000, 0x000000008dd00000|100%| E|CS|TAMS 0x000000008dc00000, 0x000000008dc00000| Complete 
| 221|0x000000008dd00000, 0x000000008de00000, 0x000000008de00000|100%| E|  |TAMS 0x000000008dd00000, 0x000000008dd00000| Complete 
| 222|0x000000008de00000, 0x000000008df00000, 0x000000008df00000|100%| E|CS|TAMS 0x000000008de00000, 0x000000008de00000| Complete 
| 223|0x000000008df00000, 0x000000008e000000, 0x000000008e000000|100%| E|CS|TAMS 0x000000008df00000, 0x000000008df00000| Complete 
| 224|0x000000008e000000, 0x000000008e100000, 0x000000008e100000|100%| E|CS|TAMS 0x000000008e000000, 0x000000008e000000| Complete 
| 225|0x000000008e100000, 0x000000008e200000, 0x000000008e200000|100%| E|CS|TAMS 0x000000008e100000, 0x000000008e100000| Complete 
| 226|0x000000008e200000, 0x000000008e300000, 0x000000008e300000|100%| E|CS|TAMS 0x000000008e200000, 0x000000008e200000| Complete 
| 227|0x000000008e300000, 0x000000008e400000, 0x000000008e400000|100%| E|CS|TAMS 0x000000008e300000, 0x000000008e300000| Complete 
| 228|0x000000008e400000, 0x000000008e500000, 0x000000008e500000|100%| E|CS|TAMS 0x000000008e400000, 0x000000008e400000| Complete 
| 229|0x000000008e500000, 0x000000008e600000, 0x000000008e600000|100%| E|CS|TAMS 0x000000008e500000, 0x000000008e500000| Complete 
| 230|0x000000008e600000, 0x000000008e700000, 0x000000008e700000|100%| E|CS|TAMS 0x000000008e600000, 0x000000008e600000| Complete 
| 231|0x000000008e700000, 0x000000008e800000, 0x000000008e800000|100%| E|CS|TAMS 0x000000008e700000, 0x000000008e700000| Complete 
| 232|0x000000008e800000, 0x000000008e900000, 0x000000008e900000|100%| E|CS|TAMS 0x000000008e800000, 0x000000008e800000| Complete 
| 233|0x000000008e900000, 0x000000008ea00000, 0x000000008ea00000|100%| E|CS|TAMS 0x000000008e900000, 0x000000008e900000| Complete 
| 234|0x000000008ea00000, 0x000000008eb00000, 0x000000008eb00000|100%| E|CS|TAMS 0x000000008ea00000, 0x000000008ea00000| Complete 
| 235|0x000000008eb00000, 0x000000008ec00000, 0x000000008ec00000|100%| E|CS|TAMS 0x000000008eb00000, 0x000000008eb00000| Complete 
| 236|0x000000008ec00000, 0x000000008ed00000, 0x000000008ed00000|100%| E|CS|TAMS 0x000000008ec00000, 0x000000008ec00000| Complete 
| 237|0x000000008ed00000, 0x000000008ee00000, 0x000000008ee00000|100%| E|CS|TAMS 0x000000008ed00000, 0x000000008ed00000| Complete 
| 238|0x000000008ee00000, 0x000000008ef00000, 0x000000008ef00000|100%| E|CS|TAMS 0x000000008ee00000, 0x000000008ee00000| Complete 
| 239|0x000000008ef00000, 0x000000008f000000, 0x000000008f000000|100%| E|CS|TAMS 0x000000008ef00000, 0x000000008ef00000| Complete 
| 240|0x000000008f000000, 0x000000008f100000, 0x000000008f100000|100%| E|CS|TAMS 0x000000008f000000, 0x000000008f000000| Complete 
| 253|0x000000008fd00000, 0x000000008fe00000, 0x000000008fe00000|100%| E|CS|TAMS 0x000000008fd00000, 0x000000008fd00000| Complete 

Card table byte_map: [0x0000029c1b5b0000,0x0000029c1b9b0000] _byte_map_base: 0x0000029c1b1b0000

Marking Bits (Prev, Next): (CMBitMap*) 0x0000029c08a09130, (CMBitMap*) 0x0000029c08a09170
 Prev Bits: [0x0000029c1bdb0000, 0x0000029c1ddb0000)
 Next Bits: [0x0000029c1ddb0000, 0x0000029c1fdb0000)

Polling page: 0x0000029c06900000

Metaspace:

Usage:
  Non-class:     69.26 MB used.
      Class:     10.70 MB used.
       Both:     79.95 MB used.

Virtual space:
  Non-class space:       72.00 MB reserved,      69.62 MB ( 97%) committed,  9 nodes.
      Class space:        1.00 GB reserved,      10.94 MB (  1%) committed,  1 nodes.
             Both:        1.07 GB reserved,      80.56 MB (  7%) committed. 

Chunk freelists:
   Non-Class:  2.05 MB
       Class:  900.00 KB
        Both:  2.93 MB

MaxMetaspaceSize: unlimited
CompressedClassSpaceSize: 1.00 GB
Initial GC threshold: 21.00 MB
Current GC threshold: 129.69 MB
CDS: off
MetaspaceReclaimPolicy: balanced
 - commit_granule_bytes: 65536.
 - commit_granule_words: 8192.
 - virtual_space_node_default_size: 1048576.
 - enlarge_chunks_in_place: 1.
 - new_chunks_are_fully_committed: 0.
 - uncommit_free_chunks: 1.
 - use_allocation_guard: 0.
 - handle_deallocations: 1.


Internal statistics:

num_allocs_failed_limit: 3.
num_arena_births: 738.
num_arena_deaths: 0.
num_vsnodes_births: 10.
num_vsnodes_deaths: 0.
num_space_committed: 1289.
num_space_uncommitted: 0.
num_chunks_returned_to_freelist: 3.
num_chunks_taken_from_freelist: 3621.
num_chunk_merges: 3.
num_chunk_splits: 2389.
num_chunks_enlarged: 1598.
num_purges: 0.
num_inconsistent_stats: 0.

CodeHeap 'non-profiled nmethods': size=120000Kb used=4888Kb max_used=4888Kb free=115111Kb
 bounds [0x0000029c13950000, 0x0000029c13e20000, 0x0000029c1ae80000]
CodeHeap 'profiled nmethods': size=120000Kb used=15137Kb max_used=15137Kb free=104862Kb
 bounds [0x0000029c0be80000, 0x0000029c0cd50000, 0x0000029c133b0000]
CodeHeap 'non-nmethods': size=5760Kb used=2364Kb max_used=2457Kb free=3395Kb
 bounds [0x0000029c133b0000, 0x0000029c13630000, 0x0000029c13950000]
 total_blobs=8443 nmethods=7549 adapters=806
 compilation: enabled
              stopped_count=0, restarted_count=0
 full_count=0

Compilation events (20 events):
Event: 21.314 Thread 0x0000029c23475550 nmethod 8268 0x0000029c0cd26c10 code [0x0000029c0cd26da0, 0x0000029c0cd26f18]
Event: 21.314 Thread 0x0000029c23475550 8269       3       sun.nio.fs.WindowsPath::subpath (7 bytes)
Event: 21.314 Thread 0x0000029c23475550 nmethod 8269 0x0000029c0cd26f90 code [0x0000029c0cd27120, 0x0000029c0cd272c8]
Event: 21.314 Thread 0x0000029c23475550 8270       3       org.gradle.api.internal.changedetection.state.DefaultFileAccessTimeJournal::setLastAccessTime (15 bytes)
Event: 21.315 Thread 0x0000029c23475550 nmethod 8270 0x0000029c0cd27390 code [0x0000029c0cd27540, 0x0000029c0cd27758]
Event: 21.315 Thread 0x0000029c23475550 8271       3       org.gradle.api.internal.artifacts.ivyservice.ivyresolve.ComponentMetaDataResolveState::<init> (37 bytes)
Event: 21.315 Thread 0x0000029c23475550 nmethod 8271 0x0000029c0cd27890 code [0x0000029c0cd27aa0, 0x0000029c0cd281a8]
Event: 21.315 Thread 0x0000029c23475550 8272       3       org.gradle.internal.resolve.result.DefaultBuildableModuleComponentMetaDataResolveResult::<init> (12 bytes)
Event: 21.316 Thread 0x0000029c2925ddf0 8274       4       org.gradle.internal.snapshot.impl.StringValueSnapshot::equals (6 bytes)
Event: 21.316 Thread 0x0000029c23475550 nmethod 8272 0x0000029c0cd28390 code [0x0000029c0cd28580, 0x0000029c0cd28988]
Event: 21.316 Thread 0x0000029c23475550 8275       3       org.gradle.internal.component.external.model.AbstractMutableModuleComponentResolveMetadata::addVariant (14 bytes)
Event: 21.316 Thread 0x0000029c23475550 nmethod 8275 0x0000029c0cd28b10 code [0x0000029c0cd28d00, 0x0000029c0cd29338]
Event: 21.316 Thread 0x0000029c23475550 8281   !   3       org.gradle.internal.serialize.kryo.KryoBackedDecoder::readBytes (23 bytes)
Event: 21.317 Thread 0x0000029c23475550 nmethod 8281 0x0000029c0cd29590 code [0x0000029c0cd29780, 0x0000029c0cd29d08]
Event: 21.317 Thread 0x0000029c23475550 8273       3       org.gradle.internal.component.model.MutableModuleSources::<init> (5 bytes)
Event: 21.317 Thread 0x0000029c23475550 nmethod 8273 0x0000029c0cd29f90 code [0x0000029c0cd2a120, 0x0000029c0cd2a278]
Event: 21.317 Thread 0x0000029c23475550 8277       3       org.gradle.api.internal.artifacts.ivyservice.ivyresolve.ComponentSelectionRulesProcessor::processRules (93 bytes)
Event: 21.319 Thread 0x0000029c23475550 nmethod 8277 0x0000029c0cd2a310 code [0x0000029c0cd2a560, 0x0000029c0cd2aec8]
Event: 21.319 Thread 0x0000029c23475550 8278       3       org.gradle.internal.component.external.model.maven.DefaultMavenModuleResolveMetadata::<init> (79 bytes)
Event: 21.320 Thread 0x0000029c23475550 nmethod 8278 0x0000029c0cd2b290 code [0x0000029c0cd2b4c0, 0x0000029c0cd2c078]

GC Heap History (20 events):
Event: 15.465 GC heap before
{Heap before GC invocations=32 (full 0):
 garbage-first heap   total 167936K, used 130126K [0x0000000080000000, 0x0000000100000000)
  region size 1024K, 32 young (32768K), 4 survivors (4096K)
 Metaspace       used 54540K, committed 55104K, reserved 1097728K
  class space    used 7153K, committed 7424K, reserved 1048576K
}
Event: 15.470 GC heap after
{Heap after GC invocations=33 (full 0):
 garbage-first heap   total 167936K, used 109619K [0x0000000080000000, 0x0000000100000000)
  region size 1024K, 4 young (4096K), 4 survivors (4096K)
 Metaspace       used 54540K, committed 55104K, reserved 1097728K
  class space    used 7153K, committed 7424K, reserved 1048576K
}
Event: 15.560 GC heap before
{Heap before GC invocations=33 (full 0):
 garbage-first heap   total 167936K, used 113715K [0x0000000080000000, 0x0000000100000000)
  region size 1024K, 8 young (8192K), 4 survivors (4096K)
 Metaspace       used 55181K, committed 55744K, reserved 1097728K
  class space    used 7238K, committed 7488K, reserved 1048576K
}
Event: 15.564 GC heap after
{Heap after GC invocations=34 (full 0):
 garbage-first heap   total 167936K, used 109882K [0x0000000080000000, 0x0000000100000000)
  region size 1024K, 1 young (1024K), 1 survivors (1024K)
 Metaspace       used 55181K, committed 55744K, reserved 1097728K
  class space    used 7238K, committed 7488K, reserved 1048576K
}
Event: 16.278 GC heap before
{Heap before GC invocations=34 (full 0):
 garbage-first heap   total 167936K, used 135482K [0x0000000080000000, 0x0000000100000000)
  region size 1024K, 26 young (26624K), 1 survivors (1024K)
 Metaspace       used 59832K, committed 60416K, reserved 1105920K
  class space    used 7822K, committed 8064K, reserved 1048576K
}
Event: 16.281 GC heap after
{Heap after GC invocations=35 (full 0):
 garbage-first heap   total 167936K, used 110736K [0x0000000080000000, 0x0000000100000000)
  region size 1024K, 2 young (2048K), 2 survivors (2048K)
 Metaspace       used 59832K, committed 60416K, reserved 1105920K
  class space    used 7822K, committed 8064K, reserved 1048576K
}
Event: 17.017 GC heap before
{Heap before GC invocations=36 (full 0):
 garbage-first heap   total 191488K, used 135312K [0x0000000080000000, 0x0000000100000000)
  region size 1024K, 27 young (27648K), 2 survivors (2048K)
 Metaspace       used 63912K, committed 64512K, reserved 1105920K
  class space    used 8356K, committed 8640K, reserved 1048576K
}
Event: 17.023 GC heap after
{Heap after GC invocations=37 (full 0):
 garbage-first heap   total 191488K, used 113498K [0x0000000080000000, 0x0000000100000000)
  region size 1024K, 4 young (4096K), 4 survivors (4096K)
 Metaspace       used 63912K, committed 64512K, reserved 1105920K
  class space    used 8356K, committed 8640K, reserved 1048576K
}
Event: 17.134 GC heap before
{Heap before GC invocations=37 (full 0):
 garbage-first heap   total 191488K, used 118618K [0x0000000080000000, 0x0000000100000000)
  region size 1024K, 9 young (9216K), 4 survivors (4096K)
 Metaspace       used 64459K, committed 65088K, reserved 1105920K
  class space    used 8427K, committed 8704K, reserved 1048576K
}
Event: 17.139 GC heap after
{Heap after GC invocations=38 (full 0):
 garbage-first heap   total 191488K, used 113795K [0x0000000080000000, 0x0000000100000000)
  region size 1024K, 1 young (1024K), 1 survivors (1024K)
 Metaspace       used 64459K, committed 65088K, reserved 1105920K
  class space    used 8427K, committed 8704K, reserved 1048576K
}
Event: 18.002 GC heap before
{Heap before GC invocations=38 (full 0):
 garbage-first heap   total 191488K, used 150659K [0x0000000080000000, 0x0000000100000000)
  region size 1024K, 37 young (37888K), 1 survivors (1024K)
 Metaspace       used 68264K, committed 68864K, reserved 1114112K
  class space    used 8898K, committed 9152K, reserved 1048576K
}
Event: 18.007 GC heap after
{Heap after GC invocations=39 (full 0):
 garbage-first heap   total 191488K, used 115697K [0x0000000080000000, 0x0000000100000000)
  region size 1024K, 3 young (3072K), 3 survivors (3072K)
 Metaspace       used 68264K, committed 68864K, reserved 1114112K
  class space    used 8898K, committed 9152K, reserved 1048576K
}
Event: 18.730 GC heap before
{Heap before GC invocations=40 (full 0):
 garbage-first heap   total 199680K, used 152561K [0x0000000080000000, 0x0000000100000000)
  region size 1024K, 39 young (39936K), 3 survivors (3072K)
 Metaspace       used 69890K, committed 70464K, reserved 1114112K
  class space    used 9104K, committed 9344K, reserved 1048576K
}
Event: 18.737 GC heap after
{Heap after GC invocations=41 (full 0):
 garbage-first heap   total 199680K, used 118863K [0x0000000080000000, 0x0000000100000000)
  region size 1024K, 5 young (5120K), 5 survivors (5120K)
 Metaspace       used 69890K, committed 70464K, reserved 1114112K
  class space    used 9104K, committed 9344K, reserved 1048576K
}
Event: 18.790 GC heap before
{Heap before GC invocations=41 (full 0):
 garbage-first heap   total 199680K, used 122959K [0x0000000080000000, 0x0000000100000000)
  region size 1024K, 9 young (9216K), 5 survivors (5120K)
 Metaspace       used 69895K, committed 70464K, reserved 1114112K
  class space    used 9104K, committed 9344K, reserved 1048576K
}
Event: 18.797 GC heap after
{Heap after GC invocations=42 (full 0):
 garbage-first heap   total 199680K, used 119348K [0x0000000080000000, 0x0000000100000000)
  region size 1024K, 1 young (1024K), 1 survivors (1024K)
 Metaspace       used 69895K, committed 70464K, reserved 1114112K
  class space    used 9104K, committed 9344K, reserved 1048576K
}
Event: 19.901 GC heap before
{Heap before GC invocations=42 (full 0):
 garbage-first heap   total 199680K, used 161332K [0x0000000080000000, 0x0000000100000000)
  region size 1024K, 42 young (43008K), 1 survivors (1024K)
 Metaspace       used 75002K, committed 75520K, reserved 1122304K
  class space    used 9957K, committed 10176K, reserved 1048576K
}
Event: 19.908 GC heap after
{Heap after GC invocations=43 (full 0):
 garbage-first heap   total 199680K, used 121707K [0x0000000080000000, 0x0000000100000000)
  region size 1024K, 4 young (4096K), 4 survivors (4096K)
 Metaspace       used 75002K, committed 75520K, reserved 1122304K
  class space    used 9957K, committed 10176K, reserved 1048576K
}
Event: 20.603 GC heap before
{Heap before GC invocations=43 (full 0):
 garbage-first heap   total 199680K, used 145259K [0x0000000080000000, 0x0000000100000000)
  region size 1024K, 28 young (28672K), 4 survivors (4096K)
 Metaspace       used 79052K, committed 79680K, reserved 1122304K
  class space    used 10514K, committed 10752K, reserved 1048576K
}
Event: 20.610 GC heap after
{Heap after GC invocations=44 (full 0):
 garbage-first heap   total 199680K, used 124006K [0x0000000080000000, 0x0000000100000000)
  region size 1024K, 5 young (5120K), 5 survivors (5120K)
 Metaspace       used 79052K, committed 79680K, reserved 1122304K
  class space    used 10514K, committed 10752K, reserved 1048576K
}

Dll operation events (2 events):
Event: 0.047 Loaded shared library C:\Program Files\Android\Android Studio1\jbr\bin\java.dll
Event: 1.235 Loaded shared library C:\Program Files\Android\Android Studio1\jbr\bin\verify.dll

Deoptimization events (20 events):
Event: 21.053 Thread 0x0000029c27e15f40 DEOPT UNPACKING pc=0x0000029c134069a3 sp=0x000000f2f22ff1b0 mode 2
Event: 21.053 Thread 0x0000029c27e0fa30 DEOPT UNPACKING pc=0x0000029c134069a3 sp=0x000000f2f33ff4b0 mode 2
Event: 21.053 Thread 0x0000029c27e17280 DEOPT PACKING pc=0x0000029c139e294c sp=0x000000f2f31ff0d0
Event: 21.053 Thread 0x0000029c27e16db0 DEOPT PACKING pc=0x0000029c139e294c sp=0x000000f2f30ff2a0
Event: 21.053 Thread 0x0000029c27e17280 DEOPT UNPACKING pc=0x0000029c134069a3 sp=0x000000f2f31ff060 mode 2
Event: 21.053 Thread 0x0000029c27e16db0 DEOPT UNPACKING pc=0x0000029c134069a3 sp=0x000000f2f30ff230 mode 2
Event: 21.089 Thread 0x0000029c27e15f40 Uncommon trap: trap_request=0xffffff45 fr.pc=0x0000029c13de95c0 relative=0x00000000000000c0
Event: 21.089 Thread 0x0000029c27e15f40 Uncommon trap: reason=unstable_if action=reinterpret pc=0x0000029c13de95c0 method=java.lang.Integer.stringSize(I)I @ 3 c2
Event: 21.089 Thread 0x0000029c27e15f40 DEOPT PACKING pc=0x0000029c13de95c0 sp=0x000000f2f22ff1a0
Event: 21.089 Thread 0x0000029c27e15f40 DEOPT UNPACKING pc=0x0000029c134069a3 sp=0x000000f2f22ff120 mode 2
Event: 21.197 Thread 0x0000029c2475b060 Uncommon trap: trap_request=0xffffff45 fr.pc=0x0000029c13defd74 relative=0x0000000000004db4
Event: 21.197 Thread 0x0000029c2475b060 Uncommon trap: reason=unstable_if action=reinterpret pc=0x0000029c13defd74 method=java.lang.reflect.Executable.printModifiersIfNonzero(Ljava/lang/StringBuilder;IZ)V @ 14 c2
Event: 21.197 Thread 0x0000029c2475b060 DEOPT PACKING pc=0x0000029c13defd74 sp=0x000000f2ebffa590
Event: 21.197 Thread 0x0000029c2475b060 DEOPT UNPACKING pc=0x0000029c134069a3 sp=0x000000f2ebffa510 mode 2
Event: 21.197 Thread 0x0000029c2475b060 Uncommon trap: trap_request=0xffffff45 fr.pc=0x0000029c13dd6ba4 relative=0x0000000000001cc4
Event: 21.197 Thread 0x0000029c2475b060 Uncommon trap: reason=unstable_if action=reinterpret pc=0x0000029c13dd6ba4 method=java.lang.reflect.Executable.printModifiersIfNonzero(Ljava/lang/StringBuilder;IZ)V @ 14 c2
Event: 21.197 Thread 0x0000029c2475b060 DEOPT PACKING pc=0x0000029c13dd6ba4 sp=0x000000f2ebffa510
Event: 21.197 Thread 0x0000029c2475b060 DEOPT UNPACKING pc=0x0000029c134069a3 sp=0x000000f2ebffa500 mode 2
Event: 21.254 Thread 0x0000029c2475b060 DEOPT PACKING pc=0x0000029c0c85f7d1 sp=0x000000f2ebffa6a0
Event: 21.254 Thread 0x0000029c2475b060 DEOPT UNPACKING pc=0x0000029c13407143 sp=0x000000f2ebff9b98 mode 0

Classes unloaded (0 events):
No events

Classes redefined (0 events):
No events

Internal exceptions (20 events):
Event: 21.040 Thread 0x0000029c25dff940 Exception <a 'java/lang/NoSuchMethodError'{0x000000008e312d18}: static Lorg/gradle/internal/build/event/types/AbstractProgressEvent;.<clinit>()V> (0x000000008e312d18) 
thrown [s\src\hotspot\share\prims\jni.cpp, line 1108]
Event: 21.041 Thread 0x0000029c25dff940 Exception <a 'java/lang/NoSuchMethodError'{0x000000008e31e320}: static Lorg/gradle/internal/build/event/types/DefaultTaskDescriptor;.<clinit>()V> (0x000000008e31e320) 
thrown [s\src\hotspot\share\prims\jni.cpp, line 1108]
Event: 21.043 Thread 0x0000029c25dff940 Exception <a 'java/lang/NoSuchMethodError'{0x000000008e32a378}: static Lorg/gradle/internal/operations/OperationIdentifier;.<clinit>()V> (0x000000008e32a378) 
thrown [s\src\hotspot\share\prims\jni.cpp, line 1108]
Event: 21.049 Thread 0x0000029c25dff940 Exception <a 'java/lang/NoSuchMethodError'{0x000000008e36a6b0}: static Lorg/gradle/internal/build/event/types/DefaultTaskFinishedProgressEvent;.<clinit>()V> (0x000000008e36a6b0) 
thrown [s\src\hotspot\share\prims\jni.cpp, line 1108]
Event: 21.055 Thread 0x0000029c25dff940 Exception <a 'java/lang/NoSuchMethodError'{0x000000008e3bc2a0}: static Lorg/gradle/internal/build/event/types/DefaultTaskSuccessResult;.<clinit>()V> (0x000000008e3bc2a0) 
thrown [s\src\hotspot\share\prims\jni.cpp, line 1108]
Event: 21.055 Thread 0x0000029c25dff940 Exception <a 'java/lang/NoSuchMethodError'{0x000000008e3bd9a8}: static Lorg/gradle/internal/build/event/types/AbstractTaskResult;.<clinit>()V> (0x000000008e3bd9a8) 
thrown [s\src\hotspot\share\prims\jni.cpp, line 1108]
Event: 21.056 Thread 0x0000029c25dff940 Exception <a 'java/lang/NoSuchMethodError'{0x000000008e3bf7a0}: static Lorg/gradle/internal/build/event/types/AbstractResult;.<clinit>()V> (0x000000008e3bf7a0) 
thrown [s\src\hotspot\share\prims\jni.cpp, line 1108]
Event: 21.087 Thread 0x0000029c27e15f40 Exception <a 'java/lang/NoSuchMethodError'{0x000000008e2f06f8}: static Lorg/jetbrains/kotlin/idea/gradleTooling/model/samWithReceiver/SamWithReceiverModelImpl;.<clinit>()V> (0x000000008e2f06f8) 
thrown [s\src\hotspot\share\prims\jni.cpp, line 1108]
Event: 21.182 Thread 0x0000029c2475b060 Exception <a 'java/lang/ClassNotFoundException'{0x000000008de940a8}: org/jetbrains/plugins/gradle/tooling/util/SourceSetCachedFinder$1BeanInfo> (0x000000008de940a8) 
thrown [s\src\hotspot\share\classfile\systemDictionary.cpp, line 256]
Event: 21.183 Thread 0x0000029c2475b060 Exception <a 'java/lang/ClassNotFoundException'{0x000000008de9c5b0}: org/jetbrains/plugins/gradle/tooling/util/SourceSetCachedFinder$1Customizer> (0x000000008de9c5b0) 
thrown [s\src\hotspot\share\classfile\systemDictionary.cpp, line 256]
Event: 21.187 Thread 0x0000029c2475b060 Exception <a 'java/lang/ClassNotFoundException'{0x000000008dec4680}: org/jetbrains/plugins/gradle/tooling/util/SourceSetCachedFinder$2BeanInfo> (0x000000008dec4680) 
thrown [s\src\hotspot\share\classfile\systemDictionary.cpp, line 256]
Event: 21.187 Thread 0x0000029c2475b060 Exception <a 'java/lang/ClassNotFoundException'{0x000000008deccb88}: org/jetbrains/plugins/gradle/tooling/util/SourceSetCachedFinder$2Customizer> (0x000000008deccb88) 
thrown [s\src\hotspot\share\classfile\systemDictionary.cpp, line 256]
Event: 21.189 Thread 0x0000029c2475b060 Exception <a 'java/lang/ClassNotFoundException'{0x000000008def0be8}: org/jetbrains/plugins/gradle/tooling/util/SourceSetCachedFinderBeanInfo> (0x000000008def0be8) 
thrown [s\src\hotspot\share\classfile\systemDictionary.cpp, line 256]
Event: 21.190 Thread 0x0000029c2475b060 Exception <a 'java/lang/ClassNotFoundException'{0x000000008dd50610}: org/jetbrains/plugins/gradle/tooling/util/SourceSetCachedFinderCustomizer> (0x000000008dd50610) 
thrown [s\src\hotspot\share\classfile\systemDictionary.cpp, line 256]
Event: 21.195 Thread 0x0000029c2475b060 Exception <a 'java/lang/ClassNotFoundException'{0x000000008ddacc70}: org/jetbrains/plugins/gradle/tooling/util/SourceSetCachedFinder$ArtifactsMapBeanInfo> (0x000000008ddacc70) 
thrown [s\src\hotspot\share\classfile\systemDictionary.cpp, line 256]
Event: 21.196 Thread 0x0000029c2475b060 Exception <a 'java/lang/ClassNotFoundException'{0x000000008ddb5238}: org/jetbrains/plugins/gradle/tooling/util/SourceSetCachedFinder$ArtifactsMapCustomizer> (0x000000008ddb5238) 
thrown [s\src\hotspot\share\classfile\systemDictionary.cpp, line 256]
Event: 21.210 Thread 0x0000029c27e15f40 Exception <a 'java/lang/NoSuchMethodError'{0x000000008dcdef18}: static Lorg/jetbrains/kotlin/idea/gradleTooling/model/parcelize/ParcelizeGradleModelImpl;.<clinit>()V> (0x000000008dcdef18) 
thrown [s\src\hotspot\share\prims\jni.cpp, line 1108]
Event: 21.211 Thread 0x0000029c27e15f40 Exception <a 'java/lang/NoSuchMethodError'{0x000000008dce7048}: static Lorg/jetbrains/kotlin/idea/gradleTooling/model/noarg/NoArgModelImpl;.<clinit>()V> (0x000000008dce7048) 
thrown [s\src\hotspot\share\prims\jni.cpp, line 1108]
Event: 21.212 Thread 0x0000029c27e15f40 Exception <a 'java/lang/NoSuchMethodError'{0x000000008dcefb00}: static Lorg/jetbrains/kotlin/idea/gradleTooling/model/allopen/AllOpenModelImpl;.<clinit>()V> (0x000000008dcefb00) 
thrown [s\src\hotspot\share\prims\jni.cpp, line 1108]
Event: 21.213 Thread 0x0000029c27e15f40 Exception <a 'java/lang/NoSuchMethodError'{0x000000008dcf8680}: static Lorg/jetbrains/kotlin/android/synthetic/idea/AndroidExtensionsGradleModelImpl;.<clinit>()V> (0x000000008dcf8680) 
thrown [s\src\hotspot\share\prims\jni.cpp, line 1108]

VM Operations (20 events):
Event: 19.891 Executing VM operation: Cleanup
Event: 19.892 Executing VM operation: Cleanup done
Event: 19.901 Executing VM operation: G1CollectForAllocation
Event: 19.908 Executing VM operation: G1CollectForAllocation done
Event: 20.149 Executing VM operation: HandshakeAllThreads
Event: 20.149 Executing VM operation: HandshakeAllThreads done
Event: 20.280 Executing VM operation: HandshakeAllThreads
Event: 20.280 Executing VM operation: HandshakeAllThreads done
Event: 20.603 Executing VM operation: G1TryInitiateConcMark
Event: 20.610 Executing VM operation: G1TryInitiateConcMark done
Event: 20.683 Executing VM operation: G1Concurrent
Event: 20.705 Executing VM operation: G1Concurrent done
Event: 20.741 Executing VM operation: G1Concurrent
Event: 20.741 Executing VM operation: G1Concurrent done
Event: 21.044 Executing VM operation: HandshakeAllThreads
Event: 21.044 Executing VM operation: HandshakeAllThreads done
Event: 21.239 Executing VM operation: HandshakeAllThreads
Event: 21.239 Executing VM operation: HandshakeAllThreads done
Event: 21.241 Executing VM operation: HandshakeAllThreads
Event: 21.241 Executing VM operation: HandshakeAllThreads done

Events (20 events):
Event: 20.972 Thread 0x0000029c27e10d70 Thread added: 0x0000029c27e10d70
Event: 20.972 Thread 0x0000029c27e0fa30 Thread added: 0x0000029c27e0fa30
Event: 20.972 Thread 0x0000029c27e11be0 Thread added: 0x0000029c27e11be0
Event: 21.001 Thread 0x0000029c27e120b0 Thread added: 0x0000029c27e120b0
Event: 21.034 loading class java/util/TreeMap$KeySpliterator
Event: 21.035 loading class java/util/TreeMap$TreeMapSpliterator
Event: 21.035 loading class java/util/TreeMap$TreeMapSpliterator done
Event: 21.035 loading class java/util/TreeMap$KeySpliterator done
Event: 21.053 Thread 0x0000029c27e17280 Thread exited: 0x0000029c27e17280
Event: 21.053 Thread 0x0000029c27e12f20 Thread exited: 0x0000029c27e12f20
Event: 21.053 Thread 0x0000029c27e11be0 Thread exited: 0x0000029c27e11be0
Event: 21.053 Thread 0x0000029c27e16db0 Thread exited: 0x0000029c27e16db0
Event: 21.053 Thread 0x0000029c27e0fa30 Thread exited: 0x0000029c27e0fa30
Event: 21.053 Thread 0x0000029c27e10d70 Thread exited: 0x0000029c27e10d70
Event: 21.053 Thread 0x0000029c27e15f40 Thread exited: 0x0000029c27e15f40
Event: 21.065 loading class java/util/concurrent/ConcurrentLinkedQueue$Itr
Event: 21.066 loading class java/util/concurrent/ConcurrentLinkedQueue$Itr done
Event: 21.077 Thread 0x0000029c27e15f40 Thread added: 0x0000029c27e15f40
Event: 21.136 loading class java/io/PushbackInputStream
Event: 21.136 loading class java/io/PushbackInputStream done


Dynamic libraries:
0x00007ff7d33b0000 - 0x00007ff7d33ba000 	C:\Program Files\Android\Android Studio1\jbr\bin\java.exe
0x00007ffc86bb0000 - 0x00007ffc86da8000 	C:\WINDOWS\SYSTEM32\ntdll.dll
0x00007ffc85830000 - 0x00007ffc858ef000 	C:\WINDOWS\System32\KERNEL32.DLL
0x00007ffc846f0000 - 0x00007ffc849e6000 	C:\WINDOWS\System32\KERNELBASE.dll
0x00007ffc84580000 - 0x00007ffc84680000 	C:\WINDOWS\System32\ucrtbase.dll
0x00007ffc7dae0000 - 0x00007ffc7dafb000 	C:\Program Files\Android\Android Studio1\jbr\bin\VCRUNTIME140.dll
0x00007ffc737a0000 - 0x00007ffc737b7000 	C:\Program Files\Android\Android Studio1\jbr\bin\jli.dll
0x00007ffc86230000 - 0x00007ffc863cd000 	C:\WINDOWS\System32\USER32.dll
0x00007ffc6af80000 - 0x00007ffc6b21a000 	C:\WINDOWS\WinSxS\amd64_microsoft.windows.common-controls_6595b64144ccf1df_6.0.19041.1110_none_60b5254171f9507e\COMCTL32.dll
0x00007ffc843b0000 - 0x00007ffc843d2000 	C:\WINDOWS\System32\win32u.dll
0x00007ffc867d0000 - 0x00007ffc8686e000 	C:\WINDOWS\System32\msvcrt.dll
0x00007ffc86730000 - 0x00007ffc8675c000 	C:\WINDOWS\System32\GDI32.dll
0x00007ffc84290000 - 0x00007ffc843a5000 	C:\WINDOWS\System32\gdi32full.dll
0x00007ffc843e0000 - 0x00007ffc8447d000 	C:\WINDOWS\System32\msvcp_win.dll
0x00007ffc85b80000 - 0x00007ffc85bb0000 	C:\WINDOWS\System32\IMM32.DLL
0x00007ffc7db20000 - 0x00007ffc7db2c000 	C:\Program Files\Android\Android Studio1\jbr\bin\vcruntime140_1.dll
0x00007ffc5e560000 - 0x00007ffc5e5ed000 	C:\Program Files\Android\Android Studio1\jbr\bin\msvcp140.dll
0x00007ffc17e90000 - 0x00007ffc18afd000 	C:\Program Files\Android\Android Studio1\jbr\bin\server\jvm.dll
0x00007ffc858f0000 - 0x00007ffc8599f000 	C:\WINDOWS\System32\ADVAPI32.dll
0x00007ffc85a50000 - 0x00007ffc85aec000 	C:\WINDOWS\System32\sechost.dll
0x00007ffc860f0000 - 0x00007ffc86216000 	C:\WINDOWS\System32\RPCRT4.dll
0x00007ffc6fcc0000 - 0x00007ffc6fcc9000 	C:\WINDOWS\SYSTEM32\WSOCK32.dll
0x00007ffc71710000 - 0x00007ffc71737000 	C:\WINDOWS\SYSTEM32\WINMM.dll
0x00007ffc85af0000 - 0x00007ffc85b5b000 	C:\WINDOWS\System32\WS2_32.dll
0x00007ffc7d850000 - 0x00007ffc7d85a000 	C:\WINDOWS\SYSTEM32\VERSION.dll
0x00007ffc82a90000 - 0x00007ffc82aa2000 	C:\WINDOWS\SYSTEM32\kernel.appcore.dll
0x00007ffc733f0000 - 0x00007ffc733fa000 	C:\Program Files\Android\Android Studio1\jbr\bin\jimage.dll
0x00007ffc82010000 - 0x00007ffc821f4000 	C:\WINDOWS\SYSTEM32\DBGHELP.DLL
0x00007ffc74670000 - 0x00007ffc746a4000 	C:\WINDOWS\SYSTEM32\dbgcore.DLL
0x00007ffc849f0000 - 0x00007ffc84a72000 	C:\WINDOWS\System32\bcryptPrimitives.dll
0x00007ffc46fe0000 - 0x00007ffc47005000 	C:\Program Files\Android\Android Studio1\jbr\bin\java.dll
0x00007ffc730f0000 - 0x00007ffc73108000 	C:\Program Files\Android\Android Studio1\jbr\bin\zip.dll
0x00007ffc84dd0000 - 0x00007ffc85514000 	C:\WINDOWS\System32\SHELL32.dll
0x00007ffc822e0000 - 0x00007ffc82a74000 	C:\WINDOWS\SYSTEM32\windows.storage.dll
0x00007ffc863d0000 - 0x00007ffc86724000 	C:\WINDOWS\System32\combase.dll
0x00007ffc83cd0000 - 0x00007ffc83cfe000 	C:\WINDOWS\SYSTEM32\Wldp.dll
0x00007ffc859a0000 - 0x00007ffc85a4d000 	C:\WINDOWS\System32\SHCORE.dll
0x00007ffc86770000 - 0x00007ffc867c5000 	C:\WINDOWS\System32\shlwapi.dll
0x00007ffc841c0000 - 0x00007ffc841e5000 	C:\WINDOWS\SYSTEM32\profapi.dll
0x00007ffc5dfe0000 - 0x00007ffc5dff9000 	C:\Program Files\Android\Android Studio1\jbr\bin\net.dll
0x00007ffc7ab70000 - 0x00007ffc7ac7a000 	C:\WINDOWS\SYSTEM32\WINHTTP.dll
0x00007ffc839e0000 - 0x00007ffc83a4a000 	C:\WINDOWS\system32\mswsock.dll
0x00007ffc5ce50000 - 0x00007ffc5ce66000 	C:\Program Files\Android\Android Studio1\jbr\bin\nio.dll
0x00007ffc6d5b0000 - 0x00007ffc6d5c0000 	C:\Program Files\Android\Android Studio1\jbr\bin\verify.dll
0x00007ffc6d2f0000 - 0x00007ffc6d317000 	C:\Users\Filipe Guia\.gradle\native\e1d6ef7f7dcc3fd88c89a11ec53ec762bb8ba0a96d01ffa2cd45eb1d1d8dd5c5\windows-amd64\native-platform.dll
0x00007ffc3e080000 - 0x00007ffc3e1c4000 	C:\Users\Filipe Guia\.gradle\native\5664cfc778a61ccfe75a443a1ab52a65af34e5dc3c78e0209fed803814484fcb\windows-amd64\native-platform-file-events.dll
0x00007ffc73390000 - 0x00007ffc73399000 	C:\Program Files\Android\Android Studio1\jbr\bin\management.dll
0x00007ffc71450000 - 0x00007ffc7145b000 	C:\Program Files\Android\Android Studio1\jbr\bin\management_ext.dll
0x00007ffc855d0000 - 0x00007ffc855d8000 	C:\WINDOWS\System32\PSAPI.DLL
0x00007ffc83ba0000 - 0x00007ffc83bb8000 	C:\WINDOWS\SYSTEM32\CRYPTSP.dll
0x00007ffc832a0000 - 0x00007ffc832d4000 	C:\WINDOWS\system32\rsaenh.dll
0x00007ffc84be0000 - 0x00007ffc84c07000 	C:\WINDOWS\System32\bcrypt.dll
0x00007ffc84180000 - 0x00007ffc841ae000 	C:\WINDOWS\SYSTEM32\USERENV.dll
0x00007ffc83b90000 - 0x00007ffc83b9c000 	C:\WINDOWS\SYSTEM32\CRYPTBASE.dll
0x00007ffc83690000 - 0x00007ffc836cc000 	C:\WINDOWS\SYSTEM32\IPHLPAPI.DLL
0x00007ffc86760000 - 0x00007ffc86768000 	C:\WINDOWS\System32\NSI.dll
0x00007ffc7c4f0000 - 0x00007ffc7c507000 	C:\WINDOWS\SYSTEM32\dhcpcsvc6.DLL
0x00007ffc7c4d0000 - 0x00007ffc7c4ed000 	C:\WINDOWS\SYSTEM32\dhcpcsvc.DLL
0x00007ffc836e0000 - 0x00007ffc837aa000 	C:\WINDOWS\SYSTEM32\DNSAPI.dll
0x00007ffc6d580000 - 0x00007ffc6d587000 	C:\WINDOWS\system32\wshunix.dll

dbghelp: loaded successfully - version: 4.0.5 - missing functions: none
symbol engine: initialized successfully - sym options: 0x614 - pdb path: .;C:\Program Files\Android\Android Studio1\jbr\bin;C:\WINDOWS\SYSTEM32;C:\WINDOWS\WinSxS\amd64_microsoft.windows.common-controls_6595b64144ccf1df_6.0.19041.1110_none_60b5254171f9507e;C:\Program Files\Android\Android Studio1\jbr\bin\server;C:\Users\Filipe Guia\.gradle\native\e1d6ef7f7dcc3fd88c89a11ec53ec762bb8ba0a96d01ffa2cd45eb1d1d8dd5c5\windows-amd64;C:\Users\Filipe Guia\.gradle\native\5664cfc778a61ccfe75a443a1ab52a65af34e5dc3c78e0209fed803814484fcb\windows-amd64

VM Arguments:
jvm_args: --add-opens=java.base/java.util=ALL-UNNAMED --add-opens=java.base/java.lang=ALL-UNNAMED --add-opens=java.base/java.lang.invoke=ALL-UNNAMED --add-opens=java.base/java.util=ALL-UNNAMED --add-opens=java.prefs/java.util.prefs=ALL-UNNAMED --add-opens=java.prefs/java.util.prefs=ALL-UNNAMED --add-opens=java.base/java.nio.charset=ALL-UNNAMED --add-opens=java.base/java.net=ALL-UNNAMED --add-opens=java.base/java.util.concurrent.atomic=ALL-UNNAMED -Xmx2048m -Dfile.encoding=UTF-8 -Duser.country=PT -Duser.language=pt -Duser.variant 
java_command: org.gradle.launcher.daemon.bootstrap.GradleDaemon 7.2
java_class_path (initial): C:\Users\Filipe Guia\.gradle\wrapper\dists\gradle-7.2-bin\2dnblmf4td7x66yl1d74lt32g\gradle-7.2\lib\gradle-launcher-7.2.jar
Launcher Type: SUN_STANDARD

[Global flags]
     intx CICompilerCount                          = 4                                         {product} {ergonomic}
     uint ConcGCThreads                            = 2                                         {product} {ergonomic}
     uint G1ConcRefinementThreads                  = 8                                         {product} {ergonomic}
   size_t G1HeapRegionSize                         = 1048576                                   {product} {ergonomic}
    uintx GCDrainStackTargetSize                   = 64                                        {product} {ergonomic}
   size_t InitialHeapSize                          = 266338304                                 {product} {ergonomic}
   size_t MarkStackSize                            = 4194304                                   {product} {ergonomic}
   size_t MaxHeapSize                              = 2147483648                                {product} {command line}
   size_t MaxNewSize                               = 1287651328                                {product} {ergonomic}
   size_t MinHeapDeltaBytes                        = 1048576                                   {product} {ergonomic}
   size_t MinHeapSize                              = 8388608                                   {product} {ergonomic}
    uintx NonNMethodCodeHeapSize                   = 5839372                                {pd product} {ergonomic}
    uintx NonProfiledCodeHeapSize                  = 122909434                              {pd product} {ergonomic}
    uintx ProfiledCodeHeapSize                     = 122909434                              {pd product} {ergonomic}
    uintx ReservedCodeCacheSize                    = 251658240                              {pd product} {ergonomic}
     bool SegmentedCodeCache                       = true                                      {product} {ergonomic}
   size_t SoftMaxHeapSize                          = 2147483648                             {manageable} {ergonomic}
     bool UseCompressedClassPointers               = true                           {product lp64_product} {ergonomic}
     bool UseCompressedOops                        = true                           {product lp64_product} {ergonomic}
     bool UseG1GC                                  = true                                      {product} {ergonomic}
     bool UseLargePagesIndividualAllocation        = false                                  {pd product} {ergonomic}

Logging:
Log output configuration:
 #0: stdout all=warning uptime,level,tags
 #1: stderr all=off uptime,level,tags

Environment Variables:
JAVA_HOME=C:\Program Files\Java\jdk-11.0.13
PATH=C:\Program Files\Common Files\Oracle\Java\javapath;C:\Program Files (x86)\Common Files\Oracle\Java\javapath;C:\WINDOWS\system32;C:\WINDOWS;C:\WINDOWS\System32\Wbem;C:\WINDOWS\System32\WindowsPowerShell\v1.0\;C:\WINDOWS\System32\OpenSSH\;C:\Program Files\PuTTY\;C:\Program Files\Java\jdk-16.0.2\bin;C:\Program Files\Git\cmd;C:\Program Files (x86)\NVIDIA Corporation\PhysX\Common;C:\Program Files\NVIDIA Corporation\NVIDIA NvDLISR;C:\Program Files\nodejs\;C:\src\flutter;C:\HashiCorp\Vagrant\bin;;C:\Program Files\Docker\Docker\resources\bin;C:\Users\Filipe Guia\AppData\Local\Programs\Python\Python310\Scripts\;C:\Users\Filipe Guia\AppData\Local\Programs\Python\Python310\;"C:\Users\Filipe Guia\AppData\Local\Microsoft\WindowsApps;C:\Android\Sdk\platform-tools";C:\Users\Filipe Guia\AppData\Local\GitHubDesktop\bin;C:\Users\Filipe Guia\AppData\Local\Programs\Microsoft VS Code\bin;C:\xampp\php;C:\sqlite;C:\Users\Filipe Guia\AppData\Local\Microsoft\WindowsApps;C:\Users\Filipe Guia\AppData\Roaming\npm;
USERNAME=Filipe Guia
OS=Windows_NT
PROCESSOR_IDENTIFIER=Intel64 Family 6 Model 158 Stepping 10, GenuineIntel
TMP=C:\Users\FILIPE~1\AppData\Local\Temp
TEMP=C:\Users\FILIPE~1\AppData\Local\Temp



---------------  S Y S T E M  ---------------

OS:
 Windows 10 , 64 bit Build 19041 (10.0.19041.3155)
OS uptime: 4 days 19:47 hours
Hyper-V role detected

CPU: total 8 (initial active 8) (4 cores per cpu, 2 threads per core) family 6 model 158 stepping 10 microcode 0xca, cx8, cmov, fxsr, ht, mmx, 3dnowpref, sse, sse2, sse3, ssse3, sse4.1, sse4.2, popcnt, lzcnt, tsc, tscinvbit, avx, avx2, aes, erms, clmul, bmi1, bmi2, adx, fma, vzeroupper, clflush, clflushopt, hv

Memory: 4k page, system-wide physical 16232M (3253M free)
TotalPageFile size 32232M (AvailPageFile size 5M)
current process WorkingSet (physical memory assigned to process): 456M, peak: 456M
current process commit charge ("private bytes"): 516M, peak: 517M

vm_info: OpenJDK 64-Bit Server VM (17.0.6+0-b2043.56-9586694) for windows-amd64 JRE (17.0.6+0-b2043.56-9586694), built on Feb  9 2023 20:06:20 by "androidbuild" with MS VC++ 16.10 / 16.11 (VS2019)

END.
