#
# There is insufficient memory for the Java Runtime Environment to continue.
# Native memory allocation (mmap) failed to map 38797312 bytes for G1 virtual space
# Possible reasons:
#   The system is out of physical RAM or swap space
#   The process is running with CompressedOops enabled, and the Java Heap may be blocking the growth of the native heap
# Possible solutions:
#   Reduce memory load on the system
#   Increase physical memory or swap space
#   Check if swap backing store is full
#   Decrease Java heap size (-Xmx/-Xms)
#   Decrease number of Java threads
#   Decrease Java thread stack sizes (-Xss)
#   Set larger code cache with -XX:ReservedCodeCacheSize=
#   JVM is running with Unscaled Compressed Oops mode in which the Java heap is
#     placed in the first 4GB address space. The Java Heap base address is the
#     maximum limit for the native heap growth. Please use -XX:HeapBaseMinAddress
#     to set the Java Heap base and to place the Java Heap above 4GB virtual address.
# This output file may be truncated or incomplete.
#
#  Out of Memory Error (os_windows.cpp:3769), pid=8456, tid=7840
#
# JRE version: OpenJDK Runtime Environment (17.0.6) (build 17.0.6+0-b2043.56-9586694)
# Java VM: OpenJDK 64-Bit Server VM (17.0.6+0-b2043.56-9586694, mixed mode, tiered, compressed oops, compressed class ptrs, g1 gc, windows-amd64)
# No core dump will be written. Minidumps are not enabled by default on client versions of Windows
#

---------------  S U M M A R Y ------------

Command Line: --add-opens=java.base/java.util=ALL-UNNAMED --add-opens=java.base/java.lang=ALL-UNNAMED --add-opens=java.base/java.lang.invoke=ALL-UNNAMED --add-opens=java.base/java.util=ALL-UNNAMED --add-opens=java.prefs/java.util.prefs=ALL-UNNAMED --add-opens=java.prefs/java.util.prefs=ALL-UNNAMED --add-opens=java.base/java.nio.charset=ALL-UNNAMED --add-opens=java.base/java.net=ALL-UNNAMED --add-opens=java.base/java.util.concurrent.atomic=ALL-UNNAMED -Xmx2048m -Dfile.encoding=UTF-8 -Duser.country=PT -Duser.language=pt -Duser.variant org.gradle.launcher.daemon.bootstrap.GradleDaemon 7.2

Host: Intel(R) Core(TM) i5-8300H CPU @ 2.30GHz, 8 cores, 15G,  Windows 10 , 64 bit Build 19041 (10.0.19041.3155)
Time: Fri Jul 21 23:26:52 2023 Hora de Verão de GMT elapsed time: 26.440435 seconds (0d 0h 0m 26s)

---------------  T H R E A D  ---------------

Current thread (0x000001b17f3edfc0):  VMThread "VM Thread" [stack: 0x00000006cd600000,0x00000006cd700000] [id=7840]

Stack: [0x00000006cd600000,0x00000006cd700000]
Native frames: (J=compiled Java code, j=interpreted, Vv=VM code, C=native code)
V  [jvm.dll+0x683b4a]
V  [jvm.dll+0x842654]
V  [jvm.dll+0x843dfe]
V  [jvm.dll+0x844463]
V  [jvm.dll+0x249b75]
V  [jvm.dll+0x680a19]
V  [jvm.dll+0x674f0a]
V  [jvm.dll+0x309acb]
V  [jvm.dll+0x310f86]
V  [jvm.dll+0x3608ee]
V  [jvm.dll+0x360b1f]
V  [jvm.dll+0x2dfbf8]
V  [jvm.dll+0x2ddec4]
V  [jvm.dll+0x2dd4cc]
V  [jvm.dll+0x321f3b]
V  [jvm.dll+0x84893b]
V  [jvm.dll+0x849674]
V  [jvm.dll+0x849b8d]
V  [jvm.dll+0x849f64]
V  [jvm.dll+0x84a030]
V  [jvm.dll+0x7f25fa]
V  [jvm.dll+0x682985]
C  [ucrtbase.dll+0x21bb2]
C  [KERNEL32.DLL+0x17614]
C  [ntdll.dll+0x526b1]

VM_Operation (0x00000006d6afd620): G1CollectForAllocation, mode: safepoint, requested by thread 0x000001b118a6a600


---------------  P R O C E S S  ---------------

Threads class SMR info:
_java_thread_list=0x000001b11a925280, length=138, elements={
0x000001b17d95b3c0, 0x000001b17fc48630, 0x000001b17fc48fc0, 0x000001b17fc4ef00,
0x000001b17fc505e0, 0x000001b17fc71420, 0x000001b17fc718f0, 0x000001b17fc768a0,
0x000001b17fc77550, 0x000001b17fc7e230, 0x000001b17fe0e350, 0x000001b17fe12c40,
0x000001b119ad3090, 0x000001b119ad2ba0, 0x000001b119233820, 0x000001b17fed44b0,
0x000001b11b764040, 0x000001b11ada8450, 0x000001b118f39320, 0x000001b11b96ebb0,
0x000001b11b96f080, 0x000001b11b96e210, 0x000001b11b96e6e0, 0x000001b11b96ced0,
0x000001b11b96f550, 0x000001b11b96c530, 0x000001b11b96dd40, 0x000001b11b96d3a0,
0x000001b11b96fa20, 0x000001b11b96c060, 0x000001b11bdde750, 0x000001b11bdda8c0,
0x000001b11bdde280, 0x000001b11bddec20, 0x000001b11bddad90, 0x000001b11bddb730,
0x000001b11bdda3f0, 0x000001b11bdd8be0, 0x000001b11bddcf40, 0x000001b11bddc0d0,
0x000001b11bddc5a0, 0x000001b11bdd90b0, 0x000001b11bdd9a50, 0x000001b11bddca70,
0x000001b11bddd8e0, 0x000001b11bddddb0, 0x000001b118687ae0, 0x000001b11868c7e0,
0x000001b11868b4a0, 0x000001b11868e4c0, 0x000001b118687fb0, 0x000001b11868b970,
0x000001b11868ccb0, 0x000001b11868d180, 0x000001b11868d650, 0x000001b11868be40,
0x000001b1186892f0, 0x000001b118688950, 0x000001b118688480, 0x000001b11868db20,
0x000001b118688e20, 0x000001b11868dff0, 0x000001b11868a630, 0x000001b1186897c0,
0x000001b118687610, 0x000001b118689c90, 0x000001b11868a160, 0x000001b11868c310,
0x000001b11868e990, 0x000001b11868ab00, 0x000001b11868afd0, 0x000001b118687140,
0x000001b11b970910, 0x000001b11b9712b0, 0x000001b11b970de0, 0x000001b11b971780,
0x000001b11b972120, 0x000001b11b971c50, 0x000001b11b973460, 0x000001b11b973930,
0x000001b11b970440, 0x000001b11b9725f0, 0x000001b11b972ac0, 0x000001b11b972f90,
0x000001b11b973e00, 0x000001b11eaa03a0, 0x000001b11eaa3d60, 0x000001b11eaa0870,
0x000001b11eaa2550, 0x000001b11eaa50a0, 0x000001b11eaa2a20, 0x000001b11eaa2080,
0x000001b11eaa4230, 0x000001b11eaa4700, 0x000001b11eaa5a40, 0x000001b11eaa1210,
0x000001b11eaa5f10, 0x000001b11ea9fa00, 0x000001b11eaa3890, 0x000001b11eaa2ef0,
0x000001b11eaa33c0, 0x000001b11eaa1bb0, 0x000001b11eaa63e0, 0x000001b11eaa4bd0,
0x000001b11eaa5570, 0x000001b11eaa68b0, 0x000001b11ea9f060, 0x000001b11ea9f530,
0x000001b11ea9fed0, 0x000001b11eaa0d40, 0x000001b11eaa16e0, 0x000001b11e258000,
0x000001b11e2589a0, 0x000001b11e253ca0, 0x000001b11e255980, 0x000001b11e257660,
0x000001b11e254b10, 0x000001b11e258e70, 0x000001b11e2537d0, 0x000001b11e257b30,
0x000001b11e254fe0, 0x000001b11e257190, 0x000001b11e2554b0, 0x000001b11e259340,
0x000001b11e2567f0, 0x000001b11f438ec0, 0x000001b11f4384a0, 0x000001b122e73b10,
0x000001b122e6f2e0, 0x000001b122e74980, 0x000001b122e757f0, 0x000001b122e73fe0,
0x000001b122e72ca0, 0x000001b122e744b0, 0x000001b122e71490, 0x000001b122e76190,
0x000001b118a6a600, 0x000001b11fb2a5e0
}

Java Threads: ( => current thread )
  0x000001b17d95b3c0 JavaThread "main" [_thread_blocked, id=21508, stack(0x00000006cd000000,0x00000006cd100000)]
  0x000001b17fc48630 JavaThread "Reference Handler" daemon [_thread_blocked, id=14928, stack(0x00000006cd700000,0x00000006cd800000)]
  0x000001b17fc48fc0 JavaThread "Finalizer" daemon [_thread_blocked, id=16612, stack(0x00000006cd800000,0x00000006cd900000)]
  0x000001b17fc4ef00 JavaThread "Signal Dispatcher" daemon [_thread_blocked, id=23940, stack(0x00000006cd900000,0x00000006cda00000)]
  0x000001b17fc505e0 JavaThread "Attach Listener" daemon [_thread_blocked, id=29916, stack(0x00000006cda00000,0x00000006cdb00000)]
  0x000001b17fc71420 JavaThread "Service Thread" daemon [_thread_blocked, id=14176, stack(0x00000006cdb00000,0x00000006cdc00000)]
  0x000001b17fc718f0 JavaThread "Monitor Deflation Thread" daemon [_thread_blocked, id=24008, stack(0x00000006cdc00000,0x00000006cdd00000)]
  0x000001b17fc768a0 JavaThread "C2 CompilerThread0" daemon [_thread_blocked, id=11604, stack(0x00000006cdd00000,0x00000006cde00000)]
  0x000001b17fc77550 JavaThread "C1 CompilerThread0" daemon [_thread_blocked, id=9236, stack(0x00000006cde00000,0x00000006cdf00000)]
  0x000001b17fc7e230 JavaThread "Sweeper thread" daemon [_thread_blocked, id=16500, stack(0x00000006cdf00000,0x00000006ce000000)]
  0x000001b17fe0e350 JavaThread "Common-Cleaner" daemon [_thread_blocked, id=14004, stack(0x00000006ce000000,0x00000006ce100000)]
  0x000001b17fe12c40 JavaThread "Notification Thread" daemon [_thread_blocked, id=1396, stack(0x00000006ce100000,0x00000006ce200000)]
  0x000001b119ad3090 JavaThread "Daemon health stats" [_thread_blocked, id=12932, stack(0x00000006cea00000,0x00000006ceb00000)]
  0x000001b119ad2ba0 JavaThread "Incoming local TCP Connector on port 59697" [_thread_in_native, id=23316, stack(0x00000006ce300000,0x00000006ce400000)]
  0x000001b119233820 JavaThread "Daemon periodic checks" [_thread_blocked, id=12936, stack(0x00000006ce900000,0x00000006cea00000)]
  0x000001b17fed44b0 JavaThread "Daemon" [_thread_blocked, id=22652, stack(0x00000006ceb00000,0x00000006cec00000)]
  0x000001b11b764040 JavaThread "Handler for socket connection from /127.0.0.1:59697 to /127.0.0.1:59698" [_thread_in_native, id=28432, stack(0x00000006cec00000,0x00000006ced00000)]
  0x000001b11ada8450 JavaThread "Cancel handler" [_thread_blocked, id=20612, stack(0x00000006ced00000,0x00000006cee00000)]
  0x000001b118f39320 JavaThread "Daemon worker" [_thread_blocked, id=29528, stack(0x00000006cee00000,0x00000006cef00000)]
  0x000001b11b96ebb0 JavaThread "Asynchronous log dispatcher for DefaultDaemonConnection: socket connection from /127.0.0.1:59697 to /127.0.0.1:59698" [_thread_blocked, id=11272, stack(0x00000006cef00000,0x00000006cf000000)]
  0x000001b11b96f080 JavaThread "Stdin handler" [_thread_blocked, id=30208, stack(0x00000006cf000000,0x00000006cf100000)]
  0x000001b11b96e210 JavaThread "Daemon client event forwarder" [_thread_blocked, id=17656, stack(0x00000006cf100000,0x00000006cf200000)]
  0x000001b11b96e6e0 JavaThread "Cache worker for journal cache (C:\Users\Filipe Guia\.gradle\caches\journal-1)" [_thread_blocked, id=2640, stack(0x00000006cf500000,0x00000006cf600000)]
  0x000001b11b96ced0 JavaThread "File lock request listener" [_thread_in_native, id=28168, stack(0x00000006cf600000,0x00000006cf700000)]
  0x000001b11b96f550 JavaThread "Cache worker for file hash cache (C:\Users\Filipe Guia\.gradle\caches\7.2\fileHashes)" [_thread_blocked, id=29660, stack(0x00000006cf700000,0x00000006cf800000)]
  0x000001b11b96c530 JavaThread "Cache worker for file hash cache (C:\ProjetoAndroid\MoviesManager\.gradle\7.2\fileHashes)" [_thread_blocked, id=19004, stack(0x00000006cf900000,0x00000006cfa00000)]
  0x000001b11b96dd40 JavaThread "File watcher server" daemon [_thread_blocked, id=14324, stack(0x00000006cfa00000,0x00000006cfb00000)]
  0x000001b11b96d3a0 JavaThread "File watcher consumer" daemon [_thread_blocked, id=8704, stack(0x00000006cfb00000,0x00000006cfc00000)]
  0x000001b11b96fa20 JavaThread "Cache worker for checksums cache (C:\ProjetoAndroid\MoviesManager\.gradle\checksums)" [_thread_blocked, id=26180, stack(0x00000006cf800000,0x00000006cf900000)]
  0x000001b11b96c060 JavaThread "Cache worker for cache directory md-supplier (C:\Users\Filipe Guia\.gradle\caches\7.2\md-supplier)" [_thread_blocked, id=2724, stack(0x00000006cfc00000,0x00000006cfd00000)]
  0x000001b11bdde750 JavaThread "Cache worker for cache directory md-rule (C:\Users\Filipe Guia\.gradle\caches\7.2\md-rule)" [_thread_blocked, id=25368, stack(0x00000006cfe00000,0x00000006cff00000)]
  0x000001b11bdda8c0 JavaThread "Cache worker for execution history cache (C:\Users\Filipe Guia\.gradle\caches\7.2\executionHistory)" [_thread_blocked, id=15444, stack(0x00000006d0000000,0x00000006d0100000)]
  0x000001b11bdde280 JavaThread "jar transforms" [_thread_blocked, id=16648, stack(0x00000006d0100000,0x00000006d0200000)]
  0x000001b11bddec20 JavaThread "jar transforms Thread 2" [_thread_blocked, id=20412, stack(0x00000006d0200000,0x00000006d0300000)]
  0x000001b11bddad90 JavaThread "Cache worker for file content cache (C:\Users\Filipe Guia\.gradle\caches\7.2\fileContent)" [_thread_blocked, id=27128, stack(0x00000006d0400000,0x00000006d0500000)]
  0x000001b11bddb730 JavaThread "jar transforms Thread 3" [_thread_blocked, id=8184, stack(0x00000006d0500000,0x00000006d0600000)]
  0x000001b11bdda3f0 JavaThread "jar transforms Thread 4" [_thread_blocked, id=24792, stack(0x00000006d0600000,0x00000006d0700000)]
  0x000001b11bdd8be0 JavaThread "Cache worker for dependencies-accessors (C:\ProjetoAndroid\MoviesManager\.gradle\7.2\dependencies-accessors)" [_thread_blocked, id=14924, stack(0x00000006d0700000,0x00000006d0800000)]
  0x000001b11bddcf40 JavaThread "jar transforms Thread 5" [_thread_blocked, id=25856, stack(0x00000006d0800000,0x00000006d0900000)]
  0x000001b11bddc0d0 JavaThread "Cache worker for Build Output Cleanup Cache (C:\ProjetoAndroid\MoviesManager\.gradle\buildOutputCleanup)" [_thread_blocked, id=28164, stack(0x00000006cfd00000,0x00000006cfe00000)]
  0x000001b11bddc5a0 JavaThread "Unconstrained build operations" [_thread_blocked, id=10060, stack(0x00000006d0a00000,0x00000006d0b00000)]
  0x000001b11bdd90b0 JavaThread "Unconstrained build operations Thread 2" [_thread_blocked, id=12184, stack(0x00000006d0b00000,0x00000006d0c00000)]
  0x000001b11bdd9a50 JavaThread "Unconstrained build operations Thread 3" [_thread_blocked, id=14400, stack(0x00000006d0c00000,0x00000006d0d00000)]
  0x000001b11bddca70 JavaThread "Unconstrained build operations Thread 4" [_thread_blocked, id=16332, stack(0x00000006d0d00000,0x00000006d0e00000)]
  0x000001b11bddd8e0 JavaThread "Unconstrained build operations Thread 5" [_thread_blocked, id=18984, stack(0x00000006d0e00000,0x00000006d0f00000)]
  0x000001b11bddddb0 JavaThread "Unconstrained build operations Thread 6" [_thread_blocked, id=27800, stack(0x00000006d0f00000,0x00000006d1000000)]
  0x000001b118687ae0 JavaThread "Unconstrained build operations Thread 7" [_thread_blocked, id=1248, stack(0x00000006d1000000,0x00000006d1100000)]
  0x000001b11868c7e0 JavaThread "Unconstrained build operations Thread 8" [_thread_blocked, id=27100, stack(0x00000006d1100000,0x00000006d1200000)]
  0x000001b11868b4a0 JavaThread "Unconstrained build operations Thread 9" [_thread_blocked, id=17660, stack(0x00000006d1200000,0x00000006d1300000)]
  0x000001b11868e4c0 JavaThread "Unconstrained build operations Thread 10" [_thread_blocked, id=24388, stack(0x00000006d1300000,0x00000006d1400000)]
  0x000001b118687fb0 JavaThread "Unconstrained build operations Thread 11" [_thread_blocked, id=18784, stack(0x00000006d1400000,0x00000006d1500000)]
  0x000001b11868b970 JavaThread "Unconstrained build operations Thread 12" [_thread_blocked, id=14496, stack(0x00000006d1500000,0x00000006d1600000)]
  0x000001b11868ccb0 JavaThread "Unconstrained build operations Thread 13" [_thread_blocked, id=10952, stack(0x00000006d1600000,0x00000006d1700000)]
  0x000001b11868d180 JavaThread "Unconstrained build operations Thread 14" [_thread_blocked, id=21672, stack(0x00000006d1700000,0x00000006d1800000)]
  0x000001b11868d650 JavaThread "Unconstrained build operations Thread 15" [_thread_blocked, id=18040, stack(0x00000006d1800000,0x00000006d1900000)]
  0x000001b11868be40 JavaThread "Unconstrained build operations Thread 16" [_thread_blocked, id=19236, stack(0x00000006d1900000,0x00000006d1a00000)]
  0x000001b1186892f0 JavaThread "Unconstrained build operations Thread 17" [_thread_blocked, id=10616, stack(0x00000006d1a00000,0x00000006d1b00000)]
  0x000001b118688950 JavaThread "Unconstrained build operations Thread 18" [_thread_blocked, id=16040, stack(0x00000006d1b00000,0x00000006d1c00000)]
  0x000001b118688480 JavaThread "Unconstrained build operations Thread 19" [_thread_blocked, id=11288, stack(0x00000006d1c00000,0x00000006d1d00000)]
  0x000001b11868db20 JavaThread "Unconstrained build operations Thread 20" [_thread_blocked, id=13816, stack(0x00000006d1d00000,0x00000006d1e00000)]
  0x000001b118688e20 JavaThread "Unconstrained build operations Thread 21" [_thread_blocked, id=8912, stack(0x00000006d1e00000,0x00000006d1f00000)]
  0x000001b11868dff0 JavaThread "Unconstrained build operations Thread 22" [_thread_blocked, id=20716, stack(0x00000006d1f00000,0x00000006d2000000)]
  0x000001b11868a630 JavaThread "Unconstrained build operations Thread 23" [_thread_blocked, id=19956, stack(0x00000006d2000000,0x00000006d2100000)]
  0x000001b1186897c0 JavaThread "Unconstrained build operations Thread 24" [_thread_blocked, id=1556, stack(0x00000006d2100000,0x00000006d2200000)]
  0x000001b118687610 JavaThread "Unconstrained build operations Thread 25" [_thread_blocked, id=29536, stack(0x00000006d2200000,0x00000006d2300000)]
  0x000001b118689c90 JavaThread "Unconstrained build operations Thread 26" [_thread_blocked, id=20592, stack(0x00000006d2300000,0x00000006d2400000)]
  0x000001b11868a160 JavaThread "Unconstrained build operations Thread 27" [_thread_blocked, id=14776, stack(0x00000006d2400000,0x00000006d2500000)]
  0x000001b11868c310 JavaThread "Unconstrained build operations Thread 28" [_thread_blocked, id=27256, stack(0x00000006d2500000,0x00000006d2600000)]
  0x000001b11868e990 JavaThread "Unconstrained build operations Thread 29" [_thread_blocked, id=17600, stack(0x00000006d2600000,0x00000006d2700000)]
  0x000001b11868ab00 JavaThread "Unconstrained build operations Thread 30" [_thread_blocked, id=18240, stack(0x00000006d2700000,0x00000006d2800000)]
  0x000001b11868afd0 JavaThread "Unconstrained build operations Thread 31" [_thread_blocked, id=21472, stack(0x00000006d2800000,0x00000006d2900000)]
  0x000001b118687140 JavaThread "Unconstrained build operations Thread 32" [_thread_blocked, id=17688, stack(0x00000006d2900000,0x00000006d2a00000)]
  0x000001b11b970910 JavaThread "Unconstrained build operations Thread 33" [_thread_blocked, id=1328, stack(0x00000006d2a00000,0x00000006d2b00000)]
  0x000001b11b9712b0 JavaThread "Unconstrained build operations Thread 34" [_thread_blocked, id=27508, stack(0x00000006d2b00000,0x00000006d2c00000)]
  0x000001b11b970de0 JavaThread "Unconstrained build operations Thread 35" [_thread_blocked, id=17420, stack(0x00000006d2c00000,0x00000006d2d00000)]
  0x000001b11b971780 JavaThread "Unconstrained build operations Thread 36" [_thread_blocked, id=30016, stack(0x00000006d2d00000,0x00000006d2e00000)]
  0x000001b11b972120 JavaThread "Unconstrained build operations Thread 37" [_thread_blocked, id=24256, stack(0x00000006d2e00000,0x00000006d2f00000)]
  0x000001b11b971c50 JavaThread "Unconstrained build operations Thread 38" [_thread_blocked, id=20580, stack(0x00000006d2f00000,0x00000006d3000000)]
  0x000001b11b973460 JavaThread "Unconstrained build operations Thread 39" [_thread_blocked, id=7620, stack(0x00000006d3000000,0x00000006d3100000)]
  0x000001b11b973930 JavaThread "Unconstrained build operations Thread 40" [_thread_blocked, id=22132, stack(0x00000006d3100000,0x00000006d3200000)]
  0x000001b11b970440 JavaThread "Unconstrained build operations Thread 41" [_thread_blocked, id=19344, stack(0x00000006d3200000,0x00000006d3300000)]
  0x000001b11b9725f0 JavaThread "Unconstrained build operations Thread 42" [_thread_blocked, id=15144, stack(0x00000006d3300000,0x00000006d3400000)]
  0x000001b11b972ac0 JavaThread "Unconstrained build operations Thread 43" [_thread_blocked, id=25712, stack(0x00000006d3400000,0x00000006d3500000)]
  0x000001b11b972f90 JavaThread "Unconstrained build operations Thread 44" [_thread_blocked, id=8384, stack(0x00000006d3500000,0x00000006d3600000)]
  0x000001b11b973e00 JavaThread "Unconstrained build operations Thread 45" [_thread_blocked, id=12008, stack(0x00000006d3600000,0x00000006d3700000)]
  0x000001b11eaa03a0 JavaThread "Unconstrained build operations Thread 46" [_thread_blocked, id=4716, stack(0x00000006d3700000,0x00000006d3800000)]
  0x000001b11eaa3d60 JavaThread "Unconstrained build operations Thread 47" [_thread_blocked, id=5372, stack(0x00000006d3800000,0x00000006d3900000)]
  0x000001b11eaa0870 JavaThread "Unconstrained build operations Thread 48" [_thread_blocked, id=14424, stack(0x00000006d3900000,0x00000006d3a00000)]
  0x000001b11eaa2550 JavaThread "Unconstrained build operations Thread 49" [_thread_blocked, id=29892, stack(0x00000006d3a00000,0x00000006d3b00000)]
  0x000001b11eaa50a0 JavaThread "Unconstrained build operations Thread 50" [_thread_blocked, id=2448, stack(0x00000006d3b00000,0x00000006d3c00000)]
  0x000001b11eaa2a20 JavaThread "Unconstrained build operations Thread 51" [_thread_blocked, id=26816, stack(0x00000006d3c00000,0x00000006d3d00000)]
  0x000001b11eaa2080 JavaThread "Unconstrained build operations Thread 52" [_thread_blocked, id=4100, stack(0x00000006d3d00000,0x00000006d3e00000)]
  0x000001b11eaa4230 JavaThread "Unconstrained build operations Thread 53" [_thread_blocked, id=16324, stack(0x00000006d3e00000,0x00000006d3f00000)]
  0x000001b11eaa4700 JavaThread "Unconstrained build operations Thread 54" [_thread_blocked, id=15940, stack(0x00000006d3f00000,0x00000006d4000000)]
  0x000001b11eaa5a40 JavaThread "Unconstrained build operations Thread 55" [_thread_blocked, id=14144, stack(0x00000006d4000000,0x00000006d4100000)]
  0x000001b11eaa1210 JavaThread "Unconstrained build operations Thread 56" [_thread_blocked, id=11204, stack(0x00000006d4100000,0x00000006d4200000)]
  0x000001b11eaa5f10 JavaThread "Unconstrained build operations Thread 57" [_thread_blocked, id=16464, stack(0x00000006d4200000,0x00000006d4300000)]
  0x000001b11ea9fa00 JavaThread "Unconstrained build operations Thread 58" [_thread_blocked, id=28832, stack(0x00000006d4300000,0x00000006d4400000)]
  0x000001b11eaa3890 JavaThread "Unconstrained build operations Thread 59" [_thread_blocked, id=28704, stack(0x00000006d4400000,0x00000006d4500000)]
  0x000001b11eaa2ef0 JavaThread "Unconstrained build operations Thread 60" [_thread_blocked, id=29132, stack(0x00000006d4500000,0x00000006d4600000)]
  0x000001b11eaa33c0 JavaThread "Unconstrained build operations Thread 61" [_thread_blocked, id=2636, stack(0x00000006d4600000,0x00000006d4700000)]
  0x000001b11eaa1bb0 JavaThread "Unconstrained build operations Thread 62" [_thread_blocked, id=28716, stack(0x00000006d4700000,0x00000006d4800000)]
  0x000001b11eaa63e0 JavaThread "Unconstrained build operations Thread 63" [_thread_blocked, id=5032, stack(0x00000006d4800000,0x00000006d4900000)]
  0x000001b11eaa4bd0 JavaThread "Unconstrained build operations Thread 64" [_thread_blocked, id=10184, stack(0x00000006d4900000,0x00000006d4a00000)]
  0x000001b11eaa5570 JavaThread "Unconstrained build operations Thread 65" [_thread_blocked, id=30116, stack(0x00000006d4a00000,0x00000006d4b00000)]
  0x000001b11eaa68b0 JavaThread "Unconstrained build operations Thread 66" [_thread_blocked, id=20712, stack(0x00000006d4b00000,0x00000006d4c00000)]
  0x000001b11ea9f060 JavaThread "Unconstrained build operations Thread 67" [_thread_blocked, id=16408, stack(0x00000006d4c00000,0x00000006d4d00000)]
  0x000001b11ea9f530 JavaThread "Unconstrained build operations Thread 68" [_thread_blocked, id=1832, stack(0x00000006d4d00000,0x00000006d4e00000)]
  0x000001b11ea9fed0 JavaThread "Unconstrained build operations Thread 69" [_thread_blocked, id=8092, stack(0x00000006d4e00000,0x00000006d4f00000)]
  0x000001b11eaa0d40 JavaThread "Unconstrained build operations Thread 70" [_thread_blocked, id=16032, stack(0x00000006d4f00000,0x00000006d5000000)]
  0x000001b11eaa16e0 JavaThread "Unconstrained build operations Thread 71" [_thread_blocked, id=20820, stack(0x00000006d5000000,0x00000006d5100000)]
  0x000001b11e258000 JavaThread "Unconstrained build operations Thread 72" [_thread_blocked, id=18296, stack(0x00000006d5100000,0x00000006d5200000)]
  0x000001b11e2589a0 JavaThread "Unconstrained build operations Thread 73" [_thread_blocked, id=3676, stack(0x00000006d5200000,0x00000006d5300000)]
  0x000001b11e253ca0 JavaThread "Unconstrained build operations Thread 74" [_thread_blocked, id=16300, stack(0x00000006d5300000,0x00000006d5400000)]
  0x000001b11e255980 JavaThread "Unconstrained build operations Thread 75" [_thread_blocked, id=10652, stack(0x00000006d5400000,0x00000006d5500000)]
  0x000001b11e257660 JavaThread "Unconstrained build operations Thread 76" [_thread_blocked, id=27580, stack(0x00000006d5500000,0x00000006d5600000)]
  0x000001b11e254b10 JavaThread "Unconstrained build operations Thread 77" [_thread_blocked, id=23036, stack(0x00000006d5600000,0x00000006d5700000)]
  0x000001b11e258e70 JavaThread "Unconstrained build operations Thread 78" [_thread_blocked, id=6636, stack(0x00000006d5700000,0x00000006d5800000)]
  0x000001b11e2537d0 JavaThread "Unconstrained build operations Thread 79" [_thread_blocked, id=29472, stack(0x00000006d5800000,0x00000006d5900000)]
  0x000001b11e257b30 JavaThread "Unconstrained build operations Thread 80" [_thread_blocked, id=23152, stack(0x00000006d5900000,0x00000006d5a00000)]
  0x000001b11e254fe0 JavaThread "jar transforms Thread 6" [_thread_blocked, id=26932, stack(0x00000006d5a00000,0x00000006d5b00000)]
  0x000001b11e257190 JavaThread "jar transforms Thread 7" [_thread_blocked, id=5036, stack(0x00000006d5b00000,0x00000006d5c00000)]
  0x000001b11e2554b0 JavaThread "jar transforms Thread 8" [_thread_blocked, id=1340, stack(0x00000006d5c00000,0x00000006d5d00000)]
  0x000001b11e259340 JavaThread "Memory manager" [_thread_blocked, id=18624, stack(0x00000006d5d00000,0x00000006d5e00000)]
  0x000001b11e2567f0 JavaThread "build event listener" [_thread_blocked, id=16588, stack(0x00000006d5e00000,0x00000006d5f00000)]
  0x000001b11f438ec0 JavaThread "C2 CompilerThread1" daemon [_thread_in_native, id=24064, stack(0x00000006cff00000,0x00000006d0000000)]
  0x000001b11f4384a0 JavaThread "C2 CompilerThread2" daemon [_thread_blocked, id=6728, stack(0x00000006d0900000,0x00000006d0a00000)]
  0x000001b122e73b10 JavaThread "build event listener" [_thread_blocked, id=19060, stack(0x00000006d5f00000,0x00000006d6000000)]
  0x000001b122e6f2e0 JavaThread "Execution worker for ':'" [_thread_blocked, id=14440, stack(0x00000006d6000000,0x00000006d6100000)]
  0x000001b122e74980 JavaThread "Execution worker for ':' Thread 2" [_thread_blocked, id=15020, stack(0x00000006d6100000,0x00000006d6200000)]
  0x000001b122e757f0 JavaThread "Execution worker for ':' Thread 3" [_thread_blocked, id=26536, stack(0x00000006d6200000,0x00000006d6300000)]
  0x000001b122e73fe0 JavaThread "Execution worker for ':' Thread 4" [_thread_blocked, id=28876, stack(0x00000006d6300000,0x00000006d6400000)]
  0x000001b122e72ca0 JavaThread "Execution worker for ':' Thread 5" [_thread_blocked, id=13484, stack(0x00000006d6400000,0x00000006d6500000)]
  0x000001b122e744b0 JavaThread "Execution worker for ':' Thread 6" [_thread_blocked, id=1428, stack(0x00000006d6500000,0x00000006d6600000)]
  0x000001b122e71490 JavaThread "Execution worker for ':' Thread 7" [_thread_blocked, id=17652, stack(0x00000006d6600000,0x00000006d6700000)]
  0x000001b122e76190 JavaThread "Cache worker for execution history cache (C:\ProjetoAndroid\MoviesManager\.gradle\7.2\executionHistory)" [_thread_blocked, id=27884, stack(0x00000006d6700000,0x00000006d6800000)]
  0x000001b118a6a600 JavaThread "WorkerExecutor Queue" [_thread_blocked, id=12044, stack(0x00000006d6a00000,0x00000006d6b00000)]
  0x000001b11fb2a5e0 JavaThread "WorkerExecutor Queue Thread 2" [_thread_blocked, id=10244, stack(0x00000006d6b00000,0x00000006d6c00000)]

Other Threads:
=>0x000001b17f3edfc0 VMThread "VM Thread" [stack: 0x00000006cd600000,0x00000006cd700000] [id=7840]
  0x000001b17fe0a020 WatcherThread [stack: 0x00000006ce200000,0x00000006ce300000] [id=10888]
  0x000001b17d9ba4c0 GCTaskThread "GC Thread#0" [stack: 0x00000006cd100000,0x00000006cd200000] [id=26444]
  0x000001b118ac01e0 GCTaskThread "GC Thread#1" [stack: 0x00000006ce400000,0x00000006ce500000] [id=8816]
  0x000001b119084180 GCTaskThread "GC Thread#2" [stack: 0x00000006ce500000,0x00000006ce600000] [id=10188]
  0x000001b11912ee40 GCTaskThread "GC Thread#3" [stack: 0x00000006ce600000,0x00000006ce700000] [id=19288]
  0x000001b11912f890 GCTaskThread "GC Thread#4" [stack: 0x00000006ce700000,0x00000006ce800000] [id=29884]
  0x000001b1189f4a30 GCTaskThread "GC Thread#5" [stack: 0x00000006ce800000,0x00000006ce900000] [id=26464]
  0x000001b118b054a0 GCTaskThread "GC Thread#6" [stack: 0x00000006cf200000,0x00000006cf300000] [id=26828]
  0x000001b118b04c90 GCTaskThread "GC Thread#7" [stack: 0x00000006cf300000,0x00000006cf400000] [id=24924]
  0x000001b17d9cc320 ConcurrentGCThread "G1 Main Marker" [stack: 0x00000006cd200000,0x00000006cd300000] [id=20608]
  0x000001b17d9ccc40 ConcurrentGCThread "G1 Conc#0" [stack: 0x00000006cd300000,0x00000006cd400000] [id=13648]
  0x000001b118b05cb0 ConcurrentGCThread "G1 Conc#1" [stack: 0x00000006cf400000,0x00000006cf500000] [id=11328]
  0x000001b17f26a9a0 ConcurrentGCThread "G1 Refine#0" [stack: 0x00000006cd400000,0x00000006cd500000] [id=17156]
  0x000001b11b129be0 ConcurrentGCThread "G1 Refine#1" [stack: 0x00000006d0300000,0x00000006d0400000] [id=7260]
  0x000001b11f6b1730 ConcurrentGCThread "G1 Refine#2" [stack: 0x00000006d6800000,0x00000006d6900000] [id=23008]
  0x000001b11f6b22b0 ConcurrentGCThread "G1 Refine#3" [stack: 0x00000006d6900000,0x00000006d6a00000] [id=13096]
  0x000001b17f26cef0 ConcurrentGCThread "G1 Service" [stack: 0x00000006cd500000,0x00000006cd600000] [id=16896]

Threads with active compile tasks:
C2 CompilerThread0    26506 10849       4       org.gradle.internal.snapshot.VfsRelativePath::hasPrefix (114 bytes)
C1 CompilerThread0    26506 11009       3       com.android.ide.common.symbols.Symbol$Companion::attributeSymbol (75 bytes)
C2 CompilerThread1    26506 10684       4       org.gradle.internal.instantiation.generator.AbstractClassGenerator$PropertyMetadata::hasAnnotation (40 bytes)
C2 CompilerThread2    26506 10844       4       org.gradle.internal.snapshot.ChildMap$Entry::handleAncestorDescendantOrExactMatch (110 bytes)

VM state: at safepoint (normal execution)

VM Mutex/Monitor currently owned by a thread:  ([mutex/lock_event])
[0x000001b17d9563f0] Threads_lock - owner thread: 0x000001b17f3edfc0
[0x000001b17d956a20] Heap_lock - owner thread: 0x000001b118a6a600

Heap address: 0x0000000080000000, size: 2048 MB, Compressed Oops mode: 32-bit

CDS archive(s) not mapped
Compressed class space mapped at: 0x0000000100000000-0x0000000140000000, reserved size: 1073741824
Narrow klass base: 0x0000000000000000, Narrow klass shift: 3, Narrow klass range: 0x140000000

GC Precious Log:
 CPUs: 8 total, 8 available
 Memory: 16232M
 Large Page Support: Disabled
 NUMA Support: Disabled
 Compressed Oops: Enabled (32-bit)
 Heap Region Size: 1M
 Heap Min Capacity: 8M
 Heap Initial Capacity: 254M
 Heap Max Capacity: 2G
 Pre-touch: Disabled
 Parallel Workers: 8
 Concurrent Workers: 2
 Concurrent Refinement Workers: 8
 Periodic GC: Disabled

Heap:
 garbage-first heap   total 222208K, used 117819K [0x0000000080000000, 0x0000000100000000)
  region size 1024K, 2 young (2048K), 2 survivors (2048K)
 Metaspace       used 90121K, committed 90752K, reserved 1130496K
  class space    used 12059K, committed 12352K, reserved 1048576K

Heap Regions: E=young(eden), S=young(survivor), O=old, HS=humongous(starts), HC=humongous(continues), CS=collection set, F=free, OA=open archive, CA=closed archive, TAMS=top-at-mark-start (previous, next)
|   0|0x0000000080000000, 0x0000000080100000, 0x0000000080100000|100%| O|  |TAMS 0x0000000080100000, 0x0000000080000000| Untracked 
|   1|0x0000000080100000, 0x0000000080200000, 0x0000000080200000|100%| O|  |TAMS 0x0000000080200000, 0x0000000080100000| Untracked 
|   2|0x0000000080200000, 0x0000000080300000, 0x0000000080300000|100%| O|  |TAMS 0x0000000080300000, 0x0000000080200000| Untracked 
|   3|0x0000000080300000, 0x0000000080400000, 0x0000000080400000|100%|HS|  |TAMS 0x0000000080400000, 0x0000000080300000| Complete 
|   4|0x0000000080400000, 0x0000000080500000, 0x0000000080500000|100%|HC|  |TAMS 0x0000000080500000, 0x0000000080400000| Complete 
|   5|0x0000000080500000, 0x0000000080600000, 0x0000000080600000|100%|HC|  |TAMS 0x0000000080600000, 0x0000000080500000| Complete 
|   6|0x0000000080600000, 0x0000000080700000, 0x0000000080700000|100%| O|  |TAMS 0x0000000080700000, 0x0000000080600000| Untracked 
|   7|0x0000000080700000, 0x0000000080800000, 0x0000000080800000|100%| O|  |TAMS 0x0000000080800000, 0x0000000080700000| Untracked 
|   8|0x0000000080800000, 0x0000000080900000, 0x0000000080900000|100%| O|  |TAMS 0x0000000080900000, 0x0000000080800000| Untracked 
|   9|0x0000000080900000, 0x0000000080a00000, 0x0000000080a00000|100%| O|  |TAMS 0x0000000080a00000, 0x0000000080900000| Untracked 
|  10|0x0000000080a00000, 0x0000000080b00000, 0x0000000080b00000|100%| O|  |TAMS 0x0000000080b00000, 0x0000000080a00000| Untracked 
|  11|0x0000000080b00000, 0x0000000080c00000, 0x0000000080c00000|100%| O|  |TAMS 0x0000000080c00000, 0x0000000080b00000| Untracked 
|  12|0x0000000080c00000, 0x0000000080d00000, 0x0000000080d00000|100%| O|  |TAMS 0x0000000080d00000, 0x0000000080c00000| Untracked 
|  13|0x0000000080d00000, 0x0000000080e00000, 0x0000000080e00000|100%| O|  |TAMS 0x0000000080e00000, 0x0000000080d00000| Untracked 
|  14|0x0000000080e00000, 0x0000000080f00000, 0x0000000080f00000|100%| O|  |TAMS 0x0000000080f00000, 0x0000000080e00000| Untracked 
|  15|0x0000000080f00000, 0x0000000081000000, 0x0000000081000000|100%| O|  |TAMS 0x0000000081000000, 0x0000000080f00000| Untracked 
|  16|0x0000000081000000, 0x0000000081100000, 0x0000000081100000|100%| O|  |TAMS 0x0000000081100000, 0x0000000081000000| Untracked 
|  17|0x0000000081100000, 0x0000000081200000, 0x0000000081200000|100%| O|  |TAMS 0x0000000081200000, 0x0000000081100000| Untracked 
|  18|0x0000000081200000, 0x0000000081300000, 0x0000000081300000|100%| O|  |TAMS 0x0000000081300000, 0x0000000081200000| Untracked 
|  19|0x0000000081300000, 0x0000000081400000, 0x0000000081400000|100%| O|  |TAMS 0x0000000081400000, 0x0000000081300000| Untracked 
|  20|0x0000000081400000, 0x0000000081500000, 0x0000000081500000|100%| O|  |TAMS 0x0000000081500000, 0x0000000081400000| Untracked 
|  21|0x0000000081500000, 0x0000000081600000, 0x0000000081600000|100%| O|  |TAMS 0x0000000081600000, 0x0000000081500000| Untracked 
|  22|0x0000000081600000, 0x0000000081700000, 0x0000000081700000|100%| O|  |TAMS 0x0000000081700000, 0x0000000081600000| Untracked 
|  23|0x0000000081700000, 0x0000000081800000, 0x0000000081800000|100%| O|  |TAMS 0x0000000081800000, 0x0000000081700000| Untracked 
|  24|0x0000000081800000, 0x0000000081900000, 0x0000000081900000|100%| O|  |TAMS 0x0000000081900000, 0x0000000081800000| Untracked 
|  25|0x0000000081900000, 0x0000000081a00000, 0x0000000081a00000|100%| O|  |TAMS 0x0000000081a00000, 0x0000000081900000| Untracked 
|  26|0x0000000081a00000, 0x0000000081b00000, 0x0000000081b00000|100%| O|  |TAMS 0x0000000081b00000, 0x0000000081a00000| Untracked 
|  27|0x0000000081b00000, 0x0000000081c00000, 0x0000000081c00000|100%| O|  |TAMS 0x0000000081c00000, 0x0000000081b00000| Untracked 
|  28|0x0000000081c00000, 0x0000000081d00000, 0x0000000081d00000|100%| O|  |TAMS 0x0000000081d00000, 0x0000000081c00000| Untracked 
|  29|0x0000000081d00000, 0x0000000081e00000, 0x0000000081e00000|100%| O|  |TAMS 0x0000000081e00000, 0x0000000081d00000| Untracked 
|  30|0x0000000081e00000, 0x0000000081f00000, 0x0000000081f00000|100%| O|  |TAMS 0x0000000081f00000, 0x0000000081e00000| Untracked 
|  31|0x0000000081f00000, 0x0000000082000000, 0x0000000082000000|100%| O|  |TAMS 0x0000000082000000, 0x0000000081f00000| Untracked 
|  32|0x0000000082000000, 0x0000000082100000, 0x0000000082100000|100%| O|  |TAMS 0x0000000082100000, 0x0000000082000000| Untracked 
|  33|0x0000000082100000, 0x0000000082200000, 0x0000000082200000|100%| O|  |TAMS 0x0000000082200000, 0x0000000082100000| Untracked 
|  34|0x0000000082200000, 0x0000000082300000, 0x0000000082300000|100%| O|  |TAMS 0x0000000082300000, 0x0000000082200000| Untracked 
|  35|0x0000000082300000, 0x0000000082300000, 0x0000000082400000|  0%| F|  |TAMS 0x0000000082300000, 0x0000000082300000| Untracked 
|  36|0x0000000082400000, 0x0000000082400000, 0x0000000082500000|  0%| F|  |TAMS 0x0000000082400000, 0x0000000082400000| Untracked 
|  37|0x0000000082500000, 0x0000000082600000, 0x0000000082600000|100%| O|  |TAMS 0x0000000082500000, 0x0000000082500000| Untracked 
|  38|0x0000000082600000, 0x0000000082700000, 0x0000000082700000|100%| O|  |TAMS 0x0000000082700000, 0x0000000082600000| Untracked 
|  39|0x0000000082700000, 0x0000000082800000, 0x0000000082800000|100%|HS|  |TAMS 0x0000000082800000, 0x0000000082700000| Complete 
|  40|0x0000000082800000, 0x0000000082900000, 0x0000000082900000|100%|HS|  |TAMS 0x0000000082900000, 0x0000000082800000| Complete 
|  41|0x0000000082900000, 0x0000000082a00000, 0x0000000082a00000|100%|HS|  |TAMS 0x0000000082a00000, 0x0000000082900000| Complete 
|  42|0x0000000082a00000, 0x0000000082b00000, 0x0000000082b00000|100%|HS|  |TAMS 0x0000000082b00000, 0x0000000082a00000| Complete 
|  43|0x0000000082b00000, 0x0000000082c00000, 0x0000000082c00000|100%|HS|  |TAMS 0x0000000082c00000, 0x0000000082b00000| Complete 
|  44|0x0000000082c00000, 0x0000000082d00000, 0x0000000082d00000|100%|HC|  |TAMS 0x0000000082d00000, 0x0000000082c00000| Complete 
|  45|0x0000000082d00000, 0x0000000082e00000, 0x0000000082e00000|100%|HC|  |TAMS 0x0000000082e00000, 0x0000000082d00000| Complete 
|  46|0x0000000082e00000, 0x0000000082f00000, 0x0000000082f00000|100%| O|  |TAMS 0x0000000082f00000, 0x0000000082e00000| Untracked 
|  47|0x0000000082f00000, 0x0000000083000000, 0x0000000083000000|100%| O|  |TAMS 0x0000000083000000, 0x0000000082f00000| Untracked 
|  48|0x0000000083000000, 0x0000000083100000, 0x0000000083100000|100%| O|  |TAMS 0x0000000083100000, 0x0000000083000000| Untracked 
|  49|0x0000000083100000, 0x0000000083200000, 0x0000000083200000|100%| O|  |TAMS 0x0000000083200000, 0x0000000083100000| Untracked 
|  50|0x0000000083200000, 0x0000000083300000, 0x0000000083300000|100%|HS|  |TAMS 0x0000000083300000, 0x0000000083200000| Complete 
|  51|0x0000000083300000, 0x0000000083400000, 0x0000000083400000|100%|HC|  |TAMS 0x0000000083400000, 0x0000000083300000| Complete 
|  52|0x0000000083400000, 0x0000000083500000, 0x0000000083500000|100%| O|  |TAMS 0x0000000083500000, 0x0000000083400000| Untracked 
|  53|0x0000000083500000, 0x0000000083600000, 0x0000000083600000|100%| O|  |TAMS 0x0000000083600000, 0x0000000083500000| Untracked 
|  54|0x0000000083600000, 0x0000000083700000, 0x0000000083700000|100%| O|  |TAMS 0x0000000083700000, 0x0000000083600000| Untracked 
|  55|0x0000000083700000, 0x0000000083800000, 0x0000000083800000|100%| O|  |TAMS 0x0000000083800000, 0x0000000083700000| Untracked 
|  56|0x0000000083800000, 0x0000000083900000, 0x0000000083900000|100%| O|  |TAMS 0x0000000083900000, 0x0000000083800000| Untracked 
|  57|0x0000000083900000, 0x0000000083a00000, 0x0000000083a00000|100%| O|  |TAMS 0x0000000083a00000, 0x0000000083900000| Untracked 
|  58|0x0000000083a00000, 0x0000000083b00000, 0x0000000083b00000|100%| O|  |TAMS 0x0000000083b00000, 0x0000000083a00000| Untracked 
|  59|0x0000000083b00000, 0x0000000083c00000, 0x0000000083c00000|100%| O|  |TAMS 0x0000000083c00000, 0x0000000083b00000| Untracked 
|  60|0x0000000083c00000, 0x0000000083d00000, 0x0000000083d00000|100%| O|  |TAMS 0x0000000083d00000, 0x0000000083c00000| Untracked 
|  61|0x0000000083d00000, 0x0000000083e00000, 0x0000000083e00000|100%| O|  |TAMS 0x0000000083e00000, 0x0000000083d00000| Untracked 
|  62|0x0000000083e00000, 0x0000000083f00000, 0x0000000083f00000|100%| O|  |TAMS 0x0000000083f00000, 0x0000000083e00000| Untracked 
|  63|0x0000000083f00000, 0x0000000084000000, 0x0000000084000000|100%| O|  |TAMS 0x0000000084000000, 0x0000000083f00000| Untracked 
|  64|0x0000000084000000, 0x0000000084100000, 0x0000000084100000|100%| O|  |TAMS 0x0000000084100000, 0x0000000084000000| Untracked 
|  65|0x0000000084100000, 0x0000000084200000, 0x0000000084200000|100%| O|  |TAMS 0x0000000084200000, 0x0000000084100000| Untracked 
|  66|0x0000000084200000, 0x0000000084300000, 0x0000000084300000|100%| O|  |TAMS 0x0000000084300000, 0x0000000084200000| Untracked 
|  67|0x0000000084300000, 0x0000000084400000, 0x0000000084400000|100%| O|  |TAMS 0x0000000084400000, 0x0000000084300000| Untracked 
|  68|0x0000000084400000, 0x0000000084500000, 0x0000000084500000|100%| O|  |TAMS 0x0000000084500000, 0x0000000084400000| Untracked 
|  69|0x0000000084500000, 0x0000000084600000, 0x0000000084600000|100%| O|  |TAMS 0x0000000084600000, 0x0000000084500000| Untracked 
|  70|0x0000000084600000, 0x0000000084700000, 0x0000000084700000|100%| O|  |TAMS 0x0000000084700000, 0x0000000084600000| Untracked 
|  71|0x0000000084700000, 0x0000000084800000, 0x0000000084800000|100%| O|  |TAMS 0x0000000084800000, 0x0000000084700000| Untracked 
|  72|0x0000000084800000, 0x0000000084900000, 0x0000000084900000|100%| O|  |TAMS 0x0000000084900000, 0x0000000084800000| Untracked 
|  73|0x0000000084900000, 0x0000000084a00000, 0x0000000084a00000|100%| O|  |TAMS 0x0000000084a00000, 0x0000000084900000| Untracked 
|  74|0x0000000084a00000, 0x0000000084b00000, 0x0000000084b00000|100%| O|  |TAMS 0x0000000084b00000, 0x0000000084a00000| Untracked 
|  75|0x0000000084b00000, 0x0000000084c00000, 0x0000000084c00000|100%| O|  |TAMS 0x0000000084c00000, 0x0000000084b00000| Untracked 
|  76|0x0000000084c00000, 0x0000000084d00000, 0x0000000084d00000|100%| O|  |TAMS 0x0000000084d00000, 0x0000000084c00000| Untracked 
|  77|0x0000000084d00000, 0x0000000084e00000, 0x0000000084e00000|100%| O|  |TAMS 0x0000000084e00000, 0x0000000084d00000| Untracked 
|  78|0x0000000084e00000, 0x0000000084f00000, 0x0000000084f00000|100%| O|  |TAMS 0x0000000084f00000, 0x0000000084e00000| Untracked 
|  79|0x0000000084f00000, 0x0000000085000000, 0x0000000085000000|100%| O|  |TAMS 0x0000000085000000, 0x0000000084f00000| Untracked 
|  80|0x0000000085000000, 0x0000000085100000, 0x0000000085100000|100%| O|  |TAMS 0x0000000085100000, 0x0000000085000000| Untracked 
|  81|0x0000000085100000, 0x0000000085200000, 0x0000000085200000|100%| O|  |TAMS 0x0000000085200000, 0x0000000085100000| Untracked 
|  82|0x0000000085200000, 0x0000000085300000, 0x0000000085300000|100%| O|  |TAMS 0x0000000085300000, 0x0000000085200000| Untracked 
|  83|0x0000000085300000, 0x0000000085400000, 0x0000000085400000|100%| O|  |TAMS 0x0000000085400000, 0x0000000085300000| Untracked 
|  84|0x0000000085400000, 0x0000000085500000, 0x0000000085500000|100%| O|  |TAMS 0x0000000085500000, 0x0000000085400000| Untracked 
|  85|0x0000000085500000, 0x0000000085600000, 0x0000000085600000|100%| O|  |TAMS 0x0000000085600000, 0x0000000085500000| Untracked 
|  86|0x0000000085600000, 0x0000000085700000, 0x0000000085700000|100%| O|  |TAMS 0x0000000085700000, 0x0000000085600000| Untracked 
|  87|0x0000000085700000, 0x0000000085800000, 0x0000000085800000|100%| O|  |TAMS 0x0000000085800000, 0x0000000085700000| Untracked 
|  88|0x0000000085800000, 0x0000000085900000, 0x0000000085900000|100%| O|  |TAMS 0x0000000085900000, 0x0000000085800000| Untracked 
|  89|0x0000000085900000, 0x0000000085a00000, 0x0000000085a00000|100%| O|  |TAMS 0x0000000085a00000, 0x0000000085900000| Untracked 
|  90|0x0000000085a00000, 0x0000000085b00000, 0x0000000085b00000|100%| O|  |TAMS 0x0000000085b00000, 0x0000000085a00000| Untracked 
|  91|0x0000000085b00000, 0x0000000085c00000, 0x0000000085c00000|100%| O|  |TAMS 0x0000000085c00000, 0x0000000085b00000| Untracked 
|  92|0x0000000085c00000, 0x0000000085d00000, 0x0000000085d00000|100%| O|  |TAMS 0x0000000085d00000, 0x0000000085c00000| Untracked 
|  93|0x0000000085d00000, 0x0000000085e00000, 0x0000000085e00000|100%| O|  |TAMS 0x0000000085e00000, 0x0000000085d00000| Untracked 
|  94|0x0000000085e00000, 0x0000000085f00000, 0x0000000085f00000|100%| O|  |TAMS 0x0000000085f00000, 0x0000000085e00000| Untracked 
|  95|0x0000000085f00000, 0x0000000086000000, 0x0000000086000000|100%| O|  |TAMS 0x0000000086000000, 0x0000000085f00000| Untracked 
|  96|0x0000000086000000, 0x0000000086100000, 0x0000000086100000|100%| O|  |TAMS 0x0000000086100000, 0x0000000086000000| Untracked 
|  97|0x0000000086100000, 0x0000000086200000, 0x0000000086200000|100%| O|  |TAMS 0x0000000086200000, 0x0000000086100000| Untracked 
|  98|0x0000000086200000, 0x0000000086300000, 0x0000000086300000|100%| O|  |TAMS 0x0000000086300000, 0x0000000086200000| Untracked 
|  99|0x0000000086300000, 0x0000000086400000, 0x0000000086400000|100%| O|  |TAMS 0x0000000086400000, 0x0000000086300000| Untracked 
| 100|0x0000000086400000, 0x0000000086500000, 0x0000000086500000|100%| O|  |TAMS 0x0000000086500000, 0x0000000086400000| Untracked 
| 101|0x0000000086500000, 0x0000000086600000, 0x0000000086600000|100%| O|  |TAMS 0x000000008659d400, 0x0000000086500000| Untracked 
| 102|0x0000000086600000, 0x0000000086700000, 0x0000000086700000|100%| O|  |TAMS 0x0000000086600000, 0x0000000086600000| Untracked 
| 103|0x0000000086700000, 0x0000000086800000, 0x0000000086800000|100%| O|  |TAMS 0x0000000086700000, 0x0000000086700000| Untracked 
| 104|0x0000000086800000, 0x0000000086900000, 0x0000000086900000|100%| O|  |TAMS 0x0000000086800000, 0x0000000086800000| Untracked 
| 105|0x0000000086900000, 0x0000000086a00000, 0x0000000086a00000|100%| O|  |TAMS 0x0000000086900000, 0x0000000086900000| Untracked 
| 106|0x0000000086a00000, 0x0000000086b00000, 0x0000000086b00000|100%| O|  |TAMS 0x0000000086a00000, 0x0000000086a00000| Untracked 
| 107|0x0000000086b00000, 0x0000000086c00000, 0x0000000086c00000|100%| O|  |TAMS 0x0000000086b00000, 0x0000000086b00000| Untracked 
| 108|0x0000000086c00000, 0x0000000086d00000, 0x0000000086d00000|100%| O|  |TAMS 0x0000000086c00000, 0x0000000086c00000| Untracked 
| 109|0x0000000086d00000, 0x0000000086e00000, 0x0000000086e00000|100%| O|  |TAMS 0x0000000086d00000, 0x0000000086d00000| Untracked 
| 110|0x0000000086e00000, 0x0000000086e22400, 0x0000000086f00000| 13%| O|  |TAMS 0x0000000086e00000, 0x0000000086e00000| Untracked 
| 111|0x0000000086f00000, 0x0000000086f00000, 0x0000000087000000|  0%| F|  |TAMS 0x0000000086f00000, 0x0000000086f00000| Untracked 
| 112|0x0000000087000000, 0x0000000087000000, 0x0000000087100000|  0%| F|  |TAMS 0x0000000087000000, 0x0000000087000000| Untracked 
| 113|0x0000000087100000, 0x0000000087100000, 0x0000000087200000|  0%| F|  |TAMS 0x0000000087100000, 0x0000000087100000| Untracked 
| 114|0x0000000087200000, 0x0000000087200000, 0x0000000087300000|  0%| F|  |TAMS 0x0000000087200000, 0x0000000087200000| Untracked 
| 115|0x0000000087300000, 0x0000000087300000, 0x0000000087400000|  0%| F|  |TAMS 0x0000000087300000, 0x0000000087300000| Untracked 
| 116|0x0000000087400000, 0x0000000087400000, 0x0000000087500000|  0%| F|  |TAMS 0x0000000087400000, 0x0000000087400000| Untracked 
| 117|0x0000000087500000, 0x0000000087500000, 0x0000000087600000|  0%| F|  |TAMS 0x0000000087500000, 0x0000000087500000| Untracked 
| 118|0x0000000087600000, 0x0000000087600000, 0x0000000087700000|  0%| F|  |TAMS 0x0000000087600000, 0x0000000087600000| Untracked 
| 119|0x0000000087700000, 0x0000000087700000, 0x0000000087800000|  0%| F|  |TAMS 0x0000000087700000, 0x0000000087700000| Untracked 
| 120|0x0000000087800000, 0x0000000087800000, 0x0000000087900000|  0%| F|  |TAMS 0x0000000087800000, 0x0000000087800000| Untracked 
| 121|0x0000000087900000, 0x0000000087900000, 0x0000000087a00000|  0%| F|  |TAMS 0x0000000087900000, 0x0000000087900000| Untracked 
| 122|0x0000000087a00000, 0x0000000087a00000, 0x0000000087b00000|  0%| F|  |TAMS 0x0000000087a00000, 0x0000000087a00000| Untracked 
| 123|0x0000000087b00000, 0x0000000087b00000, 0x0000000087c00000|  0%| F|  |TAMS 0x0000000087b00000, 0x0000000087b00000| Untracked 
| 124|0x0000000087c00000, 0x0000000087c00000, 0x0000000087d00000|  0%| F|  |TAMS 0x0000000087c00000, 0x0000000087c00000| Untracked 
| 125|0x0000000087d00000, 0x0000000087d00000, 0x0000000087e00000|  0%| F|  |TAMS 0x0000000087d00000, 0x0000000087d00000| Untracked 
| 126|0x0000000087e00000, 0x0000000087f00000, 0x0000000087f00000|100%| O|  |TAMS 0x0000000087e00000, 0x0000000087e00000| Untracked 
| 127|0x0000000087f00000, 0x0000000088000000, 0x0000000088000000|100%| O|  |TAMS 0x0000000087f00000, 0x0000000087f00000| Untracked 
| 128|0x0000000088000000, 0x0000000088100000, 0x0000000088100000|100%| O|  |TAMS 0x0000000088000000, 0x0000000088000000| Untracked 
| 129|0x0000000088100000, 0x0000000088200000, 0x0000000088200000|100%| O|  |TAMS 0x0000000088100000, 0x0000000088100000| Untracked 
| 130|0x0000000088200000, 0x0000000088300000, 0x0000000088300000|100%| O|  |TAMS 0x0000000088200000, 0x0000000088200000| Untracked 
| 131|0x0000000088300000, 0x0000000088300000, 0x0000000088400000|  0%| F|  |TAMS 0x0000000088300000, 0x0000000088300000| Untracked 
| 132|0x0000000088400000, 0x0000000088400000, 0x0000000088500000|  0%| F|  |TAMS 0x0000000088400000, 0x0000000088400000| Untracked 
| 133|0x0000000088500000, 0x0000000088500000, 0x0000000088600000|  0%| F|  |TAMS 0x0000000088500000, 0x0000000088500000| Untracked 
| 134|0x0000000088600000, 0x0000000088600000, 0x0000000088700000|  0%| F|  |TAMS 0x0000000088600000, 0x0000000088600000| Untracked 
| 135|0x0000000088700000, 0x0000000088700000, 0x0000000088800000|  0%| F|  |TAMS 0x0000000088700000, 0x0000000088700000| Untracked 
| 136|0x0000000088800000, 0x0000000088800000, 0x0000000088900000|  0%| F|  |TAMS 0x0000000088800000, 0x0000000088800000| Untracked 
| 137|0x0000000088900000, 0x0000000088900000, 0x0000000088a00000|  0%| F|  |TAMS 0x0000000088900000, 0x0000000088900000| Untracked 
| 138|0x0000000088a00000, 0x0000000088a00000, 0x0000000088b00000|  0%| F|  |TAMS 0x0000000088a00000, 0x0000000088a00000| Untracked 
| 139|0x0000000088b00000, 0x0000000088b00000, 0x0000000088c00000|  0%| F|  |TAMS 0x0000000088b00000, 0x0000000088b00000| Untracked 
| 140|0x0000000088c00000, 0x0000000088c00000, 0x0000000088d00000|  0%| F|  |TAMS 0x0000000088c00000, 0x0000000088c00000| Untracked 
| 141|0x0000000088d00000, 0x0000000088d00000, 0x0000000088e00000|  0%| F|  |TAMS 0x0000000088d00000, 0x0000000088d00000| Untracked 
| 142|0x0000000088e00000, 0x0000000088e00000, 0x0000000088f00000|  0%| F|  |TAMS 0x0000000088e00000, 0x0000000088e00000| Untracked 
| 143|0x0000000088f00000, 0x0000000088f00000, 0x0000000089000000|  0%| F|  |TAMS 0x0000000088f00000, 0x0000000088f00000| Untracked 
| 144|0x0000000089000000, 0x0000000089000000, 0x0000000089100000|  0%| F|  |TAMS 0x0000000089000000, 0x0000000089000000| Untracked 
| 145|0x0000000089100000, 0x0000000089100000, 0x0000000089200000|  0%| F|  |TAMS 0x0000000089100000, 0x0000000089100000| Untracked 
| 146|0x0000000089200000, 0x0000000089200000, 0x0000000089300000|  0%| F|  |TAMS 0x0000000089200000, 0x0000000089200000| Untracked 
| 147|0x0000000089300000, 0x0000000089300000, 0x0000000089400000|  0%| F|  |TAMS 0x0000000089300000, 0x0000000089300000| Untracked 
| 148|0x0000000089400000, 0x0000000089400000, 0x0000000089500000|  0%| F|  |TAMS 0x0000000089400000, 0x0000000089400000| Untracked 
| 149|0x0000000089500000, 0x0000000089500000, 0x0000000089600000|  0%| F|  |TAMS 0x0000000089500000, 0x0000000089500000| Untracked 
| 150|0x0000000089600000, 0x0000000089600000, 0x0000000089700000|  0%| F|  |TAMS 0x0000000089600000, 0x0000000089600000| Untracked 
| 151|0x0000000089700000, 0x0000000089700000, 0x0000000089800000|  0%| F|  |TAMS 0x0000000089700000, 0x0000000089700000| Untracked 
| 152|0x0000000089800000, 0x0000000089800000, 0x0000000089900000|  0%| F|  |TAMS 0x0000000089800000, 0x0000000089800000| Untracked 
| 153|0x0000000089900000, 0x0000000089900000, 0x0000000089a00000|  0%| F|  |TAMS 0x0000000089900000, 0x0000000089900000| Untracked 
| 154|0x0000000089a00000, 0x0000000089a00000, 0x0000000089b00000|  0%| F|  |TAMS 0x0000000089a00000, 0x0000000089a00000| Untracked 
| 155|0x0000000089b00000, 0x0000000089b00000, 0x0000000089c00000|  0%| F|  |TAMS 0x0000000089b00000, 0x0000000089b00000| Untracked 
| 156|0x0000000089c00000, 0x0000000089c00000, 0x0000000089d00000|  0%| F|  |TAMS 0x0000000089c00000, 0x0000000089c00000| Untracked 
| 157|0x0000000089d00000, 0x0000000089d00000, 0x0000000089e00000|  0%| F|  |TAMS 0x0000000089d00000, 0x0000000089d00000| Untracked 
| 158|0x0000000089e00000, 0x0000000089e00000, 0x0000000089f00000|  0%| F|  |TAMS 0x0000000089e00000, 0x0000000089e00000| Untracked 
| 159|0x0000000089f00000, 0x0000000089f00000, 0x000000008a000000|  0%| F|  |TAMS 0x0000000089f00000, 0x0000000089f00000| Untracked 
| 160|0x000000008a000000, 0x000000008a000000, 0x000000008a100000|  0%| F|  |TAMS 0x000000008a000000, 0x000000008a000000| Untracked 
| 161|0x000000008a100000, 0x000000008a100000, 0x000000008a200000|  0%| F|  |TAMS 0x000000008a100000, 0x000000008a100000| Untracked 
| 162|0x000000008a200000, 0x000000008a200000, 0x000000008a300000|  0%| F|  |TAMS 0x000000008a200000, 0x000000008a200000| Untracked 
| 163|0x000000008a300000, 0x000000008a300000, 0x000000008a400000|  0%| F|  |TAMS 0x000000008a300000, 0x000000008a300000| Untracked 
| 164|0x000000008a400000, 0x000000008a400000, 0x000000008a500000|  0%| F|  |TAMS 0x000000008a400000, 0x000000008a400000| Untracked 
| 165|0x000000008a500000, 0x000000008a500000, 0x000000008a600000|  0%| F|  |TAMS 0x000000008a500000, 0x000000008a500000| Untracked 
| 166|0x000000008a600000, 0x000000008a600000, 0x000000008a700000|  0%| F|  |TAMS 0x000000008a600000, 0x000000008a600000| Untracked 
| 167|0x000000008a700000, 0x000000008a700000, 0x000000008a800000|  0%| F|  |TAMS 0x000000008a700000, 0x000000008a700000| Untracked 
| 168|0x000000008a800000, 0x000000008a800000, 0x000000008a900000|  0%| F|  |TAMS 0x000000008a800000, 0x000000008a800000| Untracked 
| 169|0x000000008a900000, 0x000000008a900000, 0x000000008aa00000|  0%| F|  |TAMS 0x000000008a900000, 0x000000008a900000| Untracked 
| 170|0x000000008aa00000, 0x000000008aa00000, 0x000000008ab00000|  0%| F|  |TAMS 0x000000008aa00000, 0x000000008aa00000| Untracked 
| 171|0x000000008ab00000, 0x000000008ab00000, 0x000000008ac00000|  0%| F|  |TAMS 0x000000008ab00000, 0x000000008ab00000| Untracked 
| 172|0x000000008ac00000, 0x000000008ac00000, 0x000000008ad00000|  0%| F|  |TAMS 0x000000008ac00000, 0x000000008ac00000| Untracked 
| 173|0x000000008ad00000, 0x000000008ad00000, 0x000000008ae00000|  0%| F|  |TAMS 0x000000008ad00000, 0x000000008ad00000| Untracked 
| 174|0x000000008ae00000, 0x000000008ae00000, 0x000000008af00000|  0%| F|  |TAMS 0x000000008ae00000, 0x000000008ae00000| Untracked 
| 175|0x000000008af00000, 0x000000008af00000, 0x000000008b000000|  0%| F|  |TAMS 0x000000008af00000, 0x000000008af00000| Untracked 
| 176|0x000000008b000000, 0x000000008b000000, 0x000000008b100000|  0%| F|  |TAMS 0x000000008b000000, 0x000000008b000000| Untracked 
| 177|0x000000008b100000, 0x000000008b100000, 0x000000008b200000|  0%| F|  |TAMS 0x000000008b100000, 0x000000008b100000| Untracked 
| 178|0x000000008b200000, 0x000000008b200000, 0x000000008b300000|  0%| F|  |TAMS 0x000000008b200000, 0x000000008b200000| Untracked 
| 179|0x000000008b300000, 0x000000008b300000, 0x000000008b400000|  0%| F|  |TAMS 0x000000008b300000, 0x000000008b300000| Untracked 
| 180|0x000000008b400000, 0x000000008b400000, 0x000000008b500000|  0%| F|  |TAMS 0x000000008b400000, 0x000000008b400000| Untracked 
| 181|0x000000008b500000, 0x000000008b500000, 0x000000008b600000|  0%| F|  |TAMS 0x000000008b500000, 0x000000008b500000| Untracked 
| 182|0x000000008b600000, 0x000000008b600000, 0x000000008b700000|  0%| F|  |TAMS 0x000000008b600000, 0x000000008b600000| Untracked 
| 183|0x000000008b700000, 0x000000008b700000, 0x000000008b800000|  0%| F|  |TAMS 0x000000008b700000, 0x000000008b700000| Untracked 
| 184|0x000000008b800000, 0x000000008b800000, 0x000000008b900000|  0%| F|  |TAMS 0x000000008b800000, 0x000000008b800000| Untracked 
| 185|0x000000008b900000, 0x000000008b900000, 0x000000008ba00000|  0%| F|  |TAMS 0x000000008b900000, 0x000000008b900000| Untracked 
| 186|0x000000008ba00000, 0x000000008ba00000, 0x000000008bb00000|  0%| F|  |TAMS 0x000000008ba00000, 0x000000008ba00000| Untracked 
| 187|0x000000008bb00000, 0x000000008bb00000, 0x000000008bc00000|  0%| F|  |TAMS 0x000000008bb00000, 0x000000008bb00000| Untracked 
| 188|0x000000008bc00000, 0x000000008bc00000, 0x000000008bd00000|  0%| F|  |TAMS 0x000000008bc00000, 0x000000008bc00000| Untracked 
| 189|0x000000008bd00000, 0x000000008bd00000, 0x000000008be00000|  0%| F|  |TAMS 0x000000008bd00000, 0x000000008bd00000| Untracked 
| 190|0x000000008be00000, 0x000000008be00000, 0x000000008bf00000|  0%| F|  |TAMS 0x000000008be00000, 0x000000008be00000| Untracked 
| 191|0x000000008bf00000, 0x000000008bf00000, 0x000000008c000000|  0%| F|  |TAMS 0x000000008bf00000, 0x000000008bf00000| Untracked 
| 192|0x000000008c000000, 0x000000008c000000, 0x000000008c100000|  0%| F|  |TAMS 0x000000008c000000, 0x000000008c000000| Untracked 
| 193|0x000000008c100000, 0x000000008c100000, 0x000000008c200000|  0%| F|  |TAMS 0x000000008c100000, 0x000000008c100000| Untracked 
| 194|0x000000008c200000, 0x000000008c200000, 0x000000008c300000|  0%| F|  |TAMS 0x000000008c200000, 0x000000008c200000| Untracked 
| 195|0x000000008c300000, 0x000000008c300000, 0x000000008c400000|  0%| F|  |TAMS 0x000000008c300000, 0x000000008c300000| Untracked 
| 196|0x000000008c400000, 0x000000008c400000, 0x000000008c500000|  0%| F|  |TAMS 0x000000008c400000, 0x000000008c400000| Untracked 
| 197|0x000000008c500000, 0x000000008c500000, 0x000000008c600000|  0%| F|  |TAMS 0x000000008c500000, 0x000000008c500000| Untracked 
| 198|0x000000008c600000, 0x000000008c600000, 0x000000008c700000|  0%| F|  |TAMS 0x000000008c600000, 0x000000008c600000| Untracked 
| 199|0x000000008c700000, 0x000000008c700000, 0x000000008c800000|  0%| F|  |TAMS 0x000000008c700000, 0x000000008c700000| Untracked 
| 200|0x000000008c800000, 0x000000008c800000, 0x000000008c900000|  0%| F|  |TAMS 0x000000008c800000, 0x000000008c800000| Untracked 
| 201|0x000000008c900000, 0x000000008c900000, 0x000000008ca00000|  0%| F|  |TAMS 0x000000008c900000, 0x000000008c900000| Untracked 
| 202|0x000000008ca00000, 0x000000008ca00000, 0x000000008cb00000|  0%| F|  |TAMS 0x000000008ca00000, 0x000000008ca00000| Untracked 
| 203|0x000000008cb00000, 0x000000008cb00000, 0x000000008cc00000|  0%| F|  |TAMS 0x000000008cb00000, 0x000000008cb00000| Untracked 
| 204|0x000000008cc00000, 0x000000008cc00000, 0x000000008cd00000|  0%| F|  |TAMS 0x000000008cc00000, 0x000000008cc00000| Untracked 
| 205|0x000000008cd00000, 0x000000008cd00000, 0x000000008ce00000|  0%| F|  |TAMS 0x000000008cd00000, 0x000000008cd00000| Untracked 
| 206|0x000000008ce00000, 0x000000008ceec8f0, 0x000000008cf00000| 92%| S|CS|TAMS 0x000000008ce00000, 0x000000008ce00000| Complete 
| 207|0x000000008cf00000, 0x000000008d000000, 0x000000008d000000|100%| S|CS|TAMS 0x000000008cf00000, 0x000000008cf00000| Complete 
| 208|0x000000008d000000, 0x000000008d000000, 0x000000008d100000|  0%| F|  |TAMS 0x000000008d000000, 0x000000008d000000| Untracked 
| 209|0x000000008d100000, 0x000000008d100000, 0x000000008d200000|  0%| F|  |TAMS 0x000000008d100000, 0x000000008d100000| Untracked 
| 210|0x000000008d200000, 0x000000008d200000, 0x000000008d300000|  0%| F|  |TAMS 0x000000008d200000, 0x000000008d200000| Untracked 
| 211|0x000000008d300000, 0x000000008d300000, 0x000000008d400000|  0%| F|  |TAMS 0x000000008d300000, 0x000000008d300000| Untracked 
| 212|0x000000008d400000, 0x000000008d400000, 0x000000008d500000|  0%| F|  |TAMS 0x000000008d400000, 0x000000008d400000| Untracked 
| 213|0x000000008d500000, 0x000000008d500000, 0x000000008d600000|  0%| F|  |TAMS 0x000000008d500000, 0x000000008d500000| Untracked 
| 214|0x000000008d600000, 0x000000008d600000, 0x000000008d700000|  0%| F|  |TAMS 0x000000008d600000, 0x000000008d600000| Untracked 
| 215|0x000000008d700000, 0x000000008d700000, 0x000000008d800000|  0%| F|  |TAMS 0x000000008d700000, 0x000000008d700000| Untracked 
| 253|0x000000008fd00000, 0x000000008fd00000, 0x000000008fe00000|  0%| F|  |TAMS 0x000000008fd00000, 0x000000008fd00000| Untracked 

Card table byte_map: [0x000001b17e170000,0x000001b17e570000] _byte_map_base: 0x000001b17dd70000

Marking Bits (Prev, Next): (CMBitMap*) 0x000001b17d9bb9f0, (CMBitMap*) 0x000001b17d9bba30
 Prev Bits: [0x000001b112400000, 0x000001b114400000)
 Next Bits: [0x000001b114400000, 0x000001b116400000)

Polling page: 0x000001b17d130000

Metaspace:

Usage:
  Non-class:     76.23 MB used.
      Class:     11.78 MB used.
       Both:     88.01 MB used.

Virtual space:
  Non-class space:       80.00 MB reserved,      76.56 MB ( 96%) committed,  10 nodes.
      Class space:        1.00 GB reserved,      12.06 MB (  1%) committed,  1 nodes.
             Both:        1.08 GB reserved,      88.62 MB (  8%) committed. 

Chunk freelists:
   Non-Class:  2.73 MB
       Class:  3.95 MB
        Both:  6.69 MB

MaxMetaspaceSize: unlimited
CompressedClassSpaceSize: 1.00 GB
Initial GC threshold: 21.00 MB
Current GC threshold: 144.50 MB
CDS: off
MetaspaceReclaimPolicy: balanced
 - commit_granule_bytes: 65536.
 - commit_granule_words: 8192.
 - virtual_space_node_default_size: 1048576.
 - enlarge_chunks_in_place: 1.
 - new_chunks_are_fully_committed: 0.
 - uncommit_free_chunks: 1.
 - use_allocation_guard: 0.
 - handle_deallocations: 1.


Internal statistics:

num_allocs_failed_limit: 6.
num_arena_births: 774.
num_arena_deaths: 14.
num_vsnodes_births: 11.
num_vsnodes_deaths: 0.
num_space_committed: 1418.
num_space_uncommitted: 0.
num_chunks_returned_to_freelist: 24.
num_chunks_taken_from_freelist: 4032.
num_chunk_merges: 11.
num_chunk_splits: 2665.
num_chunks_enlarged: 1767.
num_purges: 2.
num_inconsistent_stats: 0.

CodeHeap 'non-profiled nmethods': size=120000Kb used=6026Kb max_used=6026Kb free=113973Kb
 bounds [0x000001b10aed0000, 0x000001b10b4c0000, 0x000001b112400000]
CodeHeap 'profiled nmethods': size=120000Kb used=18289Kb max_used=18289Kb free=101710Kb
 bounds [0x000001b103400000, 0x000001b1045f0000, 0x000001b10a930000]
CodeHeap 'non-nmethods': size=5760Kb used=2381Kb max_used=2451Kb free=3378Kb
 bounds [0x000001b10a930000, 0x000001b10aba0000, 0x000001b10aed0000]
 total_blobs=10333 nmethods=9421 adapters=824
 compilation: enabled
              stopped_count=0, restarted_count=0
 full_count=0

Compilation events (20 events):
Event: 26.416 Thread 0x000001b17fc77550 nmethod 10980 0x000001b1045d2c10 code [0x000001b1045d2ea0, 0x000001b1045d3f88]
Event: 26.416 Thread 0x000001b17fc77550 10982   !   3       com.google.common.collect.MapMakerInternalMap$Segment::put (298 bytes)
Event: 26.424 Thread 0x000001b17fc77550 nmethod 10982 0x000001b1045d4510 code [0x000001b1045d4bc0, 0x000001b1045d8ce8]
Event: 26.424 Thread 0x000001b17fc77550 10990   !   3       java.nio.file.FileChannelLinesSpliterator::readLine (37 bytes)
Event: 26.425 Thread 0x000001b17fc77550 nmethod 10990 0x000001b1045dab90 code [0x000001b1045dad80, 0x000001b1045db138]
Event: 26.425 Thread 0x000001b17fc77550 10974       3       com.android.ide.common.symbols.SymbolIo$SymbolLineReader::readNextLine (47 bytes)
Event: 26.425 Thread 0x000001b17fc77550 nmethod 10974 0x000001b1045db310 code [0x000001b1045db4e0, 0x000001b1045db978]
Event: 26.425 Thread 0x000001b17fc77550 10975       3       com.android.ide.common.symbols.Symbol::<init> (5 bytes)
Event: 26.425 Thread 0x000001b17fc77550 nmethod 10975 0x000001b1045dba90 code [0x000001b1045dbc40, 0x000001b1045dbdf8]
Event: 26.425 Thread 0x000001b17fc77550 10976       3       com.android.ide.common.symbols.Symbol::<init> (5 bytes)
Event: 26.426 Thread 0x000001b17fc77550 nmethod 10976 0x000001b1045dbf10 code [0x000001b1045dc0a0, 0x000001b1045dc1f8]
Event: 26.426 Thread 0x000001b17fc77550 10977       3       com.android.ide.common.symbols.SymbolTable$FastBuilder::add (33 bytes)
Event: 26.427 Thread 0x000001b17fc77550 nmethod 10977 0x000001b1045dc290 code [0x000001b1045dc5a0, 0x000001b1045dd618]
Event: 26.427 Thread 0x000001b17fc77550 11002       3       com.android.ide.common.symbols.SymbolUtils::valueStringToInt (51 bytes)
Event: 26.428 Thread 0x000001b17fc77550 nmethod 11002 0x000001b1045ddd10 code [0x000001b1045ddfa0, 0x000001b1045de8e8]
Event: 26.428 Thread 0x000001b17fc77550 11003       3       com.google.common.collect.MapMakerInternalMap$StrongKeyDummyValueEntry$Helper::newEntry (16 bytes)
Event: 26.429 Thread 0x000001b17fc77550 nmethod 11003 0x000001b1045ded10 code [0x000001b1045deec0, 0x000001b1045df1c8]
Event: 26.429 Thread 0x000001b17fc77550 10992       3       com.google.common.collect.MapMakerInternalMap$Segment::getFirst (21 bytes)
Event: 26.430 Thread 0x000001b17fc77550 nmethod 10992 0x000001b1045df290 code [0x000001b1045df520, 0x000001b1045e0188]
Event: 26.430 Thread 0x000001b17fc77550 11009       3       com.android.ide.common.symbols.Symbol$Companion::attributeSymbol (75 bytes)

GC Heap History (20 events):
Event: 20.733 GC heap after
{Heap after GC invocations=38 (full 0):
 garbage-first heap   total 122880K, used 74031K [0x0000000080000000, 0x0000000100000000)
  region size 1024K, 3 young (3072K), 3 survivors (3072K)
 Metaspace       used 80655K, committed 81216K, reserved 1122304K
  class space    used 10781K, committed 11008K, reserved 1048576K
}
Event: 21.439 GC heap before
{Heap before GC invocations=39 (full 0):
 garbage-first heap   total 130048K, used 100655K [0x0000000080000000, 0x0000000100000000)
  region size 1024K, 29 young (29696K), 3 survivors (3072K)
 Metaspace       used 83204K, committed 83776K, reserved 1122304K
  class space    used 11120K, committed 11392K, reserved 1048576K
}
Event: 21.447 GC heap after
{Heap after GC invocations=40 (full 0):
 garbage-first heap   total 130048K, used 76172K [0x0000000080000000, 0x0000000100000000)
  region size 1024K, 4 young (4096K), 4 survivors (4096K)
 Metaspace       used 83204K, committed 83776K, reserved 1122304K
  class space    used 11120K, committed 11392K, reserved 1048576K
}
Event: 21.801 GC heap before
{Heap before GC invocations=40 (full 0):
 garbage-first heap   total 130048K, used 106892K [0x0000000080000000, 0x0000000100000000)
  region size 1024K, 34 young (34816K), 4 survivors (4096K)
 Metaspace       used 83341K, committed 83904K, reserved 1122304K
  class space    used 11137K, committed 11392K, reserved 1048576K
}
Event: 21.814 GC heap after
{Heap after GC invocations=41 (full 0):
 garbage-first heap   total 130048K, used 81247K [0x0000000080000000, 0x0000000100000000)
  region size 1024K, 5 young (5120K), 5 survivors (5120K)
 Metaspace       used 83341K, committed 83904K, reserved 1122304K
  class space    used 11137K, committed 11392K, reserved 1048576K
}
Event: 22.610 GC heap before
{Heap before GC invocations=42 (full 0):
 garbage-first heap   total 147456K, used 103775K [0x0000000080000000, 0x0000000100000000)
  region size 1024K, 28 young (28672K), 5 survivors (5120K)
 Metaspace       used 84869K, committed 85504K, reserved 1122304K
  class space    used 11451K, committed 11776K, reserved 1048576K
}
Event: 22.623 GC heap after
{Heap after GC invocations=43 (full 0):
 garbage-first heap   total 147456K, used 85279K [0x0000000080000000, 0x0000000100000000)
  region size 1024K, 4 young (4096K), 4 survivors (4096K)
 Metaspace       used 84869K, committed 85504K, reserved 1122304K
  class space    used 11451K, committed 11776K, reserved 1048576K
}
Event: 22.848 GC heap before
{Heap before GC invocations=43 (full 0):
 garbage-first heap   total 147456K, used 88351K [0x0000000080000000, 0x0000000100000000)
  region size 1024K, 7 young (7168K), 4 survivors (4096K)
 Metaspace       used 85000K, committed 85632K, reserved 1130496K
  class space    used 11455K, committed 11776K, reserved 1048576K
}
Event: 22.856 GC heap after
{Heap after GC invocations=44 (full 0):
 garbage-first heap   total 177152K, used 85440K [0x0000000080000000, 0x0000000100000000)
  region size 1024K, 1 young (1024K), 1 survivors (1024K)
 Metaspace       used 85000K, committed 85632K, reserved 1130496K
  class space    used 11455K, committed 11776K, reserved 1048576K
}
Event: 23.656 GC heap before
{Heap before GC invocations=44 (full 0):
 garbage-first heap   total 177152K, used 137664K [0x0000000080000000, 0x0000000100000000)
  region size 1024K, 53 young (54272K), 1 survivors (1024K)
 Metaspace       used 85791K, committed 86400K, reserved 1130496K
  class space    used 11596K, committed 11904K, reserved 1048576K
}
Event: 23.670 GC heap after
{Heap after GC invocations=45 (full 0):
 garbage-first heap   total 177152K, used 91151K [0x0000000080000000, 0x0000000100000000)
  region size 1024K, 7 young (7168K), 7 survivors (7168K)
 Metaspace       used 85791K, committed 86400K, reserved 1130496K
  class space    used 11596K, committed 11904K, reserved 1048576K
}
Event: 24.767 GC heap before
{Heap before GC invocations=46 (full 0):
 garbage-first heap   total 177152K, used 141327K [0x0000000080000000, 0x0000000100000000)
  region size 1024K, 55 young (56320K), 7 survivors (7168K)
 Metaspace       used 87558K, committed 88128K, reserved 1130496K
  class space    used 11763K, committed 12032K, reserved 1048576K
}
Event: 24.782 GC heap after
{Heap after GC invocations=47 (full 0):
 garbage-first heap   total 177152K, used 102916K [0x0000000080000000, 0x0000000100000000)
  region size 1024K, 7 young (7168K), 7 survivors (7168K)
 Metaspace       used 87558K, committed 88128K, reserved 1130496K
  class space    used 11763K, committed 12032K, reserved 1048576K
}
Event: 24.794 GC heap before
{Heap before GC invocations=47 (full 0):
 garbage-first heap   total 177152K, used 103940K [0x0000000080000000, 0x0000000100000000)
  region size 1024K, 8 young (8192K), 7 survivors (7168K)
 Metaspace       used 87559K, committed 88128K, reserved 1130496K
  class space    used 11763K, committed 12032K, reserved 1048576K
}
Event: 24.800 GC heap after
{Heap after GC invocations=48 (full 0):
 garbage-first heap   total 177152K, used 104053K [0x0000000080000000, 0x0000000100000000)
  region size 1024K, 1 young (1024K), 1 survivors (1024K)
 Metaspace       used 87559K, committed 88128K, reserved 1130496K
  class space    used 11763K, committed 12032K, reserved 1048576K
}
Event: 25.549 GC heap before
{Heap before GC invocations=48 (full 0):
 garbage-first heap   total 177152K, used 136821K [0x0000000080000000, 0x0000000100000000)
  region size 1024K, 34 young (34816K), 1 survivors (1024K)
 Metaspace       used 88097K, committed 88704K, reserved 1130496K
  class space    used 11819K, committed 12096K, reserved 1048576K
}
Event: 25.572 GC heap after
{Heap after GC invocations=49 (full 0):
 garbage-first heap   total 177152K, used 116465K [0x0000000080000000, 0x0000000100000000)
  region size 1024K, 5 young (5120K), 5 survivors (5120K)
 Metaspace       used 88097K, committed 88704K, reserved 1130496K
  class space    used 11819K, committed 12096K, reserved 1048576K
}
Event: 26.265 GC heap before
{Heap before GC invocations=50 (full 0):
 garbage-first heap   total 222208K, used 151281K [0x0000000080000000, 0x0000000100000000)
  region size 1024K, 23 young (23552K), 5 survivors (5120K)
 Metaspace       used 89755K, committed 90432K, reserved 1130496K
  class space    used 12021K, committed 12352K, reserved 1048576K
}
Event: 26.278 GC heap after
{Heap after GC invocations=51 (full 0):
 garbage-first heap   total 222208K, used 117691K [0x0000000080000000, 0x0000000100000000)
  region size 1024K, 1 young (1024K), 1 survivors (1024K)
 Metaspace       used 89755K, committed 90432K, reserved 1130496K
  class space    used 12021K, committed 12352K, reserved 1048576K
}
Event: 26.433 GC heap before
{Heap before GC invocations=51 (full 0):
 garbage-first heap   total 222208K, used 125883K [0x0000000080000000, 0x0000000100000000)
  region size 1024K, 10 young (10240K), 1 survivors (1024K)
 Metaspace       used 90121K, committed 90752K, reserved 1130496K
  class space    used 12059K, committed 12352K, reserved 1048576K
}

Dll operation events (2 events):
Event: 0.012 Loaded shared library C:\Program Files\Android\Android Studio1\jbr\bin\java.dll
Event: 0.806 Loaded shared library C:\Program Files\Android\Android Studio1\jbr\bin\verify.dll

Deoptimization events (20 events):
Event: 26.126 Thread 0x000001b122e76190 Uncommon trap: trap_request=0xffffff76 fr.pc=0x000001b10b44ef34 relative=0x0000000000000194
Event: 26.126 Thread 0x000001b122e76190 Uncommon trap: reason=predicate action=maybe_recompile pc=0x000001b10b44ef34 method=java.util.Collections.indexedBinarySearch(Ljava/util/List;Ljava/lang/Object;)I @ 13 c2
Event: 26.126 Thread 0x000001b122e76190 DEOPT PACKING pc=0x000001b10b44ef34 sp=0x00000006d67fe7f0
Event: 26.126 Thread 0x000001b122e76190 DEOPT UNPACKING pc=0x000001b10a9869a3 sp=0x00000006d67fe780 mode 2
Event: 26.126 Thread 0x000001b122e76190 Uncommon trap: trap_request=0xffffff45 fr.pc=0x000001b10b13d708 relative=0x0000000000000188
Event: 26.126 Thread 0x000001b122e76190 Uncommon trap: reason=unstable_if action=reinterpret pc=0x000001b10b13d708 method=org.gradle.internal.io.StreamByteBuffer.prepareRead()I @ 30 c2
Event: 26.126 Thread 0x000001b122e76190 DEOPT PACKING pc=0x000001b10b13d708 sp=0x00000006d67fe700
Event: 26.126 Thread 0x000001b122e76190 DEOPT UNPACKING pc=0x000001b10a9869a3 sp=0x00000006d67fe6b8 mode 2
Event: 26.216 Thread 0x000001b122e757f0 Uncommon trap: trap_request=0xffffffc6 fr.pc=0x000001b10b21355c relative=0x000000000000037c
Event: 26.216 Thread 0x000001b122e757f0 Uncommon trap: reason=bimorphic_or_optimized_type_check action=maybe_recompile pc=0x000001b10b21355c method=org.gradle.internal.snapshot.SnapshotUtil$1.handleAsDescendantOfChild(Lorg/gradle/internal/snapshot/VfsRelativePath;Lorg/gradle/internal/snapshot/F
Event: 26.216 Thread 0x000001b122e757f0 DEOPT PACKING pc=0x000001b10b21355c sp=0x00000006d62fb740
Event: 26.216 Thread 0x000001b122e757f0 DEOPT UNPACKING pc=0x000001b10a9869a3 sp=0x00000006d62fb658 mode 2
Event: 26.349 Thread 0x000001b118687ae0 Uncommon trap: trap_request=0xffffff45 fr.pc=0x000001b10af220e4 relative=0x0000000000000324
Event: 26.349 Thread 0x000001b118687ae0 Uncommon trap: reason=unstable_if action=reinterpret pc=0x000001b10af220e4 method=java.util.concurrent.ConcurrentHashMap.addCount(JI)V @ 97 c2
Event: 26.349 Thread 0x000001b118687ae0 DEOPT PACKING pc=0x000001b10af220e4 sp=0x00000006d10fe440
Event: 26.349 Thread 0x000001b118687ae0 DEOPT UNPACKING pc=0x000001b10a9869a3 sp=0x00000006d10fe380 mode 2
Event: 26.404 Thread 0x000001b118a6a600 Uncommon trap: trap_request=0xffffff45 fr.pc=0x000001b10af50d50 relative=0x0000000000000d50
Event: 26.404 Thread 0x000001b118a6a600 Uncommon trap: reason=unstable_if action=reinterpret pc=0x000001b10af50d50 method=java.io.BufferedReader.readLine(Z[Z)Ljava/lang/String; @ 209 c2
Event: 26.404 Thread 0x000001b118a6a600 DEOPT PACKING pc=0x000001b10af50d50 sp=0x00000006d6afd8f0
Event: 26.404 Thread 0x000001b118a6a600 DEOPT UNPACKING pc=0x000001b10a9869a3 sp=0x00000006d6afd890 mode 2

Classes unloaded (7 events):
Event: 25.750 Thread 0x000001b17f3edfc0 Unloading class 0x0000000100b85c00 'java/lang/invoke/LambdaForm$DMH+0x0000000100b85c00'
Event: 25.750 Thread 0x000001b17f3edfc0 Unloading class 0x0000000100b85800 'java/lang/invoke/LambdaForm$DMH+0x0000000100b85800'
Event: 25.750 Thread 0x000001b17f3edfc0 Unloading class 0x0000000100b85400 'java/lang/invoke/LambdaForm$DMH+0x0000000100b85400'
Event: 25.750 Thread 0x000001b17f3edfc0 Unloading class 0x0000000100b85000 'java/lang/invoke/LambdaForm$DMH+0x0000000100b85000'
Event: 25.750 Thread 0x000001b17f3edfc0 Unloading class 0x0000000100b84c00 'java/lang/invoke/LambdaForm$DMH+0x0000000100b84c00'
Event: 25.750 Thread 0x000001b17f3edfc0 Unloading class 0x0000000100b84800 'java/lang/invoke/LambdaForm$DMH+0x0000000100b84800'
Event: 25.750 Thread 0x000001b17f3edfc0 Unloading class 0x0000000100b84400 'java/lang/invoke/LambdaForm$DMH+0x0000000100b84400'

Classes redefined (0 events):
No events

Internal exceptions (20 events):
Event: 22.325 Thread 0x000001b118f39320 Exception <a 'java/lang/NoSuchMethodError'{0x0000000087e2b970}: 'void java.lang.invoke.DirectMethodHandle$Holder.invokeStatic(java.lang.Object, java.lang.Object, java.lang.Object, int)'> (0x0000000087e2b970) 
thrown [s\src\hotspot\share\interpreter\linkResolver.cpp, line 771]
Event: 22.394 Thread 0x000001b118f39320 Exception <a 'java/lang/IncompatibleClassChangeError'{0x0000000087d383b8}: Found class java.lang.Object, but interface was expected> (0x0000000087d383b8) 
thrown [s\src\hotspot\share\interpreter\linkResolver.cpp, line 838]
Event: 22.402 Thread 0x000001b118f39320 Exception <a 'java/lang/IncompatibleClassChangeError'{0x0000000087d53780}: Found class java.lang.Object, but interface was expected> (0x0000000087d53780) 
thrown [s\src\hotspot\share\interpreter\linkResolver.cpp, line 838]
Event: 22.466 Thread 0x000001b118f39320 Exception <a 'java/lang/NoSuchMethodError'{0x0000000087b05f88}: 'int java.lang.invoke.DirectMethodHandle$Holder.invokeStaticInit(java.lang.Object, java.lang.Object, java.lang.Object, java.lang.Object, java.lang.Object)'> (0x0000000087b05f88) 
thrown [s\src\hotspot\share\interpreter\linkResolver.cpp, line 771]
Event: 22.967 Thread 0x000001b118f39320 Exception <a 'java/lang/NoSuchMethodError'{0x000000008d09f000}: 'void java.lang.invoke.DirectMethodHandle$Holder.invokeStatic(java.lang.Object, java.lang.Object, java.lang.Object, java.lang.Object, int, java.lang.Object, java.lang.Object)'> (0x000000008d09f000) 
thrown [s\src\hotspot\share\interpreter\linkResolver.cpp, line 771]
Event: 23.015 Thread 0x000001b11868b4a0 Exception <a 'java/lang/NoSuchMethodError'{0x000000008a2d0568}: 'java.lang.Object java.lang.invoke.DirectMethodHandle$Holder.invokeSpecialIFC(java.lang.Object, java.lang.Object, java.lang.Object)'> (0x000000008a2d0568) 
thrown [s\src\hotspot\share\interpreter\linkResolver.cpp, line 771]
Event: 23.015 Thread 0x000001b11bdd9a50 Exception <a 'java/lang/NoSuchMethodError'{0x000000008a1416e0}: 'java.lang.Object java.lang.invoke.DirectMethodHandle$Holder.invokeSpecialIFC(java.lang.Object, java.lang.Object, java.lang.Object)'> (0x000000008a1416e0) 
thrown [s\src\hotspot\share\interpreter\linkResolver.cpp, line 771]
Event: 23.015 Thread 0x000001b11bddca70 Exception <a 'java/lang/NoSuchMethodError'{0x000000008a119938}: 'java.lang.Object java.lang.invoke.DirectMethodHandle$Holder.invokeSpecialIFC(java.lang.Object, java.lang.Object, java.lang.Object)'> (0x000000008a119938) 
thrown [s\src\hotspot\share\interpreter\linkResolver.cpp, line 771]
Event: 23.015 Thread 0x000001b11e2537d0 Exception <a 'java/lang/NoSuchMethodError'{0x000000008a108758}: 'java.lang.Object java.lang.invoke.DirectMethodHandle$Holder.invokeSpecialIFC(java.lang.Object, java.lang.Object, java.lang.Object)'> (0x000000008a108758) 
thrown [s\src\hotspot\share\interpreter\linkResolver.cpp, line 771]
Event: 23.015 Thread 0x000001b118f39320 Exception <a 'java/lang/NoSuchMethodError'{0x000000008ce5cb40}: 'java.lang.Object java.lang.invoke.DirectMethodHandle$Holder.invokeSpecialIFC(java.lang.Object, java.lang.Object, java.lang.Object)'> (0x000000008ce5cb40) 
thrown [s\src\hotspot\share\interpreter\linkResolver.cpp, line 771]
Event: 23.016 Thread 0x000001b11bddc5a0 Exception <a 'java/lang/NoSuchMethodError'{0x000000008a2f6830}: 'java.lang.Object java.lang.invoke.DirectMethodHandle$Holder.invokeSpecialIFC(java.lang.Object, java.lang.Object, java.lang.Object)'> (0x000000008a2f6830) 
thrown [s\src\hotspot\share\interpreter\linkResolver.cpp, line 771]
Event: 23.016 Thread 0x000001b11bdd90b0 Exception <a 'java/lang/NoSuchMethodError'{0x000000008a154be8}: 'java.lang.Object java.lang.invoke.DirectMethodHandle$Holder.invokeSpecialIFC(java.lang.Object, java.lang.Object, java.lang.Object)'> (0x000000008a154be8) 
thrown [s\src\hotspot\share\interpreter\linkResolver.cpp, line 771]
Event: 23.016 Thread 0x000001b11bddd8e0 Exception <a 'java/lang/NoSuchMethodError'{0x000000008a12e418}: 'java.lang.Object java.lang.invoke.DirectMethodHandle$Holder.invokeSpecialIFC(java.lang.Object, java.lang.Object, java.lang.Object)'> (0x000000008a12e418) 
thrown [s\src\hotspot\share\interpreter\linkResolver.cpp, line 771]
Event: 23.151 Thread 0x000001b11bddc5a0 Exception <a 'java/lang/NoSuchMethodError'{0x0000000089a216b8}: 'void java.lang.invoke.DirectMethodHandle$Holder.invokeVirtual(java.lang.Object, java.lang.Object)'> (0x0000000089a216b8) 
thrown [s\src\hotspot\share\interpreter\linkResolver.cpp, line 771]
Event: 24.595 Thread 0x000001b118f39320 Implicit null exception at 0x000001b10b094a64 to 0x000001b10b094c44
Event: 25.912 Thread 0x000001b118f39320 Exception <a 'java/lang/NoSuchMethodError'{0x000000008d7ba2f8}: static Ljava/lang/Object;.<clinit>()V> (0x000000008d7ba2f8) 
thrown [s\src\hotspot\share\prims\jni.cpp, line 1108]
Event: 25.924 Thread 0x000001b118f39320 Exception <a 'java/lang/NoSuchMethodError'{0x000000008d634410}: static [Ljava/lang/Object;.<clinit>()V> (0x000000008d634410) 
thrown [s\src\hotspot\share\prims\jni.cpp, line 1108]
Event: 25.928 Thread 0x000001b118f39320 Exception <a 'java/lang/NoSuchMethodError'{0x000000008d664650}: static Lkotlin/InitializedLazyImpl;.<clinit>()V> (0x000000008d664650) 
thrown [s\src\hotspot\share\prims\jni.cpp, line 1108]
Event: 26.055 Thread 0x000001b122e744b0 Exception <a 'sun/nio/fs/WindowsException'{0x000000008cfeb5e8}> (0x000000008cfeb5e8) 
thrown [s\src\hotspot\share\prims\jni.cpp, line 517]
Event: 26.105 Thread 0x000001b122e744b0 Exception <a 'java/lang/NoSuchMethodError'{0x000000008cd20aa0}: 'void java.lang.invoke.DirectMethodHandle$Holder.invokeStatic(java.lang.Object, java.lang.Object, java.lang.Object, java.lang.Object, java.lang.Object, java.lang.Object, java.lang.Object)'> (0x000000008cd20aa0) 
thrown [s\src\hotspot\share\interpreter\linkResolver.cpp, line 771]

VM Operations (20 events):
Event: 25.038 Executing VM operation: HandshakeAllThreads done
Event: 25.469 Executing VM operation: ICBufferFull
Event: 25.469 Executing VM operation: ICBufferFull done
Event: 25.548 Executing VM operation: G1CollectForAllocation
Event: 25.574 Executing VM operation: G1CollectForAllocation done
Event: 25.749 Executing VM operation: G1Concurrent
Event: 25.766 Executing VM operation: G1Concurrent done
Event: 25.854 Executing VM operation: G1Concurrent
Event: 25.854 Executing VM operation: G1Concurrent done
Event: 25.933 Executing VM operation: HandshakeAllThreads
Event: 25.934 Executing VM operation: HandshakeAllThreads done
Event: 26.117 Executing VM operation: HandshakeAllThreads
Event: 26.117 Executing VM operation: HandshakeAllThreads done
Event: 26.119 Executing VM operation: HandshakeAllThreads
Event: 26.119 Executing VM operation: HandshakeAllThreads done
Event: 26.162 Executing VM operation: HandshakeAllThreads
Event: 26.162 Executing VM operation: HandshakeAllThreads done
Event: 26.262 Executing VM operation: G1CollectForAllocation
Event: 26.281 Executing VM operation: G1CollectForAllocation done
Event: 26.432 Executing VM operation: G1CollectForAllocation

Events (20 events):
Event: 25.145 loading class java/nio/file/Files$2
Event: 25.145 loading class java/nio/file/Files$2 done
Event: 25.937 Thread 0x000001b118a6a600 Thread added: 0x000001b118a6a600
Event: 25.958 loading class java/time/Instant$1
Event: 25.958 loading class java/time/Instant$1 done
Event: 26.053 loading class java/nio/file/StandardCopyOption
Event: 26.053 loading class java/nio/file/StandardCopyOption done
Event: 26.053 loading class sun/nio/fs/WindowsFileCopy
Event: 26.054 loading class sun/nio/fs/WindowsFileCopy done
Event: 26.080 loading class java/nio/charset/UnsupportedCharsetException
Event: 26.081 loading class java/nio/charset/UnsupportedCharsetException done
Event: 26.192 Thread 0x000001b11fb2a5e0 Thread added: 0x000001b11fb2a5e0
Event: 26.212 loading class java/util/zip/ZipInputStream
Event: 26.213 loading class java/util/zip/ZipInputStream done
Event: 26.216 loading class java/nio/file/FileChannelLinesSpliterator
Event: 26.216 loading class java/nio/file/FileChannelLinesSpliterator done
Event: 26.235 loading class java/util/stream/Streams$1
Event: 26.235 loading class java/util/stream/Streams$1 done
Event: 26.278 loading class java/nio/file/FileChannelLinesSpliterator$1
Event: 26.278 loading class java/nio/file/FileChannelLinesSpliterator$1 done


Dynamic libraries:
0x00007ff7d33b0000 - 0x00007ff7d33ba000 	C:\Program Files\Android\Android Studio1\jbr\bin\java.exe
0x00007ffc86bb0000 - 0x00007ffc86da8000 	C:\WINDOWS\SYSTEM32\ntdll.dll
0x00007ffc85830000 - 0x00007ffc858ef000 	C:\WINDOWS\System32\KERNEL32.DLL
0x00007ffc846f0000 - 0x00007ffc849e6000 	C:\WINDOWS\System32\KERNELBASE.dll
0x00007ffc84580000 - 0x00007ffc84680000 	C:\WINDOWS\System32\ucrtbase.dll
0x00007ffc7dae0000 - 0x00007ffc7dafb000 	C:\Program Files\Android\Android Studio1\jbr\bin\VCRUNTIME140.dll
0x00007ffc734e0000 - 0x00007ffc734f7000 	C:\Program Files\Android\Android Studio1\jbr\bin\jli.dll
0x00007ffc86230000 - 0x00007ffc863cd000 	C:\WINDOWS\System32\USER32.dll
0x00007ffc843b0000 - 0x00007ffc843d2000 	C:\WINDOWS\System32\win32u.dll
0x00007ffc6af80000 - 0x00007ffc6b21a000 	C:\WINDOWS\WinSxS\amd64_microsoft.windows.common-controls_6595b64144ccf1df_6.0.19041.1110_none_60b5254171f9507e\COMCTL32.dll
0x00007ffc86730000 - 0x00007ffc8675c000 	C:\WINDOWS\System32\GDI32.dll
0x00007ffc867d0000 - 0x00007ffc8686e000 	C:\WINDOWS\System32\msvcrt.dll
0x00007ffc84290000 - 0x00007ffc843a5000 	C:\WINDOWS\System32\gdi32full.dll
0x00007ffc843e0000 - 0x00007ffc8447d000 	C:\WINDOWS\System32\msvcp_win.dll
0x00007ffc85b80000 - 0x00007ffc85bb0000 	C:\WINDOWS\System32\IMM32.DLL
0x00007ffc7db20000 - 0x00007ffc7db2c000 	C:\Program Files\Android\Android Studio1\jbr\bin\vcruntime140_1.dll
0x00007ffc52460000 - 0x00007ffc524ed000 	C:\Program Files\Android\Android Studio1\jbr\bin\msvcp140.dll
0x00007ffc17e90000 - 0x00007ffc18afd000 	C:\Program Files\Android\Android Studio1\jbr\bin\server\jvm.dll
0x00007ffc858f0000 - 0x00007ffc8599f000 	C:\WINDOWS\System32\ADVAPI32.dll
0x00007ffc85a50000 - 0x00007ffc85aec000 	C:\WINDOWS\System32\sechost.dll
0x00007ffc860f0000 - 0x00007ffc86216000 	C:\WINDOWS\System32\RPCRT4.dll
0x00007ffc6fcc0000 - 0x00007ffc6fcc9000 	C:\WINDOWS\SYSTEM32\WSOCK32.dll
0x00007ffc71710000 - 0x00007ffc71737000 	C:\WINDOWS\SYSTEM32\WINMM.dll
0x00007ffc7d850000 - 0x00007ffc7d85a000 	C:\WINDOWS\SYSTEM32\VERSION.dll
0x00007ffc85af0000 - 0x00007ffc85b5b000 	C:\WINDOWS\System32\WS2_32.dll
0x00007ffc82a90000 - 0x00007ffc82aa2000 	C:\WINDOWS\SYSTEM32\kernel.appcore.dll
0x00007ffc733f0000 - 0x00007ffc733fa000 	C:\Program Files\Android\Android Studio1\jbr\bin\jimage.dll
0x00007ffc82010000 - 0x00007ffc821f4000 	C:\WINDOWS\SYSTEM32\DBGHELP.DLL
0x00007ffc74670000 - 0x00007ffc746a4000 	C:\WINDOWS\SYSTEM32\dbgcore.DLL
0x00007ffc849f0000 - 0x00007ffc84a72000 	C:\WINDOWS\System32\bcryptPrimitives.dll
0x00007ffc46fe0000 - 0x00007ffc47005000 	C:\Program Files\Android\Android Studio1\jbr\bin\java.dll
0x00007ffc730f0000 - 0x00007ffc73108000 	C:\Program Files\Android\Android Studio1\jbr\bin\zip.dll
0x00007ffc84dd0000 - 0x00007ffc85514000 	C:\WINDOWS\System32\SHELL32.dll
0x00007ffc822e0000 - 0x00007ffc82a74000 	C:\WINDOWS\SYSTEM32\windows.storage.dll
0x00007ffc863d0000 - 0x00007ffc86724000 	C:\WINDOWS\System32\combase.dll
0x00007ffc83cd0000 - 0x00007ffc83cfe000 	C:\WINDOWS\SYSTEM32\Wldp.dll
0x00007ffc859a0000 - 0x00007ffc85a4d000 	C:\WINDOWS\System32\SHCORE.dll
0x00007ffc86770000 - 0x00007ffc867c5000 	C:\WINDOWS\System32\shlwapi.dll
0x00007ffc841c0000 - 0x00007ffc841e5000 	C:\WINDOWS\SYSTEM32\profapi.dll
0x00007ffc5dfe0000 - 0x00007ffc5dff9000 	C:\Program Files\Android\Android Studio1\jbr\bin\net.dll
0x00007ffc7ab70000 - 0x00007ffc7ac7a000 	C:\WINDOWS\SYSTEM32\WINHTTP.dll
0x00007ffc839e0000 - 0x00007ffc83a4a000 	C:\WINDOWS\system32\mswsock.dll
0x00007ffc5ce50000 - 0x00007ffc5ce66000 	C:\Program Files\Android\Android Studio1\jbr\bin\nio.dll
0x00007ffc6d5b0000 - 0x00007ffc6d5c0000 	C:\Program Files\Android\Android Studio1\jbr\bin\verify.dll
0x00007ffc6d2f0000 - 0x00007ffc6d317000 	C:\Users\Filipe Guia\.gradle\native\e1d6ef7f7dcc3fd88c89a11ec53ec762bb8ba0a96d01ffa2cd45eb1d1d8dd5c5\windows-amd64\native-platform.dll
0x00007ffc3d8d0000 - 0x00007ffc3da14000 	C:\Users\Filipe Guia\.gradle\native\5664cfc778a61ccfe75a443a1ab52a65af34e5dc3c78e0209fed803814484fcb\windows-amd64\native-platform-file-events.dll
0x00007ffc73390000 - 0x00007ffc73399000 	C:\Program Files\Android\Android Studio1\jbr\bin\management.dll
0x00007ffc71450000 - 0x00007ffc7145b000 	C:\Program Files\Android\Android Studio1\jbr\bin\management_ext.dll
0x00007ffc855d0000 - 0x00007ffc855d8000 	C:\WINDOWS\System32\PSAPI.DLL
0x00007ffc83ba0000 - 0x00007ffc83bb8000 	C:\WINDOWS\SYSTEM32\CRYPTSP.dll
0x00007ffc832a0000 - 0x00007ffc832d4000 	C:\WINDOWS\system32\rsaenh.dll
0x00007ffc84be0000 - 0x00007ffc84c07000 	C:\WINDOWS\System32\bcrypt.dll
0x00007ffc84180000 - 0x00007ffc841ae000 	C:\WINDOWS\SYSTEM32\USERENV.dll
0x00007ffc83b90000 - 0x00007ffc83b9c000 	C:\WINDOWS\SYSTEM32\CRYPTBASE.dll
0x00007ffc83690000 - 0x00007ffc836cc000 	C:\WINDOWS\SYSTEM32\IPHLPAPI.DLL
0x00007ffc86760000 - 0x00007ffc86768000 	C:\WINDOWS\System32\NSI.dll
0x00007ffc7c4f0000 - 0x00007ffc7c507000 	C:\WINDOWS\SYSTEM32\dhcpcsvc6.DLL
0x00007ffc7c4d0000 - 0x00007ffc7c4ed000 	C:\WINDOWS\SYSTEM32\dhcpcsvc.DLL
0x00007ffc836e0000 - 0x00007ffc837aa000 	C:\WINDOWS\SYSTEM32\DNSAPI.dll
0x00007ffc6d580000 - 0x00007ffc6d587000 	C:\WINDOWS\system32\wshunix.dll
0x00007ffc833c0000 - 0x00007ffc833f3000 	C:\WINDOWS\SYSTEM32\ntmarta.dll

dbghelp: loaded successfully - version: 4.0.5 - missing functions: none
symbol engine: initialized successfully - sym options: 0x614 - pdb path: .;C:\Program Files\Android\Android Studio1\jbr\bin;C:\WINDOWS\SYSTEM32;C:\WINDOWS\WinSxS\amd64_microsoft.windows.common-controls_6595b64144ccf1df_6.0.19041.1110_none_60b5254171f9507e;C:\Program Files\Android\Android Studio1\jbr\bin\server;C:\Users\Filipe Guia\.gradle\native\e1d6ef7f7dcc3fd88c89a11ec53ec762bb8ba0a96d01ffa2cd45eb1d1d8dd5c5\windows-amd64;C:\Users\Filipe Guia\.gradle\native\5664cfc778a61ccfe75a443a1ab52a65af34e5dc3c78e0209fed803814484fcb\windows-amd64

VM Arguments:
jvm_args: --add-opens=java.base/java.util=ALL-UNNAMED --add-opens=java.base/java.lang=ALL-UNNAMED --add-opens=java.base/java.lang.invoke=ALL-UNNAMED --add-opens=java.base/java.util=ALL-UNNAMED --add-opens=java.prefs/java.util.prefs=ALL-UNNAMED --add-opens=java.prefs/java.util.prefs=ALL-UNNAMED --add-opens=java.base/java.nio.charset=ALL-UNNAMED --add-opens=java.base/java.net=ALL-UNNAMED --add-opens=java.base/java.util.concurrent.atomic=ALL-UNNAMED -Xmx2048m -Dfile.encoding=UTF-8 -Duser.country=PT -Duser.language=pt -Duser.variant 
java_command: org.gradle.launcher.daemon.bootstrap.GradleDaemon 7.2
java_class_path (initial): C:\Users\Filipe Guia\.gradle\wrapper\dists\gradle-7.2-bin\2dnblmf4td7x66yl1d74lt32g\gradle-7.2\lib\gradle-launcher-7.2.jar
Launcher Type: SUN_STANDARD

[Global flags]
     intx CICompilerCount                          = 4                                         {product} {ergonomic}
     uint ConcGCThreads                            = 2                                         {product} {ergonomic}
     uint G1ConcRefinementThreads                  = 8                                         {product} {ergonomic}
   size_t G1HeapRegionSize                         = 1048576                                   {product} {ergonomic}
    uintx GCDrainStackTargetSize                   = 64                                        {product} {ergonomic}
   size_t InitialHeapSize                          = 266338304                                 {product} {ergonomic}
   size_t MarkStackSize                            = 4194304                                   {product} {ergonomic}
   size_t MaxHeapSize                              = 2147483648                                {product} {command line}
   size_t MaxNewSize                               = 1287651328                                {product} {ergonomic}
   size_t MinHeapDeltaBytes                        = 1048576                                   {product} {ergonomic}
   size_t MinHeapSize                              = 8388608                                   {product} {ergonomic}
    uintx NonNMethodCodeHeapSize                   = 5839372                                {pd product} {ergonomic}
    uintx NonProfiledCodeHeapSize                  = 122909434                              {pd product} {ergonomic}
    uintx ProfiledCodeHeapSize                     = 122909434                              {pd product} {ergonomic}
    uintx ReservedCodeCacheSize                    = 251658240                              {pd product} {ergonomic}
     bool SegmentedCodeCache                       = true                                      {product} {ergonomic}
   size_t SoftMaxHeapSize                          = 2147483648                             {manageable} {ergonomic}
     bool UseCompressedClassPointers               = true                           {product lp64_product} {ergonomic}
     bool UseCompressedOops                        = true                           {product lp64_product} {ergonomic}
     bool UseG1GC                                  = true                                      {product} {ergonomic}
     bool UseLargePagesIndividualAllocation        = false                                  {pd product} {ergonomic}

Logging:
Log output configuration:
 #0: stdout all=warning uptime,level,tags
 #1: stderr all=off uptime,level,tags

Environment Variables:
JAVA_HOME=C:\Program Files\Java\jdk-11.0.13
PATH=C:\Program Files\Common Files\Oracle\Java\javapath;C:\Program Files (x86)\Common Files\Oracle\Java\javapath;C:\WINDOWS\system32;C:\WINDOWS;C:\WINDOWS\System32\Wbem;C:\WINDOWS\System32\WindowsPowerShell\v1.0\;C:\WINDOWS\System32\OpenSSH\;C:\Program Files\PuTTY\;C:\Program Files\Java\jdk-16.0.2\bin;C:\Program Files\Git\cmd;C:\Program Files (x86)\NVIDIA Corporation\PhysX\Common;C:\Program Files\NVIDIA Corporation\NVIDIA NvDLISR;C:\Program Files\nodejs\;C:\src\flutter;C:\HashiCorp\Vagrant\bin;;C:\Program Files\Docker\Docker\resources\bin;C:\Users\Filipe Guia\AppData\Local\Programs\Python\Python310\Scripts\;C:\Users\Filipe Guia\AppData\Local\Programs\Python\Python310\;"C:\Users\Filipe Guia\AppData\Local\Microsoft\WindowsApps;C:\Android\Sdk\platform-tools";C:\Users\Filipe Guia\AppData\Local\GitHubDesktop\bin;C:\Users\Filipe Guia\AppData\Local\Programs\Microsoft VS Code\bin;C:\xampp\php;C:\sqlite;C:\Users\Filipe Guia\AppData\Local\Microsoft\WindowsApps;C:\Users\Filipe Guia\AppData\Roaming\npm;
USERNAME=Filipe Guia
OS=Windows_NT
PROCESSOR_IDENTIFIER=Intel64 Family 6 Model 158 Stepping 10, GenuineIntel
TMP=C:\Users\FILIPE~1\AppData\Local\Temp
TEMP=C:\Users\FILIPE~1\AppData\Local\Temp



---------------  S Y S T E M  ---------------

OS:
 Windows 10 , 64 bit Build 19041 (10.0.19041.3155)
OS uptime: 4 days 19:45 hours
Hyper-V role detected

CPU: total 8 (initial active 8) (4 cores per cpu, 2 threads per core) family 6 model 158 stepping 10 microcode 0xca, cx8, cmov, fxsr, ht, mmx, 3dnowpref, sse, sse2, sse3, ssse3, sse4.1, sse4.2, popcnt, lzcnt, tsc, tscinvbit, avx, avx2, aes, erms, clmul, bmi1, bmi2, adx, fma, vzeroupper, clflush, clflushopt, hv

Memory: 4k page, system-wide physical 16232M (3372M free)
TotalPageFile size 32232M (AvailPageFile size 23M)
current process WorkingSet (physical memory assigned to process): 453M, peak: 455M
current process commit charge ("private bytes"): 522M, peak: 561M

vm_info: OpenJDK 64-Bit Server VM (17.0.6+0-b2043.56-9586694) for windows-amd64 JRE (17.0.6+0-b2043.56-9586694), built on Feb  9 2023 20:06:20 by "androidbuild" with MS VC++ 16.10 / 16.11 (VS2019)

END.
