#
# There is insufficient memory for the Java Runtime Environment to continue.
# Native memory allocation (mmap) failed to map 94371840 bytes for G1 virtual space
# Possible reasons:
#   The system is out of physical RAM or swap space
#   The process is running with CompressedOops enabled, and the Java Heap may be blocking the growth of the native heap
# Possible solutions:
#   Reduce memory load on the system
#   Increase physical memory or swap space
#   Check if swap backing store is full
#   Decrease Java heap size (-Xmx/-Xms)
#   Decrease number of Java threads
#   Decrease Java thread stack sizes (-Xss)
#   Set larger code cache with -XX:ReservedCodeCacheSize=
#   JVM is running with Unscaled Compressed Oops mode in which the Java heap is
#     placed in the first 4GB address space. The Java Heap base address is the
#     maximum limit for the native heap growth. Please use -XX:HeapBaseMinAddress
#     to set the Java Heap base and to place the Java Heap above 4GB virtual address.
# This output file may be truncated or incomplete.
#
#  Out of Memory Error (os_windows.cpp:3769), pid=25116, tid=23444
#
# JRE version: OpenJDK Runtime Environment (17.0.6) (build 17.0.6+0-b2043.56-9586694)
# Java VM: OpenJDK 64-Bit Server VM (17.0.6+0-b2043.56-9586694, mixed mode, tiered, compressed oops, compressed class ptrs, g1 gc, windows-amd64)
# No core dump will be written. Minidumps are not enabled by default on client versions of Windows
#

---------------  S U M M A R Y ------------

Command Line: --add-opens=java.base/java.util=ALL-UNNAMED --add-opens=java.base/java.lang=ALL-UNNAMED --add-opens=java.base/java.lang.invoke=ALL-UNNAMED --add-opens=java.base/java.util=ALL-UNNAMED --add-opens=java.prefs/java.util.prefs=ALL-UNNAMED --add-opens=java.prefs/java.util.prefs=ALL-UNNAMED --add-opens=java.base/java.nio.charset=ALL-UNNAMED --add-opens=java.base/java.net=ALL-UNNAMED --add-opens=java.base/java.util.concurrent.atomic=ALL-UNNAMED -Xmx2048m -Dfile.encoding=UTF-8 -Duser.country=PT -Duser.language=pt -Duser.variant org.gradle.launcher.daemon.bootstrap.GradleDaemon 7.2

Host: Intel(R) Core(TM) i5-8300H CPU @ 2.30GHz, 8 cores, 15G,  Windows 10 , 64 bit Build 19041 (10.0.19041.3155)
Time: Fri Jul 21 23:43:41 2023 Hora de Verão de GMT elapsed time: 14.469336 seconds (0d 0h 0m 14s)

---------------  T H R E A D  ---------------

Current thread (0x000002adcfabe9e0):  VMThread "VM Thread" [stack: 0x000000cf3d800000,0x000000cf3d900000] [id=23444]

Stack: [0x000000cf3d800000,0x000000cf3d900000]
Native frames: (J=compiled Java code, j=interpreted, Vv=VM code, C=native code)
V  [jvm.dll+0x683b4a]
V  [jvm.dll+0x842654]
V  [jvm.dll+0x843dfe]
V  [jvm.dll+0x844463]
V  [jvm.dll+0x249b75]
V  [jvm.dll+0x680a19]
V  [jvm.dll+0x674f0a]
V  [jvm.dll+0x309acb]
V  [jvm.dll+0x310f86]
V  [jvm.dll+0x3608ee]
V  [jvm.dll+0x360b1f]
V  [jvm.dll+0x2dfbf8]
V  [jvm.dll+0x2ddec4]
V  [jvm.dll+0x2dd4cc]
V  [jvm.dll+0x321f3b]
V  [jvm.dll+0x84893b]
V  [jvm.dll+0x849674]
V  [jvm.dll+0x849b8d]
V  [jvm.dll+0x849f64]
V  [jvm.dll+0x84a030]
V  [jvm.dll+0x7f25fa]
V  [jvm.dll+0x682985]
C  [ucrtbase.dll+0x21bb2]
C  [KERNEL32.DLL+0x17614]
C  [ntdll.dll+0x526b1]

VM_Operation (0x000000cf3f1f8b80): G1CollectForAllocation, mode: safepoint, requested by thread 0x000002add2c4a4f0


---------------  P R O C E S S  ---------------

Threads class SMR info:
_java_thread_list=0x000002add8a41810, length=126, elements={
0x000002adb3c8a920, 0x000002add04092e0, 0x000002add040a060, 0x000002add04713b0,
0x000002add0473280, 0x000002add0475b50, 0x000002add0476410, 0x000002add047a5b0,
0x000002add047af60, 0x000002add0493c70, 0x000002add05f45c0, 0x000002add05f4ea0,
0x000002add2f136a0, 0x000002add1b3a950, 0x000002add1e99fa0, 0x000002add2bbeb50,
0x000002add287ffb0, 0x000002add3e9fe70, 0x000002add1f7ba30, 0x000002add2c4a4f0,
0x000002add3416680, 0x000002add3417020, 0x000002add3416b50, 0x000002add3415810,
0x000002add3415ce0, 0x000002add34161b0, 0x000002add3346b10, 0x000002add33457d0,
0x000002add3345ca0, 0x000002add3346fe0, 0x000002add3349190, 0x000002add3349660,
0x000002add3346170, 0x000002add3342c80, 0x000002add3344960, 0x000002add33474b0,
0x000002add3343af0, 0x000002add3347980, 0x000002add3343150, 0x000002add3347e50,
0x000002add3344e30, 0x000002add3348320, 0x000002add6a29000, 0x000002add6a28190,
0x000002add6a27cc0, 0x000002add6a299a0, 0x000002add6a277f0, 0x000002add6a26980,
0x000002add6a29e70, 0x000002add6a264b0, 0x000002add6a26e50, 0x000002add6a28660,
0x000002add5e42310, 0x000002add5e3fc90, 0x000002add5e40630, 0x000002add5e3dae0,
0x000002add5e43650, 0x000002add5e42cb0, 0x000002add5e43b20, 0x000002add5e427e0,
0x000002add5e3e950, 0x000002add5e43180, 0x000002add5e3dfb0, 0x000002add5e444c0,
0x000002add5e44990, 0x000002add5e414a0, 0x000002add5e3f2f0, 0x000002add5e41e40,
0x000002add5e40fd0, 0x000002add5e43ff0, 0x000002add5e3d140, 0x000002add5e3ee20,
0x000002add5e41970, 0x000002add5e3d610, 0x000002add5e3f7c0, 0x000002add5e40160,
0x000002add5e40b00, 0x000002add5e3e480, 0x000002add5e2da40, 0x000002add5e2fbf0,
0x000002add5e300c0, 0x000002add5e2d0a0, 0x000002add5e30a60, 0x000002add5e30590,
0x000002add5e2b890, 0x000002add5e30f30, 0x000002add5e2f250, 0x000002add5e31400,
0x000002add5e2d570, 0x000002add5e318d0, 0x000002add5e2df10, 0x000002add5e2a080,
0x000002add5e2b3c0, 0x000002add5e2e8b0, 0x000002add5e2c700, 0x000002add5e2a550,
0x000002add5e2aa20, 0x000002add5e2f720, 0x000002add5e2cbd0, 0x000002add5e2e3e0,
0x000002add5e2bd60, 0x000002add5e2ed80, 0x000002add5e2aef0, 0x000002add5e2c230,
0x000002add6a1eb00, 0x000002add6a1dc90, 0x000002add6a1fe40, 0x000002add6a1d2f0,
0x000002add6a1d7c0, 0x000002add6a1efd0, 0x000002add6a1f970, 0x000002add6a20310,
0x000002add6a207e0, 0x000002add6a20cb0, 0x000002add6a1e160, 0x000002add6a1e630,
0x000002add6a1f4a0, 0x000002add7db6440, 0x000002add7db0400, 0x000002add7db38f0,
0x000002add7db20e0, 0x000002add7db5100, 0x000002add7db2f50, 0x000002add7db08d0,
0x000002add7db6910, 0x000002add7db4760
}

Java Threads: ( => current thread )
  0x000002adb3c8a920 JavaThread "main" [_thread_blocked, id=17736, stack(0x000000cf3d200000,0x000000cf3d300000)]
  0x000002add04092e0 JavaThread "Reference Handler" daemon [_thread_blocked, id=30064, stack(0x000000cf3d900000,0x000000cf3da00000)]
  0x000002add040a060 JavaThread "Finalizer" daemon [_thread_blocked, id=17396, stack(0x000000cf3da00000,0x000000cf3db00000)]
  0x000002add04713b0 JavaThread "Signal Dispatcher" daemon [_thread_blocked, id=10820, stack(0x000000cf3db00000,0x000000cf3dc00000)]
  0x000002add0473280 JavaThread "Attach Listener" daemon [_thread_blocked, id=21168, stack(0x000000cf3dc00000,0x000000cf3dd00000)]
  0x000002add0475b50 JavaThread "Service Thread" daemon [_thread_blocked, id=25888, stack(0x000000cf3dd00000,0x000000cf3de00000)]
  0x000002add0476410 JavaThread "Monitor Deflation Thread" daemon [_thread_blocked, id=18616, stack(0x000000cf3de00000,0x000000cf3df00000)]
  0x000002add047a5b0 JavaThread "C2 CompilerThread0" daemon [_thread_blocked, id=3004, stack(0x000000cf3df00000,0x000000cf3e000000)]
  0x000002add047af60 JavaThread "C1 CompilerThread0" daemon [_thread_blocked, id=11360, stack(0x000000cf3e000000,0x000000cf3e100000)]
  0x000002add0493c70 JavaThread "Sweeper thread" daemon [_thread_blocked, id=21228, stack(0x000000cf3e100000,0x000000cf3e200000)]
  0x000002add05f45c0 JavaThread "Common-Cleaner" daemon [_thread_blocked, id=15024, stack(0x000000cf3e200000,0x000000cf3e300000)]
  0x000002add05f4ea0 JavaThread "Notification Thread" daemon [_thread_blocked, id=3148, stack(0x000000cf3e300000,0x000000cf3e400000)]
  0x000002add2f136a0 JavaThread "Daemon health stats" [_thread_blocked, id=7464, stack(0x000000cf3ec00000,0x000000cf3ed00000)]
  0x000002add1b3a950 JavaThread "Incoming local TCP Connector on port 61008" [_thread_in_native, id=21396, stack(0x000000cf3e500000,0x000000cf3e600000)]
  0x000002add1e99fa0 JavaThread "Daemon periodic checks" [_thread_blocked, id=12468, stack(0x000000cf3eb00000,0x000000cf3ec00000)]
  0x000002add2bbeb50 JavaThread "C2 CompilerThread1" daemon [_thread_blocked, id=25008, stack(0x000000cf3ed00000,0x000000cf3ee00000)]
  0x000002add287ffb0 JavaThread "Daemon" [_thread_blocked, id=13016, stack(0x000000cf3ee00000,0x000000cf3ef00000)]
  0x000002add3e9fe70 JavaThread "Handler for socket connection from /127.0.0.1:61008 to /127.0.0.1:61009" [_thread_in_native, id=15952, stack(0x000000cf3ef00000,0x000000cf3f000000)]
  0x000002add1f7ba30 JavaThread "Cancel handler" [_thread_blocked, id=20968, stack(0x000000cf3f000000,0x000000cf3f100000)]
  0x000002add2c4a4f0 JavaThread "Daemon worker" [_thread_blocked, id=19120, stack(0x000000cf3f100000,0x000000cf3f200000)]
  0x000002add3416680 JavaThread "Asynchronous log dispatcher for DefaultDaemonConnection: socket connection from /127.0.0.1:61008 to /127.0.0.1:61009" [_thread_blocked, id=8428, stack(0x000000cf3f200000,0x000000cf3f300000)]
  0x000002add3417020 JavaThread "Stdin handler" [_thread_blocked, id=10860, stack(0x000000cf3f300000,0x000000cf3f400000)]
  0x000002add3416b50 JavaThread "Daemon client event forwarder" [_thread_blocked, id=16272, stack(0x000000cf3f400000,0x000000cf3f500000)]
  0x000002add3415810 JavaThread "Cache worker for journal cache (C:\Users\Filipe Guia\.gradle\caches\journal-1)" [_thread_blocked, id=28312, stack(0x000000cf3f800000,0x000000cf3f900000)]
  0x000002add3415ce0 JavaThread "File lock request listener" [_thread_in_native, id=12936, stack(0x000000cf3f900000,0x000000cf3fa00000)]
  0x000002add34161b0 JavaThread "Cache worker for file hash cache (C:\Users\Filipe Guia\.gradle\caches\7.2\fileHashes)" [_thread_blocked, id=11776, stack(0x000000cf3fa00000,0x000000cf3fb00000)]
  0x000002add3346b10 JavaThread "Cache worker for file hash cache (C:\ProjetoAndroid\MoviesManager\.gradle\7.2\fileHashes)" [_thread_blocked, id=23316, stack(0x000000cf3fb00000,0x000000cf3fc00000)]
  0x000002add33457d0 JavaThread "File watcher server" daemon [_thread_in_native, id=7044, stack(0x000000cf3fd00000,0x000000cf3fe00000)]
  0x000002add3345ca0 JavaThread "File watcher consumer" daemon [_thread_blocked, id=19784, stack(0x000000cf3fe00000,0x000000cf3ff00000)]
  0x000002add3346fe0 JavaThread "jar transforms" [_thread_blocked, id=19640, stack(0x000000cf3ff00000,0x000000cf40000000)]
  0x000002add3349190 JavaThread "jar transforms Thread 2" [_thread_blocked, id=21508, stack(0x000000cf40000000,0x000000cf40100000)]
  0x000002add3349660 JavaThread "jar transforms Thread 3" [_thread_blocked, id=23324, stack(0x000000cf40100000,0x000000cf40200000)]
  0x000002add3346170 JavaThread "jar transforms Thread 4" [_thread_blocked, id=27788, stack(0x000000cf40200000,0x000000cf40300000)]
  0x000002add3342c80 JavaThread "jar transforms Thread 5" [_thread_blocked, id=17948, stack(0x000000cf40300000,0x000000cf40400000)]
  0x000002add3344960 JavaThread "jar transforms Thread 6" [_thread_blocked, id=5576, stack(0x000000cf40400000,0x000000cf40500000)]
  0x000002add33474b0 JavaThread "jar transforms Thread 7" [_thread_blocked, id=30328, stack(0x000000cf40500000,0x000000cf40600000)]
  0x000002add3343af0 JavaThread "jar transforms Thread 8" [_thread_blocked, id=6492, stack(0x000000cf40600000,0x000000cf40700000)]
  0x000002add3347980 JavaThread "Cache worker for checksums cache (C:\ProjetoAndroid\MoviesManager\.gradle\checksums)" [_thread_blocked, id=20872, stack(0x000000cf40700000,0x000000cf40800000)]
  0x000002add3343150 JavaThread "Cache worker for cache directory md-supplier (C:\Users\Filipe Guia\.gradle\caches\7.2\md-supplier)" [_thread_blocked, id=24268, stack(0x000000cf40800000,0x000000cf40900000)]
  0x000002add3347e50 JavaThread "Cache worker for cache directory md-rule (C:\Users\Filipe Guia\.gradle\caches\7.2\md-rule)" [_thread_blocked, id=19240, stack(0x000000cf40900000,0x000000cf40a00000)]
  0x000002add3344e30 JavaThread "Cache worker for execution history cache (C:\Users\Filipe Guia\.gradle\caches\7.2\executionHistory)" [_thread_blocked, id=16080, stack(0x000000cf3fc00000,0x000000cf3fd00000)]
  0x000002add3348320 JavaThread "Cache worker for file content cache (C:\Users\Filipe Guia\.gradle\caches\7.2\fileContent)" [_thread_blocked, id=976, stack(0x000000cf40b00000,0x000000cf40c00000)]
  0x000002add6a29000 JavaThread "Cache worker for dependencies-accessors (C:\ProjetoAndroid\MoviesManager\.gradle\7.2\dependencies-accessors)" [_thread_blocked, id=20052, stack(0x000000cf40c00000,0x000000cf40d00000)]
  0x000002add6a28190 JavaThread "Cache worker for Build Output Cleanup Cache (C:\ProjetoAndroid\MoviesManager\.gradle\buildOutputCleanup)" [_thread_blocked, id=29612, stack(0x000000cf40d00000,0x000000cf40e00000)]
  0x000002add6a27cc0 JavaThread "Unconstrained build operations" [_thread_blocked, id=21472, stack(0x000000cf40e00000,0x000000cf40f00000)]
  0x000002add6a299a0 JavaThread "Unconstrained build operations Thread 2" [_thread_blocked, id=7920, stack(0x000000cf40f00000,0x000000cf41000000)]
  0x000002add6a277f0 JavaThread "Unconstrained build operations Thread 3" [_thread_blocked, id=1328, stack(0x000000cf41000000,0x000000cf41100000)]
  0x000002add6a26980 JavaThread "Unconstrained build operations Thread 4" [_thread_blocked, id=25516, stack(0x000000cf41100000,0x000000cf41200000)]
  0x000002add6a29e70 JavaThread "Unconstrained build operations Thread 5" [_thread_blocked, id=23128, stack(0x000000cf41200000,0x000000cf41300000)]
  0x000002add6a264b0 JavaThread "Unconstrained build operations Thread 6" [_thread_blocked, id=21984, stack(0x000000cf41300000,0x000000cf41400000)]
  0x000002add6a26e50 JavaThread "Unconstrained build operations Thread 7" [_thread_blocked, id=16780, stack(0x000000cf41400000,0x000000cf41500000)]
  0x000002add6a28660 JavaThread "Unconstrained build operations Thread 8" [_thread_blocked, id=21360, stack(0x000000cf41500000,0x000000cf41600000)]
  0x000002add5e42310 JavaThread "Unconstrained build operations Thread 9" [_thread_blocked, id=15084, stack(0x000000cf41600000,0x000000cf41700000)]
  0x000002add5e3fc90 JavaThread "Unconstrained build operations Thread 10" [_thread_blocked, id=13500, stack(0x000000cf41700000,0x000000cf41800000)]
  0x000002add5e40630 JavaThread "Unconstrained build operations Thread 11" [_thread_blocked, id=18736, stack(0x000000cf41800000,0x000000cf41900000)]
  0x000002add5e3dae0 JavaThread "Unconstrained build operations Thread 12" [_thread_blocked, id=12160, stack(0x000000cf41900000,0x000000cf41a00000)]
  0x000002add5e43650 JavaThread "Unconstrained build operations Thread 13" [_thread_blocked, id=28828, stack(0x000000cf41a00000,0x000000cf41b00000)]
  0x000002add5e42cb0 JavaThread "Unconstrained build operations Thread 14" [_thread_blocked, id=5260, stack(0x000000cf41b00000,0x000000cf41c00000)]
  0x000002add5e43b20 JavaThread "Unconstrained build operations Thread 15" [_thread_blocked, id=15408, stack(0x000000cf41c00000,0x000000cf41d00000)]
  0x000002add5e427e0 JavaThread "Unconstrained build operations Thread 16" [_thread_blocked, id=28888, stack(0x000000cf41d00000,0x000000cf41e00000)]
  0x000002add5e3e950 JavaThread "Unconstrained build operations Thread 17" [_thread_blocked, id=4252, stack(0x000000cf41e00000,0x000000cf41f00000)]
  0x000002add5e43180 JavaThread "Unconstrained build operations Thread 18" [_thread_blocked, id=1608, stack(0x000000cf41f00000,0x000000cf42000000)]
  0x000002add5e3dfb0 JavaThread "Unconstrained build operations Thread 19" [_thread_blocked, id=6260, stack(0x000000cf42000000,0x000000cf42100000)]
  0x000002add5e444c0 JavaThread "Unconstrained build operations Thread 20" [_thread_blocked, id=8600, stack(0x000000cf42100000,0x000000cf42200000)]
  0x000002add5e44990 JavaThread "Unconstrained build operations Thread 21" [_thread_blocked, id=21276, stack(0x000000cf42200000,0x000000cf42300000)]
  0x000002add5e414a0 JavaThread "Unconstrained build operations Thread 22" [_thread_blocked, id=28492, stack(0x000000cf42300000,0x000000cf42400000)]
  0x000002add5e3f2f0 JavaThread "Unconstrained build operations Thread 23" [_thread_blocked, id=28784, stack(0x000000cf42400000,0x000000cf42500000)]
  0x000002add5e41e40 JavaThread "Unconstrained build operations Thread 24" [_thread_blocked, id=16392, stack(0x000000cf42500000,0x000000cf42600000)]
  0x000002add5e40fd0 JavaThread "Unconstrained build operations Thread 25" [_thread_blocked, id=21892, stack(0x000000cf42600000,0x000000cf42700000)]
  0x000002add5e43ff0 JavaThread "Unconstrained build operations Thread 26" [_thread_blocked, id=12748, stack(0x000000cf42700000,0x000000cf42800000)]
  0x000002add5e3d140 JavaThread "Unconstrained build operations Thread 27" [_thread_blocked, id=11512, stack(0x000000cf42800000,0x000000cf42900000)]
  0x000002add5e3ee20 JavaThread "Unconstrained build operations Thread 28" [_thread_blocked, id=5956, stack(0x000000cf42900000,0x000000cf42a00000)]
  0x000002add5e41970 JavaThread "Unconstrained build operations Thread 29" [_thread_blocked, id=17340, stack(0x000000cf42a00000,0x000000cf42b00000)]
  0x000002add5e3d610 JavaThread "Unconstrained build operations Thread 30" [_thread_blocked, id=19192, stack(0x000000cf42b00000,0x000000cf42c00000)]
  0x000002add5e3f7c0 JavaThread "Unconstrained build operations Thread 31" [_thread_blocked, id=9692, stack(0x000000cf42c00000,0x000000cf42d00000)]
  0x000002add5e40160 JavaThread "Unconstrained build operations Thread 32" [_thread_blocked, id=29676, stack(0x000000cf42d00000,0x000000cf42e00000)]
  0x000002add5e40b00 JavaThread "Unconstrained build operations Thread 33" [_thread_blocked, id=8140, stack(0x000000cf42e00000,0x000000cf42f00000)]
  0x000002add5e3e480 JavaThread "Unconstrained build operations Thread 34" [_thread_blocked, id=17028, stack(0x000000cf42f00000,0x000000cf43000000)]
  0x000002add5e2da40 JavaThread "Unconstrained build operations Thread 35" [_thread_blocked, id=15192, stack(0x000000cf43000000,0x000000cf43100000)]
  0x000002add5e2fbf0 JavaThread "Unconstrained build operations Thread 36" [_thread_blocked, id=17304, stack(0x000000cf43100000,0x000000cf43200000)]
  0x000002add5e300c0 JavaThread "Unconstrained build operations Thread 37" [_thread_blocked, id=25832, stack(0x000000cf43200000,0x000000cf43300000)]
  0x000002add5e2d0a0 JavaThread "Unconstrained build operations Thread 38" [_thread_blocked, id=26608, stack(0x000000cf43300000,0x000000cf43400000)]
  0x000002add5e30a60 JavaThread "Unconstrained build operations Thread 39" [_thread_blocked, id=9192, stack(0x000000cf43400000,0x000000cf43500000)]
  0x000002add5e30590 JavaThread "Unconstrained build operations Thread 40" [_thread_blocked, id=21100, stack(0x000000cf43500000,0x000000cf43600000)]
  0x000002add5e2b890 JavaThread "Unconstrained build operations Thread 41" [_thread_blocked, id=13872, stack(0x000000cf43600000,0x000000cf43700000)]
  0x000002add5e30f30 JavaThread "Unconstrained build operations Thread 42" [_thread_blocked, id=30616, stack(0x000000cf43700000,0x000000cf43800000)]
  0x000002add5e2f250 JavaThread "Unconstrained build operations Thread 43" [_thread_blocked, id=17176, stack(0x000000cf43800000,0x000000cf43900000)]
  0x000002add5e31400 JavaThread "Unconstrained build operations Thread 44" [_thread_blocked, id=1812, stack(0x000000cf43900000,0x000000cf43a00000)]
  0x000002add5e2d570 JavaThread "Unconstrained build operations Thread 45" [_thread_blocked, id=23860, stack(0x000000cf43a00000,0x000000cf43b00000)]
  0x000002add5e318d0 JavaThread "Unconstrained build operations Thread 46" [_thread_blocked, id=17152, stack(0x000000cf43b00000,0x000000cf43c00000)]
  0x000002add5e2df10 JavaThread "Unconstrained build operations Thread 47" [_thread_blocked, id=4360, stack(0x000000cf43c00000,0x000000cf43d00000)]
  0x000002add5e2a080 JavaThread "Unconstrained build operations Thread 48" [_thread_blocked, id=9776, stack(0x000000cf43d00000,0x000000cf43e00000)]
  0x000002add5e2b3c0 JavaThread "Unconstrained build operations Thread 49" [_thread_blocked, id=28724, stack(0x000000cf43e00000,0x000000cf43f00000)]
  0x000002add5e2e8b0 JavaThread "Unconstrained build operations Thread 50" [_thread_blocked, id=22988, stack(0x000000cf43f00000,0x000000cf44000000)]
  0x000002add5e2c700 JavaThread "Unconstrained build operations Thread 51" [_thread_blocked, id=18004, stack(0x000000cf44000000,0x000000cf44100000)]
  0x000002add5e2a550 JavaThread "Unconstrained build operations Thread 52" [_thread_blocked, id=27944, stack(0x000000cf44100000,0x000000cf44200000)]
  0x000002add5e2aa20 JavaThread "Unconstrained build operations Thread 53" [_thread_blocked, id=21716, stack(0x000000cf44200000,0x000000cf44300000)]
  0x000002add5e2f720 JavaThread "Unconstrained build operations Thread 54" [_thread_blocked, id=28736, stack(0x000000cf44300000,0x000000cf44400000)]
  0x000002add5e2cbd0 JavaThread "Unconstrained build operations Thread 55" [_thread_blocked, id=16236, stack(0x000000cf44400000,0x000000cf44500000)]
  0x000002add5e2e3e0 JavaThread "Unconstrained build operations Thread 56" [_thread_blocked, id=15540, stack(0x000000cf44500000,0x000000cf44600000)]
  0x000002add5e2bd60 JavaThread "Unconstrained build operations Thread 57" [_thread_blocked, id=17064, stack(0x000000cf44600000,0x000000cf44700000)]
  0x000002add5e2ed80 JavaThread "Unconstrained build operations Thread 58" [_thread_blocked, id=28632, stack(0x000000cf44700000,0x000000cf44800000)]
  0x000002add5e2aef0 JavaThread "Unconstrained build operations Thread 59" [_thread_blocked, id=13272, stack(0x000000cf44800000,0x000000cf44900000)]
  0x000002add5e2c230 JavaThread "Unconstrained build operations Thread 60" [_thread_blocked, id=19788, stack(0x000000cf44900000,0x000000cf44a00000)]
  0x000002add6a1eb00 JavaThread "Unconstrained build operations Thread 61" [_thread_blocked, id=15556, stack(0x000000cf44a00000,0x000000cf44b00000)]
  0x000002add6a1dc90 JavaThread "Unconstrained build operations Thread 62" [_thread_blocked, id=1424, stack(0x000000cf44b00000,0x000000cf44c00000)]
  0x000002add6a1fe40 JavaThread "Unconstrained build operations Thread 63" [_thread_blocked, id=20004, stack(0x000000cf44c00000,0x000000cf44d00000)]
  0x000002add6a1d2f0 JavaThread "Unconstrained build operations Thread 64" [_thread_blocked, id=13284, stack(0x000000cf44d00000,0x000000cf44e00000)]
  0x000002add6a1d7c0 JavaThread "Unconstrained build operations Thread 65" [_thread_blocked, id=29312, stack(0x000000cf44e00000,0x000000cf44f00000)]
  0x000002add6a1efd0 JavaThread "Unconstrained build operations Thread 66" [_thread_blocked, id=5952, stack(0x000000cf44f00000,0x000000cf45000000)]
  0x000002add6a1f970 JavaThread "Unconstrained build operations Thread 67" [_thread_blocked, id=24648, stack(0x000000cf45000000,0x000000cf45100000)]
  0x000002add6a20310 JavaThread "Unconstrained build operations Thread 68" [_thread_blocked, id=17900, stack(0x000000cf45100000,0x000000cf45200000)]
  0x000002add6a207e0 JavaThread "Unconstrained build operations Thread 69" [_thread_blocked, id=18132, stack(0x000000cf45200000,0x000000cf45300000)]
  0x000002add6a20cb0 JavaThread "Unconstrained build operations Thread 70" [_thread_blocked, id=29996, stack(0x000000cf45300000,0x000000cf45400000)]
  0x000002add6a1e160 JavaThread "Unconstrained build operations Thread 71" [_thread_blocked, id=1356, stack(0x000000cf45400000,0x000000cf45500000)]
  0x000002add6a1e630 JavaThread "Unconstrained build operations Thread 72" [_thread_blocked, id=20992, stack(0x000000cf45500000,0x000000cf45600000)]
  0x000002add6a1f4a0 JavaThread "Unconstrained build operations Thread 73" [_thread_blocked, id=17208, stack(0x000000cf45600000,0x000000cf45700000)]
  0x000002add7db6440 JavaThread "Unconstrained build operations Thread 74" [_thread_blocked, id=4716, stack(0x000000cf45700000,0x000000cf45800000)]
  0x000002add7db0400 JavaThread "Unconstrained build operations Thread 75" [_thread_blocked, id=5056, stack(0x000000cf45800000,0x000000cf45900000)]
  0x000002add7db38f0 JavaThread "Unconstrained build operations Thread 76" [_thread_blocked, id=19812, stack(0x000000cf45900000,0x000000cf45a00000)]
  0x000002add7db20e0 JavaThread "Unconstrained build operations Thread 77" [_thread_blocked, id=4804, stack(0x000000cf45a00000,0x000000cf45b00000)]
  0x000002add7db5100 JavaThread "Unconstrained build operations Thread 78" [_thread_blocked, id=24868, stack(0x000000cf45b00000,0x000000cf45c00000)]
  0x000002add7db2f50 JavaThread "Unconstrained build operations Thread 79" [_thread_blocked, id=3932, stack(0x000000cf45c00000,0x000000cf45d00000)]
  0x000002add7db08d0 JavaThread "Unconstrained build operations Thread 80" [_thread_blocked, id=6744, stack(0x000000cf45d00000,0x000000cf45e00000)]
  0x000002add7db6910 JavaThread "Memory manager" [_thread_blocked, id=18900, stack(0x000000cf46000000,0x000000cf46100000)]
  0x000002add7db4760 JavaThread "build event listener" [_thread_blocked, id=24032, stack(0x000000cf46100000,0x000000cf46200000)]

Other Threads:
=>0x000002adcfabe9e0 VMThread "VM Thread" [stack: 0x000000cf3d800000,0x000000cf3d900000] [id=23444]
  0x000002add05f0290 WatcherThread [stack: 0x000000cf3e400000,0x000000cf3e500000] [id=16956]
  0x000002adb3ce7b60 GCTaskThread "GC Thread#0" [stack: 0x000000cf3d300000,0x000000cf3d400000] [id=9072]
  0x000002add0f03320 GCTaskThread "GC Thread#1" [stack: 0x000000cf3e600000,0x000000cf3e700000] [id=29716]
  0x000002add0f035d0 GCTaskThread "GC Thread#2" [stack: 0x000000cf3e700000,0x000000cf3e800000] [id=27576]
  0x000002add116eec0 GCTaskThread "GC Thread#3" [stack: 0x000000cf3e800000,0x000000cf3e900000] [id=5024]
  0x000002add116f170 GCTaskThread "GC Thread#4" [stack: 0x000000cf3e900000,0x000000cf3ea00000] [id=20996]
  0x000002add116fbc0 GCTaskThread "GC Thread#5" [stack: 0x000000cf3ea00000,0x000000cf3eb00000] [id=4108]
  0x000002add1edcb70 GCTaskThread "GC Thread#6" [stack: 0x000000cf3f500000,0x000000cf3f600000] [id=16896]
  0x000002add1edd230 GCTaskThread "GC Thread#7" [stack: 0x000000cf3f600000,0x000000cf3f700000] [id=13568]
  0x000002adb3cf99c0 ConcurrentGCThread "G1 Main Marker" [stack: 0x000000cf3d400000,0x000000cf3d500000] [id=28048]
  0x000002adb3cfaa80 ConcurrentGCThread "G1 Conc#0" [stack: 0x000000cf3d500000,0x000000cf3d600000] [id=13852]
  0x000002add2bb1840 ConcurrentGCThread "G1 Conc#1" [stack: 0x000000cf3f700000,0x000000cf3f800000] [id=1704]
  0x000002adb3d5eb10 ConcurrentGCThread "G1 Refine#0" [stack: 0x000000cf3d600000,0x000000cf3d700000] [id=15984]
  0x000002add60ff3d0 ConcurrentGCThread "G1 Refine#1" [stack: 0x000000cf40a00000,0x000000cf40b00000] [id=28196]
  0x000002add60ff0f0 ConcurrentGCThread "G1 Refine#2" [stack: 0x000000cf45e00000,0x000000cf45f00000] [id=24920]
  0x000002adcf938ae0 ConcurrentGCThread "G1 Service" [stack: 0x000000cf3d700000,0x000000cf3d800000] [id=22792]

Threads with active compile tasks:

VM state: at safepoint (normal execution)

VM Mutex/Monitor currently owned by a thread:  ([mutex/lock_event])
[0x000002adb3c86330] Threads_lock - owner thread: 0x000002adcfabe9e0
[0x000002adb3c851c0] Heap_lock - owner thread: 0x000002add2c4a4f0

Heap address: 0x0000000080000000, size: 2048 MB, Compressed Oops mode: 32-bit

CDS archive(s) not mapped
Compressed class space mapped at: 0x0000000100000000-0x0000000140000000, reserved size: 1073741824
Narrow klass base: 0x0000000000000000, Narrow klass shift: 3, Narrow klass range: 0x140000000

GC Precious Log:
 CPUs: 8 total, 8 available
 Memory: 16232M
 Large Page Support: Disabled
 NUMA Support: Disabled
 Compressed Oops: Enabled (32-bit)
 Heap Region Size: 1M
 Heap Min Capacity: 8M
 Heap Initial Capacity: 254M
 Heap Max Capacity: 2G
 Pre-touch: Disabled
 Parallel Workers: 8
 Concurrent Workers: 2
 Concurrent Refinement Workers: 8
 Periodic GC: Disabled

Heap:
 garbage-first heap   total 260096K, used 133865K [0x0000000080000000, 0x0000000100000000)
  region size 1024K, 5 young (5120K), 5 survivors (5120K)
 Metaspace       used 74546K, committed 75200K, reserved 1114112K
  class space    used 9897K, committed 10176K, reserved 1048576K

Heap Regions: E=young(eden), S=young(survivor), O=old, HS=humongous(starts), HC=humongous(continues), CS=collection set, F=free, OA=open archive, CA=closed archive, TAMS=top-at-mark-start (previous, next)
|   0|0x0000000080000000, 0x0000000080100000, 0x0000000080100000|100%| O|  |TAMS 0x0000000080100000, 0x0000000080100000| Untracked 
|   1|0x0000000080100000, 0x0000000080200000, 0x0000000080200000|100%| O|  |TAMS 0x0000000080200000, 0x0000000080200000| Untracked 
|   2|0x0000000080200000, 0x00000000802e8800, 0x0000000080300000| 90%| O|  |TAMS 0x00000000802e8800, 0x00000000802e8800| Untracked 
|   3|0x0000000080300000, 0x0000000080400000, 0x0000000080400000|100%|HS|  |TAMS 0x0000000080400000, 0x0000000080400000| Complete 
|   4|0x0000000080400000, 0x0000000080500000, 0x0000000080500000|100%|HC|  |TAMS 0x0000000080500000, 0x0000000080500000| Complete 
|   5|0x0000000080500000, 0x0000000080600000, 0x0000000080600000|100%|HC|  |TAMS 0x0000000080600000, 0x0000000080600000| Complete 
|   6|0x0000000080600000, 0x0000000080700000, 0x0000000080700000|100%| O|  |TAMS 0x0000000080700000, 0x0000000080700000| Untracked 
|   7|0x0000000080700000, 0x0000000080800000, 0x0000000080800000|100%| O|  |TAMS 0x0000000080800000, 0x0000000080800000| Untracked 
|   8|0x0000000080800000, 0x0000000080900000, 0x0000000080900000|100%| O|  |TAMS 0x0000000080900000, 0x0000000080900000| Untracked 
|   9|0x0000000080900000, 0x0000000080a00000, 0x0000000080a00000|100%| O|  |TAMS 0x0000000080a00000, 0x0000000080a00000| Untracked 
|  10|0x0000000080a00000, 0x0000000080b00000, 0x0000000080b00000|100%| O|  |TAMS 0x0000000080b00000, 0x0000000080b00000| Untracked 
|  11|0x0000000080b00000, 0x0000000080c00000, 0x0000000080c00000|100%| O|  |TAMS 0x0000000080c00000, 0x0000000080c00000| Untracked 
|  12|0x0000000080c00000, 0x0000000080d00000, 0x0000000080d00000|100%| O|  |TAMS 0x0000000080d00000, 0x0000000080d00000| Untracked 
|  13|0x0000000080d00000, 0x0000000080e00000, 0x0000000080e00000|100%| O|  |TAMS 0x0000000080e00000, 0x0000000080e00000| Untracked 
|  14|0x0000000080e00000, 0x0000000080f00000, 0x0000000080f00000|100%| O|  |TAMS 0x0000000080f00000, 0x0000000080f00000| Untracked 
|  15|0x0000000080f00000, 0x0000000081000000, 0x0000000081000000|100%| O|  |TAMS 0x0000000081000000, 0x0000000081000000| Untracked 
|  16|0x0000000081000000, 0x0000000081100000, 0x0000000081100000|100%| O|  |TAMS 0x0000000081100000, 0x0000000081100000| Untracked 
|  17|0x0000000081100000, 0x0000000081200000, 0x0000000081200000|100%|HS|  |TAMS 0x0000000081200000, 0x0000000081200000| Complete 
|  18|0x0000000081200000, 0x0000000081300000, 0x0000000081300000|100%|HC|  |TAMS 0x0000000081300000, 0x0000000081300000| Complete 
|  19|0x0000000081300000, 0x0000000081400000, 0x0000000081400000|100%|HS|  |TAMS 0x0000000081400000, 0x0000000081400000| Complete 
|  20|0x0000000081400000, 0x0000000081500000, 0x0000000081500000|100%|HC|  |TAMS 0x0000000081500000, 0x0000000081500000| Complete 
|  21|0x0000000081500000, 0x0000000081600000, 0x0000000081600000|100%|HC|  |TAMS 0x0000000081600000, 0x0000000081600000| Complete 
|  22|0x0000000081600000, 0x0000000081700000, 0x0000000081700000|100%| O|  |TAMS 0x0000000081700000, 0x0000000081700000| Untracked 
|  23|0x0000000081700000, 0x0000000081800000, 0x0000000081800000|100%|HS|  |TAMS 0x0000000081800000, 0x0000000081800000| Complete 
|  24|0x0000000081800000, 0x0000000081900000, 0x0000000081900000|100%|HC|  |TAMS 0x0000000081900000, 0x0000000081900000| Complete 
|  25|0x0000000081900000, 0x0000000081a00000, 0x0000000081a00000|100%| O|  |TAMS 0x0000000081a00000, 0x0000000081a00000| Untracked 
|  26|0x0000000081a00000, 0x0000000081b00000, 0x0000000081b00000|100%|HS|  |TAMS 0x0000000081b00000, 0x0000000081b00000| Complete 
|  27|0x0000000081b00000, 0x0000000081c00000, 0x0000000081c00000|100%|HC|  |TAMS 0x0000000081c00000, 0x0000000081c00000| Complete 
|  28|0x0000000081c00000, 0x0000000081d00000, 0x0000000081d00000|100%|HC|  |TAMS 0x0000000081d00000, 0x0000000081d00000| Complete 
|  29|0x0000000081d00000, 0x0000000081e00000, 0x0000000081e00000|100%|HS|  |TAMS 0x0000000081e00000, 0x0000000081e00000| Complete 
|  30|0x0000000081e00000, 0x0000000081f00000, 0x0000000081f00000|100%|HC|  |TAMS 0x0000000081f00000, 0x0000000081f00000| Complete 
|  31|0x0000000081f00000, 0x0000000082000000, 0x0000000082000000|100%| O|  |TAMS 0x0000000081f00000, 0x0000000082000000| Untracked 
|  32|0x0000000082000000, 0x0000000082100000, 0x0000000082100000|100%| O|  |TAMS 0x0000000082100000, 0x0000000082100000| Untracked 
|  33|0x0000000082100000, 0x0000000082200000, 0x0000000082200000|100%|HS|  |TAMS 0x0000000082200000, 0x0000000082200000| Complete 
|  34|0x0000000082200000, 0x0000000082300000, 0x0000000082300000|100%|HC|  |TAMS 0x0000000082300000, 0x0000000082300000| Complete 
|  35|0x0000000082300000, 0x0000000082400000, 0x0000000082400000|100%|HC|  |TAMS 0x0000000082400000, 0x0000000082400000| Complete 
|  36|0x0000000082400000, 0x0000000082500000, 0x0000000082500000|100%|HC|  |TAMS 0x0000000082500000, 0x0000000082500000| Complete 
|  37|0x0000000082500000, 0x0000000082600000, 0x0000000082600000|100%|HC|  |TAMS 0x0000000082600000, 0x0000000082600000| Complete 
|  38|0x0000000082600000, 0x0000000082700000, 0x0000000082700000|100%|HC|  |TAMS 0x0000000082700000, 0x0000000082700000| Complete 
|  39|0x0000000082700000, 0x0000000082800000, 0x0000000082800000|100%|HC|  |TAMS 0x0000000082800000, 0x0000000082800000| Complete 
|  40|0x0000000082800000, 0x0000000082900000, 0x0000000082900000|100%|HC|  |TAMS 0x0000000082900000, 0x0000000082900000| Complete 
|  41|0x0000000082900000, 0x0000000082a00000, 0x0000000082a00000|100%|HC|  |TAMS 0x0000000082a00000, 0x0000000082a00000| Complete 
|  42|0x0000000082a00000, 0x0000000082b00000, 0x0000000082b00000|100%|HC|  |TAMS 0x0000000082b00000, 0x0000000082b00000| Complete 
|  43|0x0000000082b00000, 0x0000000082c00000, 0x0000000082c00000|100%| O|  |TAMS 0x0000000082c00000, 0x0000000082c00000| Untracked 
|  44|0x0000000082c00000, 0x0000000082d00000, 0x0000000082d00000|100%|HS|  |TAMS 0x0000000082d00000, 0x0000000082d00000| Complete 
|  45|0x0000000082d00000, 0x0000000082e00000, 0x0000000082e00000|100%| O|  |TAMS 0x0000000082e00000, 0x0000000082e00000| Untracked 
|  46|0x0000000082e00000, 0x0000000082f00000, 0x0000000082f00000|100%| O|  |TAMS 0x0000000082f00000, 0x0000000082f00000| Untracked 
|  47|0x0000000082f00000, 0x0000000083000000, 0x0000000083000000|100%| O|  |TAMS 0x0000000083000000, 0x0000000083000000| Untracked 
|  48|0x0000000083000000, 0x0000000083100000, 0x0000000083100000|100%| O|  |TAMS 0x0000000083100000, 0x0000000083100000| Untracked 
|  49|0x0000000083100000, 0x0000000083200000, 0x0000000083200000|100%|HS|  |TAMS 0x0000000083200000, 0x0000000083200000| Complete 
|  50|0x0000000083200000, 0x0000000083300000, 0x0000000083300000|100%|HC|  |TAMS 0x0000000083300000, 0x0000000083300000| Complete 
|  51|0x0000000083300000, 0x0000000083400000, 0x0000000083400000|100%|HC|  |TAMS 0x0000000083400000, 0x0000000083400000| Complete 
|  52|0x0000000083400000, 0x0000000083500000, 0x0000000083500000|100%|HC|  |TAMS 0x0000000083500000, 0x0000000083500000| Complete 
|  53|0x0000000083500000, 0x0000000083600000, 0x0000000083600000|100%|HC|  |TAMS 0x0000000083600000, 0x0000000083600000| Complete 
|  54|0x0000000083600000, 0x0000000083700000, 0x0000000083700000|100%|HC|  |TAMS 0x0000000083700000, 0x0000000083700000| Complete 
|  55|0x0000000083700000, 0x0000000083800000, 0x0000000083800000|100%| O|  |TAMS 0x0000000083800000, 0x0000000083800000| Untracked 
|  56|0x0000000083800000, 0x0000000083900000, 0x0000000083900000|100%| O|  |TAMS 0x0000000083900000, 0x0000000083900000| Untracked 
|  57|0x0000000083900000, 0x0000000083a00000, 0x0000000083a00000|100%| O|  |TAMS 0x0000000083a00000, 0x0000000083a00000| Untracked 
|  58|0x0000000083a00000, 0x0000000083b00000, 0x0000000083b00000|100%|HS|  |TAMS 0x0000000083b00000, 0x0000000083b00000| Complete 
|  59|0x0000000083b00000, 0x0000000083c00000, 0x0000000083c00000|100%|HC|  |TAMS 0x0000000083c00000, 0x0000000083c00000| Complete 
|  60|0x0000000083c00000, 0x0000000083d00000, 0x0000000083d00000|100%|HC|  |TAMS 0x0000000083d00000, 0x0000000083d00000| Complete 
|  61|0x0000000083d00000, 0x0000000083e00000, 0x0000000083e00000|100%| O|  |TAMS 0x0000000083e00000, 0x0000000083e00000| Untracked 
|  62|0x0000000083e00000, 0x0000000083f00000, 0x0000000083f00000|100%|HS|  |TAMS 0x0000000083f00000, 0x0000000083f00000| Complete 
|  63|0x0000000083f00000, 0x0000000084000000, 0x0000000084000000|100%|HC|  |TAMS 0x0000000084000000, 0x0000000084000000| Complete 
|  64|0x0000000084000000, 0x0000000084100000, 0x0000000084100000|100%|HS|  |TAMS 0x0000000084100000, 0x0000000084100000| Complete 
|  65|0x0000000084100000, 0x0000000084200000, 0x0000000084200000|100%|HC|  |TAMS 0x0000000084200000, 0x0000000084200000| Complete 
|  66|0x0000000084200000, 0x0000000084300000, 0x0000000084300000|100%|HC|  |TAMS 0x0000000084300000, 0x0000000084300000| Complete 
|  67|0x0000000084300000, 0x0000000084400000, 0x0000000084400000|100%|HC|  |TAMS 0x0000000084400000, 0x0000000084400000| Complete 
|  68|0x0000000084400000, 0x0000000084500000, 0x0000000084500000|100%|HC|  |TAMS 0x0000000084500000, 0x0000000084500000| Complete 
|  69|0x0000000084500000, 0x0000000084600000, 0x0000000084600000|100%|HC|  |TAMS 0x0000000084600000, 0x0000000084600000| Complete 
|  70|0x0000000084600000, 0x0000000084700000, 0x0000000084700000|100%|HC|  |TAMS 0x0000000084700000, 0x0000000084700000| Complete 
|  71|0x0000000084700000, 0x0000000084800000, 0x0000000084800000|100%|HC|  |TAMS 0x0000000084800000, 0x0000000084800000| Complete 
|  72|0x0000000084800000, 0x0000000084900000, 0x0000000084900000|100%|HC|  |TAMS 0x0000000084900000, 0x0000000084900000| Complete 
|  73|0x0000000084900000, 0x0000000084a00000, 0x0000000084a00000|100%|HC|  |TAMS 0x0000000084a00000, 0x0000000084a00000| Complete 
|  74|0x0000000084a00000, 0x0000000084b00000, 0x0000000084b00000|100%|HC|  |TAMS 0x0000000084b00000, 0x0000000084b00000| Complete 
|  75|0x0000000084b00000, 0x0000000084c00000, 0x0000000084c00000|100%|HS|  |TAMS 0x0000000084c00000, 0x0000000084c00000| Complete 
|  76|0x0000000084c00000, 0x0000000084d00000, 0x0000000084d00000|100%|HC|  |TAMS 0x0000000084d00000, 0x0000000084d00000| Complete 
|  77|0x0000000084d00000, 0x0000000084e00000, 0x0000000084e00000|100%| O|  |TAMS 0x0000000084e00000, 0x0000000084e00000| Untracked 
|  78|0x0000000084e00000, 0x0000000084f00000, 0x0000000084f00000|100%| O|  |TAMS 0x0000000084f00000, 0x0000000084f00000| Untracked 
|  79|0x0000000084f00000, 0x0000000085000000, 0x0000000085000000|100%|HS|  |TAMS 0x0000000085000000, 0x0000000085000000| Complete 
|  80|0x0000000085000000, 0x0000000085100000, 0x0000000085100000|100%|HC|  |TAMS 0x0000000085100000, 0x0000000085100000| Complete 
|  81|0x0000000085100000, 0x0000000085200000, 0x0000000085200000|100%|HC|  |TAMS 0x0000000085200000, 0x0000000085200000| Complete 
|  82|0x0000000085200000, 0x0000000085300000, 0x0000000085300000|100%|HS|  |TAMS 0x0000000085300000, 0x0000000085300000| Complete 
|  83|0x0000000085300000, 0x0000000085400000, 0x0000000085400000|100%| O|  |TAMS 0x0000000085400000, 0x0000000085400000| Untracked 
|  84|0x0000000085400000, 0x0000000085500000, 0x0000000085500000|100%| O|  |TAMS 0x0000000085500000, 0x0000000085500000| Untracked 
|  85|0x0000000085500000, 0x0000000085600000, 0x0000000085600000|100%| O|  |TAMS 0x0000000085600000, 0x0000000085600000| Untracked 
|  86|0x0000000085600000, 0x0000000085700000, 0x0000000085700000|100%|HS|  |TAMS 0x0000000085700000, 0x0000000085700000| Complete 
|  87|0x0000000085700000, 0x0000000085800000, 0x0000000085800000|100%|HC|  |TAMS 0x0000000085800000, 0x0000000085800000| Complete 
|  88|0x0000000085800000, 0x0000000085900000, 0x0000000085900000|100%|HC|  |TAMS 0x0000000085900000, 0x0000000085900000| Complete 
|  89|0x0000000085900000, 0x0000000085a00000, 0x0000000085a00000|100%|HC|  |TAMS 0x0000000085a00000, 0x0000000085a00000| Complete 
|  90|0x0000000085a00000, 0x0000000085b00000, 0x0000000085b00000|100%|HC|  |TAMS 0x0000000085b00000, 0x0000000085b00000| Complete 
|  91|0x0000000085b00000, 0x0000000085c00000, 0x0000000085c00000|100%|HC|  |TAMS 0x0000000085c00000, 0x0000000085c00000| Complete 
|  92|0x0000000085c00000, 0x0000000085d00000, 0x0000000085d00000|100%| O|  |TAMS 0x0000000085d00000, 0x0000000085d00000| Untracked 
|  93|0x0000000085d00000, 0x0000000085e00000, 0x0000000085e00000|100%| O|  |TAMS 0x0000000085e00000, 0x0000000085e00000| Untracked 
|  94|0x0000000085e00000, 0x0000000085f00000, 0x0000000085f00000|100%| O|  |TAMS 0x0000000085f00000, 0x0000000085f00000| Untracked 
|  95|0x0000000085f00000, 0x0000000086000000, 0x0000000086000000|100%| O|  |TAMS 0x0000000086000000, 0x0000000086000000| Untracked 
|  96|0x0000000086000000, 0x0000000086100000, 0x0000000086100000|100%| O|  |TAMS 0x0000000086100000, 0x0000000086100000| Untracked 
|  97|0x0000000086100000, 0x0000000086200000, 0x0000000086200000|100%| O|  |TAMS 0x0000000086200000, 0x0000000086200000| Untracked 
|  98|0x0000000086200000, 0x0000000086300000, 0x0000000086300000|100%|HS|  |TAMS 0x0000000086300000, 0x0000000086300000| Complete 
|  99|0x0000000086300000, 0x0000000086400000, 0x0000000086400000|100%|HS|  |TAMS 0x0000000086400000, 0x0000000086400000| Complete 
| 100|0x0000000086400000, 0x0000000086500000, 0x0000000086500000|100%|HS|  |TAMS 0x0000000086500000, 0x0000000086500000| Complete 
| 101|0x0000000086500000, 0x0000000086600000, 0x0000000086600000|100%|HS|  |TAMS 0x0000000086600000, 0x0000000086600000| Complete 
| 102|0x0000000086600000, 0x0000000086700000, 0x0000000086700000|100%|HS|  |TAMS 0x0000000086700000, 0x0000000086700000| Complete 
| 103|0x0000000086700000, 0x0000000086800000, 0x0000000086800000|100%|HC|  |TAMS 0x0000000086800000, 0x0000000086800000| Complete 
| 104|0x0000000086800000, 0x0000000086900000, 0x0000000086900000|100%|HC|  |TAMS 0x0000000086900000, 0x0000000086900000| Complete 
| 105|0x0000000086900000, 0x0000000086a00000, 0x0000000086a00000|100%|HS|  |TAMS 0x0000000086a00000, 0x0000000086a00000| Complete 
| 106|0x0000000086a00000, 0x0000000086b00000, 0x0000000086b00000|100%|HC|  |TAMS 0x0000000086b00000, 0x0000000086b00000| Complete 
| 107|0x0000000086b00000, 0x0000000086c00000, 0x0000000086c00000|100%| O|  |TAMS 0x0000000086c00000, 0x0000000086c00000| Untracked 
| 108|0x0000000086c00000, 0x0000000086d00000, 0x0000000086d00000|100%| O|  |TAMS 0x0000000086d00000, 0x0000000086d00000| Untracked 
| 109|0x0000000086d00000, 0x0000000086e00000, 0x0000000086e00000|100%| O|  |TAMS 0x0000000086e00000, 0x0000000086e00000| Untracked 
| 110|0x0000000086e00000, 0x0000000086f00000, 0x0000000086f00000|100%| O|  |TAMS 0x0000000086f00000, 0x0000000086f00000| Untracked 
| 111|0x0000000086f00000, 0x0000000087000000, 0x0000000087000000|100%| O|  |TAMS 0x0000000087000000, 0x0000000087000000| Untracked 
| 112|0x0000000087000000, 0x0000000087100000, 0x0000000087100000|100%| O|  |TAMS 0x0000000087100000, 0x0000000087100000| Untracked 
| 113|0x0000000087100000, 0x0000000087200000, 0x0000000087200000|100%| O|  |TAMS 0x0000000087200000, 0x0000000087200000| Untracked 
| 114|0x0000000087200000, 0x0000000087300000, 0x0000000087300000|100%| O|  |TAMS 0x0000000087300000, 0x0000000087300000| Untracked 
| 115|0x0000000087300000, 0x0000000087400000, 0x0000000087400000|100%| O|  |TAMS 0x0000000087400000, 0x0000000087400000| Untracked 
| 116|0x0000000087400000, 0x0000000087500000, 0x0000000087500000|100%| O|  |TAMS 0x0000000087500000, 0x0000000087500000| Untracked 
| 117|0x0000000087500000, 0x0000000087600000, 0x0000000087600000|100%| O|  |TAMS 0x0000000087600000, 0x0000000087600000| Untracked 
| 118|0x0000000087600000, 0x0000000087600000, 0x0000000087700000|  0%| F|  |TAMS 0x0000000087600000, 0x0000000087600000| Untracked 
| 119|0x0000000087700000, 0x0000000087800000, 0x0000000087800000|100%| O|  |TAMS 0x0000000087800000, 0x0000000087800000| Untracked 
| 120|0x0000000087800000, 0x0000000087900000, 0x0000000087900000|100%| O|  |TAMS 0x0000000087900000, 0x0000000087900000| Untracked 
| 121|0x0000000087900000, 0x0000000087a00000, 0x0000000087a00000|100%| O|  |TAMS 0x0000000087a00000, 0x0000000087a00000| Untracked 
| 122|0x0000000087a00000, 0x0000000087b00000, 0x0000000087b00000|100%| O|  |TAMS 0x0000000087a87000, 0x0000000087b00000| Untracked 
| 123|0x0000000087b00000, 0x0000000087c00000, 0x0000000087c00000|100%| O|  |TAMS 0x0000000087b00000, 0x0000000087c00000| Untracked 
| 124|0x0000000087c00000, 0x0000000087d00000, 0x0000000087d00000|100%| O|  |TAMS 0x0000000087c00000, 0x0000000087d00000| Untracked 
| 125|0x0000000087d00000, 0x0000000087e00000, 0x0000000087e00000|100%| O|  |TAMS 0x0000000087d00000, 0x0000000087e00000| Untracked 
| 126|0x0000000087e00000, 0x0000000087f00000, 0x0000000087f00000|100%| O|  |TAMS 0x0000000087e00000, 0x0000000087f00000| Untracked 
| 127|0x0000000087f00000, 0x0000000087fade00, 0x0000000088000000| 67%| O|  |TAMS 0x0000000087f00000, 0x0000000087fadc08| Untracked 
| 128|0x0000000088000000, 0x0000000088000000, 0x0000000088100000|  0%| F|  |TAMS 0x0000000088000000, 0x0000000088000000| Untracked 
| 129|0x0000000088100000, 0x0000000088100000, 0x0000000088200000|  0%| F|  |TAMS 0x0000000088100000, 0x0000000088100000| Untracked 
| 130|0x0000000088200000, 0x0000000088200000, 0x0000000088300000|  0%| F|  |TAMS 0x0000000088200000, 0x0000000088200000| Untracked 
| 131|0x0000000088300000, 0x0000000088300000, 0x0000000088400000|  0%| F|  |TAMS 0x0000000088300000, 0x0000000088300000| Untracked 
| 132|0x0000000088400000, 0x0000000088400000, 0x0000000088500000|  0%| F|  |TAMS 0x0000000088400000, 0x0000000088400000| Untracked 
| 133|0x0000000088500000, 0x0000000088500000, 0x0000000088600000|  0%| F|  |TAMS 0x0000000088500000, 0x0000000088500000| Untracked 
| 134|0x0000000088600000, 0x0000000088600000, 0x0000000088700000|  0%| F|  |TAMS 0x0000000088600000, 0x0000000088600000| Untracked 
| 135|0x0000000088700000, 0x0000000088700000, 0x0000000088800000|  0%| F|  |TAMS 0x0000000088700000, 0x0000000088700000| Untracked 
| 136|0x0000000088800000, 0x0000000088800000, 0x0000000088900000|  0%| F|  |TAMS 0x0000000088800000, 0x0000000088800000| Untracked 
| 137|0x0000000088900000, 0x0000000088900000, 0x0000000088a00000|  0%| F|  |TAMS 0x0000000088900000, 0x0000000088900000| Untracked 
| 138|0x0000000088a00000, 0x0000000088a00000, 0x0000000088b00000|  0%| F|  |TAMS 0x0000000088a00000, 0x0000000088a00000| Untracked 
| 139|0x0000000088b00000, 0x0000000088b00000, 0x0000000088c00000|  0%| F|  |TAMS 0x0000000088b00000, 0x0000000088b00000| Untracked 
| 140|0x0000000088c00000, 0x0000000088c00000, 0x0000000088d00000|  0%| F|  |TAMS 0x0000000088c00000, 0x0000000088c00000| Untracked 
| 141|0x0000000088d00000, 0x0000000088d00000, 0x0000000088e00000|  0%| F|  |TAMS 0x0000000088d00000, 0x0000000088d00000| Untracked 
| 142|0x0000000088e00000, 0x0000000088e00000, 0x0000000088f00000|  0%| F|  |TAMS 0x0000000088e00000, 0x0000000088e00000| Untracked 
| 143|0x0000000088f00000, 0x0000000088f00000, 0x0000000089000000|  0%| F|  |TAMS 0x0000000088f00000, 0x0000000088f00000| Untracked 
| 144|0x0000000089000000, 0x0000000089000000, 0x0000000089100000|  0%| F|  |TAMS 0x0000000089000000, 0x0000000089000000| Untracked 
| 145|0x0000000089100000, 0x0000000089100000, 0x0000000089200000|  0%| F|  |TAMS 0x0000000089100000, 0x0000000089100000| Untracked 
| 146|0x0000000089200000, 0x0000000089200000, 0x0000000089300000|  0%| F|  |TAMS 0x0000000089200000, 0x0000000089200000| Untracked 
| 147|0x0000000089300000, 0x0000000089300000, 0x0000000089400000|  0%| F|  |TAMS 0x0000000089300000, 0x0000000089300000| Untracked 
| 148|0x0000000089400000, 0x0000000089400000, 0x0000000089500000|  0%| F|  |TAMS 0x0000000089400000, 0x0000000089400000| Untracked 
| 149|0x0000000089500000, 0x0000000089500000, 0x0000000089600000|  0%| F|  |TAMS 0x0000000089500000, 0x0000000089500000| Untracked 
| 150|0x0000000089600000, 0x0000000089600000, 0x0000000089700000|  0%| F|  |TAMS 0x0000000089600000, 0x0000000089600000| Untracked 
| 151|0x0000000089700000, 0x0000000089700000, 0x0000000089800000|  0%| F|  |TAMS 0x0000000089700000, 0x0000000089700000| Untracked 
| 152|0x0000000089800000, 0x0000000089800000, 0x0000000089900000|  0%| F|  |TAMS 0x0000000089800000, 0x0000000089800000| Untracked 
| 153|0x0000000089900000, 0x0000000089900000, 0x0000000089a00000|  0%| F|  |TAMS 0x0000000089900000, 0x0000000089900000| Untracked 
| 154|0x0000000089a00000, 0x0000000089a00000, 0x0000000089b00000|  0%| F|  |TAMS 0x0000000089a00000, 0x0000000089a00000| Untracked 
| 155|0x0000000089b00000, 0x0000000089b00000, 0x0000000089c00000|  0%| F|  |TAMS 0x0000000089b00000, 0x0000000089b00000| Untracked 
| 156|0x0000000089c00000, 0x0000000089c00000, 0x0000000089d00000|  0%| F|  |TAMS 0x0000000089c00000, 0x0000000089c00000| Untracked 
| 157|0x0000000089d00000, 0x0000000089d00000, 0x0000000089e00000|  0%| F|  |TAMS 0x0000000089d00000, 0x0000000089d00000| Untracked 
| 158|0x0000000089e00000, 0x0000000089e00000, 0x0000000089f00000|  0%| F|  |TAMS 0x0000000089e00000, 0x0000000089e00000| Untracked 
| 159|0x0000000089f00000, 0x0000000089f00000, 0x000000008a000000|  0%| F|  |TAMS 0x0000000089f00000, 0x0000000089f00000| Untracked 
| 160|0x000000008a000000, 0x000000008a000000, 0x000000008a100000|  0%| F|  |TAMS 0x000000008a000000, 0x000000008a000000| Untracked 
| 161|0x000000008a100000, 0x000000008a100000, 0x000000008a200000|  0%| F|  |TAMS 0x000000008a100000, 0x000000008a100000| Untracked 
| 162|0x000000008a200000, 0x000000008a200000, 0x000000008a300000|  0%| F|  |TAMS 0x000000008a200000, 0x000000008a200000| Untracked 
| 163|0x000000008a300000, 0x000000008a323f20, 0x000000008a400000| 14%| S|CS|TAMS 0x000000008a300000, 0x000000008a300000| Complete 
| 164|0x000000008a400000, 0x000000008a500000, 0x000000008a500000|100%| S|CS|TAMS 0x000000008a400000, 0x000000008a400000| Complete 
| 165|0x000000008a500000, 0x000000008a600000, 0x000000008a600000|100%| S|CS|TAMS 0x000000008a500000, 0x000000008a500000| Complete 
| 166|0x000000008a600000, 0x000000008a700000, 0x000000008a700000|100%| S|CS|TAMS 0x000000008a600000, 0x000000008a600000| Complete 
| 167|0x000000008a700000, 0x000000008a800000, 0x000000008a800000|100%| S|CS|TAMS 0x000000008a700000, 0x000000008a700000| Complete 
| 168|0x000000008a800000, 0x000000008a800000, 0x000000008a900000|  0%| F|  |TAMS 0x000000008a800000, 0x000000008a800000| Untracked 
| 169|0x000000008a900000, 0x000000008a900000, 0x000000008aa00000|  0%| F|  |TAMS 0x000000008a900000, 0x000000008a900000| Untracked 
| 170|0x000000008aa00000, 0x000000008aa00000, 0x000000008ab00000|  0%| F|  |TAMS 0x000000008aa00000, 0x000000008aa00000| Untracked 
| 171|0x000000008ab00000, 0x000000008ab00000, 0x000000008ac00000|  0%| F|  |TAMS 0x000000008ab00000, 0x000000008ab00000| Untracked 
| 172|0x000000008ac00000, 0x000000008ac00000, 0x000000008ad00000|  0%| F|  |TAMS 0x000000008ac00000, 0x000000008ac00000| Untracked 
| 173|0x000000008ad00000, 0x000000008ad00000, 0x000000008ae00000|  0%| F|  |TAMS 0x000000008ad00000, 0x000000008ad00000| Untracked 
| 174|0x000000008ae00000, 0x000000008ae00000, 0x000000008af00000|  0%| F|  |TAMS 0x000000008ae00000, 0x000000008ae00000| Untracked 
| 175|0x000000008af00000, 0x000000008af00000, 0x000000008b000000|  0%| F|  |TAMS 0x000000008af00000, 0x000000008af00000| Untracked 
| 176|0x000000008b000000, 0x000000008b000000, 0x000000008b100000|  0%| F|  |TAMS 0x000000008b000000, 0x000000008b000000| Untracked 
| 177|0x000000008b100000, 0x000000008b100000, 0x000000008b200000|  0%| F|  |TAMS 0x000000008b100000, 0x000000008b100000| Untracked 
| 178|0x000000008b200000, 0x000000008b200000, 0x000000008b300000|  0%| F|  |TAMS 0x000000008b200000, 0x000000008b200000| Untracked 
| 179|0x000000008b300000, 0x000000008b300000, 0x000000008b400000|  0%| F|  |TAMS 0x000000008b300000, 0x000000008b300000| Untracked 
| 180|0x000000008b400000, 0x000000008b400000, 0x000000008b500000|  0%| F|  |TAMS 0x000000008b400000, 0x000000008b400000| Untracked 
| 181|0x000000008b500000, 0x000000008b500000, 0x000000008b600000|  0%| F|  |TAMS 0x000000008b500000, 0x000000008b500000| Untracked 
| 182|0x000000008b600000, 0x000000008b600000, 0x000000008b700000|  0%| F|  |TAMS 0x000000008b600000, 0x000000008b600000| Untracked 
| 183|0x000000008b700000, 0x000000008b700000, 0x000000008b800000|  0%| F|  |TAMS 0x000000008b700000, 0x000000008b700000| Untracked 
| 184|0x000000008b800000, 0x000000008b800000, 0x000000008b900000|  0%| F|  |TAMS 0x000000008b800000, 0x000000008b800000| Untracked 
| 185|0x000000008b900000, 0x000000008b900000, 0x000000008ba00000|  0%| F|  |TAMS 0x000000008b900000, 0x000000008b900000| Untracked 
| 186|0x000000008ba00000, 0x000000008ba00000, 0x000000008bb00000|  0%| F|  |TAMS 0x000000008ba00000, 0x000000008ba00000| Untracked 
| 187|0x000000008bb00000, 0x000000008bb00000, 0x000000008bc00000|  0%| F|  |TAMS 0x000000008bb00000, 0x000000008bb00000| Untracked 
| 188|0x000000008bc00000, 0x000000008bc00000, 0x000000008bd00000|  0%| F|  |TAMS 0x000000008bc00000, 0x000000008bc00000| Untracked 
| 189|0x000000008bd00000, 0x000000008bd00000, 0x000000008be00000|  0%| F|  |TAMS 0x000000008bd00000, 0x000000008bd00000| Untracked 
| 190|0x000000008be00000, 0x000000008be00000, 0x000000008bf00000|  0%| F|  |TAMS 0x000000008be00000, 0x000000008be00000| Untracked 
| 191|0x000000008bf00000, 0x000000008bf00000, 0x000000008c000000|  0%| F|  |TAMS 0x000000008bf00000, 0x000000008bf00000| Untracked 
| 192|0x000000008c000000, 0x000000008c000000, 0x000000008c100000|  0%| F|  |TAMS 0x000000008c000000, 0x000000008c000000| Untracked 
| 193|0x000000008c100000, 0x000000008c100000, 0x000000008c200000|  0%| F|  |TAMS 0x000000008c100000, 0x000000008c100000| Untracked 
| 194|0x000000008c200000, 0x000000008c200000, 0x000000008c300000|  0%| F|  |TAMS 0x000000008c200000, 0x000000008c200000| Untracked 
| 195|0x000000008c300000, 0x000000008c300000, 0x000000008c400000|  0%| F|  |TAMS 0x000000008c300000, 0x000000008c300000| Untracked 
| 196|0x000000008c400000, 0x000000008c400000, 0x000000008c500000|  0%| F|  |TAMS 0x000000008c400000, 0x000000008c400000| Untracked 
| 197|0x000000008c500000, 0x000000008c500000, 0x000000008c600000|  0%| F|  |TAMS 0x000000008c500000, 0x000000008c500000| Untracked 
| 198|0x000000008c600000, 0x000000008c600000, 0x000000008c700000|  0%| F|  |TAMS 0x000000008c600000, 0x000000008c600000| Untracked 
| 199|0x000000008c700000, 0x000000008c700000, 0x000000008c800000|  0%| F|  |TAMS 0x000000008c700000, 0x000000008c700000| Untracked 
| 200|0x000000008c800000, 0x000000008c800000, 0x000000008c900000|  0%| F|  |TAMS 0x000000008c800000, 0x000000008c800000| Untracked 
| 201|0x000000008c900000, 0x000000008c900000, 0x000000008ca00000|  0%| F|  |TAMS 0x000000008c900000, 0x000000008c900000| Untracked 
| 202|0x000000008ca00000, 0x000000008ca00000, 0x000000008cb00000|  0%| F|  |TAMS 0x000000008ca00000, 0x000000008ca00000| Untracked 
| 203|0x000000008cb00000, 0x000000008cb00000, 0x000000008cc00000|  0%| F|  |TAMS 0x000000008cb00000, 0x000000008cb00000| Untracked 
| 204|0x000000008cc00000, 0x000000008cc00000, 0x000000008cd00000|  0%| F|  |TAMS 0x000000008cc00000, 0x000000008cc00000| Untracked 
| 205|0x000000008cd00000, 0x000000008cd00000, 0x000000008ce00000|  0%| F|  |TAMS 0x000000008cd00000, 0x000000008cd00000| Untracked 
| 206|0x000000008ce00000, 0x000000008ce00000, 0x000000008cf00000|  0%| F|  |TAMS 0x000000008ce00000, 0x000000008ce00000| Untracked 
| 207|0x000000008cf00000, 0x000000008cf00000, 0x000000008d000000|  0%| F|  |TAMS 0x000000008cf00000, 0x000000008cf00000| Untracked 
| 208|0x000000008d000000, 0x000000008d000000, 0x000000008d100000|  0%| F|  |TAMS 0x000000008d000000, 0x000000008d000000| Untracked 
| 209|0x000000008d100000, 0x000000008d100000, 0x000000008d200000|  0%| F|  |TAMS 0x000000008d100000, 0x000000008d100000| Untracked 
| 210|0x000000008d200000, 0x000000008d200000, 0x000000008d300000|  0%| F|  |TAMS 0x000000008d200000, 0x000000008d200000| Untracked 
| 211|0x000000008d300000, 0x000000008d300000, 0x000000008d400000|  0%| F|  |TAMS 0x000000008d300000, 0x000000008d300000| Untracked 
| 212|0x000000008d400000, 0x000000008d400000, 0x000000008d500000|  0%| F|  |TAMS 0x000000008d400000, 0x000000008d400000| Untracked 
| 213|0x000000008d500000, 0x000000008d500000, 0x000000008d600000|  0%| F|  |TAMS 0x000000008d500000, 0x000000008d500000| Untracked 
| 214|0x000000008d600000, 0x000000008d600000, 0x000000008d700000|  0%| F|  |TAMS 0x000000008d600000, 0x000000008d600000| Untracked 
| 215|0x000000008d700000, 0x000000008d700000, 0x000000008d800000|  0%| F|  |TAMS 0x000000008d700000, 0x000000008d700000| Untracked 
| 216|0x000000008d800000, 0x000000008d800000, 0x000000008d900000|  0%| F|  |TAMS 0x000000008d800000, 0x000000008d800000| Untracked 
| 217|0x000000008d900000, 0x000000008d900000, 0x000000008da00000|  0%| F|  |TAMS 0x000000008d900000, 0x000000008d900000| Untracked 
| 218|0x000000008da00000, 0x000000008da00000, 0x000000008db00000|  0%| F|  |TAMS 0x000000008da00000, 0x000000008da00000| Untracked 
| 219|0x000000008db00000, 0x000000008db00000, 0x000000008dc00000|  0%| F|  |TAMS 0x000000008db00000, 0x000000008db00000| Untracked 
| 220|0x000000008dc00000, 0x000000008dc00000, 0x000000008dd00000|  0%| F|  |TAMS 0x000000008dc00000, 0x000000008dc00000| Untracked 
| 221|0x000000008dd00000, 0x000000008dd00000, 0x000000008de00000|  0%| F|  |TAMS 0x000000008dd00000, 0x000000008dd00000| Untracked 
| 222|0x000000008de00000, 0x000000008de00000, 0x000000008df00000|  0%| F|  |TAMS 0x000000008de00000, 0x000000008de00000| Untracked 
| 223|0x000000008df00000, 0x000000008df00000, 0x000000008e000000|  0%| F|  |TAMS 0x000000008df00000, 0x000000008df00000| Untracked 
| 224|0x000000008e000000, 0x000000008e000000, 0x000000008e100000|  0%| F|  |TAMS 0x000000008e000000, 0x000000008e000000| Untracked 
| 225|0x000000008e100000, 0x000000008e100000, 0x000000008e200000|  0%| F|  |TAMS 0x000000008e100000, 0x000000008e100000| Untracked 
| 226|0x000000008e200000, 0x000000008e200000, 0x000000008e300000|  0%| F|  |TAMS 0x000000008e200000, 0x000000008e200000| Untracked 
| 227|0x000000008e300000, 0x000000008e300000, 0x000000008e400000|  0%| F|  |TAMS 0x000000008e300000, 0x000000008e300000| Untracked 
| 228|0x000000008e400000, 0x000000008e400000, 0x000000008e500000|  0%| F|  |TAMS 0x000000008e400000, 0x000000008e400000| Untracked 
| 229|0x000000008e500000, 0x000000008e500000, 0x000000008e600000|  0%| F|  |TAMS 0x000000008e500000, 0x000000008e500000| Untracked 
| 230|0x000000008e600000, 0x000000008e600000, 0x000000008e700000|  0%| F|  |TAMS 0x000000008e600000, 0x000000008e600000| Untracked 
| 231|0x000000008e700000, 0x000000008e700000, 0x000000008e800000|  0%| F|  |TAMS 0x000000008e700000, 0x000000008e700000| Untracked 
| 232|0x000000008e800000, 0x000000008e800000, 0x000000008e900000|  0%| F|  |TAMS 0x000000008e800000, 0x000000008e800000| Untracked 
| 233|0x000000008e900000, 0x000000008e900000, 0x000000008ea00000|  0%| F|  |TAMS 0x000000008e900000, 0x000000008e900000| Untracked 
| 234|0x000000008ea00000, 0x000000008ea00000, 0x000000008eb00000|  0%| F|  |TAMS 0x000000008ea00000, 0x000000008ea00000| Untracked 
| 235|0x000000008eb00000, 0x000000008eb00000, 0x000000008ec00000|  0%| F|  |TAMS 0x000000008eb00000, 0x000000008eb00000| Untracked 
| 236|0x000000008ec00000, 0x000000008ec00000, 0x000000008ed00000|  0%| F|  |TAMS 0x000000008ec00000, 0x000000008ec00000| Untracked 
| 237|0x000000008ed00000, 0x000000008ed00000, 0x000000008ee00000|  0%| F|  |TAMS 0x000000008ed00000, 0x000000008ed00000| Untracked 
| 238|0x000000008ee00000, 0x000000008ee00000, 0x000000008ef00000|  0%| F|  |TAMS 0x000000008ee00000, 0x000000008ee00000| Untracked 
| 239|0x000000008ef00000, 0x000000008ef00000, 0x000000008f000000|  0%| F|  |TAMS 0x000000008ef00000, 0x000000008ef00000| Untracked 
| 240|0x000000008f000000, 0x000000008f000000, 0x000000008f100000|  0%| F|  |TAMS 0x000000008f000000, 0x000000008f000000| Untracked 
| 241|0x000000008f100000, 0x000000008f100000, 0x000000008f200000|  0%| F|  |TAMS 0x000000008f100000, 0x000000008f100000| Untracked 
| 242|0x000000008f200000, 0x000000008f200000, 0x000000008f300000|  0%| F|  |TAMS 0x000000008f200000, 0x000000008f200000| Untracked 
| 243|0x000000008f300000, 0x000000008f300000, 0x000000008f400000|  0%| F|  |TAMS 0x000000008f300000, 0x000000008f300000| Untracked 
| 244|0x000000008f400000, 0x000000008f400000, 0x000000008f500000|  0%| F|  |TAMS 0x000000008f400000, 0x000000008f400000| Untracked 
| 245|0x000000008f500000, 0x000000008f500000, 0x000000008f600000|  0%| F|  |TAMS 0x000000008f500000, 0x000000008f500000| Untracked 
| 246|0x000000008f600000, 0x000000008f600000, 0x000000008f700000|  0%| F|  |TAMS 0x000000008f600000, 0x000000008f600000| Untracked 
| 247|0x000000008f700000, 0x000000008f700000, 0x000000008f800000|  0%| F|  |TAMS 0x000000008f700000, 0x000000008f700000| Untracked 
| 248|0x000000008f800000, 0x000000008f800000, 0x000000008f900000|  0%| F|  |TAMS 0x000000008f800000, 0x000000008f800000| Untracked 
| 249|0x000000008f900000, 0x000000008f900000, 0x000000008fa00000|  0%| F|  |TAMS 0x000000008f900000, 0x000000008f900000| Untracked 
| 250|0x000000008fa00000, 0x000000008fa00000, 0x000000008fb00000|  0%| F|  |TAMS 0x000000008fa00000, 0x000000008fa00000| Untracked 
| 251|0x000000008fb00000, 0x000000008fb00000, 0x000000008fc00000|  0%| F|  |TAMS 0x000000008fb00000, 0x000000008fb00000| Untracked 
| 252|0x000000008fc00000, 0x000000008fc00000, 0x000000008fd00000|  0%| F|  |TAMS 0x000000008fc00000, 0x000000008fc00000| Untracked 
| 253|0x000000008fd00000, 0x000000008fd00000, 0x000000008fe00000|  0%| F|  |TAMS 0x000000008fd00000, 0x000000008fd00000| Untracked 

Card table byte_map: [0x000002adc87b0000,0x000002adc8bb0000] _byte_map_base: 0x000002adc83b0000

Marking Bits (Prev, Next): (CMBitMap*) 0x000002adb3ce90d0, (CMBitMap*) 0x000002adb3ce9090
 Prev Bits: [0x000002adcafb0000, 0x000002adccfb0000)
 Next Bits: [0x000002adc8fb0000, 0x000002adcafb0000)

Polling page: 0x000002adb8910000

Metaspace:

Usage:
  Non-class:     63.13 MB used.
      Class:      9.67 MB used.
       Both:     72.80 MB used.

Virtual space:
  Non-class space:       64.00 MB reserved,      63.50 MB (>99%) committed,  8 nodes.
      Class space:        1.00 GB reserved,       9.94 MB ( <1%) committed,  1 nodes.
             Both:        1.06 GB reserved,      73.44 MB (  7%) committed. 

Chunk freelists:
   Non-Class:  109.00 KB
       Class:  2.04 MB
        Both:  2.15 MB

MaxMetaspaceSize: unlimited
CompressedClassSpaceSize: 1.00 GB
Initial GC threshold: 21.00 MB
Current GC threshold: 109.38 MB
CDS: off
MetaspaceReclaimPolicy: balanced
 - commit_granule_bytes: 65536.
 - commit_granule_words: 8192.
 - virtual_space_node_default_size: 1048576.
 - enlarge_chunks_in_place: 1.
 - new_chunks_are_fully_committed: 0.
 - uncommit_free_chunks: 1.
 - use_allocation_guard: 0.
 - handle_deallocations: 1.


Internal statistics:

num_allocs_failed_limit: 3.
num_arena_births: 638.
num_arena_deaths: 0.
num_vsnodes_births: 9.
num_vsnodes_deaths: 0.
num_space_committed: 1175.
num_space_uncommitted: 0.
num_chunks_returned_to_freelist: 3.
num_chunks_taken_from_freelist: 3195.
num_chunk_merges: 0.
num_chunk_splits: 2130.
num_chunks_enlarged: 1466.
num_purges: 0.
num_inconsistent_stats: 0.

CodeHeap 'non-profiled nmethods': size=120000Kb used=4315Kb max_used=4315Kb free=115684Kb
 bounds [0x000002adc0400000, 0x000002adc0840000, 0x000002adc7930000]
CodeHeap 'profiled nmethods': size=120000Kb used=13727Kb max_used=13727Kb free=106272Kb
 bounds [0x000002adb8930000, 0x000002adb96a0000, 0x000002adbfe60000]
CodeHeap 'non-nmethods': size=5760Kb used=2355Kb max_used=2434Kb free=3404Kb
 bounds [0x000002adbfe60000, 0x000002adc00d0000, 0x000002adc0400000]
 total_blobs=7821 nmethods=6939 adapters=794
 compilation: enabled
              stopped_count=0, restarted_count=0
 full_count=0

Compilation events (20 events):
Event: 14.453 Thread 0x000002add047af60 7724       3       org.gradle.internal.instantiation.generator.ManagedObjectFactory::cachedOwnerDisplayNameOf (10 bytes)
Event: 14.453 Thread 0x000002add047af60 nmethod 7724 0x000002adb9690d90 code [0x000002adb9690fa0, 0x000002adb96917a8]
Event: 14.453 Thread 0x000002add047af60 7725       3       org.gradle.internal.instantiation.generator.ManagedObjectFactory$$Lambda$465/0x000000010063cda0::<init> (10 bytes)
Event: 14.454 Thread 0x000002add047af60 nmethod 7725 0x000002adb9691a90 code [0x000002adb9691c20, 0x000002adb9691dd8]
Event: 14.454 Thread 0x000002add047af60 7726       3       org.gradle.internal.serialization.Cached::of (9 bytes)
Event: 14.454 Thread 0x000002add047af60 nmethod 7726 0x000002adb9691e90 code [0x000002adb9692040, 0x000002adb96922f8]
Event: 14.454 Thread 0x000002add047af60 7727       3       org.gradle.internal.serialization.Cached$Deferred::<init> (10 bytes)
Event: 14.454 Thread 0x000002add047af60 nmethod 7727 0x000002adb9692410 code [0x000002adb96925c0, 0x000002adb96927d8]
Event: 14.454 Thread 0x000002add047af60 7728       3       org.gradle.internal.serialization.Cached::<init> (5 bytes)
Event: 14.454 Thread 0x000002add047af60 nmethod 7728 0x000002adb9692910 code [0x000002adb9692aa0, 0x000002adb9692bf8]
Event: 14.454 Thread 0x000002add047af60 7729       3       org.gradle.internal.instantiation.generator.ManagedObjectFactory::newInstance (160 bytes)
Event: 14.456 Thread 0x000002add047af60 nmethod 7729 0x000002adb9692c90 code [0x000002adb96931c0, 0x000002adb9695df8]
Event: 14.456 Thread 0x000002add047af60 7730       3       sun.reflect.generics.parser.SignatureParser::parseSuperInterfaces (51 bytes)
Event: 14.456 Thread 0x000002add047af60 nmethod 7730 0x000002adb9696790 code [0x000002adb96969c0, 0x000002adb9697208]
Event: 14.456 Thread 0x000002add047af60 7731       3       sun.reflect.generics.tree.ClassSignature::make (11 bytes)
Event: 14.457 Thread 0x000002add047af60 nmethod 7731 0x000002adb9697510 code [0x000002adb96976c0, 0x000002adb96979d8]
Event: 14.457 Thread 0x000002add047af60 7732       3       sun.reflect.generics.tree.ClassSignature::<init> (20 bytes)
Event: 14.457 Thread 0x000002add047af60 nmethod 7732 0x000002adb9697b10 code [0x000002adb9697cc0, 0x000002adb9697f38]
Event: 14.460 Thread 0x000002add047af60 7733       3       com.google.common.collect.AbstractMapBasedMultimap::<init> (19 bytes)
Event: 14.460 Thread 0x000002add047af60 nmethod 7733 0x000002adb9698010 code [0x000002adb96981e0, 0x000002adb9698618]

GC Heap History (20 events):
Event: 9.628 GC heap after
{Heap after GC invocations=27 (full 0):
 garbage-first heap   total 167936K, used 100837K [0x0000000080000000, 0x0000000100000000)
  region size 1024K, 3 young (3072K), 3 survivors (3072K)
 Metaspace       used 50441K, committed 51008K, reserved 1097728K
  class space    used 6641K, committed 6912K, reserved 1048576K
}
Event: 10.387 GC heap before
{Heap before GC invocations=27 (full 0):
 garbage-first heap   total 167936K, used 128485K [0x0000000080000000, 0x0000000100000000)
  region size 1024K, 31 young (31744K), 3 survivors (3072K)
 Metaspace       used 51616K, committed 52160K, reserved 1097728K
  class space    used 6766K, committed 7040K, reserved 1048576K
}
Event: 10.393 GC heap after
{Heap after GC invocations=28 (full 0):
 garbage-first heap   total 167936K, used 104055K [0x0000000080000000, 0x0000000100000000)
  region size 1024K, 4 young (4096K), 4 survivors (4096K)
 Metaspace       used 51616K, committed 52160K, reserved 1097728K
  class space    used 6766K, committed 7040K, reserved 1048576K
}
Event: 10.836 GC heap before
{Heap before GC invocations=29 (full 0):
 garbage-first heap   total 181248K, used 139895K [0x0000000080000000, 0x0000000100000000)
  region size 1024K, 31 young (31744K), 4 survivors (4096K)
 Metaspace       used 52734K, committed 53248K, reserved 1097728K
  class space    used 6918K, committed 7168K, reserved 1048576K
}
Event: 10.843 GC heap after
{Heap after GC invocations=30 (full 0):
 garbage-first heap   total 181248K, used 121033K [0x0000000080000000, 0x0000000100000000)
  region size 1024K, 4 young (4096K), 4 survivors (4096K)
 Metaspace       used 52734K, committed 53248K, reserved 1097728K
  class space    used 6918K, committed 7168K, reserved 1048576K
}
Event: 10.908 GC heap before
{Heap before GC invocations=30 (full 0):
 garbage-first heap   total 181248K, used 125129K [0x0000000080000000, 0x0000000100000000)
  region size 1024K, 8 young (8192K), 4 survivors (4096K)
 Metaspace       used 53311K, committed 53824K, reserved 1097728K
  class space    used 6996K, committed 7232K, reserved 1048576K
}
Event: 10.913 GC heap after
{Heap after GC invocations=31 (full 0):
 garbage-first heap   total 181248K, used 121210K [0x0000000080000000, 0x0000000100000000)
  region size 1024K, 1 young (1024K), 1 survivors (1024K)
 Metaspace       used 53311K, committed 53824K, reserved 1097728K
  class space    used 6996K, committed 7232K, reserved 1048576K
}
Event: 11.393 GC heap before
{Heap before GC invocations=31 (full 0):
 garbage-first heap   total 181248K, used 144762K [0x0000000080000000, 0x0000000100000000)
  region size 1024K, 24 young (24576K), 1 survivors (1024K)
 Metaspace       used 57278K, committed 57792K, reserved 1105920K
  class space    used 7528K, committed 7744K, reserved 1048576K
}
Event: 11.396 GC heap after
{Heap after GC invocations=32 (full 0):
 garbage-first heap   total 181248K, used 122022K [0x0000000080000000, 0x0000000100000000)
  region size 1024K, 2 young (2048K), 2 survivors (2048K)
 Metaspace       used 57278K, committed 57792K, reserved 1105920K
  class space    used 7528K, committed 7744K, reserved 1048576K
}
Event: 11.998 GC heap before
{Heap before GC invocations=33 (full 0):
 garbage-first heap   total 209920K, used 146598K [0x0000000080000000, 0x0000000100000000)
  region size 1024K, 27 young (27648K), 2 survivors (2048K)
 Metaspace       used 61846K, committed 62400K, reserved 1105920K
  class space    used 8110K, committed 8384K, reserved 1048576K
}
Event: 12.002 GC heap after
{Heap after GC invocations=34 (full 0):
 garbage-first heap   total 209920K, used 123584K [0x0000000080000000, 0x0000000100000000)
  region size 1024K, 3 young (3072K), 3 survivors (3072K)
 Metaspace       used 61846K, committed 62400K, reserved 1105920K
  class space    used 8110K, committed 8384K, reserved 1048576K
}
Event: 12.123 GC heap before
{Heap before GC invocations=34 (full 0):
 garbage-first heap   total 209920K, used 129728K [0x0000000080000000, 0x0000000100000000)
  region size 1024K, 10 young (10240K), 3 survivors (3072K)
 Metaspace       used 63086K, committed 63680K, reserved 1105920K
  class space    used 8243K, committed 8512K, reserved 1048576K
}
Event: 12.129 GC heap after
{Heap after GC invocations=35 (full 0):
 garbage-first heap   total 209920K, used 126398K [0x0000000080000000, 0x0000000100000000)
  region size 1024K, 2 young (2048K), 2 survivors (2048K)
 Metaspace       used 63086K, committed 63680K, reserved 1105920K
  class space    used 8243K, committed 8512K, reserved 1048576K
}
Event: 12.739 GC heap before
{Heap before GC invocations=35 (full 0):
 garbage-first heap   total 209920K, used 159166K [0x0000000080000000, 0x0000000100000000)
  region size 1024K, 35 young (35840K), 2 survivors (2048K)
 Metaspace       used 66475K, committed 67008K, reserved 1114112K
  class space    used 8647K, committed 8896K, reserved 1048576K
}
Event: 12.743 GC heap after
{Heap after GC invocations=36 (full 0):
 garbage-first heap   total 209920K, used 127787K [0x0000000080000000, 0x0000000100000000)
  region size 1024K, 4 young (4096K), 4 survivors (4096K)
 Metaspace       used 66475K, committed 67008K, reserved 1114112K
  class space    used 8647K, committed 8896K, reserved 1048576K
}
Event: 13.544 GC heap before
{Heap before GC invocations=37 (full 0):
 garbage-first heap   total 222208K, used 169771K [0x0000000080000000, 0x0000000100000000)
  region size 1024K, 44 young (45056K), 4 survivors (4096K)
 Metaspace       used 69715K, committed 70272K, reserved 1114112K
  class space    used 9081K, committed 9344K, reserved 1048576K
}
Event: 13.549 GC heap after
{Heap after GC invocations=38 (full 0):
 garbage-first heap   total 222208K, used 130124K [0x0000000080000000, 0x0000000100000000)
  region size 1024K, 6 young (6144K), 6 survivors (6144K)
 Metaspace       used 69715K, committed 70272K, reserved 1114112K
  class space    used 9081K, committed 9344K, reserved 1048576K
}
Event: 13.592 GC heap before
{Heap before GC invocations=38 (full 0):
 garbage-first heap   total 222208K, used 134220K [0x0000000080000000, 0x0000000100000000)
  region size 1024K, 10 young (10240K), 6 survivors (6144K)
 Metaspace       used 69718K, committed 70272K, reserved 1114112K
  class space    used 9082K, committed 9344K, reserved 1048576K
}
Event: 13.597 GC heap after
{Heap after GC invocations=39 (full 0):
 garbage-first heap   total 222208K, used 130513K [0x0000000080000000, 0x0000000100000000)
  region size 1024K, 1 young (1024K), 1 survivors (1024K)
 Metaspace       used 69718K, committed 70272K, reserved 1114112K
  class space    used 9082K, committed 9344K, reserved 1048576K
}
Event: 14.463 GC heap before
{Heap before GC invocations=39 (full 0):
 garbage-first heap   total 222208K, used 179665K [0x0000000080000000, 0x0000000100000000)
  region size 1024K, 49 young (50176K), 1 survivors (1024K)
 Metaspace       used 74546K, committed 75200K, reserved 1114112K
  class space    used 9897K, committed 10176K, reserved 1048576K
}

Dll operation events (2 events):
Event: 0.010 Loaded shared library C:\Program Files\Android\Android Studio1\jbr\bin\java.dll
Event: 0.591 Loaded shared library C:\Program Files\Android\Android Studio1\jbr\bin\verify.dll

Deoptimization events (20 events):
Event: 13.457 Thread 0x000002add2c4a4f0 Uncommon trap: trap_request=0xffffff45 fr.pc=0x000002adc06b32dc relative=0x000000000000049c
Event: 13.457 Thread 0x000002add2c4a4f0 Uncommon trap: reason=unstable_if action=reinterpret pc=0x000002adc06b32dc method=java.util.StringJoiner.add(Ljava/lang/CharSequence;)Ljava/util/StringJoiner; @ 33 c2
Event: 13.457 Thread 0x000002add2c4a4f0 DEOPT PACKING pc=0x000002adc06b32dc sp=0x000000cf3f1f7620
Event: 13.457 Thread 0x000002add2c4a4f0 DEOPT UNPACKING pc=0x000002adbfeb69a3 sp=0x000000cf3f1f75d0 mode 2
Event: 13.478 Thread 0x000002add2c4a4f0 Uncommon trap: trap_request=0xffffff45 fr.pc=0x000002adc0470540 relative=0x0000000000000680
Event: 13.478 Thread 0x000002add2c4a4f0 Uncommon trap: reason=unstable_if action=reinterpret pc=0x000002adc0470540 method=groovy.lang.MetaClassImpl.filterPropertyMethod(Ljava/lang/Object;ZZ)Ljava/lang/Object; @ 60 c2
Event: 13.478 Thread 0x000002add2c4a4f0 DEOPT PACKING pc=0x000002adc0470540 sp=0x000000cf3f1f81d0
Event: 13.478 Thread 0x000002add2c4a4f0 DEOPT UNPACKING pc=0x000002adbfeb69a3 sp=0x000000cf3f1f8130 mode 2
Event: 13.582 Thread 0x000002add2c4a4f0 Uncommon trap: trap_request=0xfffffff4 fr.pc=0x000002adc06c5cb0 relative=0x0000000000000a10
Event: 13.582 Thread 0x000002add2c4a4f0 Uncommon trap: reason=null_check action=make_not_entrant pc=0x000002adc06c5cb0 method=com.sun.beans.introspect.MethodInfo$MethodOrder.compare(Ljava/lang/reflect/Method;Ljava/lang/reflect/Method;)I @ 133 c2
Event: 13.582 Thread 0x000002add2c4a4f0 DEOPT PACKING pc=0x000002adc06c5cb0 sp=0x000000cf3f1f54c0
Event: 13.583 Thread 0x000002add2c4a4f0 DEOPT UNPACKING pc=0x000002adbfeb69a3 sp=0x000000cf3f1f53f0 mode 2
Event: 13.583 Thread 0x000002add2c4a4f0 Uncommon trap: trap_request=0xfffffff4 fr.pc=0x000002adc06c730c relative=0x000000000000098c
Event: 13.583 Thread 0x000002add2c4a4f0 Uncommon trap: reason=null_check action=make_not_entrant pc=0x000002adc06c730c method=com.sun.beans.introspect.MethodInfo$MethodOrder.compare(Ljava/lang/reflect/Method;Ljava/lang/reflect/Method;)I @ 133 c2
Event: 13.583 Thread 0x000002add2c4a4f0 DEOPT PACKING pc=0x000002adc06c730c sp=0x000000cf3f1f5440
Event: 13.583 Thread 0x000002add2c4a4f0 DEOPT UNPACKING pc=0x000002adbfeb69a3 sp=0x000000cf3f1f53f8 mode 2
Event: 13.815 Thread 0x000002add2c4a4f0 DEOPT PACKING pc=0x000002adb8d5db18 sp=0x000000cf3f1f8f10
Event: 13.815 Thread 0x000002add2c4a4f0 DEOPT UNPACKING pc=0x000002adbfeb7143 sp=0x000000cf3f1f83f0 mode 0
Event: 14.362 Thread 0x000002add2c4a4f0 DEOPT PACKING pc=0x000002adb941517d sp=0x000000cf3f1f8dd0
Event: 14.362 Thread 0x000002add2c4a4f0 DEOPT UNPACKING pc=0x000002adbfeb7143 sp=0x000000cf3f1f8370 mode 0

Classes unloaded (0 events):
No events

Classes redefined (0 events):
No events

Internal exceptions (20 events):
Event: 13.677 Thread 0x000002add2c4a4f0 Exception <a 'java/lang/ClassNotFoundException'{0x000000008cf84aa0}: com/android/builder/core/AbstractBuildTypeCustomizer> (0x000000008cf84aa0) 
thrown [s\src\hotspot\share\classfile\systemDictionary.cpp, line 256]
Event: 13.679 Thread 0x000002add2c4a4f0 Exception <a 'java/lang/ClassNotFoundException'{0x000000008cfad1a0}: com/android/build/gradle/internal/dsl/BuildTypeCustomizer> (0x000000008cfad1a0) 
thrown [s\src\hotspot\share\classfile\systemDictionary.cpp, line 256]
Event: 13.683 Thread 0x000002add2c4a4f0 Exception <a 'java/lang/ClassNotFoundException'{0x000000008ce35800}: com/android/build/gradle/internal/dsl/BuildType$AgpDecoratedCustomizer> (0x000000008ce35800) 
thrown [s\src\hotspot\share\classfile\systemDictionary.cpp, line 256]
Event: 13.685 Thread 0x000002add2c4a4f0 Exception <a 'java/lang/ClassNotFoundException'{0x000000008ce73c48}: com/android/build/gradle/internal/dsl/BuildType$AgpDecorated_DecoratedCustomizer> (0x000000008ce73c48) 
thrown [s\src\hotspot\share\classfile\systemDictionary.cpp, line 256]
Event: 13.691 Thread 0x000002add2c4a4f0 Exception <a 'java/lang/ClassNotFoundException'{0x000000008cd3d578}: build_6dmlno87myq6ruv3sm281wosk$_run_closure1$_closure4BeanInfo> (0x000000008cd3d578) 
thrown [s\src\hotspot\share\classfile\systemDictionary.cpp, line 256]
Event: 13.692 Thread 0x000002add2c4a4f0 Exception <a 'java/lang/ClassNotFoundException'{0x000000008cd47040}: build_6dmlno87myq6ruv3sm281wosk$_run_closure1$_closure4Customizer> (0x000000008cd47040) 
thrown [s\src\hotspot\share\classfile\systemDictionary.cpp, line 256]
Event: 13.694 Thread 0x000002add2c4a4f0 Exception <a 'java/lang/ClassNotFoundException'{0x000000008cd69a70}: build_6dmlno87myq6ruv3sm281wosk$_run_closure1BeanInfo> (0x000000008cd69a70) 
thrown [s\src\hotspot\share\classfile\systemDictionary.cpp, line 256]
Event: 13.694 Thread 0x000002add2c4a4f0 Exception <a 'java/lang/ClassNotFoundException'{0x000000008cd73490}: build_6dmlno87myq6ruv3sm281wosk$_run_closure1Customizer> (0x000000008cd73490) 
thrown [s\src\hotspot\share\classfile\systemDictionary.cpp, line 256]
Event: 13.700 Thread 0x000002add2c4a4f0 Exception <a 'java/lang/ClassNotFoundException'{0x000000008cdac240}: org/gradle/api/JavaVersionBeanInfo> (0x000000008cdac240) 
thrown [s\src\hotspot\share\classfile\systemDictionary.cpp, line 256]
Event: 13.701 Thread 0x000002add2c4a4f0 Exception <a 'java/lang/ClassNotFoundException'{0x000000008cdbf5f8}: org/gradle/api/JavaVersionCustomizer> (0x000000008cdbf5f8) 
thrown [s\src\hotspot\share\classfile\systemDictionary.cpp, line 256]
Event: 13.705 Thread 0x000002add2c4a4f0 Exception <a 'java/lang/ClassNotFoundException'{0x000000008cc0c3f0}: com/android/build/gradle/internal/CompileOptions$AgpDecorated_DecoratedBeanInfo> (0x000000008cc0c3f0) 
thrown [s\src\hotspot\share\classfile\systemDictionary.cpp, line 256]
Event: 13.705 Thread 0x000002add2c4a4f0 Exception <a 'java/lang/ClassNotFoundException'{0x000000008cc17420}: com/android/build/gradle/internal/CompileOptions$AgpDecoratedBeanInfo> (0x000000008cc17420) 
thrown [s\src\hotspot\share\classfile\systemDictionary.cpp, line 256]
Event: 13.707 Thread 0x000002add2c4a4f0 Exception <a 'java/lang/ClassNotFoundException'{0x000000008cc23070}: com/android/build/gradle/internal/CompileOptionsBeanInfo> (0x000000008cc23070) 
thrown [s\src\hotspot\share\classfile\systemDictionary.cpp, line 256]
Event: 13.708 Thread 0x000002add2c4a4f0 Exception <a 'java/lang/ClassNotFoundException'{0x000000008cc2e4d0}: com/android/build/gradle/internal/CompileOptionsCustomizer> (0x000000008cc2e4d0) 
thrown [s\src\hotspot\share\classfile\systemDictionary.cpp, line 256]
Event: 13.709 Thread 0x000002add2c4a4f0 Exception <a 'java/lang/ClassNotFoundException'{0x000000008cc457e0}: com/android/build/gradle/internal/CompileOptions$AgpDecoratedCustomizer> (0x000000008cc457e0) 
thrown [s\src\hotspot\share\classfile\systemDictionary.cpp, line 256]
Event: 13.711 Thread 0x000002add2c4a4f0 Exception <a 'java/lang/ClassNotFoundException'{0x000000008cc5f7e0}: com/android/build/gradle/internal/CompileOptions$AgpDecorated_DecoratedCustomizer> (0x000000008cc5f7e0) 
thrown [s\src\hotspot\share\classfile\systemDictionary.cpp, line 256]
Event: 13.731 Thread 0x000002add2c4a4f0 Exception <a 'java/lang/ClassNotFoundException'{0x000000008cb92a30}: org/jetbrains/kotlin/gradle/dsl/KotlinJvmOptionsImplBeanInfo> (0x000000008cb92a30) 
thrown [s\src\hotspot\share\classfile\systemDictionary.cpp, line 256]
Event: 13.731 Thread 0x000002add2c4a4f0 Exception <a 'java/lang/ClassNotFoundException'{0x000000008cb9d650}: org/jetbrains/kotlin/gradle/dsl/KotlinJvmOptionsBaseBeanInfo> (0x000000008cb9d650) 
thrown [s\src\hotspot\share\classfile\systemDictionary.cpp, line 256]
Event: 13.732 Thread 0x000002add2c4a4f0 Exception <a 'java/lang/ClassNotFoundException'{0x000000008cba84a8}: org/jetbrains/kotlin/gradle/dsl/KotlinJvmOptionsBaseCustomizer> (0x000000008cba84a8) 
thrown [s\src\hotspot\share\classfile\systemDictionary.cpp, line 256]
Event: 13.733 Thread 0x000002add2c4a4f0 Exception <a 'java/lang/ClassNotFoundException'{0x000000008cbcc578}: org/jetbrains/kotlin/gradle/dsl/KotlinJvmOptionsImplCustomizer> (0x000000008cbcc578) 
thrown [s\src\hotspot\share\classfile\systemDictionary.cpp, line 256]

VM Operations (20 events):
Event: 12.807 Executing VM operation: G1Concurrent done
Event: 12.840 Executing VM operation: G1Concurrent
Event: 12.840 Executing VM operation: G1Concurrent done
Event: 12.939 Executing VM operation: HandshakeAllThreads
Event: 12.939 Executing VM operation: HandshakeAllThreads done
Event: 13.093 Executing VM operation: HandshakeAllThreads
Event: 13.093 Executing VM operation: HandshakeAllThreads done
Event: 13.414 Executing VM operation: ICBufferFull
Event: 13.414 Executing VM operation: ICBufferFull done
Event: 13.506 Executing VM operation: HandshakeAllThreads
Event: 13.507 Executing VM operation: HandshakeAllThreads done
Event: 13.544 Executing VM operation: G1CollectForAllocation
Event: 13.549 Executing VM operation: G1CollectForAllocation done
Event: 13.592 Executing VM operation: G1CollectForAllocation
Event: 13.598 Executing VM operation: G1CollectForAllocation done
Event: 13.764 Executing VM operation: HandshakeAllThreads
Event: 13.765 Executing VM operation: HandshakeAllThreads done
Event: 14.387 Executing VM operation: HandshakeAllThreads
Event: 14.387 Executing VM operation: HandshakeAllThreads done
Event: 14.463 Executing VM operation: G1CollectForAllocation

Events (20 events):
Event: 12.977 loading class java/text/CharacterIterator
Event: 12.977 loading class java/text/CharacterIterator done
Event: 12.978 loading class java/text/StringCharacterIterator
Event: 12.978 loading class java/text/StringCharacterIterator done
Event: 13.024 loading class java/time/format/DateTimeFormatterBuilder$WeekBasedFieldPrinterParser
Event: 13.024 loading class java/time/format/DateTimeFormatterBuilder$WeekBasedFieldPrinterParser done
Event: 13.040 loading class com/sun/jmx/mbeanserver/StandardMBeanSupport
Event: 13.040 loading class com/sun/jmx/mbeanserver/StandardMBeanSupport done
Event: 13.041 loading class com/sun/jmx/mbeanserver/StandardMBeanIntrospector
Event: 13.041 loading class com/sun/jmx/mbeanserver/StandardMBeanIntrospector done
Event: 13.096 Thread 0x000002add7db4760 Thread added: 0x000002add7db4760
Event: 13.493 loading class java/util/concurrent/LinkedBlockingDeque$Itr
Event: 13.493 loading class java/util/concurrent/LinkedBlockingDeque$AbstractItr
Event: 13.493 loading class java/util/concurrent/LinkedBlockingDeque$AbstractItr done
Event: 13.493 loading class java/util/concurrent/LinkedBlockingDeque$Itr done
Event: 13.589 loading class java/beans/IntrospectionException
Event: 13.589 loading class java/beans/IntrospectionException done
Event: 14.188 Thread 0x000002add324c570 Thread exited: 0x000002add324c570
Event: 14.393 Thread 0x000002add0493c70 flushing nmethod 0x000002adb8d86190
Event: 14.398 Thread 0x000002add0493c70 flushing nmethod 0x000002adb9311910


Dynamic libraries:
0x00007ff7d33b0000 - 0x00007ff7d33ba000 	C:\Program Files\Android\Android Studio1\jbr\bin\java.exe
0x00007ffc86bb0000 - 0x00007ffc86da8000 	C:\WINDOWS\SYSTEM32\ntdll.dll
0x00007ffc85830000 - 0x00007ffc858ef000 	C:\WINDOWS\System32\KERNEL32.DLL
0x00007ffc846f0000 - 0x00007ffc849e6000 	C:\WINDOWS\System32\KERNELBASE.dll
0x00007ffc84580000 - 0x00007ffc84680000 	C:\WINDOWS\System32\ucrtbase.dll
0x00007ffc5e560000 - 0x00007ffc5e57b000 	C:\Program Files\Android\Android Studio1\jbr\bin\VCRUNTIME140.dll
0x00007ffc734e0000 - 0x00007ffc734f7000 	C:\Program Files\Android\Android Studio1\jbr\bin\jli.dll
0x00007ffc86230000 - 0x00007ffc863cd000 	C:\WINDOWS\System32\USER32.dll
0x00007ffc6af80000 - 0x00007ffc6b21a000 	C:\WINDOWS\WinSxS\amd64_microsoft.windows.common-controls_6595b64144ccf1df_6.0.19041.1110_none_60b5254171f9507e\COMCTL32.dll
0x00007ffc843b0000 - 0x00007ffc843d2000 	C:\WINDOWS\System32\win32u.dll
0x00007ffc86730000 - 0x00007ffc8675c000 	C:\WINDOWS\System32\GDI32.dll
0x00007ffc867d0000 - 0x00007ffc8686e000 	C:\WINDOWS\System32\msvcrt.dll
0x00007ffc84290000 - 0x00007ffc843a5000 	C:\WINDOWS\System32\gdi32full.dll
0x00007ffc843e0000 - 0x00007ffc8447d000 	C:\WINDOWS\System32\msvcp_win.dll
0x00007ffc85b80000 - 0x00007ffc85bb0000 	C:\WINDOWS\System32\IMM32.DLL
0x00007ffc7da00000 - 0x00007ffc7da0c000 	C:\Program Files\Android\Android Studio1\jbr\bin\vcruntime140_1.dll
0x00007ffc4bec0000 - 0x00007ffc4bf4d000 	C:\Program Files\Android\Android Studio1\jbr\bin\msvcp140.dll
0x00007ffc17e90000 - 0x00007ffc18afd000 	C:\Program Files\Android\Android Studio1\jbr\bin\server\jvm.dll
0x00007ffc858f0000 - 0x00007ffc8599f000 	C:\WINDOWS\System32\ADVAPI32.dll
0x00007ffc85a50000 - 0x00007ffc85aec000 	C:\WINDOWS\System32\sechost.dll
0x00007ffc860f0000 - 0x00007ffc86216000 	C:\WINDOWS\System32\RPCRT4.dll
0x00007ffc6fcc0000 - 0x00007ffc6fcc9000 	C:\WINDOWS\SYSTEM32\WSOCK32.dll
0x00007ffc71710000 - 0x00007ffc71737000 	C:\WINDOWS\SYSTEM32\WINMM.dll
0x00007ffc85af0000 - 0x00007ffc85b5b000 	C:\WINDOWS\System32\WS2_32.dll
0x00007ffc7d850000 - 0x00007ffc7d85a000 	C:\WINDOWS\SYSTEM32\VERSION.dll
0x00007ffc82a90000 - 0x00007ffc82aa2000 	C:\WINDOWS\SYSTEM32\kernel.appcore.dll
0x00007ffc733f0000 - 0x00007ffc733fa000 	C:\Program Files\Android\Android Studio1\jbr\bin\jimage.dll
0x00007ffc82010000 - 0x00007ffc821f4000 	C:\WINDOWS\SYSTEM32\DBGHELP.DLL
0x00007ffc74670000 - 0x00007ffc746a4000 	C:\WINDOWS\SYSTEM32\dbgcore.DLL
0x00007ffc849f0000 - 0x00007ffc84a72000 	C:\WINDOWS\System32\bcryptPrimitives.dll
0x00007ffc46fe0000 - 0x00007ffc47005000 	C:\Program Files\Android\Android Studio1\jbr\bin\java.dll
0x00007ffc730f0000 - 0x00007ffc73108000 	C:\Program Files\Android\Android Studio1\jbr\bin\zip.dll
0x00007ffc84dd0000 - 0x00007ffc85514000 	C:\WINDOWS\System32\SHELL32.dll
0x00007ffc822e0000 - 0x00007ffc82a74000 	C:\WINDOWS\SYSTEM32\windows.storage.dll
0x00007ffc863d0000 - 0x00007ffc86724000 	C:\WINDOWS\System32\combase.dll
0x00007ffc83cd0000 - 0x00007ffc83cfe000 	C:\WINDOWS\SYSTEM32\Wldp.dll
0x00007ffc859a0000 - 0x00007ffc85a4d000 	C:\WINDOWS\System32\SHCORE.dll
0x00007ffc86770000 - 0x00007ffc867c5000 	C:\WINDOWS\System32\shlwapi.dll
0x00007ffc841c0000 - 0x00007ffc841e5000 	C:\WINDOWS\SYSTEM32\profapi.dll
0x00007ffc5dfe0000 - 0x00007ffc5dff9000 	C:\Program Files\Android\Android Studio1\jbr\bin\net.dll
0x00007ffc7ab70000 - 0x00007ffc7ac7a000 	C:\WINDOWS\SYSTEM32\WINHTTP.dll
0x00007ffc839e0000 - 0x00007ffc83a4a000 	C:\WINDOWS\system32\mswsock.dll
0x00007ffc5ce50000 - 0x00007ffc5ce66000 	C:\Program Files\Android\Android Studio1\jbr\bin\nio.dll
0x00007ffc6d5b0000 - 0x00007ffc6d5c0000 	C:\Program Files\Android\Android Studio1\jbr\bin\verify.dll
0x00007ffc6d2f0000 - 0x00007ffc6d317000 	C:\Users\Filipe Guia\.gradle\native\e1d6ef7f7dcc3fd88c89a11ec53ec762bb8ba0a96d01ffa2cd45eb1d1d8dd5c5\windows-amd64\native-platform.dll
0x00007ffc3e080000 - 0x00007ffc3e1c4000 	C:\Users\Filipe Guia\.gradle\native\5664cfc778a61ccfe75a443a1ab52a65af34e5dc3c78e0209fed803814484fcb\windows-amd64\native-platform-file-events.dll
0x00007ffc73390000 - 0x00007ffc73399000 	C:\Program Files\Android\Android Studio1\jbr\bin\management.dll
0x00007ffc71450000 - 0x00007ffc7145b000 	C:\Program Files\Android\Android Studio1\jbr\bin\management_ext.dll
0x00007ffc855d0000 - 0x00007ffc855d8000 	C:\WINDOWS\System32\PSAPI.DLL
0x00007ffc83ba0000 - 0x00007ffc83bb8000 	C:\WINDOWS\SYSTEM32\CRYPTSP.dll
0x00007ffc832a0000 - 0x00007ffc832d4000 	C:\WINDOWS\system32\rsaenh.dll
0x00007ffc84be0000 - 0x00007ffc84c07000 	C:\WINDOWS\System32\bcrypt.dll
0x00007ffc84180000 - 0x00007ffc841ae000 	C:\WINDOWS\SYSTEM32\USERENV.dll
0x00007ffc83b90000 - 0x00007ffc83b9c000 	C:\WINDOWS\SYSTEM32\CRYPTBASE.dll
0x00007ffc83690000 - 0x00007ffc836cc000 	C:\WINDOWS\SYSTEM32\IPHLPAPI.DLL
0x00007ffc86760000 - 0x00007ffc86768000 	C:\WINDOWS\System32\NSI.dll
0x00007ffc7c4f0000 - 0x00007ffc7c507000 	C:\WINDOWS\SYSTEM32\dhcpcsvc6.DLL
0x00007ffc7c4d0000 - 0x00007ffc7c4ed000 	C:\WINDOWS\SYSTEM32\dhcpcsvc.DLL
0x00007ffc836e0000 - 0x00007ffc837aa000 	C:\WINDOWS\SYSTEM32\DNSAPI.dll
0x00007ffc6d580000 - 0x00007ffc6d587000 	C:\WINDOWS\system32\wshunix.dll

dbghelp: loaded successfully - version: 4.0.5 - missing functions: none
symbol engine: initialized successfully - sym options: 0x614 - pdb path: .;C:\Program Files\Android\Android Studio1\jbr\bin;C:\WINDOWS\SYSTEM32;C:\WINDOWS\WinSxS\amd64_microsoft.windows.common-controls_6595b64144ccf1df_6.0.19041.1110_none_60b5254171f9507e;C:\Program Files\Android\Android Studio1\jbr\bin\server;C:\Users\Filipe Guia\.gradle\native\e1d6ef7f7dcc3fd88c89a11ec53ec762bb8ba0a96d01ffa2cd45eb1d1d8dd5c5\windows-amd64;C:\Users\Filipe Guia\.gradle\native\5664cfc778a61ccfe75a443a1ab52a65af34e5dc3c78e0209fed803814484fcb\windows-amd64

VM Arguments:
jvm_args: --add-opens=java.base/java.util=ALL-UNNAMED --add-opens=java.base/java.lang=ALL-UNNAMED --add-opens=java.base/java.lang.invoke=ALL-UNNAMED --add-opens=java.base/java.util=ALL-UNNAMED --add-opens=java.prefs/java.util.prefs=ALL-UNNAMED --add-opens=java.prefs/java.util.prefs=ALL-UNNAMED --add-opens=java.base/java.nio.charset=ALL-UNNAMED --add-opens=java.base/java.net=ALL-UNNAMED --add-opens=java.base/java.util.concurrent.atomic=ALL-UNNAMED -Xmx2048m -Dfile.encoding=UTF-8 -Duser.country=PT -Duser.language=pt -Duser.variant 
java_command: org.gradle.launcher.daemon.bootstrap.GradleDaemon 7.2
java_class_path (initial): C:\Users\Filipe Guia\.gradle\wrapper\dists\gradle-7.2-bin\2dnblmf4td7x66yl1d74lt32g\gradle-7.2\lib\gradle-launcher-7.2.jar
Launcher Type: SUN_STANDARD

[Global flags]
     intx CICompilerCount                          = 4                                         {product} {ergonomic}
     uint ConcGCThreads                            = 2                                         {product} {ergonomic}
     uint G1ConcRefinementThreads                  = 8                                         {product} {ergonomic}
   size_t G1HeapRegionSize                         = 1048576                                   {product} {ergonomic}
    uintx GCDrainStackTargetSize                   = 64                                        {product} {ergonomic}
   size_t InitialHeapSize                          = 266338304                                 {product} {ergonomic}
   size_t MarkStackSize                            = 4194304                                   {product} {ergonomic}
   size_t MaxHeapSize                              = 2147483648                                {product} {command line}
   size_t MaxNewSize                               = 1287651328                                {product} {ergonomic}
   size_t MinHeapDeltaBytes                        = 1048576                                   {product} {ergonomic}
   size_t MinHeapSize                              = 8388608                                   {product} {ergonomic}
    uintx NonNMethodCodeHeapSize                   = 5839372                                {pd product} {ergonomic}
    uintx NonProfiledCodeHeapSize                  = 122909434                              {pd product} {ergonomic}
    uintx ProfiledCodeHeapSize                     = 122909434                              {pd product} {ergonomic}
    uintx ReservedCodeCacheSize                    = 251658240                              {pd product} {ergonomic}
     bool SegmentedCodeCache                       = true                                      {product} {ergonomic}
   size_t SoftMaxHeapSize                          = 2147483648                             {manageable} {ergonomic}
     bool UseCompressedClassPointers               = true                           {product lp64_product} {ergonomic}
     bool UseCompressedOops                        = true                           {product lp64_product} {ergonomic}
     bool UseG1GC                                  = true                                      {product} {ergonomic}
     bool UseLargePagesIndividualAllocation        = false                                  {pd product} {ergonomic}

Logging:
Log output configuration:
 #0: stdout all=warning uptime,level,tags
 #1: stderr all=off uptime,level,tags

Environment Variables:
JAVA_HOME=C:\Program Files\Java\jdk-11.0.13
PATH=C:\Program Files\Common Files\Oracle\Java\javapath;C:\Program Files (x86)\Common Files\Oracle\Java\javapath;C:\WINDOWS\system32;C:\WINDOWS;C:\WINDOWS\System32\Wbem;C:\WINDOWS\System32\WindowsPowerShell\v1.0\;C:\WINDOWS\System32\OpenSSH\;C:\Program Files\PuTTY\;C:\Program Files\Java\jdk-16.0.2\bin;C:\Program Files\Git\cmd;C:\Program Files (x86)\NVIDIA Corporation\PhysX\Common;C:\Program Files\NVIDIA Corporation\NVIDIA NvDLISR;C:\Program Files\nodejs\;C:\src\flutter;C:\HashiCorp\Vagrant\bin;;C:\Program Files\Docker\Docker\resources\bin;C:\Users\Filipe Guia\AppData\Local\Programs\Python\Python310\Scripts\;C:\Users\Filipe Guia\AppData\Local\Programs\Python\Python310\;"C:\Users\Filipe Guia\AppData\Local\Microsoft\WindowsApps;C:\Android\Sdk\platform-tools";C:\Users\Filipe Guia\AppData\Local\GitHubDesktop\bin;C:\Users\Filipe Guia\AppData\Local\Programs\Microsoft VS Code\bin;C:\xampp\php;C:\sqlite;C:\Users\Filipe Guia\AppData\Local\Microsoft\WindowsApps;C:\Users\Filipe Guia\AppData\Roaming\npm;
USERNAME=Filipe Guia
OS=Windows_NT
PROCESSOR_IDENTIFIER=Intel64 Family 6 Model 158 Stepping 10, GenuineIntel
TMP=C:\Users\FILIPE~1\AppData\Local\Temp
TEMP=C:\Users\FILIPE~1\AppData\Local\Temp



---------------  S Y S T E M  ---------------

OS:
 Windows 10 , 64 bit Build 19041 (10.0.19041.3155)
OS uptime: 4 days 20:02 hours
Hyper-V role detected

CPU: total 8 (initial active 8) (4 cores per cpu, 2 threads per core) family 6 model 158 stepping 10 microcode 0xca, cx8, cmov, fxsr, ht, mmx, 3dnowpref, sse, sse2, sse3, ssse3, sse4.1, sse4.2, popcnt, lzcnt, tsc, tscinvbit, avx, avx2, aes, erms, clmul, bmi1, bmi2, adx, fma, vzeroupper, clflush, clflushopt, hv

Memory: 4k page, system-wide physical 16232M (4004M free)
TotalPageFile size 32232M (AvailPageFile size 21M)
current process WorkingSet (physical memory assigned to process): 447M, peak: 448M
current process commit charge ("private bytes"): 529M, peak: 619M

vm_info: OpenJDK 64-Bit Server VM (17.0.6+0-b2043.56-9586694) for windows-amd64 JRE (17.0.6+0-b2043.56-9586694), built on Feb  9 2023 20:06:20 by "androidbuild" with MS VC++ 16.10 / 16.11 (VS2019)

END.
