#
# There is insufficient memory for the Java Runtime Environment to continue.
# Native memory allocation (mmap) failed to map 29360128 bytes for G1 virtual space
# Possible reasons:
#   The system is out of physical RAM or swap space
#   The process is running with CompressedOops enabled, and the Java Heap may be blocking the growth of the native heap
# Possible solutions:
#   Reduce memory load on the system
#   Increase physical memory or swap space
#   Check if swap backing store is full
#   Decrease Java heap size (-Xmx/-Xms)
#   Decrease number of Java threads
#   Decrease Java thread stack sizes (-Xss)
#   Set larger code cache with -XX:ReservedCodeCacheSize=
#   JVM is running with Unscaled Compressed Oops mode in which the Java heap is
#     placed in the first 4GB address space. The Java Heap base address is the
#     maximum limit for the native heap growth. Please use -XX:HeapBaseMinAddress
#     to set the Java Heap base and to place the Java Heap above 4GB virtual address.
# This output file may be truncated or incomplete.
#
#  Out of Memory Error (os_windows.cpp:3769), pid=22508, tid=21288
#
# JRE version: OpenJDK Runtime Environment (17.0.6) (build 17.0.6+0-b2043.56-9586694)
# Java VM: OpenJDK 64-Bit Server VM (17.0.6+0-b2043.56-9586694, mixed mode, tiered, compressed oops, compressed class ptrs, g1 gc, windows-amd64)
# No core dump will be written. Minidumps are not enabled by default on client versions of Windows
#

---------------  S U M M A R Y ------------

Command Line: --add-opens=java.base/java.util=ALL-UNNAMED --add-opens=java.base/java.lang=ALL-UNNAMED --add-opens=java.base/java.lang.invoke=ALL-UNNAMED --add-opens=java.base/java.util=ALL-UNNAMED --add-opens=java.prefs/java.util.prefs=ALL-UNNAMED --add-opens=java.prefs/java.util.prefs=ALL-UNNAMED --add-opens=java.base/java.nio.charset=ALL-UNNAMED --add-opens=java.base/java.net=ALL-UNNAMED --add-opens=java.base/java.util.concurrent.atomic=ALL-UNNAMED -Xmx2048m -Dfile.encoding=UTF-8 -Duser.country=PT -Duser.language=pt -Duser.variant org.gradle.launcher.daemon.bootstrap.GradleDaemon 7.2

Host: Intel(R) Core(TM) i5-8300H CPU @ 2.30GHz, 8 cores, 15G,  Windows 10 , 64 bit Build 19041 (10.0.19041.3155)
Time: Fri Jul 21 23:42:42 2023 Hora de Verão de GMT elapsed time: 17.890436 seconds (0d 0h 0m 17s)

---------------  T H R E A D  ---------------

Current thread (0x000001b657c28940):  VMThread "VM Thread" [stack: 0x00000045a4900000,0x00000045a4a00000] [id=21288]

Stack: [0x00000045a4900000,0x00000045a4a00000]
Native frames: (J=compiled Java code, j=interpreted, Vv=VM code, C=native code)
V  [jvm.dll+0x683b4a]
V  [jvm.dll+0x842654]
V  [jvm.dll+0x843dfe]
V  [jvm.dll+0x844463]
V  [jvm.dll+0x249b75]
V  [jvm.dll+0x680a19]
V  [jvm.dll+0x674f0a]
V  [jvm.dll+0x309acb]
V  [jvm.dll+0x310f86]
V  [jvm.dll+0x3608ee]
V  [jvm.dll+0x360b1f]
V  [jvm.dll+0x2dfbf8]
V  [jvm.dll+0x2e2ce6]
V  [jvm.dll+0x2ed478]
V  [jvm.dll+0x322150]
V  [jvm.dll+0x84893b]
V  [jvm.dll+0x849674]
V  [jvm.dll+0x849b8d]
V  [jvm.dll+0x849f64]
V  [jvm.dll+0x84a030]
V  [jvm.dll+0x7f25fa]
V  [jvm.dll+0x682985]
C  [ucrtbase.dll+0x21bb2]
C  [KERNEL32.DLL+0x17614]
C  [ntdll.dll+0x526b1]

VM_Operation (0x00000045a45ff610): G1Concurrent, mode: safepoint, requested by thread 0x000001b63d5ca300


---------------  P R O C E S S  ---------------

Threads class SMR info:
_java_thread_list=0x000001b6597d0410, length=127, elements={
0x000001b63d55b3b0, 0x000001b657c2bd00, 0x000001b657c2cd00, 0x000001b657c75630,
0x000001b657c831c0, 0x000001b657c892a0, 0x000001b657c89770, 0x000001b657c962a0,
0x000001b657c97340, 0x000001b657ca0810, 0x000001b657c89c40, 0x000001b657c875c0,
0x000001b657c87a90, 0x000001b657c88430, 0x000001b657c88900, 0x000001b657c86280,
0x000001b657c86c20, 0x000001b657c870f0, 0x000001b657c87f60, 0x000001b657c88dd0,
0x000001b65a57f880, 0x000001b65a57cd30, 0x000001b65a57fd50, 0x000001b65a57f3b0,
0x000001b65a57e070, 0x000001b65a5806f0, 0x000001b65a57a1e0, 0x000001b65a57ab80,
0x000001b65a57e540, 0x000001b65a57d200, 0x000001b65a57d6d0, 0x000001b65a57b520,
0x000001b65a57a6b0, 0x000001b65a57bec0, 0x000001b65a57ea10, 0x000001b65a581090,
0x000001b65a57b9f0, 0x000001b65a581560, 0x000001b65a57c390, 0x000001b65a580bc0,
0x000001b65a57dba0, 0x000001b65d9ee7c0, 0x000001b65d9ea460, 0x000001b65d9e9120,
0x000001b65d9e9f90, 0x000001b65d9ea930, 0x000001b65d9ed480, 0x000001b65d9ebc70,
0x000001b65d9ec610, 0x000001b65d9ed950, 0x000001b65d9ecae0, 0x000001b65d9eb2d0,
0x000001b65d9eec90, 0x000001b65d9e9ac0, 0x000001b65d9ede20, 0x000001b65d9e95f0,
0x000001b65d9e7440, 0x000001b65d9e7910, 0x000001b65d9e7de0, 0x000001b65d9e82b0,
0x000001b65d9e8780, 0x000001b657c86750, 0x000001b65e1fc680, 0x000001b65e1fae70,
0x000001b65e1fa4d0, 0x000001b65e1fc1b0, 0x000001b65e1f9660, 0x000001b65e1ff6a0,
0x000001b65e1fd020, 0x000001b65e1fd4f0, 0x000001b65e1fcb50, 0x000001b65e1f9190,
0x000001b65e1fd9c0, 0x000001b65e1fa9a0, 0x000001b65e1fe360, 0x000001b65e1f9b30,
0x000001b65e1fde90, 0x000001b65e1fb340, 0x000001b65e1fb810, 0x000001b65e1fbce0,
0x000001b65e1fa000, 0x000001b65e1fe830, 0x000001b65e1fed00, 0x000001b65e1ff1d0,
0x000001b65e1ffb70, 0x000001b65e200040, 0x000001b65e200510, 0x000001b65e1f8cc0,
0x000001b65b52d8e0, 0x000001b65b52d410, 0x000001b65b52c0d0, 0x000001b65b52b730,
0x000001b65b52a8c0, 0x000001b65b52ad90, 0x000001b65b52b260, 0x000001b65b52c5a0,
0x000001b65b52ca70, 0x000001b65b52cf40, 0x000001b65b52ddb0, 0x000001b65b52bc00,
0x000001b65b52a3f0, 0x000001b65de2d980, 0x000001b65de2cb10, 0x000001b65de2d4b0,
0x000001b65de2b300, 0x000001b65de2cfe0, 0x000001b65de29fc0, 0x000001b65de2c170,
0x000001b65de2b7d0, 0x000001b65de2a490, 0x000001b65de2bca0, 0x000001b65de2c640,
0x000001b65de2a960, 0x000001b65de2ae30, 0x000001b65d7d0f30, 0x000001b65d7cf720,
0x000001b65d7caa20, 0x000001b65d7ca550, 0x000001b65d7caef0, 0x000001b65d7ccbd0,
0x000001b65d7d1400, 0x000001b65d7d0590, 0x000001b65d7ced80, 0x000001b658ee6c30,
0x000001b65d7cb890, 0x000001b65d7cb3c0, 0x000001b658ee9ed0
}

Java Threads: ( => current thread )
  0x000001b63d55b3b0 JavaThread "main" [_thread_blocked, id=27416, stack(0x00000045a4300000,0x00000045a4400000)]
  0x000001b657c2bd00 JavaThread "Reference Handler" daemon [_thread_blocked, id=25764, stack(0x00000045a4a00000,0x00000045a4b00000)]
  0x000001b657c2cd00 JavaThread "Finalizer" daemon [_thread_blocked, id=14728, stack(0x00000045a4b00000,0x00000045a4c00000)]
  0x000001b657c75630 JavaThread "Signal Dispatcher" daemon [_thread_blocked, id=6036, stack(0x00000045a4c00000,0x00000045a4d00000)]
  0x000001b657c831c0 JavaThread "Attach Listener" daemon [_thread_blocked, id=13380, stack(0x00000045a4d00000,0x00000045a4e00000)]
  0x000001b657c892a0 JavaThread "Service Thread" daemon [_thread_blocked, id=10140, stack(0x00000045a4e00000,0x00000045a4f00000)]
  0x000001b657c89770 JavaThread "Monitor Deflation Thread" daemon [_thread_blocked, id=29400, stack(0x00000045a4f00000,0x00000045a5000000)]
  0x000001b657c962a0 JavaThread "C2 CompilerThread0" daemon [_thread_blocked, id=14592, stack(0x00000045a5000000,0x00000045a5100000)]
  0x000001b657c97340 JavaThread "C1 CompilerThread0" daemon [_thread_blocked, id=23632, stack(0x00000045a5100000,0x00000045a5200000)]
  0x000001b657ca0810 JavaThread "Sweeper thread" daemon [_thread_blocked, id=27564, stack(0x00000045a5200000,0x00000045a5300000)]
  0x000001b657c89c40 JavaThread "Common-Cleaner" daemon [_thread_blocked, id=21236, stack(0x00000045a5300000,0x00000045a5400000)]
  0x000001b657c875c0 JavaThread "Notification Thread" daemon [_thread_blocked, id=18704, stack(0x00000045a5400000,0x00000045a5500000)]
  0x000001b657c87a90 JavaThread "Daemon health stats" [_thread_blocked, id=4516, stack(0x00000045a5d00000,0x00000045a5e00000)]
  0x000001b657c88430 JavaThread "Incoming local TCP Connector on port 60936" [_thread_in_native, id=21668, stack(0x00000045a5600000,0x00000045a5700000)]
  0x000001b657c88900 JavaThread "Daemon periodic checks" [_thread_blocked, id=25060, stack(0x00000045a5c00000,0x00000045a5d00000)]
  0x000001b657c86280 JavaThread "Daemon" [_thread_blocked, id=15876, stack(0x00000045a5e00000,0x00000045a5f00000)]
  0x000001b657c86c20 JavaThread "Handler for socket connection from /127.0.0.1:60936 to /127.0.0.1:60937" [_thread_in_native, id=16796, stack(0x00000045a5f00000,0x00000045a6000000)]
  0x000001b657c870f0 JavaThread "Cancel handler" [_thread_blocked, id=2824, stack(0x00000045a6000000,0x00000045a6100000)]
  0x000001b657c87f60 JavaThread "Daemon worker" [_thread_blocked, id=27896, stack(0x00000045a6100000,0x00000045a6200000)]
  0x000001b657c88dd0 JavaThread "Asynchronous log dispatcher for DefaultDaemonConnection: socket connection from /127.0.0.1:60936 to /127.0.0.1:60937" [_thread_blocked, id=11388, stack(0x00000045a6200000,0x00000045a6300000)]
  0x000001b65a57f880 JavaThread "Stdin handler" [_thread_blocked, id=18956, stack(0x00000045a6300000,0x00000045a6400000)]
  0x000001b65a57cd30 JavaThread "Daemon client event forwarder" [_thread_blocked, id=20640, stack(0x00000045a6400000,0x00000045a6500000)]
  0x000001b65a57fd50 JavaThread "Cache worker for journal cache (C:\Users\Filipe Guia\.gradle\caches\journal-1)" [_thread_blocked, id=16660, stack(0x00000045a6800000,0x00000045a6900000)]
  0x000001b65a57f3b0 JavaThread "File lock request listener" [_thread_in_native, id=17724, stack(0x00000045a6900000,0x00000045a6a00000)]
  0x000001b65a57e070 JavaThread "Cache worker for file hash cache (C:\Users\Filipe Guia\.gradle\caches\7.2\fileHashes)" [_thread_blocked, id=6488, stack(0x00000045a6a00000,0x00000045a6b00000)]
  0x000001b65a5806f0 JavaThread "Cache worker for file hash cache (C:\ProjetoAndroid\MoviesManager\.gradle\7.2\fileHashes)" [_thread_blocked, id=24140, stack(0x00000045a6c00000,0x00000045a6d00000)]
  0x000001b65a57a1e0 JavaThread "File watcher server" daemon [_thread_in_native, id=29460, stack(0x00000045a6e00000,0x00000045a6f00000)]
  0x000001b65a57ab80 JavaThread "File watcher consumer" daemon [_thread_blocked, id=492, stack(0x00000045a6f00000,0x00000045a7000000)]
  0x000001b65a57e540 JavaThread "jar transforms" [_thread_blocked, id=17224, stack(0x00000045a7000000,0x00000045a7100000)]
  0x000001b65a57d200 JavaThread "jar transforms Thread 2" [_thread_blocked, id=22168, stack(0x00000045a7100000,0x00000045a7200000)]
  0x000001b65a57d6d0 JavaThread "jar transforms Thread 3" [_thread_blocked, id=10192, stack(0x00000045a7200000,0x00000045a7300000)]
  0x000001b65a57b520 JavaThread "jar transforms Thread 4" [_thread_blocked, id=9980, stack(0x00000045a7300000,0x00000045a7400000)]
  0x000001b65a57a6b0 JavaThread "jar transforms Thread 5" [_thread_blocked, id=20684, stack(0x00000045a7400000,0x00000045a7500000)]
  0x000001b65a57bec0 JavaThread "jar transforms Thread 6" [_thread_blocked, id=30460, stack(0x00000045a7500000,0x00000045a7600000)]
  0x000001b65a57ea10 JavaThread "jar transforms Thread 7" [_thread_blocked, id=16572, stack(0x00000045a7600000,0x00000045a7700000)]
  0x000001b65a581090 JavaThread "jar transforms Thread 8" [_thread_blocked, id=15060, stack(0x00000045a7700000,0x00000045a7800000)]
  0x000001b65a57b9f0 JavaThread "Cache worker for checksums cache (C:\ProjetoAndroid\MoviesManager\.gradle\checksums)" [_thread_blocked, id=28524, stack(0x00000045a7800000,0x00000045a7900000)]
  0x000001b65a581560 JavaThread "Cache worker for cache directory md-supplier (C:\Users\Filipe Guia\.gradle\caches\7.2\md-supplier)" [_thread_blocked, id=24080, stack(0x00000045a7900000,0x00000045a7a00000)]
  0x000001b65a57c390 JavaThread "Cache worker for cache directory md-rule (C:\Users\Filipe Guia\.gradle\caches\7.2\md-rule)" [_thread_blocked, id=10692, stack(0x00000045a7a00000,0x00000045a7b00000)]
  0x000001b65a580bc0 JavaThread "Cache worker for execution history cache (C:\Users\Filipe Guia\.gradle\caches\7.2\executionHistory)" [_thread_blocked, id=11832, stack(0x00000045a7b00000,0x00000045a7c00000)]
  0x000001b65a57dba0 JavaThread "Cache worker for file content cache (C:\Users\Filipe Guia\.gradle\caches\7.2\fileContent)" [_thread_blocked, id=12308, stack(0x00000045a7c00000,0x00000045a7d00000)]
  0x000001b65d9ee7c0 JavaThread "Cache worker for dependencies-accessors (C:\ProjetoAndroid\MoviesManager\.gradle\7.2\dependencies-accessors)" [_thread_blocked, id=10340, stack(0x00000045a7d00000,0x00000045a7e00000)]
  0x000001b65d9ea460 JavaThread "Cache worker for Build Output Cleanup Cache (C:\ProjetoAndroid\MoviesManager\.gradle\buildOutputCleanup)" [_thread_blocked, id=19440, stack(0x00000045a7e00000,0x00000045a7f00000)]
  0x000001b65d9e9120 JavaThread "Unconstrained build operations" [_thread_blocked, id=17980, stack(0x00000045a6d00000,0x00000045a6e00000)]
  0x000001b65d9e9f90 JavaThread "Unconstrained build operations Thread 2" [_thread_blocked, id=7320, stack(0x00000045a7f00000,0x00000045a8000000)]
  0x000001b65d9ea930 JavaThread "Unconstrained build operations Thread 3" [_thread_blocked, id=2444, stack(0x00000045a8000000,0x00000045a8100000)]
  0x000001b65d9ed480 JavaThread "Unconstrained build operations Thread 4" [_thread_blocked, id=18224, stack(0x00000045a8100000,0x00000045a8200000)]
  0x000001b65d9ebc70 JavaThread "Unconstrained build operations Thread 5" [_thread_blocked, id=15316, stack(0x00000045a8200000,0x00000045a8300000)]
  0x000001b65d9ec610 JavaThread "Unconstrained build operations Thread 6" [_thread_blocked, id=1436, stack(0x00000045a8300000,0x00000045a8400000)]
  0x000001b65d9ed950 JavaThread "Unconstrained build operations Thread 7" [_thread_blocked, id=27724, stack(0x00000045a8400000,0x00000045a8500000)]
  0x000001b65d9ecae0 JavaThread "Unconstrained build operations Thread 8" [_thread_blocked, id=25056, stack(0x00000045a8500000,0x00000045a8600000)]
  0x000001b65d9eb2d0 JavaThread "Unconstrained build operations Thread 9" [_thread_blocked, id=21260, stack(0x00000045a8600000,0x00000045a8700000)]
  0x000001b65d9eec90 JavaThread "Unconstrained build operations Thread 10" [_thread_blocked, id=19444, stack(0x00000045a8700000,0x00000045a8800000)]
  0x000001b65d9e9ac0 JavaThread "Unconstrained build operations Thread 11" [_thread_blocked, id=21976, stack(0x00000045a8800000,0x00000045a8900000)]
  0x000001b65d9ede20 JavaThread "Unconstrained build operations Thread 12" [_thread_blocked, id=20648, stack(0x00000045a8900000,0x00000045a8a00000)]
  0x000001b65d9e95f0 JavaThread "Unconstrained build operations Thread 13" [_thread_blocked, id=3232, stack(0x00000045a8a00000,0x00000045a8b00000)]
  0x000001b65d9e7440 JavaThread "Unconstrained build operations Thread 14" [_thread_blocked, id=26576, stack(0x00000045a8b00000,0x00000045a8c00000)]
  0x000001b65d9e7910 JavaThread "Unconstrained build operations Thread 15" [_thread_blocked, id=22524, stack(0x00000045a8c00000,0x00000045a8d00000)]
  0x000001b65d9e7de0 JavaThread "Unconstrained build operations Thread 16" [_thread_blocked, id=29700, stack(0x00000045a8d00000,0x00000045a8e00000)]
  0x000001b65d9e82b0 JavaThread "Unconstrained build operations Thread 17" [_thread_blocked, id=12072, stack(0x00000045a8e00000,0x00000045a8f00000)]
  0x000001b65d9e8780 JavaThread "Unconstrained build operations Thread 18" [_thread_blocked, id=3920, stack(0x00000045a8f00000,0x00000045a9000000)]
  0x000001b657c86750 JavaThread "Unconstrained build operations Thread 19" [_thread_blocked, id=26192, stack(0x00000045a9000000,0x00000045a9100000)]
  0x000001b65e1fc680 JavaThread "Unconstrained build operations Thread 20" [_thread_blocked, id=8972, stack(0x00000045a9100000,0x00000045a9200000)]
  0x000001b65e1fae70 JavaThread "Unconstrained build operations Thread 21" [_thread_blocked, id=8856, stack(0x00000045a9200000,0x00000045a9300000)]
  0x000001b65e1fa4d0 JavaThread "Unconstrained build operations Thread 22" [_thread_blocked, id=28372, stack(0x00000045a9300000,0x00000045a9400000)]
  0x000001b65e1fc1b0 JavaThread "Unconstrained build operations Thread 23" [_thread_blocked, id=18024, stack(0x00000045a9400000,0x00000045a9500000)]
  0x000001b65e1f9660 JavaThread "Unconstrained build operations Thread 24" [_thread_blocked, id=17680, stack(0x00000045a9500000,0x00000045a9600000)]
  0x000001b65e1ff6a0 JavaThread "Unconstrained build operations Thread 25" [_thread_blocked, id=748, stack(0x00000045a9600000,0x00000045a9700000)]
  0x000001b65e1fd020 JavaThread "Unconstrained build operations Thread 26" [_thread_blocked, id=12880, stack(0x00000045a9700000,0x00000045a9800000)]
  0x000001b65e1fd4f0 JavaThread "Unconstrained build operations Thread 27" [_thread_blocked, id=13772, stack(0x00000045a9800000,0x00000045a9900000)]
  0x000001b65e1fcb50 JavaThread "Unconstrained build operations Thread 28" [_thread_blocked, id=24376, stack(0x00000045a9900000,0x00000045a9a00000)]
  0x000001b65e1f9190 JavaThread "Unconstrained build operations Thread 29" [_thread_blocked, id=3572, stack(0x00000045a9a00000,0x00000045a9b00000)]
  0x000001b65e1fd9c0 JavaThread "Unconstrained build operations Thread 30" [_thread_blocked, id=13208, stack(0x00000045a9b00000,0x00000045a9c00000)]
  0x000001b65e1fa9a0 JavaThread "Unconstrained build operations Thread 31" [_thread_blocked, id=21044, stack(0x00000045a9c00000,0x00000045a9d00000)]
  0x000001b65e1fe360 JavaThread "Unconstrained build operations Thread 32" [_thread_blocked, id=22884, stack(0x00000045a9d00000,0x00000045a9e00000)]
  0x000001b65e1f9b30 JavaThread "Unconstrained build operations Thread 33" [_thread_blocked, id=21844, stack(0x00000045a9e00000,0x00000045a9f00000)]
  0x000001b65e1fde90 JavaThread "Unconstrained build operations Thread 34" [_thread_blocked, id=19768, stack(0x00000045a9f00000,0x00000045aa000000)]
  0x000001b65e1fb340 JavaThread "Unconstrained build operations Thread 35" [_thread_blocked, id=22592, stack(0x00000045aa000000,0x00000045aa100000)]
  0x000001b65e1fb810 JavaThread "Unconstrained build operations Thread 36" [_thread_blocked, id=12248, stack(0x00000045aa100000,0x00000045aa200000)]
  0x000001b65e1fbce0 JavaThread "Unconstrained build operations Thread 37" [_thread_blocked, id=21468, stack(0x00000045aa200000,0x00000045aa300000)]
  0x000001b65e1fa000 JavaThread "Unconstrained build operations Thread 38" [_thread_blocked, id=7736, stack(0x00000045aa300000,0x00000045aa400000)]
  0x000001b65e1fe830 JavaThread "Unconstrained build operations Thread 39" [_thread_blocked, id=17348, stack(0x00000045aa400000,0x00000045aa500000)]
  0x000001b65e1fed00 JavaThread "Unconstrained build operations Thread 40" [_thread_blocked, id=23724, stack(0x00000045aa500000,0x00000045aa600000)]
  0x000001b65e1ff1d0 JavaThread "Unconstrained build operations Thread 41" [_thread_blocked, id=13892, stack(0x00000045aa600000,0x00000045aa700000)]
  0x000001b65e1ffb70 JavaThread "Unconstrained build operations Thread 42" [_thread_blocked, id=12444, stack(0x00000045aa700000,0x00000045aa800000)]
  0x000001b65e200040 JavaThread "Unconstrained build operations Thread 43" [_thread_blocked, id=17060, stack(0x00000045aa800000,0x00000045aa900000)]
  0x000001b65e200510 JavaThread "Unconstrained build operations Thread 44" [_thread_blocked, id=28264, stack(0x00000045aa900000,0x00000045aaa00000)]
  0x000001b65e1f8cc0 JavaThread "Unconstrained build operations Thread 45" [_thread_blocked, id=14792, stack(0x00000045aaa00000,0x00000045aab00000)]
  0x000001b65b52d8e0 JavaThread "Unconstrained build operations Thread 46" [_thread_blocked, id=13560, stack(0x00000045aab00000,0x00000045aac00000)]
  0x000001b65b52d410 JavaThread "Unconstrained build operations Thread 47" [_thread_blocked, id=21104, stack(0x00000045aac00000,0x00000045aad00000)]
  0x000001b65b52c0d0 JavaThread "Unconstrained build operations Thread 48" [_thread_blocked, id=9784, stack(0x00000045aad00000,0x00000045aae00000)]
  0x000001b65b52b730 JavaThread "Unconstrained build operations Thread 49" [_thread_blocked, id=19808, stack(0x00000045aae00000,0x00000045aaf00000)]
  0x000001b65b52a8c0 JavaThread "Unconstrained build operations Thread 50" [_thread_blocked, id=13444, stack(0x00000045aaf00000,0x00000045ab000000)]
  0x000001b65b52ad90 JavaThread "Unconstrained build operations Thread 51" [_thread_blocked, id=30264, stack(0x00000045ab000000,0x00000045ab100000)]
  0x000001b65b52b260 JavaThread "Unconstrained build operations Thread 52" [_thread_blocked, id=10604, stack(0x00000045ab100000,0x00000045ab200000)]
  0x000001b65b52c5a0 JavaThread "Unconstrained build operations Thread 53" [_thread_blocked, id=16000, stack(0x00000045ab200000,0x00000045ab300000)]
  0x000001b65b52ca70 JavaThread "Unconstrained build operations Thread 54" [_thread_blocked, id=10772, stack(0x00000045ab300000,0x00000045ab400000)]
  0x000001b65b52cf40 JavaThread "Unconstrained build operations Thread 55" [_thread_blocked, id=13668, stack(0x00000045ab400000,0x00000045ab500000)]
  0x000001b65b52ddb0 JavaThread "Unconstrained build operations Thread 56" [_thread_blocked, id=26344, stack(0x00000045ab500000,0x00000045ab600000)]
  0x000001b65b52bc00 JavaThread "Unconstrained build operations Thread 57" [_thread_blocked, id=14940, stack(0x00000045ab600000,0x00000045ab700000)]
  0x000001b65b52a3f0 JavaThread "Unconstrained build operations Thread 58" [_thread_blocked, id=29496, stack(0x00000045ab700000,0x00000045ab800000)]
  0x000001b65de2d980 JavaThread "Unconstrained build operations Thread 59" [_thread_blocked, id=17196, stack(0x00000045ab800000,0x00000045ab900000)]
  0x000001b65de2cb10 JavaThread "Unconstrained build operations Thread 60" [_thread_blocked, id=26368, stack(0x00000045ab900000,0x00000045aba00000)]
  0x000001b65de2d4b0 JavaThread "Unconstrained build operations Thread 61" [_thread_blocked, id=20832, stack(0x00000045aba00000,0x00000045abb00000)]
  0x000001b65de2b300 JavaThread "Unconstrained build operations Thread 62" [_thread_blocked, id=19928, stack(0x00000045abb00000,0x00000045abc00000)]
  0x000001b65de2cfe0 JavaThread "Unconstrained build operations Thread 63" [_thread_blocked, id=19860, stack(0x00000045abc00000,0x00000045abd00000)]
  0x000001b65de29fc0 JavaThread "Unconstrained build operations Thread 64" [_thread_blocked, id=27540, stack(0x00000045abd00000,0x00000045abe00000)]
  0x000001b65de2c170 JavaThread "Unconstrained build operations Thread 65" [_thread_blocked, id=23688, stack(0x00000045abe00000,0x00000045abf00000)]
  0x000001b65de2b7d0 JavaThread "Unconstrained build operations Thread 66" [_thread_blocked, id=27156, stack(0x00000045abf00000,0x00000045ac000000)]
  0x000001b65de2a490 JavaThread "Unconstrained build operations Thread 67" [_thread_blocked, id=13456, stack(0x00000045ac000000,0x00000045ac100000)]
  0x000001b65de2bca0 JavaThread "Unconstrained build operations Thread 68" [_thread_blocked, id=1596, stack(0x00000045ac100000,0x00000045ac200000)]
  0x000001b65de2c640 JavaThread "Unconstrained build operations Thread 69" [_thread_blocked, id=22112, stack(0x00000045ac200000,0x00000045ac300000)]
  0x000001b65de2a960 JavaThread "Unconstrained build operations Thread 70" [_thread_blocked, id=17492, stack(0x00000045ac300000,0x00000045ac400000)]
  0x000001b65de2ae30 JavaThread "Unconstrained build operations Thread 71" [_thread_blocked, id=23592, stack(0x00000045ac400000,0x00000045ac500000)]
  0x000001b65d7d0f30 JavaThread "Unconstrained build operations Thread 72" [_thread_blocked, id=14220, stack(0x00000045ac500000,0x00000045ac600000)]
  0x000001b65d7cf720 JavaThread "Unconstrained build operations Thread 73" [_thread_blocked, id=672, stack(0x00000045ac600000,0x00000045ac700000)]
  0x000001b65d7caa20 JavaThread "Unconstrained build operations Thread 74" [_thread_blocked, id=15632, stack(0x00000045ac700000,0x00000045ac800000)]
  0x000001b65d7ca550 JavaThread "Unconstrained build operations Thread 75" [_thread_blocked, id=19836, stack(0x00000045ac800000,0x00000045ac900000)]
  0x000001b65d7caef0 JavaThread "Unconstrained build operations Thread 76" [_thread_blocked, id=10756, stack(0x00000045ac900000,0x00000045aca00000)]
  0x000001b65d7ccbd0 JavaThread "Unconstrained build operations Thread 77" [_thread_blocked, id=18320, stack(0x00000045aca00000,0x00000045acb00000)]
  0x000001b65d7d1400 JavaThread "Unconstrained build operations Thread 78" [_thread_blocked, id=8712, stack(0x00000045acb00000,0x00000045acc00000)]
  0x000001b65d7d0590 JavaThread "Unconstrained build operations Thread 79" [_thread_blocked, id=20016, stack(0x00000045acc00000,0x00000045acd00000)]
  0x000001b65d7ced80 JavaThread "Unconstrained build operations Thread 80" [_thread_blocked, id=19648, stack(0x00000045acd00000,0x00000045ace00000)]
  0x000001b658ee6c30 JavaThread "C2 CompilerThread1" daemon [_thread_blocked, id=30428, stack(0x00000045a6b00000,0x00000045a6c00000)]
  0x000001b65d7cb890 JavaThread "Memory manager" [_thread_blocked, id=10412, stack(0x00000045acf00000,0x00000045ad000000)]
  0x000001b65d7cb3c0 JavaThread "build event listener" [_thread_blocked, id=28200, stack(0x00000045ad000000,0x00000045ad100000)]
  0x000001b658ee9ed0 JavaThread "C2 CompilerThread2" daemon [_thread_blocked, id=30404, stack(0x00000045ace00000,0x00000045acf00000)]

Other Threads:
=>0x000001b657c28940 VMThread "VM Thread" [stack: 0x00000045a4900000,0x00000045a4a00000] [id=21288]
  0x000001b657e11dd0 WatcherThread [stack: 0x00000045a5500000,0x00000045a5600000] [id=28068]
  0x000001b63d5b84a0 GCTaskThread "GC Thread#0" [stack: 0x00000045a4400000,0x00000045a4500000] [id=8460]
  0x000001b658a40c90 GCTaskThread "GC Thread#1" [stack: 0x00000045a5700000,0x00000045a5800000] [id=24200]
  0x000001b658caf420 GCTaskThread "GC Thread#2" [stack: 0x00000045a5800000,0x00000045a5900000] [id=30032]
  0x000001b658caf6d0 GCTaskThread "GC Thread#3" [stack: 0x00000045a5900000,0x00000045a5a00000] [id=18032]
  0x000001b658e75370 GCTaskThread "GC Thread#4" [stack: 0x00000045a5a00000,0x00000045a5b00000] [id=17008]
  0x000001b65862b500 GCTaskThread "GC Thread#5" [stack: 0x00000045a5b00000,0x00000045a5c00000] [id=10780]
  0x000001b65aa00d30 GCTaskThread "GC Thread#6" [stack: 0x00000045a6500000,0x00000045a6600000] [id=10324]
  0x000001b65aa01540 GCTaskThread "GC Thread#7" [stack: 0x00000045a6600000,0x00000045a6700000] [id=9472]
  0x000001b63d5ca300 ConcurrentGCThread "G1 Main Marker" [stack: 0x00000045a4500000,0x00000045a4600000] [id=14784]
  0x000001b63d5cb3c0 ConcurrentGCThread "G1 Conc#0" [stack: 0x00000045a4600000,0x00000045a4700000] [id=25884]
  0x000001b65aa00a80 ConcurrentGCThread "G1 Conc#1" [stack: 0x00000045a6700000,0x00000045a6800000] [id=2996]
  0x000001b63d62d760 ConcurrentGCThread "G1 Refine#0" [stack: 0x00000045a4700000,0x00000045a4800000] [id=20792]
  0x000001b63d62e090 ConcurrentGCThread "G1 Service" [stack: 0x00000045a4800000,0x00000045a4900000] [id=26468]

Threads with active compile tasks:
C2 CompilerThread0    17927 8703   !   4       java.lang.reflect.Executable::sharedToGenericString (255 bytes)

VM state: at safepoint (normal execution)

VM Mutex/Monitor currently owned by a thread:  ([mutex/lock_event])
[0x000001b63d5571b0] Threads_lock - owner thread: 0x000001b657c28940
[0x000001b63d556f70] Heap_lock - owner thread: 0x000001b63d5ca300

Heap address: 0x0000000080000000, size: 2048 MB, Compressed Oops mode: 32-bit

CDS archive(s) not mapped
Compressed class space mapped at: 0x0000000100000000-0x0000000140000000, reserved size: 1073741824
Narrow klass base: 0x0000000000000000, Narrow klass shift: 3, Narrow klass range: 0x140000000

GC Precious Log:
 CPUs: 8 total, 8 available
 Memory: 16232M
 Large Page Support: Disabled
 NUMA Support: Disabled
 Compressed Oops: Enabled (32-bit)
 Heap Region Size: 1M
 Heap Min Capacity: 8M
 Heap Initial Capacity: 254M
 Heap Max Capacity: 2G
 Pre-touch: Disabled
 Parallel Workers: 8
 Concurrent Workers: 2
 Concurrent Refinement Workers: 8
 Periodic GC: Disabled

Heap:
 garbage-first heap   total 260096K, used 171383K [0x0000000080000000, 0x0000000100000000)
  region size 1024K, 6 young (6144K), 3 survivors (3072K)
 Metaspace       used 82736K, committed 83328K, reserved 1122304K
  class space    used 11089K, committed 11328K, reserved 1048576K

Heap Regions: E=young(eden), S=young(survivor), O=old, HS=humongous(starts), HC=humongous(continues), CS=collection set, F=free, OA=open archive, CA=closed archive, TAMS=top-at-mark-start (previous, next)
|   0|0x0000000080000000, 0x0000000080100000, 0x0000000080100000|100%| O|  |TAMS 0x0000000080100000, 0x0000000080000000| Untracked 
|   1|0x0000000080100000, 0x0000000080200000, 0x0000000080200000|100%| O|  |TAMS 0x0000000080200000, 0x0000000080100000| Untracked 
|   2|0x0000000080200000, 0x0000000080300000, 0x0000000080300000|100%| O|  |TAMS 0x0000000080300000, 0x0000000080200000| Untracked 
|   3|0x0000000080300000, 0x0000000080400000, 0x0000000080400000|100%|HS|  |TAMS 0x0000000080400000, 0x0000000080300000| Complete 
|   4|0x0000000080400000, 0x0000000080500000, 0x0000000080500000|100%|HC|  |TAMS 0x0000000080500000, 0x0000000080400000| Complete 
|   5|0x0000000080500000, 0x0000000080600000, 0x0000000080600000|100%|HC|  |TAMS 0x0000000080600000, 0x0000000080500000| Complete 
|   6|0x0000000080600000, 0x0000000080700000, 0x0000000080700000|100%| O|  |TAMS 0x0000000080700000, 0x0000000080600000| Untracked 
|   7|0x0000000080700000, 0x0000000080800000, 0x0000000080800000|100%| O|  |TAMS 0x0000000080800000, 0x0000000080700000| Untracked 
|   8|0x0000000080800000, 0x0000000080900000, 0x0000000080900000|100%| O|  |TAMS 0x0000000080900000, 0x0000000080800000| Untracked 
|   9|0x0000000080900000, 0x0000000080a00000, 0x0000000080a00000|100%| O|  |TAMS 0x0000000080a00000, 0x0000000080900000| Untracked 
|  10|0x0000000080a00000, 0x0000000080b00000, 0x0000000080b00000|100%| O|  |TAMS 0x0000000080b00000, 0x0000000080a00000| Untracked 
|  11|0x0000000080b00000, 0x0000000080c00000, 0x0000000080c00000|100%| O|  |TAMS 0x0000000080c00000, 0x0000000080b00000| Untracked 
|  12|0x0000000080c00000, 0x0000000080d00000, 0x0000000080d00000|100%| O|  |TAMS 0x0000000080d00000, 0x0000000080c00000| Untracked 
|  13|0x0000000080d00000, 0x0000000080e00000, 0x0000000080e00000|100%| O|  |TAMS 0x0000000080e00000, 0x0000000080d00000| Untracked 
|  14|0x0000000080e00000, 0x0000000080f00000, 0x0000000080f00000|100%| O|  |TAMS 0x0000000080f00000, 0x0000000080e00000| Untracked 
|  15|0x0000000080f00000, 0x0000000081000000, 0x0000000081000000|100%| O|  |TAMS 0x0000000081000000, 0x0000000080f00000| Untracked 
|  16|0x0000000081000000, 0x0000000081100000, 0x0000000081100000|100%| O|  |TAMS 0x0000000081100000, 0x0000000081000000| Untracked 
|  17|0x0000000081100000, 0x0000000081200000, 0x0000000081200000|100%| O|  |TAMS 0x0000000081200000, 0x0000000081100000| Untracked 
|  18|0x0000000081200000, 0x0000000081300000, 0x0000000081300000|100%| O|  |TAMS 0x0000000081300000, 0x0000000081200000| Untracked 
|  19|0x0000000081300000, 0x0000000081400000, 0x0000000081400000|100%| O|  |TAMS 0x0000000081400000, 0x0000000081300000| Untracked 
|  20|0x0000000081400000, 0x0000000081500000, 0x0000000081500000|100%|HS|  |TAMS 0x0000000081500000, 0x0000000081400000| Complete 
|  21|0x0000000081500000, 0x0000000081600000, 0x0000000081600000|100%|HC|  |TAMS 0x0000000081600000, 0x0000000081500000| Complete 
|  22|0x0000000081600000, 0x0000000081700000, 0x0000000081700000|100%|HS|  |TAMS 0x0000000081700000, 0x0000000081600000| Complete 
|  23|0x0000000081700000, 0x0000000081800000, 0x0000000081800000|100%|HC|  |TAMS 0x0000000081800000, 0x0000000081700000| Complete 
|  24|0x0000000081800000, 0x0000000081900000, 0x0000000081900000|100%|HC|  |TAMS 0x0000000081900000, 0x0000000081800000| Complete 
|  25|0x0000000081900000, 0x0000000081a00000, 0x0000000081a00000|100%|HS|  |TAMS 0x0000000081a00000, 0x0000000081900000| Complete 
|  26|0x0000000081a00000, 0x0000000081b00000, 0x0000000081b00000|100%|HC|  |TAMS 0x0000000081b00000, 0x0000000081a00000| Complete 
|  27|0x0000000081b00000, 0x0000000081c00000, 0x0000000081c00000|100%|HC|  |TAMS 0x0000000081c00000, 0x0000000081b00000| Complete 
|  28|0x0000000081c00000, 0x0000000081d00000, 0x0000000081d00000|100%|HC|  |TAMS 0x0000000081d00000, 0x0000000081c00000| Complete 
|  29|0x0000000081d00000, 0x0000000081e00000, 0x0000000081e00000|100%|HC|  |TAMS 0x0000000081e00000, 0x0000000081d00000| Complete 
|  30|0x0000000081e00000, 0x0000000081f00000, 0x0000000081f00000|100%|HC|  |TAMS 0x0000000081f00000, 0x0000000081e00000| Complete 
|  31|0x0000000081f00000, 0x0000000082000000, 0x0000000082000000|100%| O|  |TAMS 0x0000000082000000, 0x0000000081f00000| Updating 
|  32|0x0000000082000000, 0x0000000082100000, 0x0000000082100000|100%|HS|  |TAMS 0x0000000082100000, 0x0000000082000000| Complete 
|  33|0x0000000082100000, 0x0000000082200000, 0x0000000082200000|100%|HS|  |TAMS 0x0000000082200000, 0x0000000082100000| Complete 
|  34|0x0000000082200000, 0x0000000082300000, 0x0000000082300000|100%|HC|  |TAMS 0x0000000082300000, 0x0000000082200000| Complete 
|  35|0x0000000082300000, 0x0000000082400000, 0x0000000082400000|100%|HS|  |TAMS 0x0000000082400000, 0x0000000082300000| Complete 
|  36|0x0000000082400000, 0x0000000082500000, 0x0000000082500000|100%|HC|  |TAMS 0x0000000082500000, 0x0000000082400000| Complete 
|  37|0x0000000082500000, 0x0000000082600000, 0x0000000082600000|100%|HC|  |TAMS 0x0000000082600000, 0x0000000082500000| Complete 
|  38|0x0000000082600000, 0x0000000082700000, 0x0000000082700000|100%|HC|  |TAMS 0x0000000082700000, 0x0000000082600000| Complete 
|  39|0x0000000082700000, 0x0000000082800000, 0x0000000082800000|100%|HC|  |TAMS 0x0000000082800000, 0x0000000082700000| Complete 
|  40|0x0000000082800000, 0x0000000082900000, 0x0000000082900000|100%|HC|  |TAMS 0x0000000082900000, 0x0000000082800000| Complete 
|  41|0x0000000082900000, 0x0000000082a00000, 0x0000000082a00000|100%|HC|  |TAMS 0x0000000082a00000, 0x0000000082900000| Complete 
|  42|0x0000000082a00000, 0x0000000082b00000, 0x0000000082b00000|100%|HC|  |TAMS 0x0000000082b00000, 0x0000000082a00000| Complete 
|  43|0x0000000082b00000, 0x0000000082c00000, 0x0000000082c00000|100%|HC|  |TAMS 0x0000000082c00000, 0x0000000082b00000| Complete 
|  44|0x0000000082c00000, 0x0000000082d00000, 0x0000000082d00000|100%|HC|  |TAMS 0x0000000082d00000, 0x0000000082c00000| Complete 
|  45|0x0000000082d00000, 0x0000000082e00000, 0x0000000082e00000|100%|HS|  |TAMS 0x0000000082e00000, 0x0000000082d00000| Complete 
|  46|0x0000000082e00000, 0x0000000082f00000, 0x0000000082f00000|100%|HC|  |TAMS 0x0000000082f00000, 0x0000000082e00000| Complete 
|  47|0x0000000082f00000, 0x0000000083000000, 0x0000000083000000|100%|HS|  |TAMS 0x0000000083000000, 0x0000000082f00000| Complete 
|  48|0x0000000083000000, 0x0000000083100000, 0x0000000083100000|100%|HC|  |TAMS 0x0000000083100000, 0x0000000083000000| Complete 
|  49|0x0000000083100000, 0x0000000083200000, 0x0000000083200000|100%|HC|  |TAMS 0x0000000083200000, 0x0000000083100000| Complete 
|  50|0x0000000083200000, 0x0000000083300000, 0x0000000083300000|100%| O|  |TAMS 0x0000000083300000, 0x0000000083200000| Untracked 
|  51|0x0000000083300000, 0x0000000083400000, 0x0000000083400000|100%| O|  |TAMS 0x0000000083400000, 0x0000000083300000| Updating 
|  52|0x0000000083400000, 0x0000000083500000, 0x0000000083500000|100%| O|  |TAMS 0x0000000083500000, 0x0000000083400000| Untracked 
|  53|0x0000000083500000, 0x0000000083600000, 0x0000000083600000|100%| O|  |TAMS 0x0000000083600000, 0x0000000083500000| Untracked 
|  54|0x0000000083600000, 0x0000000083700000, 0x0000000083700000|100%| O|  |TAMS 0x0000000083700000, 0x0000000083600000| Untracked 
|  55|0x0000000083700000, 0x0000000083800000, 0x0000000083800000|100%| O|  |TAMS 0x0000000083800000, 0x0000000083700000| Untracked 
|  56|0x0000000083800000, 0x0000000083900000, 0x0000000083900000|100%| O|  |TAMS 0x0000000083900000, 0x0000000083800000| Untracked 
|  57|0x0000000083900000, 0x0000000083a00000, 0x0000000083a00000|100%| O|  |TAMS 0x0000000083a00000, 0x0000000083900000| Untracked 
|  58|0x0000000083a00000, 0x0000000083b00000, 0x0000000083b00000|100%| O|  |TAMS 0x0000000083b00000, 0x0000000083a00000| Untracked 
|  59|0x0000000083b00000, 0x0000000083c00000, 0x0000000083c00000|100%| O|  |TAMS 0x0000000083c00000, 0x0000000083b00000| Untracked 
|  60|0x0000000083c00000, 0x0000000083d00000, 0x0000000083d00000|100%| O|  |TAMS 0x0000000083d00000, 0x0000000083c00000| Untracked 
|  61|0x0000000083d00000, 0x0000000083e00000, 0x0000000083e00000|100%|HS|  |TAMS 0x0000000083e00000, 0x0000000083d00000| Complete 
|  62|0x0000000083e00000, 0x0000000083f00000, 0x0000000083f00000|100%|HC|  |TAMS 0x0000000083f00000, 0x0000000083e00000| Complete 
|  63|0x0000000083f00000, 0x0000000084000000, 0x0000000084000000|100%|HC|  |TAMS 0x0000000084000000, 0x0000000083f00000| Complete 
|  64|0x0000000084000000, 0x0000000084100000, 0x0000000084100000|100%|HS|  |TAMS 0x0000000084100000, 0x0000000084000000| Complete 
|  65|0x0000000084100000, 0x0000000084200000, 0x0000000084200000|100%|HC|  |TAMS 0x0000000084200000, 0x0000000084100000| Complete 
|  66|0x0000000084200000, 0x0000000084300000, 0x0000000084300000|100%|HS|  |TAMS 0x0000000084300000, 0x0000000084200000| Complete 
|  67|0x0000000084300000, 0x0000000084400000, 0x0000000084400000|100%|HC|  |TAMS 0x0000000084400000, 0x0000000084300000| Complete 
|  68|0x0000000084400000, 0x0000000084500000, 0x0000000084500000|100%|HC|  |TAMS 0x0000000084500000, 0x0000000084400000| Complete 
|  69|0x0000000084500000, 0x0000000084600000, 0x0000000084600000|100%|HC|  |TAMS 0x0000000084600000, 0x0000000084500000| Complete 
|  70|0x0000000084600000, 0x0000000084700000, 0x0000000084700000|100%|HC|  |TAMS 0x0000000084700000, 0x0000000084600000| Complete 
|  71|0x0000000084700000, 0x0000000084800000, 0x0000000084800000|100%|HC|  |TAMS 0x0000000084800000, 0x0000000084700000| Complete 
|  72|0x0000000084800000, 0x0000000084900000, 0x0000000084900000|100%|HC|  |TAMS 0x0000000084900000, 0x0000000084800000| Complete 
|  73|0x0000000084900000, 0x0000000084a00000, 0x0000000084a00000|100%|HC|  |TAMS 0x0000000084a00000, 0x0000000084900000| Complete 
|  74|0x0000000084a00000, 0x0000000084b00000, 0x0000000084b00000|100%|HC|  |TAMS 0x0000000084b00000, 0x0000000084a00000| Complete 
|  75|0x0000000084b00000, 0x0000000084c00000, 0x0000000084c00000|100%|HC|  |TAMS 0x0000000084c00000, 0x0000000084b00000| Complete 
|  76|0x0000000084c00000, 0x0000000084d00000, 0x0000000084d00000|100%|HC|  |TAMS 0x0000000084d00000, 0x0000000084c00000| Complete 
|  77|0x0000000084d00000, 0x0000000084e00000, 0x0000000084e00000|100%|HS|  |TAMS 0x0000000084e00000, 0x0000000084d00000| Complete 
|  78|0x0000000084e00000, 0x0000000084f00000, 0x0000000084f00000|100%|HC|  |TAMS 0x0000000084f00000, 0x0000000084e00000| Complete 
|  79|0x0000000084f00000, 0x0000000085000000, 0x0000000085000000|100%|HS|  |TAMS 0x0000000085000000, 0x0000000084f00000| Complete 
|  80|0x0000000085000000, 0x0000000085100000, 0x0000000085100000|100%|HC|  |TAMS 0x0000000085100000, 0x0000000085000000| Complete 
|  81|0x0000000085100000, 0x0000000085200000, 0x0000000085200000|100%|HC|  |TAMS 0x0000000085200000, 0x0000000085100000| Complete 
|  82|0x0000000085200000, 0x0000000085300000, 0x0000000085300000|100%| O|  |TAMS 0x0000000085300000, 0x0000000085200000| Updating 
|  83|0x0000000085300000, 0x0000000085400000, 0x0000000085400000|100%| O|  |TAMS 0x0000000085400000, 0x0000000085300000| Untracked 
|  84|0x0000000085400000, 0x0000000085500000, 0x0000000085500000|100%| O|  |TAMS 0x0000000085500000, 0x0000000085400000| Untracked 
|  85|0x0000000085500000, 0x0000000085600000, 0x0000000085600000|100%| O|  |TAMS 0x0000000085600000, 0x0000000085500000| Untracked 
|  86|0x0000000085600000, 0x0000000085700000, 0x0000000085700000|100%|HS|  |TAMS 0x0000000085700000, 0x0000000085600000| Complete 
|  87|0x0000000085700000, 0x0000000085800000, 0x0000000085800000|100%|HC|  |TAMS 0x0000000085800000, 0x0000000085700000| Complete 
|  88|0x0000000085800000, 0x0000000085900000, 0x0000000085900000|100%|HC|  |TAMS 0x0000000085900000, 0x0000000085800000| Complete 
|  89|0x0000000085900000, 0x0000000085a00000, 0x0000000085a00000|100%|HC|  |TAMS 0x0000000085a00000, 0x0000000085900000| Complete 
|  90|0x0000000085a00000, 0x0000000085b00000, 0x0000000085b00000|100%|HC|  |TAMS 0x0000000085b00000, 0x0000000085a00000| Complete 
|  91|0x0000000085b00000, 0x0000000085c00000, 0x0000000085c00000|100%|HC|  |TAMS 0x0000000085c00000, 0x0000000085b00000| Complete 
|  92|0x0000000085c00000, 0x0000000085d00000, 0x0000000085d00000|100%|HS|  |TAMS 0x0000000085d00000, 0x0000000085c00000| Complete 
|  93|0x0000000085d00000, 0x0000000085e00000, 0x0000000085e00000|100%| O|  |TAMS 0x0000000085e00000, 0x0000000085d00000| Untracked 
|  94|0x0000000085e00000, 0x0000000085f00000, 0x0000000085f00000|100%| O|  |TAMS 0x0000000085f00000, 0x0000000085e00000| Untracked 
|  95|0x0000000085f00000, 0x0000000086000000, 0x0000000086000000|100%| O|  |TAMS 0x0000000086000000, 0x0000000085f00000| Untracked 
|  96|0x0000000086000000, 0x0000000086100000, 0x0000000086100000|100%| O|  |TAMS 0x0000000086100000, 0x0000000086000000| Untracked 
|  97|0x0000000086100000, 0x0000000086200000, 0x0000000086200000|100%| O|  |TAMS 0x0000000086200000, 0x0000000086100000| Updating 
|  98|0x0000000086200000, 0x0000000086300000, 0x0000000086300000|100%|HS|  |TAMS 0x0000000086300000, 0x0000000086200000| Complete 
|  99|0x0000000086300000, 0x0000000086400000, 0x0000000086400000|100%|HS|  |TAMS 0x0000000086400000, 0x0000000086300000| Complete 
| 100|0x0000000086400000, 0x0000000086500000, 0x0000000086500000|100%|HS|  |TAMS 0x0000000086500000, 0x0000000086400000| Complete 
| 101|0x0000000086500000, 0x0000000086600000, 0x0000000086600000|100%|HS|  |TAMS 0x0000000086600000, 0x0000000086500000| Complete 
| 102|0x0000000086600000, 0x0000000086700000, 0x0000000086700000|100%| O|  |TAMS 0x0000000086700000, 0x0000000086600000| Untracked 
| 103|0x0000000086700000, 0x0000000086800000, 0x0000000086800000|100%| O|  |TAMS 0x0000000086800000, 0x0000000086700000| Untracked 
| 104|0x0000000086800000, 0x0000000086900000, 0x0000000086900000|100%| O|  |TAMS 0x0000000086900000, 0x0000000086800000| Untracked 
| 105|0x0000000086900000, 0x0000000086a00000, 0x0000000086a00000|100%| O|  |TAMS 0x0000000086a00000, 0x0000000086900000| Untracked 
| 106|0x0000000086a00000, 0x0000000086b00000, 0x0000000086b00000|100%|HS|  |TAMS 0x0000000086b00000, 0x0000000086a00000| Complete 
| 107|0x0000000086b00000, 0x0000000086c00000, 0x0000000086c00000|100%|HC|  |TAMS 0x0000000086c00000, 0x0000000086b00000| Complete 
| 108|0x0000000086c00000, 0x0000000086d00000, 0x0000000086d00000|100%|HC|  |TAMS 0x0000000086d00000, 0x0000000086c00000| Complete 
| 109|0x0000000086d00000, 0x0000000086e00000, 0x0000000086e00000|100%|HS|  |TAMS 0x0000000086e00000, 0x0000000086d00000| Complete 
| 110|0x0000000086e00000, 0x0000000086f00000, 0x0000000086f00000|100%|HC|  |TAMS 0x0000000086f00000, 0x0000000086e00000| Complete 
| 111|0x0000000086f00000, 0x0000000087000000, 0x0000000087000000|100%| O|  |TAMS 0x0000000087000000, 0x0000000086f00000| Untracked 
| 112|0x0000000087000000, 0x0000000087100000, 0x0000000087100000|100%| O|  |TAMS 0x0000000087100000, 0x0000000087000000| Untracked 
| 113|0x0000000087100000, 0x0000000087200000, 0x0000000087200000|100%| O|  |TAMS 0x0000000087200000, 0x0000000087100000| Updating 
| 114|0x0000000087200000, 0x0000000087300000, 0x0000000087300000|100%| O|  |TAMS 0x0000000087300000, 0x0000000087200000| Updating 
| 115|0x0000000087300000, 0x0000000087400000, 0x0000000087400000|100%| O|  |TAMS 0x0000000087400000, 0x0000000087300000| Updating 
| 116|0x0000000087400000, 0x0000000087500000, 0x0000000087500000|100%| O|  |TAMS 0x0000000087500000, 0x0000000087400000| Updating 
| 117|0x0000000087500000, 0x0000000087600000, 0x0000000087600000|100%| O|  |TAMS 0x0000000087600000, 0x0000000087500000| Untracked 
| 118|0x0000000087600000, 0x0000000087700000, 0x0000000087700000|100%| O|  |TAMS 0x0000000087700000, 0x0000000087600000| Untracked 
| 119|0x0000000087700000, 0x0000000087800000, 0x0000000087800000|100%| O|  |TAMS 0x0000000087800000, 0x0000000087700000| Untracked 
| 120|0x0000000087800000, 0x0000000087900000, 0x0000000087900000|100%| O|  |TAMS 0x0000000087900000, 0x0000000087800000| Untracked 
| 121|0x0000000087900000, 0x0000000087a00000, 0x0000000087a00000|100%| O|  |TAMS 0x0000000087a00000, 0x0000000087900000| Untracked 
| 122|0x0000000087a00000, 0x0000000087b00000, 0x0000000087b00000|100%| O|  |TAMS 0x0000000087b00000, 0x0000000087a00000| Untracked 
| 123|0x0000000087b00000, 0x0000000087c00000, 0x0000000087c00000|100%| O|  |TAMS 0x0000000087c00000, 0x0000000087b00000| Untracked 
| 124|0x0000000087c00000, 0x0000000087d00000, 0x0000000087d00000|100%| O|  |TAMS 0x0000000087d00000, 0x0000000087c00000| Untracked 
| 125|0x0000000087d00000, 0x0000000087e00000, 0x0000000087e00000|100%| O|  |TAMS 0x0000000087e00000, 0x0000000087d00000| Untracked 
| 126|0x0000000087e00000, 0x0000000087f00000, 0x0000000087f00000|100%| O|  |TAMS 0x0000000087ed5e00, 0x0000000087e00000| Untracked 
| 127|0x0000000087f00000, 0x0000000088000000, 0x0000000088000000|100%| O|  |TAMS 0x0000000087f00000, 0x0000000087f00000| Untracked 
| 128|0x0000000088000000, 0x0000000088100000, 0x0000000088100000|100%| O|  |TAMS 0x0000000088000000, 0x0000000088000000| Untracked 
| 129|0x0000000088100000, 0x0000000088200000, 0x0000000088200000|100%| O|  |TAMS 0x0000000088100000, 0x0000000088100000| Untracked 
| 130|0x0000000088200000, 0x0000000088300000, 0x0000000088300000|100%| O|  |TAMS 0x0000000088200000, 0x0000000088200000| Untracked 
| 131|0x0000000088300000, 0x0000000088400000, 0x0000000088400000|100%| O|  |TAMS 0x0000000088300000, 0x0000000088300000| Untracked 
| 132|0x0000000088400000, 0x0000000088500000, 0x0000000088500000|100%| O|  |TAMS 0x0000000088400000, 0x0000000088400000| Untracked 
| 133|0x0000000088500000, 0x000000008855de00, 0x0000000088600000| 36%| O|  |TAMS 0x0000000088500000, 0x0000000088500000| Updating 
| 134|0x0000000088600000, 0x0000000088700000, 0x0000000088700000|100%|HS|  |TAMS 0x0000000088600000, 0x0000000088600000| Complete 
| 135|0x0000000088700000, 0x0000000088800000, 0x0000000088800000|100%|HC|  |TAMS 0x0000000088700000, 0x0000000088700000| Complete 
| 136|0x0000000088800000, 0x0000000088900000, 0x0000000088900000|100%|HS|  |TAMS 0x0000000088800000, 0x0000000088800000| Complete 
| 137|0x0000000088900000, 0x0000000088a00000, 0x0000000088a00000|100%|HC|  |TAMS 0x0000000088900000, 0x0000000088900000| Complete 
| 138|0x0000000088a00000, 0x0000000088b00000, 0x0000000088b00000|100%|HC|  |TAMS 0x0000000088a00000, 0x0000000088a00000| Complete 
| 139|0x0000000088b00000, 0x0000000088c00000, 0x0000000088c00000|100%|HS|  |TAMS 0x0000000088b00000, 0x0000000088b00000| Complete 
| 140|0x0000000088c00000, 0x0000000088d00000, 0x0000000088d00000|100%|HC|  |TAMS 0x0000000088c00000, 0x0000000088c00000| Complete 
| 141|0x0000000088d00000, 0x0000000088e00000, 0x0000000088e00000|100%|HC|  |TAMS 0x0000000088d00000, 0x0000000088d00000| Complete 
| 142|0x0000000088e00000, 0x0000000088f00000, 0x0000000088f00000|100%|HC|  |TAMS 0x0000000088e00000, 0x0000000088e00000| Complete 
| 143|0x0000000088f00000, 0x0000000089000000, 0x0000000089000000|100%|HC|  |TAMS 0x0000000088f00000, 0x0000000088f00000| Complete 
| 144|0x0000000089000000, 0x0000000089100000, 0x0000000089100000|100%|HC|  |TAMS 0x0000000089000000, 0x0000000089000000| Complete 
| 145|0x0000000089100000, 0x0000000089200000, 0x0000000089200000|100%|HS|  |TAMS 0x0000000089100000, 0x0000000089100000| Complete 
| 146|0x0000000089200000, 0x0000000089300000, 0x0000000089300000|100%|HS|  |TAMS 0x0000000089200000, 0x0000000089200000| Complete 
| 147|0x0000000089300000, 0x0000000089400000, 0x0000000089400000|100%|HC|  |TAMS 0x0000000089300000, 0x0000000089300000| Complete 
| 148|0x0000000089400000, 0x0000000089500000, 0x0000000089500000|100%|HS|  |TAMS 0x0000000089400000, 0x0000000089400000| Complete 
| 149|0x0000000089500000, 0x0000000089600000, 0x0000000089600000|100%|HC|  |TAMS 0x0000000089500000, 0x0000000089500000| Complete 
| 150|0x0000000089600000, 0x0000000089700000, 0x0000000089700000|100%|HC|  |TAMS 0x0000000089600000, 0x0000000089600000| Complete 
| 151|0x0000000089700000, 0x0000000089800000, 0x0000000089800000|100%|HC|  |TAMS 0x0000000089700000, 0x0000000089700000| Complete 
| 152|0x0000000089800000, 0x0000000089900000, 0x0000000089900000|100%|HC|  |TAMS 0x0000000089800000, 0x0000000089800000| Complete 
| 153|0x0000000089900000, 0x0000000089a00000, 0x0000000089a00000|100%|HC|  |TAMS 0x0000000089900000, 0x0000000089900000| Complete 
| 154|0x0000000089a00000, 0x0000000089b00000, 0x0000000089b00000|100%|HC|  |TAMS 0x0000000089a00000, 0x0000000089a00000| Complete 
| 155|0x0000000089b00000, 0x0000000089c00000, 0x0000000089c00000|100%|HC|  |TAMS 0x0000000089b00000, 0x0000000089b00000| Complete 
| 156|0x0000000089c00000, 0x0000000089d00000, 0x0000000089d00000|100%|HC|  |TAMS 0x0000000089c00000, 0x0000000089c00000| Complete 
| 157|0x0000000089d00000, 0x0000000089e00000, 0x0000000089e00000|100%|HC|  |TAMS 0x0000000089d00000, 0x0000000089d00000| Complete 
| 158|0x0000000089e00000, 0x0000000089f00000, 0x0000000089f00000|100%|HS|  |TAMS 0x0000000089e00000, 0x0000000089e00000| Complete 
| 159|0x0000000089f00000, 0x000000008a000000, 0x000000008a000000|100%|HC|  |TAMS 0x0000000089f00000, 0x0000000089f00000| Complete 
| 160|0x000000008a000000, 0x000000008a100000, 0x000000008a100000|100%|HS|  |TAMS 0x000000008a000000, 0x000000008a000000| Complete 
| 161|0x000000008a100000, 0x000000008a200000, 0x000000008a200000|100%|HC|  |TAMS 0x000000008a100000, 0x000000008a100000| Complete 
| 162|0x000000008a200000, 0x000000008a300000, 0x000000008a300000|100%|HC|  |TAMS 0x000000008a200000, 0x000000008a200000| Complete 
| 163|0x000000008a300000, 0x000000008a300000, 0x000000008a400000|  0%| F|  |TAMS 0x000000008a300000, 0x000000008a300000| Untracked 
| 164|0x000000008a400000, 0x000000008a400000, 0x000000008a500000|  0%| F|  |TAMS 0x000000008a400000, 0x000000008a400000| Untracked 
| 165|0x000000008a500000, 0x000000008a500000, 0x000000008a600000|  0%| F|  |TAMS 0x000000008a500000, 0x000000008a500000| Untracked 
| 166|0x000000008a600000, 0x000000008a600000, 0x000000008a700000|  0%| F|  |TAMS 0x000000008a600000, 0x000000008a600000| Untracked 
| 167|0x000000008a700000, 0x000000008a700000, 0x000000008a800000|  0%| F|  |TAMS 0x000000008a700000, 0x000000008a700000| Untracked 
| 168|0x000000008a800000, 0x000000008a800000, 0x000000008a900000|  0%| F|  |TAMS 0x000000008a800000, 0x000000008a800000| Untracked 
| 169|0x000000008a900000, 0x000000008a900000, 0x000000008aa00000|  0%| F|  |TAMS 0x000000008a900000, 0x000000008a900000| Untracked 
| 170|0x000000008aa00000, 0x000000008aa00000, 0x000000008ab00000|  0%| F|  |TAMS 0x000000008aa00000, 0x000000008aa00000| Untracked 
| 171|0x000000008ab00000, 0x000000008ab00000, 0x000000008ac00000|  0%| F|  |TAMS 0x000000008ab00000, 0x000000008ab00000| Untracked 
| 172|0x000000008ac00000, 0x000000008ac00000, 0x000000008ad00000|  0%| F|  |TAMS 0x000000008ac00000, 0x000000008ac00000| Untracked 
| 173|0x000000008ad00000, 0x000000008ad00000, 0x000000008ae00000|  0%| F|  |TAMS 0x000000008ad00000, 0x000000008ad00000| Untracked 
| 174|0x000000008ae00000, 0x000000008ae00000, 0x000000008af00000|  0%| F|  |TAMS 0x000000008ae00000, 0x000000008ae00000| Untracked 
| 175|0x000000008af00000, 0x000000008af00000, 0x000000008b000000|  0%| F|  |TAMS 0x000000008af00000, 0x000000008af00000| Untracked 
| 176|0x000000008b000000, 0x000000008b000000, 0x000000008b100000|  0%| F|  |TAMS 0x000000008b000000, 0x000000008b000000| Untracked 
| 177|0x000000008b100000, 0x000000008b100000, 0x000000008b200000|  0%| F|  |TAMS 0x000000008b100000, 0x000000008b100000| Untracked 
| 178|0x000000008b200000, 0x000000008b200000, 0x000000008b300000|  0%| F|  |TAMS 0x000000008b200000, 0x000000008b200000| Untracked 
| 179|0x000000008b300000, 0x000000008b300000, 0x000000008b400000|  0%| F|  |TAMS 0x000000008b300000, 0x000000008b300000| Untracked 
| 180|0x000000008b400000, 0x000000008b400000, 0x000000008b500000|  0%| F|  |TAMS 0x000000008b400000, 0x000000008b400000| Untracked 
| 181|0x000000008b500000, 0x000000008b500000, 0x000000008b600000|  0%| F|  |TAMS 0x000000008b500000, 0x000000008b500000| Untracked 
| 182|0x000000008b600000, 0x000000008b600000, 0x000000008b700000|  0%| F|  |TAMS 0x000000008b600000, 0x000000008b600000| Untracked 
| 183|0x000000008b700000, 0x000000008b700000, 0x000000008b800000|  0%| F|  |TAMS 0x000000008b700000, 0x000000008b700000| Untracked 
| 184|0x000000008b800000, 0x000000008b800000, 0x000000008b900000|  0%| F|  |TAMS 0x000000008b800000, 0x000000008b800000| Untracked 
| 185|0x000000008b900000, 0x000000008b900000, 0x000000008ba00000|  0%| F|  |TAMS 0x000000008b900000, 0x000000008b900000| Untracked 
| 186|0x000000008ba00000, 0x000000008ba00000, 0x000000008bb00000|  0%| F|  |TAMS 0x000000008ba00000, 0x000000008ba00000| Untracked 
| 187|0x000000008bb00000, 0x000000008bb00000, 0x000000008bc00000|  0%| F|  |TAMS 0x000000008bb00000, 0x000000008bb00000| Untracked 
| 188|0x000000008bc00000, 0x000000008bc00000, 0x000000008bd00000|  0%| F|  |TAMS 0x000000008bc00000, 0x000000008bc00000| Untracked 
| 189|0x000000008bd00000, 0x000000008bd00000, 0x000000008be00000|  0%| F|  |TAMS 0x000000008bd00000, 0x000000008bd00000| Untracked 
| 190|0x000000008be00000, 0x000000008be00000, 0x000000008bf00000|  0%| F|  |TAMS 0x000000008be00000, 0x000000008be00000| Untracked 
| 191|0x000000008bf00000, 0x000000008bf00000, 0x000000008c000000|  0%| F|  |TAMS 0x000000008bf00000, 0x000000008bf00000| Untracked 
| 192|0x000000008c000000, 0x000000008c000000, 0x000000008c100000|  0%| F|  |TAMS 0x000000008c000000, 0x000000008c000000| Untracked 
| 193|0x000000008c100000, 0x000000008c100000, 0x000000008c200000|  0%| F|  |TAMS 0x000000008c100000, 0x000000008c100000| Untracked 
| 194|0x000000008c200000, 0x000000008c200000, 0x000000008c300000|  0%| F|  |TAMS 0x000000008c200000, 0x000000008c200000| Untracked 
| 195|0x000000008c300000, 0x000000008c300000, 0x000000008c400000|  0%| F|  |TAMS 0x000000008c300000, 0x000000008c300000| Untracked 
| 196|0x000000008c400000, 0x000000008c500000, 0x000000008c500000|100%| S|CS|TAMS 0x000000008c400000, 0x000000008c400000| Complete 
| 197|0x000000008c500000, 0x000000008c600000, 0x000000008c600000|100%| S|CS|TAMS 0x000000008c500000, 0x000000008c500000| Complete 
| 198|0x000000008c600000, 0x000000008c700000, 0x000000008c700000|100%| S|CS|TAMS 0x000000008c600000, 0x000000008c600000| Complete 
| 199|0x000000008c700000, 0x000000008c700000, 0x000000008c800000|  0%| F|  |TAMS 0x000000008c700000, 0x000000008c700000| Untracked 
| 200|0x000000008c800000, 0x000000008c800000, 0x000000008c900000|  0%| F|  |TAMS 0x000000008c800000, 0x000000008c800000| Untracked 
| 201|0x000000008c900000, 0x000000008c900000, 0x000000008ca00000|  0%| F|  |TAMS 0x000000008c900000, 0x000000008c900000| Untracked 
| 202|0x000000008ca00000, 0x000000008ca00000, 0x000000008cb00000|  0%| F|  |TAMS 0x000000008ca00000, 0x000000008ca00000| Untracked 
| 203|0x000000008cb00000, 0x000000008cb00000, 0x000000008cc00000|  0%| F|  |TAMS 0x000000008cb00000, 0x000000008cb00000| Untracked 
| 204|0x000000008cc00000, 0x000000008cc00000, 0x000000008cd00000|  0%| F|  |TAMS 0x000000008cc00000, 0x000000008cc00000| Untracked 
| 205|0x000000008cd00000, 0x000000008cd00000, 0x000000008ce00000|  0%| F|  |TAMS 0x000000008cd00000, 0x000000008cd00000| Untracked 
| 206|0x000000008ce00000, 0x000000008ce00000, 0x000000008cf00000|  0%| F|  |TAMS 0x000000008ce00000, 0x000000008ce00000| Untracked 
| 207|0x000000008cf00000, 0x000000008cf00000, 0x000000008d000000|  0%| F|  |TAMS 0x000000008cf00000, 0x000000008cf00000| Untracked 
| 208|0x000000008d000000, 0x000000008d000000, 0x000000008d100000|  0%| F|  |TAMS 0x000000008d000000, 0x000000008d000000| Untracked 
| 209|0x000000008d100000, 0x000000008d100000, 0x000000008d200000|  0%| F|  |TAMS 0x000000008d100000, 0x000000008d100000| Untracked 
| 210|0x000000008d200000, 0x000000008d200000, 0x000000008d300000|  0%| F|  |TAMS 0x000000008d200000, 0x000000008d200000| Untracked 
| 211|0x000000008d300000, 0x000000008d300000, 0x000000008d400000|  0%| F|  |TAMS 0x000000008d300000, 0x000000008d300000| Untracked 
| 212|0x000000008d400000, 0x000000008d400000, 0x000000008d500000|  0%| F|  |TAMS 0x000000008d400000, 0x000000008d400000| Untracked 
| 213|0x000000008d500000, 0x000000008d500000, 0x000000008d600000|  0%| F|  |TAMS 0x000000008d500000, 0x000000008d500000| Untracked 
| 214|0x000000008d600000, 0x000000008d600000, 0x000000008d700000|  0%| F|  |TAMS 0x000000008d600000, 0x000000008d600000| Untracked 
| 215|0x000000008d700000, 0x000000008d700000, 0x000000008d800000|  0%| F|  |TAMS 0x000000008d700000, 0x000000008d700000| Untracked 
| 216|0x000000008d800000, 0x000000008d800000, 0x000000008d900000|  0%| F|  |TAMS 0x000000008d800000, 0x000000008d800000| Untracked 
| 217|0x000000008d900000, 0x000000008d900000, 0x000000008da00000|  0%| F|  |TAMS 0x000000008d900000, 0x000000008d900000| Untracked 
| 218|0x000000008da00000, 0x000000008da00000, 0x000000008db00000|  0%| F|  |TAMS 0x000000008da00000, 0x000000008da00000| Untracked 
| 219|0x000000008db00000, 0x000000008db00000, 0x000000008dc00000|  0%| F|  |TAMS 0x000000008db00000, 0x000000008db00000| Untracked 
| 220|0x000000008dc00000, 0x000000008dc00000, 0x000000008dd00000|  0%| F|  |TAMS 0x000000008dc00000, 0x000000008dc00000| Untracked 
| 221|0x000000008dd00000, 0x000000008dd00000, 0x000000008de00000|  0%| F|  |TAMS 0x000000008dd00000, 0x000000008dd00000| Untracked 
| 222|0x000000008de00000, 0x000000008de00000, 0x000000008df00000|  0%| F|  |TAMS 0x000000008de00000, 0x000000008de00000| Untracked 
| 223|0x000000008df00000, 0x000000008df00000, 0x000000008e000000|  0%| F|  |TAMS 0x000000008df00000, 0x000000008df00000| Untracked 
| 224|0x000000008e000000, 0x000000008e000000, 0x000000008e100000|  0%| F|  |TAMS 0x000000008e000000, 0x000000008e000000| Untracked 
| 225|0x000000008e100000, 0x000000008e100000, 0x000000008e200000|  0%| F|  |TAMS 0x000000008e100000, 0x000000008e100000| Untracked 
| 226|0x000000008e200000, 0x000000008e200000, 0x000000008e300000|  0%| F|  |TAMS 0x000000008e200000, 0x000000008e200000| Untracked 
| 227|0x000000008e300000, 0x000000008e369110, 0x000000008e400000| 41%| E|  |TAMS 0x000000008e300000, 0x000000008e300000| Complete 
| 228|0x000000008e400000, 0x000000008e500000, 0x000000008e500000|100%| E|CS|TAMS 0x000000008e400000, 0x000000008e400000| Complete 
| 229|0x000000008e500000, 0x000000008e500000, 0x000000008e600000|  0%| F|  |TAMS 0x000000008e500000, 0x000000008e500000| Untracked 
| 230|0x000000008e600000, 0x000000008e600000, 0x000000008e700000|  0%| F|  |TAMS 0x000000008e600000, 0x000000008e600000| Untracked 
| 231|0x000000008e700000, 0x000000008e700000, 0x000000008e800000|  0%| F|  |TAMS 0x000000008e700000, 0x000000008e700000| Untracked 
| 232|0x000000008e800000, 0x000000008e800000, 0x000000008e900000|  0%| F|  |TAMS 0x000000008e800000, 0x000000008e800000| Untracked 
| 233|0x000000008e900000, 0x000000008e900000, 0x000000008ea00000|  0%| F|  |TAMS 0x000000008e900000, 0x000000008e900000| Untracked 
| 234|0x000000008ea00000, 0x000000008ea00000, 0x000000008eb00000|  0%| F|  |TAMS 0x000000008ea00000, 0x000000008ea00000| Untracked 
| 235|0x000000008eb00000, 0x000000008eb00000, 0x000000008ec00000|  0%| F|  |TAMS 0x000000008eb00000, 0x000000008eb00000| Untracked 
| 236|0x000000008ec00000, 0x000000008ec00000, 0x000000008ed00000|  0%| F|  |TAMS 0x000000008ec00000, 0x000000008ec00000| Untracked 
| 237|0x000000008ed00000, 0x000000008ed00000, 0x000000008ee00000|  0%| F|  |TAMS 0x000000008ed00000, 0x000000008ed00000| Untracked 
| 238|0x000000008ee00000, 0x000000008ee00000, 0x000000008ef00000|  0%| F|  |TAMS 0x000000008ee00000, 0x000000008ee00000| Untracked 
| 239|0x000000008ef00000, 0x000000008ef00000, 0x000000008f000000|  0%| F|  |TAMS 0x000000008ef00000, 0x000000008ef00000| Untracked 
| 240|0x000000008f000000, 0x000000008f000000, 0x000000008f100000|  0%| F|  |TAMS 0x000000008f000000, 0x000000008f000000| Untracked 
| 241|0x000000008f100000, 0x000000008f100000, 0x000000008f200000|  0%| F|  |TAMS 0x000000008f100000, 0x000000008f100000| Untracked 
| 242|0x000000008f200000, 0x000000008f200000, 0x000000008f300000|  0%| F|  |TAMS 0x000000008f200000, 0x000000008f200000| Untracked 
| 243|0x000000008f300000, 0x000000008f300000, 0x000000008f400000|  0%| F|  |TAMS 0x000000008f300000, 0x000000008f300000| Untracked 
| 244|0x000000008f400000, 0x000000008f400000, 0x000000008f500000|  0%| F|  |TAMS 0x000000008f400000, 0x000000008f400000| Untracked 
| 245|0x000000008f500000, 0x000000008f500000, 0x000000008f600000|  0%| F|  |TAMS 0x000000008f500000, 0x000000008f500000| Untracked 
| 246|0x000000008f600000, 0x000000008f600000, 0x000000008f700000|  0%| F|  |TAMS 0x000000008f600000, 0x000000008f600000| Untracked 
| 247|0x000000008f700000, 0x000000008f700000, 0x000000008f800000|  0%| F|  |TAMS 0x000000008f700000, 0x000000008f700000| Untracked 
| 248|0x000000008f800000, 0x000000008f800000, 0x000000008f900000|  0%| F|  |TAMS 0x000000008f800000, 0x000000008f800000| Untracked 
| 249|0x000000008f900000, 0x000000008f900000, 0x000000008fa00000|  0%| F|  |TAMS 0x000000008f900000, 0x000000008f900000| Untracked 
| 250|0x000000008fa00000, 0x000000008fa00000, 0x000000008fb00000|  0%| F|  |TAMS 0x000000008fa00000, 0x000000008fa00000| Untracked 
| 251|0x000000008fb00000, 0x000000008fb00000, 0x000000008fc00000|  0%| F|  |TAMS 0x000000008fb00000, 0x000000008fb00000| Untracked 
| 252|0x000000008fc00000, 0x000000008fc00000, 0x000000008fd00000|  0%| F|  |TAMS 0x000000008fc00000, 0x000000008fc00000| Untracked 
| 253|0x000000008fd00000, 0x000000008fe00000, 0x000000008fe00000|100%| E|CS|TAMS 0x000000008fd00000, 0x000000008fd00000| Complete 

Card table byte_map: [0x000001b650160000,0x000001b650560000] _byte_map_base: 0x000001b64fd60000

Marking Bits (Prev, Next): (CMBitMap*) 0x000001b63d5b9a10, (CMBitMap*) 0x000001b63d5b99d0
 Prev Bits: [0x000001b652960000, 0x000001b654960000)
 Next Bits: [0x000001b650960000, 0x000001b652960000)

Polling page: 0x000001b63b430000

Metaspace:

Usage:
  Non-class:     69.97 MB used.
      Class:     10.83 MB used.
       Both:     80.80 MB used.

Virtual space:
  Non-class space:       72.00 MB reserved,      70.31 MB ( 98%) committed,  9 nodes.
      Class space:        1.00 GB reserved,      11.06 MB (  1%) committed,  1 nodes.
             Both:        1.07 GB reserved,      81.38 MB (  7%) committed. 

Chunk freelists:
   Non-Class:  1.14 MB
       Class:  960.00 KB
        Both:  2.08 MB

MaxMetaspaceSize: unlimited
CompressedClassSpaceSize: 1.00 GB
Initial GC threshold: 21.00 MB
Current GC threshold: 130.44 MB
CDS: off
MetaspaceReclaimPolicy: balanced
 - commit_granule_bytes: 65536.
 - commit_granule_words: 8192.
 - virtual_space_node_default_size: 1048576.
 - enlarge_chunks_in_place: 1.
 - new_chunks_are_fully_committed: 0.
 - uncommit_free_chunks: 1.
 - use_allocation_guard: 0.
 - handle_deallocations: 1.


Internal statistics:

num_allocs_failed_limit: 8.
num_arena_births: 668.
num_arena_deaths: 2.
num_vsnodes_births: 10.
num_vsnodes_deaths: 0.
num_space_committed: 1302.
num_space_uncommitted: 0.
num_chunks_returned_to_freelist: 14.
num_chunks_taken_from_freelist: 3573.
num_chunk_merges: 6.
num_chunk_splits: 2411.
num_chunks_enlarged: 1664.
num_purges: 2.
num_inconsistent_stats: 0.

CodeHeap 'non-profiled nmethods': size=120000Kb used=5229Kb max_used=5229Kb free=114770Kb
 bounds [0x000001b648500000, 0x000001b648a20000, 0x000001b64fa30000]
CodeHeap 'profiled nmethods': size=120000Kb used=15953Kb max_used=15953Kb free=104047Kb
 bounds [0x000001b640a30000, 0x000001b6419d0000, 0x000001b647f60000]
CodeHeap 'non-nmethods': size=5760Kb used=2436Kb max_used=2488Kb free=3323Kb
 bounds [0x000001b647f60000, 0x000001b6481e0000, 0x000001b648500000]
 total_blobs=8930 nmethods=8028 adapters=812
 compilation: enabled
              stopped_count=0, restarted_count=0
 full_count=0

Compilation events (20 events):
Event: 17.698 Thread 0x000001b657c97340 8836       3       sun.net.www.protocol.file.FileURLConnection::<init> (38 bytes)
Event: 17.699 Thread 0x000001b657c97340 nmethod 8836 0x000001b6419bf090 code [0x000001b6419bf260, 0x000001b6419bf658]
Event: 17.726 Thread 0x000001b657c97340 8838       3       jdk.internal.org.objectweb.asm.Frame::getAbstractTypeFromDescriptor (415 bytes)
Event: 17.729 Thread 0x000001b657c97340 nmethod 8838 0x000001b6419bf810 code [0x000001b6419bfbc0, 0x000001b6419c17d8]
Event: 17.733 Thread 0x000001b658ee9ed0 nmethod 8818 0x000001b648a0ae10 code [0x000001b648a0b0a0, 0x000001b648a0d758]
Event: 17.735 Thread 0x000001b658ee9ed0 8837       4       java.lang.String::replace (42 bytes)
Event: 17.756 Thread 0x000001b658ee9ed0 nmethod 8837 0x000001b648a0f010 code [0x000001b648a0f1a0, 0x000001b648a0f898]
Event: 17.756 Thread 0x000001b658ee9ed0 8839       4       java.lang.String::equalsIgnoreCase (45 bytes)
Event: 17.772 Thread 0x000001b658ee9ed0 nmethod 8839 0x000001b648a0fb90 code [0x000001b648a0fd40, 0x000001b648a104f8]
Event: 17.772 Thread 0x000001b658ee9ed0 8834       4       jdk.internal.org.objectweb.asm.Frame::pop (42 bytes)
Event: 17.773 Thread 0x000001b658ee9ed0 nmethod 8834 0x000001b648a10990 code [0x000001b648a10b00, 0x000001b648a10bd8]
Event: 17.785 Thread 0x000001b658ee9ed0 8840       4       java.util.jar.JarFile::maybeInstantiateVerifier (42 bytes)
Event: 17.786 Thread 0x000001b658ee9ed0 nmethod 8840 0x000001b648a10c90 code [0x000001b648a10e20, 0x000001b648a10f38]
Event: 17.813 Thread 0x000001b657c97340 8841       3       jdk.internal.loader.FileURLMapper::exists (19 bytes)
Event: 17.813 Thread 0x000001b657c97340 nmethod 8841 0x000001b6419c2110 code [0x000001b6419c2320, 0x000001b6419c2948]
Event: 17.814 Thread 0x000001b657c97340 8842       3       jdk.internal.util.jar.JarIndex::getJarIndex (28 bytes)
Event: 17.815 Thread 0x000001b657c97340 nmethod 8842 0x000001b6419c2b90 code [0x000001b6419c2dc0, 0x000001b6419c37e8]
Event: 17.839 Thread 0x000001b657c97340 8843   !   3       jdk.internal.loader.URLClassPath$JarLoader::checkJar (51 bytes)
Event: 17.839 Thread 0x000001b657c97340 nmethod 8843 0x000001b6419c3b10 code [0x000001b6419c3d00, 0x000001b6419c41c8]
Event: 17.867 Thread 0x000001b658ee6c30 nmethod 8693% 0x000001b648a11090 code [0x000001b648a11520, 0x000001b648a17fd0]

GC Heap History (20 events):
Event: 11.054 GC heap before
{Heap before GC invocations=32 (full 0):
 garbage-first heap   total 198656K, used 141187K [0x0000000080000000, 0x0000000100000000)
  region size 1024K, 29 young (29696K), 4 survivors (4096K)
 Metaspace       used 54750K, committed 55296K, reserved 1097728K
  class space    used 7302K, committed 7552K, reserved 1048576K
}
Event: 11.059 GC heap after
{Heap after GC invocations=33 (full 0):
 garbage-first heap   total 198656K, used 121513K [0x0000000080000000, 0x0000000100000000)
  region size 1024K, 4 young (4096K), 4 survivors (4096K)
 Metaspace       used 54750K, committed 55296K, reserved 1097728K
  class space    used 7302K, committed 7552K, reserved 1048576K
}
Event: 11.314 GC heap before
{Heap before GC invocations=33 (full 0):
 garbage-first heap   total 198656K, used 149161K [0x0000000080000000, 0x0000000100000000)
  region size 1024K, 31 young (31744K), 4 survivors (4096K)
 Metaspace       used 54865K, committed 55424K, reserved 1097728K
  class space    used 7302K, committed 7552K, reserved 1048576K
}
Event: 11.317 GC heap after
{Heap after GC invocations=34 (full 0):
 garbage-first heap   total 198656K, used 122556K [0x0000000080000000, 0x0000000100000000)
  region size 1024K, 1 young (1024K), 1 survivors (1024K)
 Metaspace       used 54865K, committed 55424K, reserved 1097728K
  class space    used 7302K, committed 7552K, reserved 1048576K
}
Event: 11.703 GC heap before
{Heap before GC invocations=35 (full 0):
 garbage-first heap   total 214016K, used 152252K [0x0000000080000000, 0x0000000100000000)
  region size 1024K, 30 young (30720K), 1 survivors (1024K)
 Metaspace       used 55529K, committed 56064K, reserved 1097728K
  class space    used 7383K, committed 7616K, reserved 1048576K
}
Event: 11.706 GC heap after
{Heap after GC invocations=36 (full 0):
 garbage-first heap   total 214016K, used 122799K [0x0000000080000000, 0x0000000100000000)
  region size 1024K, 2 young (2048K), 2 survivors (2048K)
 Metaspace       used 55529K, committed 56064K, reserved 1097728K
  class space    used 7383K, committed 7616K, reserved 1048576K
}
Event: 12.922 GC heap before
{Heap before GC invocations=36 (full 0):
 garbage-first heap   total 214016K, used 162735K [0x0000000080000000, 0x0000000100000000)
  region size 1024K, 41 young (41984K), 2 survivors (2048K)
 Metaspace       used 61778K, committed 62400K, reserved 1105920K
  class space    used 8173K, committed 8448K, reserved 1048576K
}
Event: 12.927 GC heap after
{Heap after GC invocations=37 (full 0):
 garbage-first heap   total 214016K, used 124857K [0x0000000080000000, 0x0000000100000000)
  region size 1024K, 4 young (4096K), 4 survivors (4096K)
 Metaspace       used 61778K, committed 62400K, reserved 1105920K
  class space    used 8173K, committed 8448K, reserved 1048576K
}
Event: 14.168 GC heap before
{Heap before GC invocations=38 (full 0):
 garbage-first heap   total 214016K, used 164793K [0x0000000080000000, 0x0000000100000000)
  region size 1024K, 44 young (45056K), 4 survivors (4096K)
 Metaspace       used 68601K, committed 69248K, reserved 1114112K
  class space    used 9027K, committed 9280K, reserved 1048576K
}
Event: 14.174 GC heap after
{Heap after GC invocations=39 (full 0):
 garbage-first heap   total 214016K, used 128411K [0x0000000080000000, 0x0000000100000000)
  region size 1024K, 6 young (6144K), 6 survivors (6144K)
 Metaspace       used 68601K, committed 69248K, reserved 1114112K
  class space    used 9027K, committed 9280K, reserved 1048576K
}
Event: 14.265 GC heap before
{Heap before GC invocations=39 (full 0):
 garbage-first heap   total 214016K, used 132507K [0x0000000080000000, 0x0000000100000000)
  region size 1024K, 10 young (10240K), 6 survivors (6144K)
 Metaspace       used 69175K, committed 69760K, reserved 1114112K
  class space    used 9100K, committed 9344K, reserved 1048576K
}
Event: 14.270 GC heap after
{Heap after GC invocations=40 (full 0):
 garbage-first heap   total 214016K, used 128941K [0x0000000080000000, 0x0000000100000000)
  region size 1024K, 1 young (1024K), 1 survivors (1024K)
 Metaspace       used 69175K, committed 69760K, reserved 1114112K
  class space    used 9100K, committed 9344K, reserved 1048576K
}
Event: 15.325 GC heap before
{Heap before GC invocations=40 (full 0):
 garbage-first heap   total 214016K, used 153517K [0x0000000080000000, 0x0000000100000000)
  region size 1024K, 26 young (26624K), 1 survivors (1024K)
 Metaspace       used 71682K, committed 72256K, reserved 1114112K
  class space    used 9394K, committed 9664K, reserved 1048576K
}
Event: 15.329 GC heap after
{Heap after GC invocations=41 (full 0):
 garbage-first heap   total 214016K, used 130326K [0x0000000080000000, 0x0000000100000000)
  region size 1024K, 3 young (3072K), 3 survivors (3072K)
 Metaspace       used 71682K, committed 72256K, reserved 1114112K
  class space    used 9394K, committed 9664K, reserved 1048576K
}
Event: 16.287 GC heap before
{Heap before GC invocations=42 (full 0):
 garbage-first heap   total 224256K, used 172310K [0x0000000080000000, 0x0000000100000000)
  region size 1024K, 43 young (44032K), 3 survivors (3072K)
 Metaspace       used 74835K, committed 75392K, reserved 1122304K
  class space    used 9811K, committed 10048K, reserved 1048576K
}
Event: 16.292 GC heap after
{Heap after GC invocations=43 (full 0):
 garbage-first heap   total 224256K, used 132842K [0x0000000080000000, 0x0000000100000000)
  region size 1024K, 5 young (5120K), 5 survivors (5120K)
 Metaspace       used 74835K, committed 75392K, reserved 1122304K
  class space    used 9811K, committed 10048K, reserved 1048576K
}
Event: 17.110 GC heap before
{Heap before GC invocations=43 (full 0):
 garbage-first heap   total 224256K, used 180970K [0x0000000080000000, 0x0000000100000000)
  region size 1024K, 52 young (53248K), 5 survivors (5120K)
 Metaspace       used 79024K, committed 79616K, reserved 1122304K
  class space    used 10527K, committed 10816K, reserved 1048576K
}
Event: 17.118 GC heap after
{Heap after GC invocations=44 (full 0):
 garbage-first heap   total 224256K, used 136823K [0x0000000080000000, 0x0000000100000000)
  region size 1024K, 7 young (7168K), 7 survivors (7168K)
 Metaspace       used 79024K, committed 79616K, reserved 1122304K
  class space    used 10527K, committed 10816K, reserved 1048576K
}
Event: 17.788 GC heap before
{Heap before GC invocations=45 (full 0):
 garbage-first heap   total 235520K, used 167543K [0x0000000080000000, 0x0000000100000000)
  region size 1024K, 38 young (38912K), 7 survivors (7168K)
 Metaspace       used 82733K, committed 83328K, reserved 1122304K
  class space    used 11089K, committed 11328K, reserved 1048576K
}
Event: 17.797 GC heap after
{Heap after GC invocations=46 (full 0):
 garbage-first heap   total 235520K, used 139639K [0x0000000080000000, 0x0000000100000000)
  region size 1024K, 3 young (3072K), 3 survivors (3072K)
 Metaspace       used 82733K, committed 83328K, reserved 1122304K
  class space    used 11089K, committed 11328K, reserved 1048576K
}

Dll operation events (2 events):
Event: 0.012 Loaded shared library C:\Program Files\Android\Android Studio1\jbr\bin\java.dll
Event: 0.800 Loaded shared library C:\Program Files\Android\Android Studio1\jbr\bin\verify.dll

Deoptimization events (20 events):
Event: 17.485 Thread 0x000001b657c87f60 Uncommon trap: trap_request=0xffffffde fr.pc=0x000001b648a030f0 relative=0x0000000000000070
Event: 17.485 Thread 0x000001b657c87f60 Uncommon trap: reason=class_check action=maybe_recompile pc=0x000001b648a030f0 method=org.gradle.api.internal.provider.Collectors$TypedCollector.size()I @ 4 c2
Event: 17.485 Thread 0x000001b657c87f60 DEOPT PACKING pc=0x000001b648a030f0 sp=0x00000045a61f9c50
Event: 17.485 Thread 0x000001b657c87f60 DEOPT UNPACKING pc=0x000001b647fb69a3 sp=0x00000045a61f9be0 mode 2
Event: 17.521 Thread 0x000001b657c87f60 Uncommon trap: trap_request=0xffffffde fr.pc=0x000001b648a030f0 relative=0x0000000000000070
Event: 17.521 Thread 0x000001b657c87f60 Uncommon trap: reason=class_check action=maybe_recompile pc=0x000001b648a030f0 method=org.gradle.api.internal.provider.Collectors$TypedCollector.size()I @ 4 c2
Event: 17.521 Thread 0x000001b657c87f60 DEOPT PACKING pc=0x000001b648a030f0 sp=0x00000045a61f9c50
Event: 17.521 Thread 0x000001b657c87f60 DEOPT UNPACKING pc=0x000001b647fb69a3 sp=0x00000045a61f9be0 mode 2
Event: 17.523 Thread 0x000001b657c87f60 Uncommon trap: trap_request=0xffffff45 fr.pc=0x000001b648681c58 relative=0x0000000000000698
Event: 17.523 Thread 0x000001b657c87f60 Uncommon trap: reason=unstable_if action=reinterpret pc=0x000001b648681c58 method=java.lang.String.regionMatches(ZILjava/lang/String;II)Z @ 52 c2
Event: 17.523 Thread 0x000001b657c87f60 DEOPT PACKING pc=0x000001b648681c58 sp=0x00000045a61f8e80
Event: 17.523 Thread 0x000001b657c87f60 DEOPT UNPACKING pc=0x000001b647fb69a3 sp=0x00000045a61f8e28 mode 2
Event: 17.526 Thread 0x000001b657c87f60 Uncommon trap: trap_request=0xffffffde fr.pc=0x000001b648a030f0 relative=0x0000000000000070
Event: 17.526 Thread 0x000001b657c87f60 Uncommon trap: reason=class_check action=maybe_recompile pc=0x000001b648a030f0 method=org.gradle.api.internal.provider.Collectors$TypedCollector.size()I @ 4 c2
Event: 17.526 Thread 0x000001b657c87f60 DEOPT PACKING pc=0x000001b648a030f0 sp=0x00000045a61f9c50
Event: 17.526 Thread 0x000001b657c87f60 DEOPT UNPACKING pc=0x000001b647fb69a3 sp=0x00000045a61f9be0 mode 2
Event: 17.726 Thread 0x000001b657c87f60 Uncommon trap: trap_request=0xffffff45 fr.pc=0x000001b6487df1bc relative=0x0000000000000fdc
Event: 17.726 Thread 0x000001b657c87f60 Uncommon trap: reason=unstable_if action=reinterpret pc=0x000001b6487df1bc method=jdk.internal.org.objectweb.asm.Frame.getAbstractTypeFromDescriptor(Ljdk/internal/org/objectweb/asm/SymbolTable;Ljava/lang/String;I)I @ 189 c2
Event: 17.726 Thread 0x000001b657c87f60 DEOPT PACKING pc=0x000001b6487df1bc sp=0x00000045a61f9990
Event: 17.726 Thread 0x000001b657c87f60 DEOPT UNPACKING pc=0x000001b647fb69a3 sp=0x00000045a61f9950 mode 2

Classes unloaded (8 events):
Event: 15.427 Thread 0x000001b657c28940 Unloading class 0x00000001007a5860 '_BuildScript_$_run_closure2'
Event: 15.427 Thread 0x000001b657c28940 Unloading class 0x00000001007a5450 '_BuildScript_$_run_closure1$_closure6'
Event: 15.427 Thread 0x000001b657c28940 Unloading class 0x00000001007a5040 '_BuildScript_$_run_closure1$_closure5'
Event: 15.427 Thread 0x000001b657c28940 Unloading class 0x00000001007a4c30 '_BuildScript_$_run_closure1$_closure4$_closure7'
Event: 15.427 Thread 0x000001b657c28940 Unloading class 0x00000001007a4820 '_BuildScript_$_run_closure1$_closure4'
Event: 15.427 Thread 0x000001b657c28940 Unloading class 0x00000001007a4410 '_BuildScript_$_run_closure1$_closure3'
Event: 15.427 Thread 0x000001b657c28940 Unloading class 0x00000001007a4000 '_BuildScript_$_run_closure1'
Event: 15.427 Thread 0x000001b657c28940 Unloading class 0x0000000100798800 '_BuildScript_'

Classes redefined (0 events):
No events

Internal exceptions (20 events):
Event: 16.484 Thread 0x000001b657c87f60 Exception <a 'java/lang/ClassNotFoundException'{0x000000008ca9a780}: org/jetbrains/kotlin/gradle/dsl/KotlinJvmOptionsImplBeanInfo> (0x000000008ca9a780) 
thrown [s\src\hotspot\share\classfile\systemDictionary.cpp, line 256]
Event: 16.485 Thread 0x000001b657c87f60 Exception <a 'java/lang/ClassNotFoundException'{0x000000008caa53a0}: org/jetbrains/kotlin/gradle/dsl/KotlinJvmOptionsBaseBeanInfo> (0x000000008caa53a0) 
thrown [s\src\hotspot\share\classfile\systemDictionary.cpp, line 256]
Event: 16.486 Thread 0x000001b657c87f60 Exception <a 'java/lang/ClassNotFoundException'{0x000000008cab01f0}: org/jetbrains/kotlin/gradle/dsl/KotlinJvmOptionsBaseCustomizer> (0x000000008cab01f0) 
thrown [s\src\hotspot\share\classfile\systemDictionary.cpp, line 256]
Event: 16.487 Thread 0x000001b657c87f60 Exception <a 'java/lang/ClassNotFoundException'{0x000000008cad42c0}: org/jetbrains/kotlin/gradle/dsl/KotlinJvmOptionsImplCustomizer> (0x000000008cad42c0) 
thrown [s\src\hotspot\share\classfile\systemDictionary.cpp, line 256]
Event: 17.343 Thread 0x000001b657c87f60 Exception <a 'java/lang/ClassNotFoundException'{0x000000008dc6dd88}: com/android/build/gradle/internal/api/ApkVariantOutputImpl_DecoratedBeanInfo> (0x000000008dc6dd88) 
thrown [s\src\hotspot\share\classfile\systemDictionary.cpp, line 256]
Event: 17.344 Thread 0x000001b657c87f60 Exception <a 'java/lang/ClassNotFoundException'{0x000000008dc79388}: com/android/build/gradle/internal/api/ApkVariantOutputImplBeanInfo> (0x000000008dc79388) 
thrown [s\src\hotspot\share\classfile\systemDictionary.cpp, line 256]
Event: 17.345 Thread 0x000001b657c87f60 Exception <a 'java/lang/ClassNotFoundException'{0x000000008dc84cc8}: com/android/build/gradle/internal/api/BaseVariantOutputImplBeanInfo> (0x000000008dc84cc8) 
thrown [s\src\hotspot\share\classfile\systemDictionary.cpp, line 256]
Event: 17.346 Thread 0x000001b657c87f60 Exception <a 'java/lang/ClassNotFoundException'{0x000000008dc902b0}: com/android/build/gradle/internal/api/BaseVariantOutputImplCustomizer> (0x000000008dc902b0) 
thrown [s\src\hotspot\share\classfile\systemDictionary.cpp, line 256]
Event: 17.347 Thread 0x000001b657c87f60 Exception <a 'java/lang/ClassNotFoundException'{0x000000008dcae798}: com/android/build/gradle/internal/api/ApkVariantOutputImplCustomizer> (0x000000008dcae798) 
thrown [s\src\hotspot\share\classfile\systemDictionary.cpp, line 256]
Event: 17.348 Thread 0x000001b657c87f60 Exception <a 'java/lang/ClassNotFoundException'{0x000000008dcc7c20}: com/android/build/gradle/internal/api/ApkVariantOutputImpl_DecoratedCustomizer> (0x000000008dcc7c20) 
thrown [s\src\hotspot\share\classfile\systemDictionary.cpp, line 256]
Event: 17.386 Thread 0x000001b657c87f60 Exception <a 'java/lang/ClassNotFoundException'{0x000000008da9df80}: com/android/build/gradle/internal/api/ReadOnlyBuildTypeBeanInfo> (0x000000008da9df80) 
thrown [s\src\hotspot\share\classfile\systemDictionary.cpp, line 256]
Event: 17.387 Thread 0x000001b657c87f60 Exception <a 'java/lang/ClassNotFoundException'{0x000000008daaa518}: com/android/build/gradle/internal/api/ReadOnlyBaseConfigBeanInfo> (0x000000008daaa518) 
thrown [s\src\hotspot\share\classfile\systemDictionary.cpp, line 256]
Event: 17.387 Thread 0x000001b657c87f60 Exception <a 'java/lang/ClassNotFoundException'{0x000000008dab5d88}: com/android/build/gradle/internal/api/ReadOnlyBaseConfigCustomizer> (0x000000008dab5d88) 
thrown [s\src\hotspot\share\classfile\systemDictionary.cpp, line 256]
Event: 17.388 Thread 0x000001b657c87f60 Exception <a 'java/lang/ClassNotFoundException'{0x000000008dad1ef8}: com/android/build/gradle/internal/api/ReadOnlyBuildTypeCustomizer> (0x000000008dad1ef8) 
thrown [s\src\hotspot\share\classfile\systemDictionary.cpp, line 256]
Event: 17.618 Thread 0x000001b657c87f60 Exception <a 'java/lang/ClassNotFoundException'{0x000000008cd32b18}: org/jetbrains/plugins/gradle/model/web/WebConfigurationBeanInfo> (0x000000008cd32b18) 
thrown [s\src\hotspot\share\classfile\systemDictionary.cpp, line 256]
Event: 17.619 Thread 0x000001b657c87f60 Exception <a 'java/lang/ClassNotFoundException'{0x000000008cd3c3e0}: org/jetbrains/plugins/gradle/model/web/WebConfigurationCustomizer> (0x000000008cd3c3e0) 
thrown [s\src\hotspot\share\classfile\systemDictionary.cpp, line 256]
Event: 17.621 Thread 0x000001b657c87f60 Exception <a 'java/lang/ClassNotFoundException'{0x000000008cd612a0}: org/jetbrains/plugins/gradle/model/scala/ScalaModelBeanInfo> (0x000000008cd612a0) 
thrown [s\src\hotspot\share\classfile\systemDictionary.cpp, line 256]
Event: 17.621 Thread 0x000001b657c87f60 Exception <a 'java/lang/ClassNotFoundException'{0x000000008cd6aae8}: org/jetbrains/plugins/gradle/model/scala/ScalaModelCustomizer> (0x000000008cd6aae8) 
thrown [s\src\hotspot\share\classfile\systemDictionary.cpp, line 256]
Event: 17.626 Thread 0x000001b657c87f60 Exception <a 'java/lang/ClassNotFoundException'{0x000000008cda6990}: org/jetbrains/plugins/gradle/model/DependencyAccessorsModelBeanInfo> (0x000000008cda6990) 
thrown [s\src\hotspot\share\classfile\systemDictionary.cpp, line 256]
Event: 17.627 Thread 0x000001b657c87f60 Exception <a 'java/lang/ClassNotFoundException'{0x000000008cdb0280}: org/jetbrains/plugins/gradle/model/DependencyAccessorsModelCustomizer> (0x000000008cdb0280) 
thrown [s\src\hotspot\share\classfile\systemDictionary.cpp, line 256]

VM Operations (20 events):
Event: 15.741 Executing VM operation: HandshakeAllThreads done
Event: 15.897 Executing VM operation: HandshakeAllThreads
Event: 15.897 Executing VM operation: HandshakeAllThreads done
Event: 16.043 Executing VM operation: ICBufferFull
Event: 16.043 Executing VM operation: ICBufferFull done
Event: 16.287 Executing VM operation: G1CollectForAllocation
Event: 16.292 Executing VM operation: G1CollectForAllocation done
Event: 16.518 Executing VM operation: HandshakeAllThreads
Event: 16.519 Executing VM operation: HandshakeAllThreads done
Event: 17.110 Executing VM operation: G1CollectForAllocation
Event: 17.118 Executing VM operation: G1CollectForAllocation done
Event: 17.189 Executing VM operation: G1Concurrent
Event: 17.193 Executing VM operation: G1Concurrent done
Event: 17.220 Executing VM operation: G1Concurrent
Event: 17.220 Executing VM operation: G1Concurrent done
Event: 17.477 Executing VM operation: HandshakeAllThreads
Event: 17.477 Executing VM operation: HandshakeAllThreads done
Event: 17.788 Executing VM operation: G1TryInitiateConcMark
Event: 17.797 Executing VM operation: G1TryInitiateConcMark done
Event: 17.877 Executing VM operation: G1Concurrent

Events (20 events):
Event: 15.784 loading class java/text/CharacterIterator done
Event: 15.785 loading class java/text/StringCharacterIterator
Event: 15.785 loading class java/text/StringCharacterIterator done
Event: 15.843 loading class java/time/format/DateTimeFormatterBuilder$WeekBasedFieldPrinterParser
Event: 15.843 loading class java/time/format/DateTimeFormatterBuilder$WeekBasedFieldPrinterParser done
Event: 15.857 loading class com/sun/jmx/mbeanserver/StandardMBeanSupport
Event: 15.857 loading class com/sun/jmx/mbeanserver/StandardMBeanSupport done
Event: 15.857 loading class com/sun/jmx/mbeanserver/StandardMBeanIntrospector
Event: 15.857 loading class com/sun/jmx/mbeanserver/StandardMBeanIntrospector done
Event: 15.899 Thread 0x000001b65d7cb3c0 Thread added: 0x000001b65d7cb3c0
Event: 16.330 loading class java/beans/IntrospectionException
Event: 16.330 loading class java/beans/IntrospectionException done
Event: 16.944 Thread 0x000001b658ee8070 Thread exited: 0x000001b658ee8070
Event: 17.430 Thread 0x000001b658ee9ed0 Thread added: 0x000001b658ee9ed0
Event: 17.570 loading class java/util/concurrent/Executors$FinalizableDelegatedExecutorService
Event: 17.570 loading class java/util/concurrent/Executors$DelegatedExecutorService
Event: 17.570 loading class java/util/concurrent/Executors$DelegatedExecutorService done
Event: 17.570 loading class java/util/concurrent/Executors$FinalizableDelegatedExecutorService done
Event: 17.697 loading class java/io/NotSerializableException
Event: 17.697 loading class java/io/NotSerializableException done


Dynamic libraries:
0x00007ff7d33b0000 - 0x00007ff7d33ba000 	C:\Program Files\Android\Android Studio1\jbr\bin\java.exe
0x00007ffc86bb0000 - 0x00007ffc86da8000 	C:\WINDOWS\SYSTEM32\ntdll.dll
0x00007ffc85830000 - 0x00007ffc858ef000 	C:\WINDOWS\System32\KERNEL32.DLL
0x00007ffc846f0000 - 0x00007ffc849e6000 	C:\WINDOWS\System32\KERNELBASE.dll
0x00007ffc84580000 - 0x00007ffc84680000 	C:\WINDOWS\System32\ucrtbase.dll
0x00007ffc734e0000 - 0x00007ffc734fb000 	C:\Program Files\Android\Android Studio1\jbr\bin\VCRUNTIME140.dll
0x00007ffc5e560000 - 0x00007ffc5e577000 	C:\Program Files\Android\Android Studio1\jbr\bin\jli.dll
0x00007ffc6af80000 - 0x00007ffc6b21a000 	C:\WINDOWS\WinSxS\amd64_microsoft.windows.common-controls_6595b64144ccf1df_6.0.19041.1110_none_60b5254171f9507e\COMCTL32.dll
0x00007ffc86230000 - 0x00007ffc863cd000 	C:\WINDOWS\System32\USER32.dll
0x00007ffc867d0000 - 0x00007ffc8686e000 	C:\WINDOWS\System32\msvcrt.dll
0x00007ffc86730000 - 0x00007ffc8675c000 	C:\WINDOWS\System32\GDI32.dll
0x00007ffc843b0000 - 0x00007ffc843d2000 	C:\WINDOWS\System32\win32u.dll
0x00007ffc84290000 - 0x00007ffc843a5000 	C:\WINDOWS\System32\gdi32full.dll
0x00007ffc843e0000 - 0x00007ffc8447d000 	C:\WINDOWS\System32\msvcp_win.dll
0x00007ffc85b80000 - 0x00007ffc85bb0000 	C:\WINDOWS\System32\IMM32.DLL
0x00007ffc7da00000 - 0x00007ffc7da0c000 	C:\Program Files\Android\Android Studio1\jbr\bin\vcruntime140_1.dll
0x00007ffc4bec0000 - 0x00007ffc4bf4d000 	C:\Program Files\Android\Android Studio1\jbr\bin\msvcp140.dll
0x00007ffc17e90000 - 0x00007ffc18afd000 	C:\Program Files\Android\Android Studio1\jbr\bin\server\jvm.dll
0x00007ffc858f0000 - 0x00007ffc8599f000 	C:\WINDOWS\System32\ADVAPI32.dll
0x00007ffc85a50000 - 0x00007ffc85aec000 	C:\WINDOWS\System32\sechost.dll
0x00007ffc860f0000 - 0x00007ffc86216000 	C:\WINDOWS\System32\RPCRT4.dll
0x00007ffc6fcc0000 - 0x00007ffc6fcc9000 	C:\WINDOWS\SYSTEM32\WSOCK32.dll
0x00007ffc7d850000 - 0x00007ffc7d85a000 	C:\WINDOWS\SYSTEM32\VERSION.dll
0x00007ffc71710000 - 0x00007ffc71737000 	C:\WINDOWS\SYSTEM32\WINMM.dll
0x00007ffc85af0000 - 0x00007ffc85b5b000 	C:\WINDOWS\System32\WS2_32.dll
0x00007ffc82a90000 - 0x00007ffc82aa2000 	C:\WINDOWS\SYSTEM32\kernel.appcore.dll
0x00007ffc733f0000 - 0x00007ffc733fa000 	C:\Program Files\Android\Android Studio1\jbr\bin\jimage.dll
0x00007ffc82010000 - 0x00007ffc821f4000 	C:\WINDOWS\SYSTEM32\DBGHELP.DLL
0x00007ffc74670000 - 0x00007ffc746a4000 	C:\WINDOWS\SYSTEM32\dbgcore.DLL
0x00007ffc849f0000 - 0x00007ffc84a72000 	C:\WINDOWS\System32\bcryptPrimitives.dll
0x00007ffc46fe0000 - 0x00007ffc47005000 	C:\Program Files\Android\Android Studio1\jbr\bin\java.dll
0x00007ffc730f0000 - 0x00007ffc73108000 	C:\Program Files\Android\Android Studio1\jbr\bin\zip.dll
0x00007ffc84dd0000 - 0x00007ffc85514000 	C:\WINDOWS\System32\SHELL32.dll
0x00007ffc822e0000 - 0x00007ffc82a74000 	C:\WINDOWS\SYSTEM32\windows.storage.dll
0x00007ffc863d0000 - 0x00007ffc86724000 	C:\WINDOWS\System32\combase.dll
0x00007ffc83cd0000 - 0x00007ffc83cfe000 	C:\WINDOWS\SYSTEM32\Wldp.dll
0x00007ffc859a0000 - 0x00007ffc85a4d000 	C:\WINDOWS\System32\SHCORE.dll
0x00007ffc86770000 - 0x00007ffc867c5000 	C:\WINDOWS\System32\shlwapi.dll
0x00007ffc841c0000 - 0x00007ffc841e5000 	C:\WINDOWS\SYSTEM32\profapi.dll
0x00007ffc5dfe0000 - 0x00007ffc5dff9000 	C:\Program Files\Android\Android Studio1\jbr\bin\net.dll
0x00007ffc7ab70000 - 0x00007ffc7ac7a000 	C:\WINDOWS\SYSTEM32\WINHTTP.dll
0x00007ffc839e0000 - 0x00007ffc83a4a000 	C:\WINDOWS\system32\mswsock.dll
0x00007ffc5ce50000 - 0x00007ffc5ce66000 	C:\Program Files\Android\Android Studio1\jbr\bin\nio.dll
0x00007ffc6d5b0000 - 0x00007ffc6d5c0000 	C:\Program Files\Android\Android Studio1\jbr\bin\verify.dll
0x00007ffc6d2f0000 - 0x00007ffc6d317000 	C:\Users\Filipe Guia\.gradle\native\e1d6ef7f7dcc3fd88c89a11ec53ec762bb8ba0a96d01ffa2cd45eb1d1d8dd5c5\windows-amd64\native-platform.dll
0x00007ffc3e080000 - 0x00007ffc3e1c4000 	C:\Users\Filipe Guia\.gradle\native\5664cfc778a61ccfe75a443a1ab52a65af34e5dc3c78e0209fed803814484fcb\windows-amd64\native-platform-file-events.dll
0x00007ffc73390000 - 0x00007ffc73399000 	C:\Program Files\Android\Android Studio1\jbr\bin\management.dll
0x00007ffc71450000 - 0x00007ffc7145b000 	C:\Program Files\Android\Android Studio1\jbr\bin\management_ext.dll
0x00007ffc855d0000 - 0x00007ffc855d8000 	C:\WINDOWS\System32\PSAPI.DLL
0x00007ffc83ba0000 - 0x00007ffc83bb8000 	C:\WINDOWS\SYSTEM32\CRYPTSP.dll
0x00007ffc832a0000 - 0x00007ffc832d4000 	C:\WINDOWS\system32\rsaenh.dll
0x00007ffc84be0000 - 0x00007ffc84c07000 	C:\WINDOWS\System32\bcrypt.dll
0x00007ffc84180000 - 0x00007ffc841ae000 	C:\WINDOWS\SYSTEM32\USERENV.dll
0x00007ffc83b90000 - 0x00007ffc83b9c000 	C:\WINDOWS\SYSTEM32\CRYPTBASE.dll
0x00007ffc83690000 - 0x00007ffc836cc000 	C:\WINDOWS\SYSTEM32\IPHLPAPI.DLL
0x00007ffc86760000 - 0x00007ffc86768000 	C:\WINDOWS\System32\NSI.dll
0x00007ffc7c4f0000 - 0x00007ffc7c507000 	C:\WINDOWS\SYSTEM32\dhcpcsvc6.DLL
0x00007ffc7c4d0000 - 0x00007ffc7c4ed000 	C:\WINDOWS\SYSTEM32\dhcpcsvc.DLL
0x00007ffc836e0000 - 0x00007ffc837aa000 	C:\WINDOWS\SYSTEM32\DNSAPI.dll
0x00007ffc6d580000 - 0x00007ffc6d587000 	C:\WINDOWS\system32\wshunix.dll

dbghelp: loaded successfully - version: 4.0.5 - missing functions: none
symbol engine: initialized successfully - sym options: 0x614 - pdb path: .;C:\Program Files\Android\Android Studio1\jbr\bin;C:\WINDOWS\SYSTEM32;C:\WINDOWS\WinSxS\amd64_microsoft.windows.common-controls_6595b64144ccf1df_6.0.19041.1110_none_60b5254171f9507e;C:\Program Files\Android\Android Studio1\jbr\bin\server;C:\Users\Filipe Guia\.gradle\native\e1d6ef7f7dcc3fd88c89a11ec53ec762bb8ba0a96d01ffa2cd45eb1d1d8dd5c5\windows-amd64;C:\Users\Filipe Guia\.gradle\native\5664cfc778a61ccfe75a443a1ab52a65af34e5dc3c78e0209fed803814484fcb\windows-amd64

VM Arguments:
jvm_args: --add-opens=java.base/java.util=ALL-UNNAMED --add-opens=java.base/java.lang=ALL-UNNAMED --add-opens=java.base/java.lang.invoke=ALL-UNNAMED --add-opens=java.base/java.util=ALL-UNNAMED --add-opens=java.prefs/java.util.prefs=ALL-UNNAMED --add-opens=java.prefs/java.util.prefs=ALL-UNNAMED --add-opens=java.base/java.nio.charset=ALL-UNNAMED --add-opens=java.base/java.net=ALL-UNNAMED --add-opens=java.base/java.util.concurrent.atomic=ALL-UNNAMED -Xmx2048m -Dfile.encoding=UTF-8 -Duser.country=PT -Duser.language=pt -Duser.variant 
java_command: org.gradle.launcher.daemon.bootstrap.GradleDaemon 7.2
java_class_path (initial): C:\Users\Filipe Guia\.gradle\wrapper\dists\gradle-7.2-bin\2dnblmf4td7x66yl1d74lt32g\gradle-7.2\lib\gradle-launcher-7.2.jar
Launcher Type: SUN_STANDARD

[Global flags]
     intx CICompilerCount                          = 4                                         {product} {ergonomic}
     uint ConcGCThreads                            = 2                                         {product} {ergonomic}
     uint G1ConcRefinementThreads                  = 8                                         {product} {ergonomic}
   size_t G1HeapRegionSize                         = 1048576                                   {product} {ergonomic}
    uintx GCDrainStackTargetSize                   = 64                                        {product} {ergonomic}
   size_t InitialHeapSize                          = 266338304                                 {product} {ergonomic}
   size_t MarkStackSize                            = 4194304                                   {product} {ergonomic}
   size_t MaxHeapSize                              = 2147483648                                {product} {command line}
   size_t MaxNewSize                               = 1287651328                                {product} {ergonomic}
   size_t MinHeapDeltaBytes                        = 1048576                                   {product} {ergonomic}
   size_t MinHeapSize                              = 8388608                                   {product} {ergonomic}
    uintx NonNMethodCodeHeapSize                   = 5839372                                {pd product} {ergonomic}
    uintx NonProfiledCodeHeapSize                  = 122909434                              {pd product} {ergonomic}
    uintx ProfiledCodeHeapSize                     = 122909434                              {pd product} {ergonomic}
    uintx ReservedCodeCacheSize                    = 251658240                              {pd product} {ergonomic}
     bool SegmentedCodeCache                       = true                                      {product} {ergonomic}
   size_t SoftMaxHeapSize                          = 2147483648                             {manageable} {ergonomic}
     bool UseCompressedClassPointers               = true                           {product lp64_product} {ergonomic}
     bool UseCompressedOops                        = true                           {product lp64_product} {ergonomic}
     bool UseG1GC                                  = true                                      {product} {ergonomic}
     bool UseLargePagesIndividualAllocation        = false                                  {pd product} {ergonomic}

Logging:
Log output configuration:
 #0: stdout all=warning uptime,level,tags
 #1: stderr all=off uptime,level,tags

Environment Variables:
JAVA_HOME=C:\Program Files\Java\jdk-11.0.13
PATH=C:\Program Files\Common Files\Oracle\Java\javapath;C:\Program Files (x86)\Common Files\Oracle\Java\javapath;C:\WINDOWS\system32;C:\WINDOWS;C:\WINDOWS\System32\Wbem;C:\WINDOWS\System32\WindowsPowerShell\v1.0\;C:\WINDOWS\System32\OpenSSH\;C:\Program Files\PuTTY\;C:\Program Files\Java\jdk-16.0.2\bin;C:\Program Files\Git\cmd;C:\Program Files (x86)\NVIDIA Corporation\PhysX\Common;C:\Program Files\NVIDIA Corporation\NVIDIA NvDLISR;C:\Program Files\nodejs\;C:\src\flutter;C:\HashiCorp\Vagrant\bin;;C:\Program Files\Docker\Docker\resources\bin;C:\Users\Filipe Guia\AppData\Local\Programs\Python\Python310\Scripts\;C:\Users\Filipe Guia\AppData\Local\Programs\Python\Python310\;"C:\Users\Filipe Guia\AppData\Local\Microsoft\WindowsApps;C:\Android\Sdk\platform-tools";C:\Users\Filipe Guia\AppData\Local\GitHubDesktop\bin;C:\Users\Filipe Guia\AppData\Local\Programs\Microsoft VS Code\bin;C:\xampp\php;C:\sqlite;C:\Users\Filipe Guia\AppData\Local\Microsoft\WindowsApps;C:\Users\Filipe Guia\AppData\Roaming\npm;
USERNAME=Filipe Guia
OS=Windows_NT
PROCESSOR_IDENTIFIER=Intel64 Family 6 Model 158 Stepping 10, GenuineIntel
TMP=C:\Users\FILIPE~1\AppData\Local\Temp
TEMP=C:\Users\FILIPE~1\AppData\Local\Temp



---------------  S Y S T E M  ---------------

OS:
 Windows 10 , 64 bit Build 19041 (10.0.19041.3155)
OS uptime: 4 days 20:01 hours
Hyper-V role detected

CPU: total 8 (initial active 8) (4 cores per cpu, 2 threads per core) family 6 model 158 stepping 10 microcode 0xca, cx8, cmov, fxsr, ht, mmx, 3dnowpref, sse, sse2, sse3, ssse3, sse4.1, sse4.2, popcnt, lzcnt, tsc, tscinvbit, avx, avx2, aes, erms, clmul, bmi1, bmi2, adx, fma, vzeroupper, clflush, clflushopt, hv

Memory: 4k page, system-wide physical 16232M (4014M free)
TotalPageFile size 32232M (AvailPageFile size 31M)
current process WorkingSet (physical memory assigned to process): 474M, peak: 484M
current process commit charge ("private bytes"): 538M, peak: 566M

vm_info: OpenJDK 64-Bit Server VM (17.0.6+0-b2043.56-9586694) for windows-amd64 JRE (17.0.6+0-b2043.56-9586694), built on Feb  9 2023 20:06:20 by "androidbuild" with MS VC++ 16.10 / 16.11 (VS2019)

END.
