#
# There is insufficient memory for the Java Runtime Environment to continue.
# Native memory allocation (mmap) failed to map 127926272 bytes for G1 virtual space
# Possible reasons:
#   The system is out of physical RAM or swap space
#   The process is running with CompressedOops enabled, and the Java Heap may be blocking the growth of the native heap
# Possible solutions:
#   Reduce memory load on the system
#   Increase physical memory or swap space
#   Check if swap backing store is full
#   Decrease Java heap size (-Xmx/-Xms)
#   Decrease number of Java threads
#   Decrease Java thread stack sizes (-Xss)
#   Set larger code cache with -XX:ReservedCodeCacheSize=
#   JVM is running with Unscaled Compressed Oops mode in which the Java heap is
#     placed in the first 4GB address space. The Java Heap base address is the
#     maximum limit for the native heap growth. Please use -XX:HeapBaseMinAddress
#     to set the Java Heap base and to place the Java Heap above 4GB virtual address.
# This output file may be truncated or incomplete.
#
#  Out of Memory Error (os_windows.cpp:3769), pid=28976, tid=30104
#
# JRE version: OpenJDK Runtime Environment (17.0.6) (build 17.0.6+0-b2043.56-9586694)
# Java VM: OpenJDK 64-Bit Server VM (17.0.6+0-b2043.56-9586694, mixed mode, tiered, compressed oops, compressed class ptrs, g1 gc, windows-amd64)
# No core dump will be written. Minidumps are not enabled by default on client versions of Windows
#

---------------  S U M M A R Y ------------

Command Line: --add-opens=java.base/java.util=ALL-UNNAMED --add-opens=java.base/java.lang=ALL-UNNAMED --add-opens=java.base/java.lang.invoke=ALL-UNNAMED --add-opens=java.base/java.util=ALL-UNNAMED --add-opens=java.prefs/java.util.prefs=ALL-UNNAMED --add-opens=java.prefs/java.util.prefs=ALL-UNNAMED --add-opens=java.base/java.nio.charset=ALL-UNNAMED --add-opens=java.base/java.net=ALL-UNNAMED --add-opens=java.base/java.util.concurrent.atomic=ALL-UNNAMED -Xmx2048m -Dfile.encoding=UTF-8 -Duser.country=PT -Duser.language=pt -Duser.variant org.gradle.launcher.daemon.bootstrap.GradleDaemon 7.2

Host: Intel(R) Core(TM) i5-8300H CPU @ 2.30GHz, 8 cores, 15G,  Windows 10 , 64 bit Build 19041 (10.0.19041.3155)
Time: Fri Jul 21 23:27:58 2023 Hora de Verão de GMT elapsed time: 14.541432 seconds (0d 0h 0m 14s)

---------------  T H R E A D  ---------------

Current thread (0x0000029a7d826a00):  VMThread "VM Thread" [stack: 0x000000ae3d400000,0x000000ae3d500000] [id=30104]

Stack: [0x000000ae3d400000,0x000000ae3d500000]
Native frames: (J=compiled Java code, j=interpreted, Vv=VM code, C=native code)
V  [jvm.dll+0x683b4a]
V  [jvm.dll+0x842654]
V  [jvm.dll+0x843dfe]
V  [jvm.dll+0x844463]
V  [jvm.dll+0x249b75]
V  [jvm.dll+0x680a19]
V  [jvm.dll+0x674f0a]
V  [jvm.dll+0x309acb]
V  [jvm.dll+0x310f86]
V  [jvm.dll+0x3608ee]
V  [jvm.dll+0x360b1f]
V  [jvm.dll+0x2dfbf8]
V  [jvm.dll+0x2ddec4]
V  [jvm.dll+0x2dd4cc]
V  [jvm.dll+0x322261]
V  [jvm.dll+0x84893b]
V  [jvm.dll+0x849674]
V  [jvm.dll+0x849b8d]
V  [jvm.dll+0x849f64]
V  [jvm.dll+0x84a030]
V  [jvm.dll+0x7f25fa]
V  [jvm.dll+0x682985]
C  [ucrtbase.dll+0x21bb2]
C  [KERNEL32.DLL+0x17614]
C  [ntdll.dll+0x526b1]

VM_Operation (0x000000ae3ecf6040): G1TryInitiateConcMark, mode: safepoint, requested by thread 0x0000029a0fba0e50


---------------  P R O C E S S  ---------------

Threads class SMR info:
_java_thread_list=0x0000029a11205fa0, length=125, elements={
0x0000029a71e4b7a0, 0x0000029a7d829620, 0x0000029a7d82a620, 0x0000029a7d8713b0,
0x0000029a7d872e80, 0x0000029a7d875750, 0x0000029a7d876010, 0x0000029a7d8825c0,
0x0000029a7d8a2f80, 0x0000029a7d8b40b0, 0x0000029a7da211e0, 0x0000029a7da21ac0,
0x0000029a0f9ed900, 0x0000029a7ec24330, 0x0000029a0f62f030, 0x0000029a0f1c7ed0,
0x0000029a0fb11130, 0x0000029a0f487f30, 0x0000029a0fba0e50, 0x0000029a7e96d240,
0x0000029a0f287cd0, 0x0000029a0f288b40, 0x0000029a0f286990, 0x0000029a0f289010,
0x0000029a0f2894e0, 0x0000029a0f2881a0, 0x0000029a0f287800, 0x0000029a0f285ff0,
0x0000029a0f287330, 0x0000029a0f288670, 0x0000029a0f2864c0, 0x0000029a0f286e60,
0x0000029a1184f8e0, 0x0000029a118510f0, 0x0000029a11851a90, 0x0000029a11852dd0,
0x0000029a11850c20, 0x0000029a11850280, 0x0000029a11852430, 0x0000029a11851f60,
0x0000029a7f1ee340, 0x0000029a134dbef0, 0x0000029a1184fdb0, 0x0000029a119558a0,
0x0000029a11953bc0, 0x0000029a11952880, 0x0000029a11954560, 0x0000029a1194fd30,
0x0000029a11950200, 0x0000029a11954a30, 0x0000029a1194f390, 0x0000029a11953220,
0x0000029a11951a10, 0x0000029a119536f0, 0x0000029a11954f00, 0x0000029a11951540,
0x0000029a11951070, 0x0000029a11951ee0, 0x0000029a1194f860, 0x0000029a11956240,
0x0000029a119523b0, 0x0000029a11952d50, 0x0000029a119553d0, 0x0000029a1194e9f0,
0x0000029a1194eec0, 0x0000029a119506d0, 0x0000029a7f32d540, 0x0000029a7f32a9f0,
0x0000029a7f32d070, 0x0000029a7f32b390, 0x0000029a7f328d10, 0x0000029a7f3296b0,
0x0000029a7f32da10, 0x0000029a7f32c200, 0x0000029a7f32e880, 0x0000029a7f32ed50,
0x0000029a7f32aec0, 0x0000029a7f32a520, 0x0000029a7f32c6d0, 0x0000029a7f328840,
0x0000029a7f32b860, 0x0000029a7f328370, 0x0000029a7f32cba0, 0x0000029a7f32bd30,
0x0000029a7f3291e0, 0x0000029a7f32f220, 0x0000029a7f32dee0, 0x0000029a7f32e3b0,
0x0000029a7f3279d0, 0x0000029a7f327ea0, 0x0000029a7f329b80, 0x0000029a7f32a050,
0x0000029a13a78460, 0x0000029a13a77f90, 0x0000029a13a78930, 0x0000029a13a77ac0,
0x0000029a13a7aae0, 0x0000029a13a7a610, 0x0000029a13a792d0, 0x0000029a13a7b480,
0x0000029a13a797a0, 0x0000029a13a7afb0, 0x0000029a13a79c70, 0x0000029a13a78e00,
0x0000029a13a7a140, 0x0000029a11087100, 0x0000029a11086290, 0x0000029a11086c30,
0x0000029a11089c50, 0x0000029a11088de0, 0x0000029a1108a120, 0x0000029a110845b0,
0x0000029a110875d0, 0x0000029a1108a5f0, 0x0000029a11086760, 0x0000029a11087aa0,
0x0000029a1108af90, 0x0000029a1108aac0, 0x0000029a11087f70, 0x0000029a110892b0,
0x0000029a11088440, 0x0000029a1108be00, 0x0000029a11088910, 0x0000029a11089780,
0x0000029a1108b460
}

Java Threads: ( => current thread )
  0x0000029a71e4b7a0 JavaThread "main" [_thread_blocked, id=14276, stack(0x000000ae3ce00000,0x000000ae3cf00000)]
  0x0000029a7d829620 JavaThread "Reference Handler" daemon [_thread_blocked, id=23788, stack(0x000000ae3d500000,0x000000ae3d600000)]
  0x0000029a7d82a620 JavaThread "Finalizer" daemon [_thread_blocked, id=24724, stack(0x000000ae3d600000,0x000000ae3d700000)]
  0x0000029a7d8713b0 JavaThread "Signal Dispatcher" daemon [_thread_blocked, id=27528, stack(0x000000ae3d700000,0x000000ae3d800000)]
  0x0000029a7d872e80 JavaThread "Attach Listener" daemon [_thread_blocked, id=19684, stack(0x000000ae3d800000,0x000000ae3d900000)]
  0x0000029a7d875750 JavaThread "Service Thread" daemon [_thread_blocked, id=18496, stack(0x000000ae3d900000,0x000000ae3da00000)]
  0x0000029a7d876010 JavaThread "Monitor Deflation Thread" daemon [_thread_blocked, id=16060, stack(0x000000ae3da00000,0x000000ae3db00000)]
  0x0000029a7d8825c0 JavaThread "C2 CompilerThread0" daemon [_thread_blocked, id=17124, stack(0x000000ae3db00000,0x000000ae3dc00000)]
  0x0000029a7d8a2f80 JavaThread "C1 CompilerThread0" daemon [_thread_blocked, id=18232, stack(0x000000ae3dc00000,0x000000ae3dd00000)]
  0x0000029a7d8b40b0 JavaThread "Sweeper thread" daemon [_thread_blocked, id=8264, stack(0x000000ae3dd00000,0x000000ae3de00000)]
  0x0000029a7da211e0 JavaThread "Common-Cleaner" daemon [_thread_blocked, id=15580, stack(0x000000ae3de00000,0x000000ae3df00000)]
  0x0000029a7da21ac0 JavaThread "Notification Thread" daemon [_thread_blocked, id=26612, stack(0x000000ae3df00000,0x000000ae3e000000)]
  0x0000029a0f9ed900 JavaThread "Daemon health stats" [_thread_blocked, id=23744, stack(0x000000ae3e800000,0x000000ae3e900000)]
  0x0000029a7ec24330 JavaThread "Incoming local TCP Connector on port 59781" [_thread_in_native, id=22220, stack(0x000000ae3e100000,0x000000ae3e200000)]
  0x0000029a0f62f030 JavaThread "Daemon periodic checks" [_thread_blocked, id=27192, stack(0x000000ae3e200000,0x000000ae3e300000)]
  0x0000029a0f1c7ed0 JavaThread "Daemon" [_thread_blocked, id=13640, stack(0x000000ae3e900000,0x000000ae3ea00000)]
  0x0000029a0fb11130 JavaThread "Handler for socket connection from /127.0.0.1:59781 to /127.0.0.1:59782" [_thread_in_native, id=7764, stack(0x000000ae3ea00000,0x000000ae3eb00000)]
  0x0000029a0f487f30 JavaThread "Cancel handler" [_thread_blocked, id=28696, stack(0x000000ae3eb00000,0x000000ae3ec00000)]
  0x0000029a0fba0e50 JavaThread "Daemon worker" [_thread_blocked, id=19368, stack(0x000000ae3ec00000,0x000000ae3ed00000)]
  0x0000029a7e96d240 JavaThread "Asynchronous log dispatcher for DefaultDaemonConnection: socket connection from /127.0.0.1:59781 to /127.0.0.1:59782" [_thread_blocked, id=6280, stack(0x000000ae3ed00000,0x000000ae3ee00000)]
  0x0000029a0f287cd0 JavaThread "Stdin handler" [_thread_blocked, id=25648, stack(0x000000ae3ee00000,0x000000ae3ef00000)]
  0x0000029a0f288b40 JavaThread "Daemon client event forwarder" [_thread_blocked, id=4492, stack(0x000000ae3ef00000,0x000000ae3f000000)]
  0x0000029a0f286990 JavaThread "Cache worker for journal cache (C:\Users\Filipe Guia\.gradle\caches\journal-1)" [_thread_blocked, id=16716, stack(0x000000ae3f300000,0x000000ae3f400000)]
  0x0000029a0f289010 JavaThread "File lock request listener" [_thread_in_native, id=19556, stack(0x000000ae3f400000,0x000000ae3f500000)]
  0x0000029a0f2894e0 JavaThread "Cache worker for file hash cache (C:\Users\Filipe Guia\.gradle\caches\7.2\fileHashes)" [_thread_blocked, id=16468, stack(0x000000ae3f500000,0x000000ae3f600000)]
  0x0000029a0f2881a0 JavaThread "Cache worker for file hash cache (C:\ProjetoAndroid\MoviesManager\.gradle\7.2\fileHashes)" [_thread_blocked, id=2608, stack(0x000000ae3f700000,0x000000ae3f800000)]
  0x0000029a0f287800 JavaThread "File watcher server" daemon [_thread_in_native, id=23988, stack(0x000000ae3f900000,0x000000ae3fa00000)]
  0x0000029a0f285ff0 JavaThread "File watcher consumer" daemon [_thread_blocked, id=19044, stack(0x000000ae3fa00000,0x000000ae3fb00000)]
  0x0000029a0f287330 JavaThread "jar transforms" [_thread_blocked, id=10232, stack(0x000000ae3fb00000,0x000000ae3fc00000)]
  0x0000029a0f288670 JavaThread "jar transforms Thread 2" [_thread_blocked, id=23172, stack(0x000000ae3fc00000,0x000000ae3fd00000)]
  0x0000029a0f2864c0 JavaThread "jar transforms Thread 3" [_thread_blocked, id=20368, stack(0x000000ae3fd00000,0x000000ae3fe00000)]
  0x0000029a0f286e60 JavaThread "jar transforms Thread 4" [_thread_blocked, id=29008, stack(0x000000ae3fe00000,0x000000ae3ff00000)]
  0x0000029a1184f8e0 JavaThread "jar transforms Thread 5" [_thread_blocked, id=11984, stack(0x000000ae3ff00000,0x000000ae40000000)]
  0x0000029a118510f0 JavaThread "jar transforms Thread 6" [_thread_blocked, id=11396, stack(0x000000ae40000000,0x000000ae40100000)]
  0x0000029a11851a90 JavaThread "jar transforms Thread 7" [_thread_blocked, id=19100, stack(0x000000ae40100000,0x000000ae40200000)]
  0x0000029a11852dd0 JavaThread "jar transforms Thread 8" [_thread_blocked, id=20100, stack(0x000000ae40200000,0x000000ae40300000)]
  0x0000029a11850c20 JavaThread "Cache worker for checksums cache (C:\ProjetoAndroid\MoviesManager\.gradle\checksums)" [_thread_blocked, id=25044, stack(0x000000ae40400000,0x000000ae40500000)]
  0x0000029a11850280 JavaThread "Cache worker for cache directory md-supplier (C:\Users\Filipe Guia\.gradle\caches\7.2\md-supplier)" [_thread_blocked, id=19052, stack(0x000000ae40500000,0x000000ae40600000)]
  0x0000029a11852430 JavaThread "Cache worker for cache directory md-rule (C:\Users\Filipe Guia\.gradle\caches\7.2\md-rule)" [_thread_blocked, id=13180, stack(0x000000ae40600000,0x000000ae40700000)]
  0x0000029a11851f60 JavaThread "Cache worker for execution history cache (C:\Users\Filipe Guia\.gradle\caches\7.2\executionHistory)" [_thread_blocked, id=15072, stack(0x000000ae40700000,0x000000ae40800000)]
  0x0000029a7f1ee340 JavaThread "C2 CompilerThread1" daemon [_thread_blocked, id=9712, stack(0x000000ae3f600000,0x000000ae3f700000)]
  0x0000029a134dbef0 JavaThread "C2 CompilerThread2" daemon [_thread_blocked, id=440, stack(0x000000ae40300000,0x000000ae40400000)]
  0x0000029a1184fdb0 JavaThread "Cache worker for file content cache (C:\Users\Filipe Guia\.gradle\caches\7.2\fileContent)" [_thread_blocked, id=7684, stack(0x000000ae40800000,0x000000ae40900000)]
  0x0000029a119558a0 JavaThread "Cache worker for dependencies-accessors (C:\ProjetoAndroid\MoviesManager\.gradle\7.2\dependencies-accessors)" [_thread_blocked, id=28472, stack(0x000000ae40900000,0x000000ae40a00000)]
  0x0000029a11953bc0 JavaThread "Cache worker for Build Output Cleanup Cache (C:\ProjetoAndroid\MoviesManager\.gradle\buildOutputCleanup)" [_thread_blocked, id=22920, stack(0x000000ae40a00000,0x000000ae40b00000)]
  0x0000029a11952880 JavaThread "Unconstrained build operations" [_thread_blocked, id=2968, stack(0x000000ae40b00000,0x000000ae40c00000)]
  0x0000029a11954560 JavaThread "Unconstrained build operations Thread 2" [_thread_blocked, id=2020, stack(0x000000ae40c00000,0x000000ae40d00000)]
  0x0000029a1194fd30 JavaThread "Unconstrained build operations Thread 3" [_thread_blocked, id=22504, stack(0x000000ae40d00000,0x000000ae40e00000)]
  0x0000029a11950200 JavaThread "Unconstrained build operations Thread 4" [_thread_blocked, id=8232, stack(0x000000ae40e00000,0x000000ae40f00000)]
  0x0000029a11954a30 JavaThread "Unconstrained build operations Thread 5" [_thread_blocked, id=23080, stack(0x000000ae40f00000,0x000000ae41000000)]
  0x0000029a1194f390 JavaThread "Unconstrained build operations Thread 6" [_thread_blocked, id=24772, stack(0x000000ae41000000,0x000000ae41100000)]
  0x0000029a11953220 JavaThread "Unconstrained build operations Thread 7" [_thread_blocked, id=27424, stack(0x000000ae41100000,0x000000ae41200000)]
  0x0000029a11951a10 JavaThread "Unconstrained build operations Thread 8" [_thread_blocked, id=16760, stack(0x000000ae41200000,0x000000ae41300000)]
  0x0000029a119536f0 JavaThread "Unconstrained build operations Thread 9" [_thread_blocked, id=9872, stack(0x000000ae41300000,0x000000ae41400000)]
  0x0000029a11954f00 JavaThread "Unconstrained build operations Thread 10" [_thread_blocked, id=20492, stack(0x000000ae41400000,0x000000ae41500000)]
  0x0000029a11951540 JavaThread "Unconstrained build operations Thread 11" [_thread_blocked, id=3512, stack(0x000000ae41500000,0x000000ae41600000)]
  0x0000029a11951070 JavaThread "Unconstrained build operations Thread 12" [_thread_blocked, id=21840, stack(0x000000ae41600000,0x000000ae41700000)]
  0x0000029a11951ee0 JavaThread "Unconstrained build operations Thread 13" [_thread_blocked, id=29128, stack(0x000000ae41700000,0x000000ae41800000)]
  0x0000029a1194f860 JavaThread "Unconstrained build operations Thread 14" [_thread_blocked, id=11568, stack(0x000000ae41800000,0x000000ae41900000)]
  0x0000029a11956240 JavaThread "Unconstrained build operations Thread 15" [_thread_blocked, id=4176, stack(0x000000ae41900000,0x000000ae41a00000)]
  0x0000029a119523b0 JavaThread "Unconstrained build operations Thread 16" [_thread_blocked, id=23528, stack(0x000000ae41a00000,0x000000ae41b00000)]
  0x0000029a11952d50 JavaThread "Unconstrained build operations Thread 17" [_thread_blocked, id=24852, stack(0x000000ae41b00000,0x000000ae41c00000)]
  0x0000029a119553d0 JavaThread "Unconstrained build operations Thread 18" [_thread_blocked, id=23392, stack(0x000000ae41c00000,0x000000ae41d00000)]
  0x0000029a1194e9f0 JavaThread "Unconstrained build operations Thread 19" [_thread_blocked, id=17932, stack(0x000000ae41d00000,0x000000ae41e00000)]
  0x0000029a1194eec0 JavaThread "Unconstrained build operations Thread 20" [_thread_blocked, id=18944, stack(0x000000ae41e00000,0x000000ae41f00000)]
  0x0000029a119506d0 JavaThread "Unconstrained build operations Thread 21" [_thread_blocked, id=26980, stack(0x000000ae41f00000,0x000000ae42000000)]
  0x0000029a7f32d540 JavaThread "Unconstrained build operations Thread 22" [_thread_blocked, id=6860, stack(0x000000ae42000000,0x000000ae42100000)]
  0x0000029a7f32a9f0 JavaThread "Unconstrained build operations Thread 23" [_thread_blocked, id=22184, stack(0x000000ae42100000,0x000000ae42200000)]
  0x0000029a7f32d070 JavaThread "Unconstrained build operations Thread 24" [_thread_blocked, id=13196, stack(0x000000ae42200000,0x000000ae42300000)]
  0x0000029a7f32b390 JavaThread "Unconstrained build operations Thread 25" [_thread_blocked, id=2260, stack(0x000000ae42300000,0x000000ae42400000)]
  0x0000029a7f328d10 JavaThread "Unconstrained build operations Thread 26" [_thread_blocked, id=12036, stack(0x000000ae42400000,0x000000ae42500000)]
  0x0000029a7f3296b0 JavaThread "Unconstrained build operations Thread 27" [_thread_blocked, id=11624, stack(0x000000ae42500000,0x000000ae42600000)]
  0x0000029a7f32da10 JavaThread "Unconstrained build operations Thread 28" [_thread_blocked, id=12812, stack(0x000000ae42600000,0x000000ae42700000)]
  0x0000029a7f32c200 JavaThread "Unconstrained build operations Thread 29" [_thread_blocked, id=23084, stack(0x000000ae42700000,0x000000ae42800000)]
  0x0000029a7f32e880 JavaThread "Unconstrained build operations Thread 30" [_thread_blocked, id=4144, stack(0x000000ae42800000,0x000000ae42900000)]
  0x0000029a7f32ed50 JavaThread "Unconstrained build operations Thread 31" [_thread_blocked, id=16712, stack(0x000000ae42900000,0x000000ae42a00000)]
  0x0000029a7f32aec0 JavaThread "Unconstrained build operations Thread 32" [_thread_blocked, id=19664, stack(0x000000ae42a00000,0x000000ae42b00000)]
  0x0000029a7f32a520 JavaThread "Unconstrained build operations Thread 33" [_thread_blocked, id=3448, stack(0x000000ae42b00000,0x000000ae42c00000)]
  0x0000029a7f32c6d0 JavaThread "Unconstrained build operations Thread 34" [_thread_blocked, id=3524, stack(0x000000ae42c00000,0x000000ae42d00000)]
  0x0000029a7f328840 JavaThread "Unconstrained build operations Thread 35" [_thread_blocked, id=12432, stack(0x000000ae42d00000,0x000000ae42e00000)]
  0x0000029a7f32b860 JavaThread "Unconstrained build operations Thread 36" [_thread_blocked, id=28032, stack(0x000000ae42e00000,0x000000ae42f00000)]
  0x0000029a7f328370 JavaThread "Unconstrained build operations Thread 37" [_thread_blocked, id=26144, stack(0x000000ae42f00000,0x000000ae43000000)]
  0x0000029a7f32cba0 JavaThread "Unconstrained build operations Thread 38" [_thread_blocked, id=22268, stack(0x000000ae43000000,0x000000ae43100000)]
  0x0000029a7f32bd30 JavaThread "Unconstrained build operations Thread 39" [_thread_blocked, id=10904, stack(0x000000ae43100000,0x000000ae43200000)]
  0x0000029a7f3291e0 JavaThread "Unconstrained build operations Thread 40" [_thread_blocked, id=27288, stack(0x000000ae43200000,0x000000ae43300000)]
  0x0000029a7f32f220 JavaThread "Unconstrained build operations Thread 41" [_thread_blocked, id=12176, stack(0x000000ae43300000,0x000000ae43400000)]
  0x0000029a7f32dee0 JavaThread "Unconstrained build operations Thread 42" [_thread_blocked, id=14740, stack(0x000000ae43400000,0x000000ae43500000)]
  0x0000029a7f32e3b0 JavaThread "Unconstrained build operations Thread 43" [_thread_blocked, id=28316, stack(0x000000ae43500000,0x000000ae43600000)]
  0x0000029a7f3279d0 JavaThread "Unconstrained build operations Thread 44" [_thread_blocked, id=13144, stack(0x000000ae43600000,0x000000ae43700000)]
  0x0000029a7f327ea0 JavaThread "Unconstrained build operations Thread 45" [_thread_blocked, id=11368, stack(0x000000ae43700000,0x000000ae43800000)]
  0x0000029a7f329b80 JavaThread "Unconstrained build operations Thread 46" [_thread_blocked, id=12540, stack(0x000000ae43800000,0x000000ae43900000)]
  0x0000029a7f32a050 JavaThread "Unconstrained build operations Thread 47" [_thread_blocked, id=4580, stack(0x000000ae43900000,0x000000ae43a00000)]
  0x0000029a13a78460 JavaThread "Unconstrained build operations Thread 48" [_thread_blocked, id=2460, stack(0x000000ae43a00000,0x000000ae43b00000)]
  0x0000029a13a77f90 JavaThread "Unconstrained build operations Thread 49" [_thread_blocked, id=19592, stack(0x000000ae43b00000,0x000000ae43c00000)]
  0x0000029a13a78930 JavaThread "Unconstrained build operations Thread 50" [_thread_blocked, id=2984, stack(0x000000ae43c00000,0x000000ae43d00000)]
  0x0000029a13a77ac0 JavaThread "Unconstrained build operations Thread 51" [_thread_blocked, id=26640, stack(0x000000ae43d00000,0x000000ae43e00000)]
  0x0000029a13a7aae0 JavaThread "Unconstrained build operations Thread 52" [_thread_blocked, id=3088, stack(0x000000ae43e00000,0x000000ae43f00000)]
  0x0000029a13a7a610 JavaThread "Unconstrained build operations Thread 53" [_thread_blocked, id=15916, stack(0x000000ae43f00000,0x000000ae44000000)]
  0x0000029a13a792d0 JavaThread "Unconstrained build operations Thread 54" [_thread_blocked, id=8112, stack(0x000000ae44000000,0x000000ae44100000)]
  0x0000029a13a7b480 JavaThread "Unconstrained build operations Thread 55" [_thread_blocked, id=28116, stack(0x000000ae44100000,0x000000ae44200000)]
  0x0000029a13a797a0 JavaThread "Unconstrained build operations Thread 56" [_thread_blocked, id=17100, stack(0x000000ae44200000,0x000000ae44300000)]
  0x0000029a13a7afb0 JavaThread "Unconstrained build operations Thread 57" [_thread_blocked, id=23336, stack(0x000000ae44300000,0x000000ae44400000)]
  0x0000029a13a79c70 JavaThread "Unconstrained build operations Thread 58" [_thread_blocked, id=17168, stack(0x000000ae44400000,0x000000ae44500000)]
  0x0000029a13a78e00 JavaThread "Unconstrained build operations Thread 59" [_thread_blocked, id=12848, stack(0x000000ae44500000,0x000000ae44600000)]
  0x0000029a13a7a140 JavaThread "Unconstrained build operations Thread 60" [_thread_blocked, id=12092, stack(0x000000ae44600000,0x000000ae44700000)]
  0x0000029a11087100 JavaThread "Unconstrained build operations Thread 61" [_thread_blocked, id=29596, stack(0x000000ae44700000,0x000000ae44800000)]
  0x0000029a11086290 JavaThread "Unconstrained build operations Thread 62" [_thread_blocked, id=28680, stack(0x000000ae44800000,0x000000ae44900000)]
  0x0000029a11086c30 JavaThread "Unconstrained build operations Thread 63" [_thread_blocked, id=26868, stack(0x000000ae44900000,0x000000ae44a00000)]
  0x0000029a11089c50 JavaThread "Unconstrained build operations Thread 64" [_thread_blocked, id=26900, stack(0x000000ae44a00000,0x000000ae44b00000)]
  0x0000029a11088de0 JavaThread "Unconstrained build operations Thread 65" [_thread_blocked, id=23512, stack(0x000000ae44b00000,0x000000ae44c00000)]
  0x0000029a1108a120 JavaThread "Unconstrained build operations Thread 66" [_thread_blocked, id=2224, stack(0x000000ae44c00000,0x000000ae44d00000)]
  0x0000029a110845b0 JavaThread "Unconstrained build operations Thread 67" [_thread_blocked, id=16992, stack(0x000000ae44d00000,0x000000ae44e00000)]
  0x0000029a110875d0 JavaThread "Unconstrained build operations Thread 68" [_thread_blocked, id=3988, stack(0x000000ae44e00000,0x000000ae44f00000)]
  0x0000029a1108a5f0 JavaThread "Unconstrained build operations Thread 69" [_thread_blocked, id=12268, stack(0x000000ae44f00000,0x000000ae45000000)]
  0x0000029a11086760 JavaThread "Unconstrained build operations Thread 70" [_thread_blocked, id=23700, stack(0x000000ae45000000,0x000000ae45100000)]
  0x0000029a11087aa0 JavaThread "Unconstrained build operations Thread 71" [_thread_blocked, id=18572, stack(0x000000ae45100000,0x000000ae45200000)]
  0x0000029a1108af90 JavaThread "Unconstrained build operations Thread 72" [_thread_blocked, id=8408, stack(0x000000ae45200000,0x000000ae45300000)]
  0x0000029a1108aac0 JavaThread "Unconstrained build operations Thread 73" [_thread_blocked, id=25096, stack(0x000000ae45300000,0x000000ae45400000)]
  0x0000029a11087f70 JavaThread "Unconstrained build operations Thread 74" [_thread_blocked, id=9860, stack(0x000000ae45400000,0x000000ae45500000)]
  0x0000029a110892b0 JavaThread "Unconstrained build operations Thread 75" [_thread_blocked, id=19208, stack(0x000000ae45500000,0x000000ae45600000)]
  0x0000029a11088440 JavaThread "Unconstrained build operations Thread 76" [_thread_blocked, id=12124, stack(0x000000ae45600000,0x000000ae45700000)]
  0x0000029a1108be00 JavaThread "Unconstrained build operations Thread 77" [_thread_blocked, id=14900, stack(0x000000ae45700000,0x000000ae45800000)]
  0x0000029a11088910 JavaThread "Unconstrained build operations Thread 78" [_thread_blocked, id=26916, stack(0x000000ae45800000,0x000000ae45900000)]
  0x0000029a11089780 JavaThread "Unconstrained build operations Thread 79" [_thread_blocked, id=11136, stack(0x000000ae45900000,0x000000ae45a00000)]
  0x0000029a1108b460 JavaThread "Unconstrained build operations Thread 80" [_thread_blocked, id=15012, stack(0x000000ae45a00000,0x000000ae45b00000)]

Other Threads:
=>0x0000029a7d826a00 VMThread "VM Thread" [stack: 0x000000ae3d400000,0x000000ae3d500000] [id=30104]
  0x0000029a71eca810 WatcherThread [stack: 0x000000ae3e000000,0x000000ae3e100000] [id=18712]
  0x0000029a71ea8830 GCTaskThread "GC Thread#0" [stack: 0x000000ae3cf00000,0x000000ae3d000000] [id=20220]
  0x0000029a7e360070 GCTaskThread "GC Thread#1" [stack: 0x000000ae3e300000,0x000000ae3e400000] [id=14056]
  0x0000029a7e8825c0 GCTaskThread "GC Thread#2" [stack: 0x000000ae3e400000,0x000000ae3e500000] [id=27520]
  0x0000029a7e3724a0 GCTaskThread "GC Thread#3" [stack: 0x000000ae3e500000,0x000000ae3e600000] [id=24368]
  0x0000029a7e372750 GCTaskThread "GC Thread#4" [stack: 0x000000ae3e600000,0x000000ae3e700000] [id=18316]
  0x0000029a7e52a6b0 GCTaskThread "GC Thread#5" [stack: 0x000000ae3e700000,0x000000ae3e800000] [id=27904]
  0x0000029a0fb03710 GCTaskThread "GC Thread#6" [stack: 0x000000ae3f000000,0x000000ae3f100000] [id=16268]
  0x0000029a7e96d710 GCTaskThread "GC Thread#7" [stack: 0x000000ae3f100000,0x000000ae3f200000] [id=5772]
  0x0000029a71eba690 ConcurrentGCThread "G1 Main Marker" [stack: 0x000000ae3d000000,0x000000ae3d100000] [id=29704]
  0x0000029a71ebafb0 ConcurrentGCThread "G1 Conc#0" [stack: 0x000000ae3d100000,0x000000ae3d200000] [id=27196]
  0x0000029a0fb1bd20 ConcurrentGCThread "G1 Conc#1" [stack: 0x000000ae3f200000,0x000000ae3f300000] [id=22608]
  0x0000029a71f1d8c0 ConcurrentGCThread "G1 Refine#0" [stack: 0x000000ae3d200000,0x000000ae3d300000] [id=1208]
  0x0000029a0f946d50 ConcurrentGCThread "G1 Refine#1" [stack: 0x000000ae3f800000,0x000000ae3f900000] [id=28996]
  0x0000029a71f1e1f0 ConcurrentGCThread "G1 Service" [stack: 0x000000ae3d300000,0x000000ae3d400000] [id=27164]

Threads with active compile tasks:

VM state: at safepoint (normal execution)

VM Mutex/Monitor currently owned by a thread:  ([mutex/lock_event])
[0x0000029a71e463e0] Threads_lock - owner thread: 0x0000029a7d826a00
[0x0000029a71e46590] Heap_lock - owner thread: 0x0000029a0fba0e50

Heap address: 0x0000000080000000, size: 2048 MB, Compressed Oops mode: 32-bit

CDS archive(s) not mapped
Compressed class space mapped at: 0x0000000100000000-0x0000000140000000, reserved size: 1073741824
Narrow klass base: 0x0000000000000000, Narrow klass shift: 3, Narrow klass range: 0x140000000

GC Precious Log:
 CPUs: 8 total, 8 available
 Memory: 16232M
 Large Page Support: Disabled
 NUMA Support: Disabled
 Compressed Oops: Enabled (32-bit)
 Heap Region Size: 1M
 Heap Min Capacity: 8M
 Heap Initial Capacity: 254M
 Heap Max Capacity: 2G
 Pre-touch: Disabled
 Parallel Workers: 8
 Concurrent Workers: 2
 Concurrent Refinement Workers: 8
 Periodic GC: Disabled

Heap:
 garbage-first heap   total 260096K, used 109060K [0x0000000080000000, 0x0000000100000000)
  region size 1024K, 5 young (5120K), 5 survivors (5120K)
 Metaspace       used 51876K, committed 52416K, reserved 1097728K
  class space    used 6809K, committed 7040K, reserved 1048576K

Heap Regions: E=young(eden), S=young(survivor), O=old, HS=humongous(starts), HC=humongous(continues), CS=collection set, F=free, OA=open archive, CA=closed archive, TAMS=top-at-mark-start (previous, next)
|   0|0x0000000080000000, 0x0000000080100000, 0x0000000080100000|100%| O|  |TAMS 0x0000000080100000, 0x0000000080100000| Untracked 
|   1|0x0000000080100000, 0x0000000080200000, 0x0000000080200000|100%|HS|  |TAMS 0x0000000080200000, 0x0000000080200000| Complete 
|   2|0x0000000080200000, 0x0000000080300000, 0x0000000080300000|100%| O|  |TAMS 0x0000000080300000, 0x0000000080300000| Untracked 
|   3|0x0000000080300000, 0x0000000080400000, 0x0000000080400000|100%|HS|  |TAMS 0x0000000080400000, 0x0000000080400000| Complete 
|   4|0x0000000080400000, 0x0000000080500000, 0x0000000080500000|100%|HC|  |TAMS 0x0000000080500000, 0x0000000080500000| Complete 
|   5|0x0000000080500000, 0x0000000080600000, 0x0000000080600000|100%|HC|  |TAMS 0x0000000080600000, 0x0000000080600000| Complete 
|   6|0x0000000080600000, 0x0000000080700000, 0x0000000080700000|100%| O|  |TAMS 0x0000000080700000, 0x0000000080700000| Untracked 
|   7|0x0000000080700000, 0x0000000080800000, 0x0000000080800000|100%| O|  |TAMS 0x0000000080800000, 0x0000000080800000| Untracked 
|   8|0x0000000080800000, 0x0000000080900000, 0x0000000080900000|100%| O|  |TAMS 0x0000000080900000, 0x0000000080900000| Untracked 
|   9|0x0000000080900000, 0x00000000809f4200, 0x0000000080a00000| 95%| O|  |TAMS 0x00000000809f4200, 0x00000000809f4200| Untracked 
|  10|0x0000000080a00000, 0x0000000080b00000, 0x0000000080b00000|100%| O|  |TAMS 0x0000000080b00000, 0x0000000080b00000| Untracked 
|  11|0x0000000080b00000, 0x0000000080c00000, 0x0000000080c00000|100%| O|  |TAMS 0x0000000080c00000, 0x0000000080c00000| Untracked 
|  12|0x0000000080c00000, 0x0000000080d00000, 0x0000000080d00000|100%| O|  |TAMS 0x0000000080d00000, 0x0000000080d00000| Untracked 
|  13|0x0000000080d00000, 0x0000000080e00000, 0x0000000080e00000|100%| O|  |TAMS 0x0000000080e00000, 0x0000000080e00000| Untracked 
|  14|0x0000000080e00000, 0x0000000080f00000, 0x0000000080f00000|100%| O|  |TAMS 0x0000000080f00000, 0x0000000080f00000| Untracked 
|  15|0x0000000080f00000, 0x0000000081000000, 0x0000000081000000|100%| O|  |TAMS 0x0000000081000000, 0x0000000081000000| Untracked 
|  16|0x0000000081000000, 0x0000000081100000, 0x0000000081100000|100%| O|  |TAMS 0x0000000081100000, 0x0000000081100000| Untracked 
|  17|0x0000000081100000, 0x0000000081200000, 0x0000000081200000|100%| O|  |TAMS 0x0000000081200000, 0x0000000081200000| Untracked 
|  18|0x0000000081200000, 0x0000000081300000, 0x0000000081300000|100%| O|  |TAMS 0x0000000081300000, 0x0000000081300000| Untracked 
|  19|0x0000000081300000, 0x0000000081400000, 0x0000000081400000|100%| O|  |TAMS 0x0000000081400000, 0x0000000081400000| Untracked 
|  20|0x0000000081400000, 0x0000000081500000, 0x0000000081500000|100%|HS|  |TAMS 0x0000000081500000, 0x0000000081500000| Complete 
|  21|0x0000000081500000, 0x0000000081600000, 0x0000000081600000|100%|HC|  |TAMS 0x0000000081600000, 0x0000000081600000| Complete 
|  22|0x0000000081600000, 0x0000000081700000, 0x0000000081700000|100%|HS|  |TAMS 0x0000000081700000, 0x0000000081700000| Complete 
|  23|0x0000000081700000, 0x0000000081800000, 0x0000000081800000|100%|HC|  |TAMS 0x0000000081800000, 0x0000000081800000| Complete 
|  24|0x0000000081800000, 0x0000000081900000, 0x0000000081900000|100%|HC|  |TAMS 0x0000000081900000, 0x0000000081900000| Complete 
|  25|0x0000000081900000, 0x0000000081a00000, 0x0000000081a00000|100%|HS|  |TAMS 0x0000000081a00000, 0x0000000081a00000| Complete 
|  26|0x0000000081a00000, 0x0000000081b00000, 0x0000000081b00000|100%|HC|  |TAMS 0x0000000081b00000, 0x0000000081b00000| Complete 
|  27|0x0000000081b00000, 0x0000000081c00000, 0x0000000081c00000|100%|HC|  |TAMS 0x0000000081c00000, 0x0000000081c00000| Complete 
|  28|0x0000000081c00000, 0x0000000081d00000, 0x0000000081d00000|100%|HS|  |TAMS 0x0000000081d00000, 0x0000000081d00000| Complete 
|  29|0x0000000081d00000, 0x0000000081e00000, 0x0000000081e00000|100%|HC|  |TAMS 0x0000000081e00000, 0x0000000081e00000| Complete 
|  30|0x0000000081e00000, 0x0000000081f00000, 0x0000000081f00000|100%|HS|  |TAMS 0x0000000081f00000, 0x0000000081f00000| Complete 
|  31|0x0000000081f00000, 0x0000000082000000, 0x0000000082000000|100%|HC|  |TAMS 0x0000000082000000, 0x0000000082000000| Complete 
|  32|0x0000000082000000, 0x0000000082100000, 0x0000000082100000|100%|HC|  |TAMS 0x0000000082100000, 0x0000000082100000| Complete 
|  33|0x0000000082100000, 0x0000000082200000, 0x0000000082200000|100%|HC|  |TAMS 0x0000000082200000, 0x0000000082200000| Complete 
|  34|0x0000000082200000, 0x0000000082300000, 0x0000000082300000|100%|HC|  |TAMS 0x0000000082300000, 0x0000000082300000| Complete 
|  35|0x0000000082300000, 0x0000000082400000, 0x0000000082400000|100%|HC|  |TAMS 0x0000000082400000, 0x0000000082400000| Complete 
|  36|0x0000000082400000, 0x0000000082500000, 0x0000000082500000|100%| O|  |TAMS 0x0000000082500000, 0x0000000082500000| Untracked 
|  37|0x0000000082500000, 0x0000000082600000, 0x0000000082600000|100%| O|  |TAMS 0x0000000082600000, 0x0000000082600000| Untracked 
|  38|0x0000000082600000, 0x0000000082700000, 0x0000000082700000|100%| O|  |TAMS 0x0000000082700000, 0x0000000082700000| Untracked 
|  39|0x0000000082700000, 0x0000000082800000, 0x0000000082800000|100%|HS|  |TAMS 0x0000000082800000, 0x0000000082800000| Complete 
|  40|0x0000000082800000, 0x0000000082900000, 0x0000000082900000|100%|HC|  |TAMS 0x0000000082900000, 0x0000000082900000| Complete 
|  41|0x0000000082900000, 0x0000000082a00000, 0x0000000082a00000|100%|HC|  |TAMS 0x0000000082a00000, 0x0000000082a00000| Complete 
|  42|0x0000000082a00000, 0x0000000082b00000, 0x0000000082b00000|100%|HC|  |TAMS 0x0000000082b00000, 0x0000000082b00000| Complete 
|  43|0x0000000082b00000, 0x0000000082c00000, 0x0000000082c00000|100%|HC|  |TAMS 0x0000000082c00000, 0x0000000082c00000| Complete 
|  44|0x0000000082c00000, 0x0000000082d00000, 0x0000000082d00000|100%|HC|  |TAMS 0x0000000082d00000, 0x0000000082d00000| Complete 
|  45|0x0000000082d00000, 0x0000000082e00000, 0x0000000082e00000|100%|HC|  |TAMS 0x0000000082e00000, 0x0000000082e00000| Complete 
|  46|0x0000000082e00000, 0x0000000082f00000, 0x0000000082f00000|100%|HC|  |TAMS 0x0000000082f00000, 0x0000000082f00000| Complete 
|  47|0x0000000082f00000, 0x0000000083000000, 0x0000000083000000|100%|HC|  |TAMS 0x0000000083000000, 0x0000000083000000| Complete 
|  48|0x0000000083000000, 0x0000000083100000, 0x0000000083100000|100%|HC|  |TAMS 0x0000000083100000, 0x0000000083100000| Complete 
|  49|0x0000000083100000, 0x0000000083200000, 0x0000000083200000|100%|HS|  |TAMS 0x0000000083200000, 0x0000000083200000| Complete 
|  50|0x0000000083200000, 0x0000000083300000, 0x0000000083300000|100%|HC|  |TAMS 0x0000000083300000, 0x0000000083300000| Complete 
|  51|0x0000000083300000, 0x0000000083400000, 0x0000000083400000|100%| O|  |TAMS 0x0000000083400000, 0x0000000083400000| Untracked 
|  52|0x0000000083400000, 0x0000000083500000, 0x0000000083500000|100%| O|  |TAMS 0x0000000083500000, 0x0000000083500000| Untracked 
|  53|0x0000000083500000, 0x0000000083600000, 0x0000000083600000|100%|HS|  |TAMS 0x0000000083600000, 0x0000000083600000| Complete 
|  54|0x0000000083600000, 0x0000000083700000, 0x0000000083700000|100%| O|  |TAMS 0x0000000083700000, 0x0000000083700000| Untracked 
|  55|0x0000000083700000, 0x0000000083800000, 0x0000000083800000|100%| O|  |TAMS 0x0000000083800000, 0x0000000083800000| Untracked 
|  56|0x0000000083800000, 0x0000000083900000, 0x0000000083900000|100%| O|  |TAMS 0x0000000083900000, 0x0000000083900000| Untracked 
|  57|0x0000000083900000, 0x0000000083a00000, 0x0000000083a00000|100%| O|  |TAMS 0x0000000083a00000, 0x0000000083a00000| Untracked 
|  58|0x0000000083a00000, 0x0000000083b00000, 0x0000000083b00000|100%| O|  |TAMS 0x0000000083b00000, 0x0000000083b00000| Untracked 
|  59|0x0000000083b00000, 0x0000000083c00000, 0x0000000083c00000|100%|HS|  |TAMS 0x0000000083c00000, 0x0000000083c00000| Complete 
|  60|0x0000000083c00000, 0x0000000083d00000, 0x0000000083d00000|100%|HC|  |TAMS 0x0000000083d00000, 0x0000000083d00000| Complete 
|  61|0x0000000083d00000, 0x0000000083e00000, 0x0000000083e00000|100%|HC|  |TAMS 0x0000000083e00000, 0x0000000083e00000| Complete 
|  62|0x0000000083e00000, 0x0000000083f00000, 0x0000000083f00000|100%|HS|  |TAMS 0x0000000083f00000, 0x0000000083f00000| Complete 
|  63|0x0000000083f00000, 0x0000000084000000, 0x0000000084000000|100%|HC|  |TAMS 0x0000000084000000, 0x0000000084000000| Complete 
|  64|0x0000000084000000, 0x0000000084100000, 0x0000000084100000|100%| O|  |TAMS 0x0000000084100000, 0x0000000084100000| Untracked 
|  65|0x0000000084100000, 0x0000000084200000, 0x0000000084200000|100%| O|  |TAMS 0x0000000084200000, 0x0000000084200000| Untracked 
|  66|0x0000000084200000, 0x0000000084300000, 0x0000000084300000|100%|HS|  |TAMS 0x0000000084300000, 0x0000000084300000| Complete 
|  67|0x0000000084300000, 0x0000000084400000, 0x0000000084400000|100%|HC|  |TAMS 0x0000000084400000, 0x0000000084400000| Complete 
|  68|0x0000000084400000, 0x0000000084500000, 0x0000000084500000|100%|HC|  |TAMS 0x0000000084500000, 0x0000000084500000| Complete 
|  69|0x0000000084500000, 0x0000000084600000, 0x0000000084600000|100%|HC|  |TAMS 0x0000000084600000, 0x0000000084600000| Complete 
|  70|0x0000000084600000, 0x0000000084700000, 0x0000000084700000|100%|HC|  |TAMS 0x0000000084700000, 0x0000000084700000| Complete 
|  71|0x0000000084700000, 0x0000000084800000, 0x0000000084800000|100%|HC|  |TAMS 0x0000000084800000, 0x0000000084800000| Complete 
|  72|0x0000000084800000, 0x0000000084900000, 0x0000000084900000|100%|HC|  |TAMS 0x0000000084900000, 0x0000000084900000| Complete 
|  73|0x0000000084900000, 0x0000000084a00000, 0x0000000084a00000|100%|HC|  |TAMS 0x0000000084a00000, 0x0000000084a00000| Complete 
|  74|0x0000000084a00000, 0x0000000084b00000, 0x0000000084b00000|100%|HC|  |TAMS 0x0000000084b00000, 0x0000000084b00000| Complete 
|  75|0x0000000084b00000, 0x0000000084c00000, 0x0000000084c00000|100%|HC|  |TAMS 0x0000000084c00000, 0x0000000084c00000| Complete 
|  76|0x0000000084c00000, 0x0000000084d00000, 0x0000000084d00000|100%|HC|  |TAMS 0x0000000084d00000, 0x0000000084d00000| Complete 
|  77|0x0000000084d00000, 0x0000000084e00000, 0x0000000084e00000|100%|HS|  |TAMS 0x0000000084e00000, 0x0000000084e00000| Complete 
|  78|0x0000000084e00000, 0x0000000084f00000, 0x0000000084f00000|100%|HC|  |TAMS 0x0000000084f00000, 0x0000000084f00000| Complete 
|  79|0x0000000084f00000, 0x0000000085000000, 0x0000000085000000|100%|HS|  |TAMS 0x0000000085000000, 0x0000000085000000| Complete 
|  80|0x0000000085000000, 0x0000000085100000, 0x0000000085100000|100%|HC|  |TAMS 0x0000000085100000, 0x0000000085100000| Complete 
|  81|0x0000000085100000, 0x0000000085200000, 0x0000000085200000|100%|HC|  |TAMS 0x0000000085200000, 0x0000000085200000| Complete 
|  82|0x0000000085200000, 0x0000000085300000, 0x0000000085300000|100%| O|  |TAMS 0x0000000085300000, 0x0000000085300000| Untracked 
|  83|0x0000000085300000, 0x0000000085400000, 0x0000000085400000|100%| O|  |TAMS 0x0000000085400000, 0x0000000085400000| Untracked 
|  84|0x0000000085400000, 0x0000000085500000, 0x0000000085500000|100%| O|  |TAMS 0x0000000085500000, 0x0000000085500000| Untracked 
|  85|0x0000000085500000, 0x0000000085600000, 0x0000000085600000|100%| O|  |TAMS 0x0000000085600000, 0x0000000085600000| Untracked 
|  86|0x0000000085600000, 0x0000000085700000, 0x0000000085700000|100%| O|  |TAMS 0x0000000085700000, 0x0000000085700000| Untracked 
|  87|0x0000000085700000, 0x0000000085800000, 0x0000000085800000|100%| O|  |TAMS 0x0000000085800000, 0x0000000085800000| Untracked 
|  88|0x0000000085800000, 0x0000000085900000, 0x0000000085900000|100%| O|  |TAMS 0x0000000085900000, 0x0000000085900000| Untracked 
|  89|0x0000000085900000, 0x0000000085a00000, 0x0000000085a00000|100%|HS|  |TAMS 0x0000000085a00000, 0x0000000085a00000| Complete 
|  90|0x0000000085a00000, 0x0000000085b00000, 0x0000000085b00000|100%|HC|  |TAMS 0x0000000085b00000, 0x0000000085b00000| Complete 
|  91|0x0000000085b00000, 0x0000000085c00000, 0x0000000085c00000|100%|HC|  |TAMS 0x0000000085c00000, 0x0000000085c00000| Complete 
|  92|0x0000000085c00000, 0x0000000085d00000, 0x0000000085d00000|100%|HC|  |TAMS 0x0000000085d00000, 0x0000000085d00000| Complete 
|  93|0x0000000085d00000, 0x0000000085e00000, 0x0000000085e00000|100%|HC|  |TAMS 0x0000000085e00000, 0x0000000085e00000| Complete 
|  94|0x0000000085e00000, 0x0000000085f00000, 0x0000000085f00000|100%|HC|  |TAMS 0x0000000085f00000, 0x0000000085f00000| Complete 
|  95|0x0000000085f00000, 0x0000000086000000, 0x0000000086000000|100%| O|  |TAMS 0x0000000086000000, 0x0000000086000000| Untracked 
|  96|0x0000000086000000, 0x0000000086100000, 0x0000000086100000|100%| O|  |TAMS 0x0000000086100000, 0x0000000086100000| Untracked 
|  97|0x0000000086100000, 0x0000000086200000, 0x0000000086200000|100%| O|  |TAMS 0x000000008615a600, 0x0000000086200000| Untracked 
|  98|0x0000000086200000, 0x0000000086300000, 0x0000000086300000|100%| O|  |TAMS 0x0000000086200000, 0x0000000086300000| Untracked 
|  99|0x0000000086300000, 0x0000000086400000, 0x0000000086400000|100%| O|  |TAMS 0x0000000086300000, 0x0000000086400000| Untracked 
| 100|0x0000000086400000, 0x0000000086444c00, 0x0000000086500000| 26%| O|  |TAMS 0x0000000086400000, 0x0000000086444c00| Untracked 
| 101|0x0000000086500000, 0x0000000086600000, 0x0000000086600000|100%|HS|  |TAMS 0x0000000086500000, 0x0000000086600000| Complete 
| 102|0x0000000086600000, 0x0000000086700000, 0x0000000086700000|100%|HS|  |TAMS 0x0000000086600000, 0x0000000086700000| Complete 
| 103|0x0000000086700000, 0x0000000086700000, 0x0000000086800000|  0%| F|  |TAMS 0x0000000086700000, 0x0000000086700000| Untracked 
| 104|0x0000000086800000, 0x0000000086800000, 0x0000000086900000|  0%| F|  |TAMS 0x0000000086800000, 0x0000000086800000| Untracked 
| 105|0x0000000086900000, 0x0000000086900000, 0x0000000086a00000|  0%| F|  |TAMS 0x0000000086900000, 0x0000000086900000| Untracked 
| 106|0x0000000086a00000, 0x0000000086a00000, 0x0000000086b00000|  0%| F|  |TAMS 0x0000000086a00000, 0x0000000086a00000| Untracked 
| 107|0x0000000086b00000, 0x0000000086b00000, 0x0000000086c00000|  0%| F|  |TAMS 0x0000000086b00000, 0x0000000086b00000| Untracked 
| 108|0x0000000086c00000, 0x0000000086c00000, 0x0000000086d00000|  0%| F|  |TAMS 0x0000000086c00000, 0x0000000086c00000| Untracked 
| 109|0x0000000086d00000, 0x0000000086d00000, 0x0000000086e00000|  0%| F|  |TAMS 0x0000000086d00000, 0x0000000086d00000| Untracked 
| 110|0x0000000086e00000, 0x0000000086e00000, 0x0000000086f00000|  0%| F|  |TAMS 0x0000000086e00000, 0x0000000086e00000| Untracked 
| 111|0x0000000086f00000, 0x0000000086f00000, 0x0000000087000000|  0%| F|  |TAMS 0x0000000086f00000, 0x0000000086f00000| Untracked 
| 112|0x0000000087000000, 0x0000000087000000, 0x0000000087100000|  0%| F|  |TAMS 0x0000000087000000, 0x0000000087000000| Untracked 
| 113|0x0000000087100000, 0x0000000087100000, 0x0000000087200000|  0%| F|  |TAMS 0x0000000087100000, 0x0000000087100000| Untracked 
| 114|0x0000000087200000, 0x0000000087200000, 0x0000000087300000|  0%| F|  |TAMS 0x0000000087200000, 0x0000000087200000| Untracked 
| 115|0x0000000087300000, 0x0000000087300000, 0x0000000087400000|  0%| F|  |TAMS 0x0000000087300000, 0x0000000087300000| Untracked 
| 116|0x0000000087400000, 0x0000000087400000, 0x0000000087500000|  0%| F|  |TAMS 0x0000000087400000, 0x0000000087400000| Untracked 
| 117|0x0000000087500000, 0x0000000087500000, 0x0000000087600000|  0%| F|  |TAMS 0x0000000087500000, 0x0000000087500000| Untracked 
| 118|0x0000000087600000, 0x0000000087600000, 0x0000000087700000|  0%| F|  |TAMS 0x0000000087600000, 0x0000000087600000| Untracked 
| 119|0x0000000087700000, 0x0000000087700000, 0x0000000087800000|  0%| F|  |TAMS 0x0000000087700000, 0x0000000087700000| Untracked 
| 120|0x0000000087800000, 0x0000000087800000, 0x0000000087900000|  0%| F|  |TAMS 0x0000000087800000, 0x0000000087800000| Untracked 
| 121|0x0000000087900000, 0x0000000087900000, 0x0000000087a00000|  0%| F|  |TAMS 0x0000000087900000, 0x0000000087900000| Untracked 
| 122|0x0000000087a00000, 0x0000000087a00000, 0x0000000087b00000|  0%| F|  |TAMS 0x0000000087a00000, 0x0000000087a00000| Untracked 
| 123|0x0000000087b00000, 0x0000000087b00000, 0x0000000087c00000|  0%| F|  |TAMS 0x0000000087b00000, 0x0000000087b00000| Untracked 
| 124|0x0000000087c00000, 0x0000000087c00000, 0x0000000087d00000|  0%| F|  |TAMS 0x0000000087c00000, 0x0000000087c00000| Untracked 
| 125|0x0000000087d00000, 0x0000000087d00000, 0x0000000087e00000|  0%| F|  |TAMS 0x0000000087d00000, 0x0000000087d00000| Untracked 
| 126|0x0000000087e00000, 0x0000000087e00000, 0x0000000087f00000|  0%| F|  |TAMS 0x0000000087e00000, 0x0000000087e00000| Untracked 
| 127|0x0000000087f00000, 0x0000000087f00000, 0x0000000088000000|  0%| F|  |TAMS 0x0000000087f00000, 0x0000000087f00000| Untracked 
| 128|0x0000000088000000, 0x0000000088000000, 0x0000000088100000|  0%| F|  |TAMS 0x0000000088000000, 0x0000000088000000| Untracked 
| 129|0x0000000088100000, 0x0000000088100000, 0x0000000088200000|  0%| F|  |TAMS 0x0000000088100000, 0x0000000088100000| Untracked 
| 130|0x0000000088200000, 0x0000000088200000, 0x0000000088300000|  0%| F|  |TAMS 0x0000000088200000, 0x0000000088200000| Untracked 
| 131|0x0000000088300000, 0x0000000088300000, 0x0000000088400000|  0%| F|  |TAMS 0x0000000088300000, 0x0000000088300000| Untracked 
| 132|0x0000000088400000, 0x0000000088400000, 0x0000000088500000|  0%| F|  |TAMS 0x0000000088400000, 0x0000000088400000| Untracked 
| 133|0x0000000088500000, 0x0000000088500000, 0x0000000088600000|  0%| F|  |TAMS 0x0000000088500000, 0x0000000088500000| Untracked 
| 134|0x0000000088600000, 0x0000000088600000, 0x0000000088700000|  0%| F|  |TAMS 0x0000000088600000, 0x0000000088600000| Untracked 
| 135|0x0000000088700000, 0x0000000088700000, 0x0000000088800000|  0%| F|  |TAMS 0x0000000088700000, 0x0000000088700000| Untracked 
| 136|0x0000000088800000, 0x0000000088800000, 0x0000000088900000|  0%| F|  |TAMS 0x0000000088800000, 0x0000000088800000| Untracked 
| 137|0x0000000088900000, 0x0000000088900000, 0x0000000088a00000|  0%| F|  |TAMS 0x0000000088900000, 0x0000000088900000| Untracked 
| 138|0x0000000088a00000, 0x0000000088a00000, 0x0000000088b00000|  0%| F|  |TAMS 0x0000000088a00000, 0x0000000088a00000| Untracked 
| 139|0x0000000088b00000, 0x0000000088b00000, 0x0000000088c00000|  0%| F|  |TAMS 0x0000000088b00000, 0x0000000088b00000| Untracked 
| 140|0x0000000088c00000, 0x0000000088c00000, 0x0000000088d00000|  0%| F|  |TAMS 0x0000000088c00000, 0x0000000088c00000| Untracked 
| 141|0x0000000088d00000, 0x0000000088d00000, 0x0000000088e00000|  0%| F|  |TAMS 0x0000000088d00000, 0x0000000088d00000| Untracked 
| 142|0x0000000088e00000, 0x0000000088e00000, 0x0000000088f00000|  0%| F|  |TAMS 0x0000000088e00000, 0x0000000088e00000| Untracked 
| 143|0x0000000088f00000, 0x0000000088f00000, 0x0000000089000000|  0%| F|  |TAMS 0x0000000088f00000, 0x0000000088f00000| Untracked 
| 144|0x0000000089000000, 0x0000000089000000, 0x0000000089100000|  0%| F|  |TAMS 0x0000000089000000, 0x0000000089000000| Untracked 
| 145|0x0000000089100000, 0x0000000089100000, 0x0000000089200000|  0%| F|  |TAMS 0x0000000089100000, 0x0000000089100000| Untracked 
| 146|0x0000000089200000, 0x0000000089200000, 0x0000000089300000|  0%| F|  |TAMS 0x0000000089200000, 0x0000000089200000| Untracked 
| 147|0x0000000089300000, 0x0000000089300000, 0x0000000089400000|  0%| F|  |TAMS 0x0000000089300000, 0x0000000089300000| Untracked 
| 148|0x0000000089400000, 0x0000000089448400, 0x0000000089500000| 28%| S|CS|TAMS 0x0000000089400000, 0x0000000089400000| Complete 
| 149|0x0000000089500000, 0x0000000089600000, 0x0000000089600000|100%| S|CS|TAMS 0x0000000089500000, 0x0000000089500000| Complete 
| 150|0x0000000089600000, 0x0000000089700000, 0x0000000089700000|100%| S|CS|TAMS 0x0000000089600000, 0x0000000089600000| Complete 
| 151|0x0000000089700000, 0x0000000089800000, 0x0000000089800000|100%| S|CS|TAMS 0x0000000089700000, 0x0000000089700000| Complete 
| 152|0x0000000089800000, 0x0000000089900000, 0x0000000089900000|100%| S|CS|TAMS 0x0000000089800000, 0x0000000089800000| Complete 
| 153|0x0000000089900000, 0x0000000089900000, 0x0000000089a00000|  0%| F|  |TAMS 0x0000000089900000, 0x0000000089900000| Untracked 
| 154|0x0000000089a00000, 0x0000000089a00000, 0x0000000089b00000|  0%| F|  |TAMS 0x0000000089a00000, 0x0000000089a00000| Untracked 
| 155|0x0000000089b00000, 0x0000000089b00000, 0x0000000089c00000|  0%| F|  |TAMS 0x0000000089b00000, 0x0000000089b00000| Untracked 
| 156|0x0000000089c00000, 0x0000000089c00000, 0x0000000089d00000|  0%| F|  |TAMS 0x0000000089c00000, 0x0000000089c00000| Untracked 
| 157|0x0000000089d00000, 0x0000000089d00000, 0x0000000089e00000|  0%| F|  |TAMS 0x0000000089d00000, 0x0000000089d00000| Untracked 
| 158|0x0000000089e00000, 0x0000000089e00000, 0x0000000089f00000|  0%| F|  |TAMS 0x0000000089e00000, 0x0000000089e00000| Untracked 
| 159|0x0000000089f00000, 0x0000000089f00000, 0x000000008a000000|  0%| F|  |TAMS 0x0000000089f00000, 0x0000000089f00000| Untracked 
| 160|0x000000008a000000, 0x000000008a000000, 0x000000008a100000|  0%| F|  |TAMS 0x000000008a000000, 0x000000008a000000| Untracked 
| 161|0x000000008a100000, 0x000000008a100000, 0x000000008a200000|  0%| F|  |TAMS 0x000000008a100000, 0x000000008a100000| Untracked 
| 162|0x000000008a200000, 0x000000008a200000, 0x000000008a300000|  0%| F|  |TAMS 0x000000008a200000, 0x000000008a200000| Untracked 
| 163|0x000000008a300000, 0x000000008a300000, 0x000000008a400000|  0%| F|  |TAMS 0x000000008a300000, 0x000000008a300000| Untracked 
| 164|0x000000008a400000, 0x000000008a400000, 0x000000008a500000|  0%| F|  |TAMS 0x000000008a400000, 0x000000008a400000| Untracked 
| 165|0x000000008a500000, 0x000000008a500000, 0x000000008a600000|  0%| F|  |TAMS 0x000000008a500000, 0x000000008a500000| Untracked 
| 166|0x000000008a600000, 0x000000008a600000, 0x000000008a700000|  0%| F|  |TAMS 0x000000008a600000, 0x000000008a600000| Untracked 
| 167|0x000000008a700000, 0x000000008a700000, 0x000000008a800000|  0%| F|  |TAMS 0x000000008a700000, 0x000000008a700000| Untracked 
| 168|0x000000008a800000, 0x000000008a800000, 0x000000008a900000|  0%| F|  |TAMS 0x000000008a800000, 0x000000008a800000| Untracked 
| 169|0x000000008a900000, 0x000000008a900000, 0x000000008aa00000|  0%| F|  |TAMS 0x000000008a900000, 0x000000008a900000| Untracked 
| 170|0x000000008aa00000, 0x000000008aa00000, 0x000000008ab00000|  0%| F|  |TAMS 0x000000008aa00000, 0x000000008aa00000| Untracked 
| 171|0x000000008ab00000, 0x000000008ab00000, 0x000000008ac00000|  0%| F|  |TAMS 0x000000008ab00000, 0x000000008ab00000| Untracked 
| 172|0x000000008ac00000, 0x000000008ac00000, 0x000000008ad00000|  0%| F|  |TAMS 0x000000008ac00000, 0x000000008ac00000| Untracked 
| 173|0x000000008ad00000, 0x000000008ad00000, 0x000000008ae00000|  0%| F|  |TAMS 0x000000008ad00000, 0x000000008ad00000| Untracked 
| 174|0x000000008ae00000, 0x000000008ae00000, 0x000000008af00000|  0%| F|  |TAMS 0x000000008ae00000, 0x000000008ae00000| Untracked 
| 175|0x000000008af00000, 0x000000008af00000, 0x000000008b000000|  0%| F|  |TAMS 0x000000008af00000, 0x000000008af00000| Untracked 
| 176|0x000000008b000000, 0x000000008b000000, 0x000000008b100000|  0%| F|  |TAMS 0x000000008b000000, 0x000000008b000000| Untracked 
| 177|0x000000008b100000, 0x000000008b100000, 0x000000008b200000|  0%| F|  |TAMS 0x000000008b100000, 0x000000008b100000| Untracked 
| 178|0x000000008b200000, 0x000000008b200000, 0x000000008b300000|  0%| F|  |TAMS 0x000000008b200000, 0x000000008b200000| Untracked 
| 179|0x000000008b300000, 0x000000008b300000, 0x000000008b400000|  0%| F|  |TAMS 0x000000008b300000, 0x000000008b300000| Untracked 
| 180|0x000000008b400000, 0x000000008b400000, 0x000000008b500000|  0%| F|  |TAMS 0x000000008b400000, 0x000000008b400000| Untracked 
| 181|0x000000008b500000, 0x000000008b500000, 0x000000008b600000|  0%| F|  |TAMS 0x000000008b500000, 0x000000008b500000| Untracked 
| 182|0x000000008b600000, 0x000000008b600000, 0x000000008b700000|  0%| F|  |TAMS 0x000000008b600000, 0x000000008b600000| Untracked 
| 183|0x000000008b700000, 0x000000008b700000, 0x000000008b800000|  0%| F|  |TAMS 0x000000008b700000, 0x000000008b700000| Untracked 
| 184|0x000000008b800000, 0x000000008b800000, 0x000000008b900000|  0%| F|  |TAMS 0x000000008b800000, 0x000000008b800000| Untracked 
| 185|0x000000008b900000, 0x000000008b900000, 0x000000008ba00000|  0%| F|  |TAMS 0x000000008b900000, 0x000000008b900000| Untracked 
| 186|0x000000008ba00000, 0x000000008ba00000, 0x000000008bb00000|  0%| F|  |TAMS 0x000000008ba00000, 0x000000008ba00000| Untracked 
| 187|0x000000008bb00000, 0x000000008bb00000, 0x000000008bc00000|  0%| F|  |TAMS 0x000000008bb00000, 0x000000008bb00000| Untracked 
| 188|0x000000008bc00000, 0x000000008bc00000, 0x000000008bd00000|  0%| F|  |TAMS 0x000000008bc00000, 0x000000008bc00000| Untracked 
| 189|0x000000008bd00000, 0x000000008bd00000, 0x000000008be00000|  0%| F|  |TAMS 0x000000008bd00000, 0x000000008bd00000| Untracked 
| 190|0x000000008be00000, 0x000000008be00000, 0x000000008bf00000|  0%| F|  |TAMS 0x000000008be00000, 0x000000008be00000| Untracked 
| 191|0x000000008bf00000, 0x000000008bf00000, 0x000000008c000000|  0%| F|  |TAMS 0x000000008bf00000, 0x000000008bf00000| Untracked 
| 192|0x000000008c000000, 0x000000008c000000, 0x000000008c100000|  0%| F|  |TAMS 0x000000008c000000, 0x000000008c000000| Untracked 
| 193|0x000000008c100000, 0x000000008c100000, 0x000000008c200000|  0%| F|  |TAMS 0x000000008c100000, 0x000000008c100000| Untracked 
| 194|0x000000008c200000, 0x000000008c200000, 0x000000008c300000|  0%| F|  |TAMS 0x000000008c200000, 0x000000008c200000| Untracked 
| 195|0x000000008c300000, 0x000000008c300000, 0x000000008c400000|  0%| F|  |TAMS 0x000000008c300000, 0x000000008c300000| Untracked 
| 196|0x000000008c400000, 0x000000008c400000, 0x000000008c500000|  0%| F|  |TAMS 0x000000008c400000, 0x000000008c400000| Untracked 
| 197|0x000000008c500000, 0x000000008c500000, 0x000000008c600000|  0%| F|  |TAMS 0x000000008c500000, 0x000000008c500000| Untracked 
| 198|0x000000008c600000, 0x000000008c600000, 0x000000008c700000|  0%| F|  |TAMS 0x000000008c600000, 0x000000008c600000| Untracked 
| 199|0x000000008c700000, 0x000000008c700000, 0x000000008c800000|  0%| F|  |TAMS 0x000000008c700000, 0x000000008c700000| Untracked 
| 200|0x000000008c800000, 0x000000008c800000, 0x000000008c900000|  0%| F|  |TAMS 0x000000008c800000, 0x000000008c800000| Untracked 
| 201|0x000000008c900000, 0x000000008c900000, 0x000000008ca00000|  0%| F|  |TAMS 0x000000008c900000, 0x000000008c900000| Untracked 
| 202|0x000000008ca00000, 0x000000008ca00000, 0x000000008cb00000|  0%| F|  |TAMS 0x000000008ca00000, 0x000000008ca00000| Untracked 
| 203|0x000000008cb00000, 0x000000008cb00000, 0x000000008cc00000|  0%| F|  |TAMS 0x000000008cb00000, 0x000000008cb00000| Untracked 
| 204|0x000000008cc00000, 0x000000008cc00000, 0x000000008cd00000|  0%| F|  |TAMS 0x000000008cc00000, 0x000000008cc00000| Untracked 
| 205|0x000000008cd00000, 0x000000008cd00000, 0x000000008ce00000|  0%| F|  |TAMS 0x000000008cd00000, 0x000000008cd00000| Untracked 
| 206|0x000000008ce00000, 0x000000008ce00000, 0x000000008cf00000|  0%| F|  |TAMS 0x000000008ce00000, 0x000000008ce00000| Untracked 
| 207|0x000000008cf00000, 0x000000008cf00000, 0x000000008d000000|  0%| F|  |TAMS 0x000000008cf00000, 0x000000008cf00000| Untracked 
| 208|0x000000008d000000, 0x000000008d000000, 0x000000008d100000|  0%| F|  |TAMS 0x000000008d000000, 0x000000008d000000| Untracked 
| 209|0x000000008d100000, 0x000000008d100000, 0x000000008d200000|  0%| F|  |TAMS 0x000000008d100000, 0x000000008d100000| Untracked 
| 210|0x000000008d200000, 0x000000008d200000, 0x000000008d300000|  0%| F|  |TAMS 0x000000008d200000, 0x000000008d200000| Untracked 
| 211|0x000000008d300000, 0x000000008d300000, 0x000000008d400000|  0%| F|  |TAMS 0x000000008d300000, 0x000000008d300000| Untracked 
| 212|0x000000008d400000, 0x000000008d400000, 0x000000008d500000|  0%| F|  |TAMS 0x000000008d400000, 0x000000008d400000| Untracked 
| 213|0x000000008d500000, 0x000000008d500000, 0x000000008d600000|  0%| F|  |TAMS 0x000000008d500000, 0x000000008d500000| Untracked 
| 214|0x000000008d600000, 0x000000008d600000, 0x000000008d700000|  0%| F|  |TAMS 0x000000008d600000, 0x000000008d600000| Untracked 
| 215|0x000000008d700000, 0x000000008d700000, 0x000000008d800000|  0%| F|  |TAMS 0x000000008d700000, 0x000000008d700000| Untracked 
| 216|0x000000008d800000, 0x000000008d800000, 0x000000008d900000|  0%| F|  |TAMS 0x000000008d800000, 0x000000008d800000| Untracked 
| 217|0x000000008d900000, 0x000000008d900000, 0x000000008da00000|  0%| F|  |TAMS 0x000000008d900000, 0x000000008d900000| Untracked 
| 218|0x000000008da00000, 0x000000008da00000, 0x000000008db00000|  0%| F|  |TAMS 0x000000008da00000, 0x000000008da00000| Untracked 
| 219|0x000000008db00000, 0x000000008db00000, 0x000000008dc00000|  0%| F|  |TAMS 0x000000008db00000, 0x000000008db00000| Untracked 
| 220|0x000000008dc00000, 0x000000008dc00000, 0x000000008dd00000|  0%| F|  |TAMS 0x000000008dc00000, 0x000000008dc00000| Untracked 
| 221|0x000000008dd00000, 0x000000008dd00000, 0x000000008de00000|  0%| F|  |TAMS 0x000000008dd00000, 0x000000008dd00000| Untracked 
| 222|0x000000008de00000, 0x000000008de00000, 0x000000008df00000|  0%| F|  |TAMS 0x000000008de00000, 0x000000008de00000| Untracked 
| 223|0x000000008df00000, 0x000000008df00000, 0x000000008e000000|  0%| F|  |TAMS 0x000000008df00000, 0x000000008df00000| Untracked 
| 224|0x000000008e000000, 0x000000008e000000, 0x000000008e100000|  0%| F|  |TAMS 0x000000008e000000, 0x000000008e000000| Untracked 
| 225|0x000000008e100000, 0x000000008e100000, 0x000000008e200000|  0%| F|  |TAMS 0x000000008e100000, 0x000000008e100000| Untracked 
| 226|0x000000008e200000, 0x000000008e200000, 0x000000008e300000|  0%| F|  |TAMS 0x000000008e200000, 0x000000008e200000| Untracked 
| 227|0x000000008e300000, 0x000000008e300000, 0x000000008e400000|  0%| F|  |TAMS 0x000000008e300000, 0x000000008e300000| Untracked 
| 228|0x000000008e400000, 0x000000008e400000, 0x000000008e500000|  0%| F|  |TAMS 0x000000008e400000, 0x000000008e400000| Untracked 
| 229|0x000000008e500000, 0x000000008e500000, 0x000000008e600000|  0%| F|  |TAMS 0x000000008e500000, 0x000000008e500000| Untracked 
| 230|0x000000008e600000, 0x000000008e600000, 0x000000008e700000|  0%| F|  |TAMS 0x000000008e600000, 0x000000008e600000| Untracked 
| 231|0x000000008e700000, 0x000000008e700000, 0x000000008e800000|  0%| F|  |TAMS 0x000000008e700000, 0x000000008e700000| Untracked 
| 232|0x000000008e800000, 0x000000008e800000, 0x000000008e900000|  0%| F|  |TAMS 0x000000008e800000, 0x000000008e800000| Untracked 
| 233|0x000000008e900000, 0x000000008e900000, 0x000000008ea00000|  0%| F|  |TAMS 0x000000008e900000, 0x000000008e900000| Untracked 
| 234|0x000000008ea00000, 0x000000008ea00000, 0x000000008eb00000|  0%| F|  |TAMS 0x000000008ea00000, 0x000000008ea00000| Untracked 
| 235|0x000000008eb00000, 0x000000008eb00000, 0x000000008ec00000|  0%| F|  |TAMS 0x000000008eb00000, 0x000000008eb00000| Untracked 
| 236|0x000000008ec00000, 0x000000008ec00000, 0x000000008ed00000|  0%| F|  |TAMS 0x000000008ec00000, 0x000000008ec00000| Untracked 
| 237|0x000000008ed00000, 0x000000008ed00000, 0x000000008ee00000|  0%| F|  |TAMS 0x000000008ed00000, 0x000000008ed00000| Untracked 
| 238|0x000000008ee00000, 0x000000008ee00000, 0x000000008ef00000|  0%| F|  |TAMS 0x000000008ee00000, 0x000000008ee00000| Untracked 
| 239|0x000000008ef00000, 0x000000008ef00000, 0x000000008f000000|  0%| F|  |TAMS 0x000000008ef00000, 0x000000008ef00000| Untracked 
| 240|0x000000008f000000, 0x000000008f000000, 0x000000008f100000|  0%| F|  |TAMS 0x000000008f000000, 0x000000008f000000| Untracked 
| 241|0x000000008f100000, 0x000000008f100000, 0x000000008f200000|  0%| F|  |TAMS 0x000000008f100000, 0x000000008f100000| Untracked 
| 242|0x000000008f200000, 0x000000008f200000, 0x000000008f300000|  0%| F|  |TAMS 0x000000008f200000, 0x000000008f200000| Untracked 
| 243|0x000000008f300000, 0x000000008f300000, 0x000000008f400000|  0%| F|  |TAMS 0x000000008f300000, 0x000000008f300000| Untracked 
| 244|0x000000008f400000, 0x000000008f400000, 0x000000008f500000|  0%| F|  |TAMS 0x000000008f400000, 0x000000008f400000| Untracked 
| 245|0x000000008f500000, 0x000000008f500000, 0x000000008f600000|  0%| F|  |TAMS 0x000000008f500000, 0x000000008f500000| Untracked 
| 246|0x000000008f600000, 0x000000008f600000, 0x000000008f700000|  0%| F|  |TAMS 0x000000008f600000, 0x000000008f600000| Untracked 
| 247|0x000000008f700000, 0x000000008f700000, 0x000000008f800000|  0%| F|  |TAMS 0x000000008f700000, 0x000000008f700000| Untracked 
| 248|0x000000008f800000, 0x000000008f800000, 0x000000008f900000|  0%| F|  |TAMS 0x000000008f800000, 0x000000008f800000| Untracked 
| 249|0x000000008f900000, 0x000000008f900000, 0x000000008fa00000|  0%| F|  |TAMS 0x000000008f900000, 0x000000008f900000| Untracked 
| 250|0x000000008fa00000, 0x000000008fa00000, 0x000000008fb00000|  0%| F|  |TAMS 0x000000008fa00000, 0x000000008fa00000| Untracked 
| 251|0x000000008fb00000, 0x000000008fb00000, 0x000000008fc00000|  0%| F|  |TAMS 0x000000008fb00000, 0x000000008fb00000| Untracked 
| 252|0x000000008fc00000, 0x000000008fc00000, 0x000000008fd00000|  0%| F|  |TAMS 0x000000008fc00000, 0x000000008fc00000| Untracked 
| 253|0x000000008fd00000, 0x000000008fd00000, 0x000000008fe00000|  0%| F|  |TAMS 0x000000008fd00000, 0x000000008fd00000| Untracked 

Card table byte_map: [0x0000029a75a50000,0x0000029a75e50000] _byte_map_base: 0x0000029a75650000

Marking Bits (Prev, Next): (CMBitMap*) 0x0000029a71ea9d60, (CMBitMap*) 0x0000029a71ea9da0
 Prev Bits: [0x0000029a76250000, 0x0000029a78250000)
 Next Bits: [0x0000029a78250000, 0x0000029a7a250000)

Polling page: 0x0000029a6ffe0000

Metaspace:

Usage:
  Non-class:     44.01 MB used.
      Class:      6.65 MB used.
       Both:     50.66 MB used.

Virtual space:
  Non-class space:       48.00 MB reserved,      44.31 MB ( 92%) committed,  6 nodes.
      Class space:        1.00 GB reserved,       6.88 MB ( <1%) committed,  1 nodes.
             Both:        1.05 GB reserved,      51.19 MB (  5%) committed. 

Chunk freelists:
   Non-Class:  3.55 MB
       Class:  1.06 MB
        Both:  4.61 MB

MaxMetaspaceSize: unlimited
CompressedClassSpaceSize: 1.00 GB
Initial GC threshold: 21.00 MB
Current GC threshold: 84.31 MB
CDS: off
MetaspaceReclaimPolicy: balanced
 - commit_granule_bytes: 65536.
 - commit_granule_words: 8192.
 - virtual_space_node_default_size: 1048576.
 - enlarge_chunks_in_place: 1.
 - new_chunks_are_fully_committed: 0.
 - uncommit_free_chunks: 1.
 - use_allocation_guard: 0.
 - handle_deallocations: 1.


Internal statistics:

num_allocs_failed_limit: 3.
num_arena_births: 524.
num_arena_deaths: 0.
num_vsnodes_births: 7.
num_vsnodes_deaths: 0.
num_space_committed: 819.
num_space_uncommitted: 0.
num_chunks_returned_to_freelist: 3.
num_chunks_taken_from_freelist: 2224.
num_chunk_merges: 3.
num_chunk_splits: 1430.
num_chunks_enlarged: 951.
num_purges: 0.
num_inconsistent_stats: 0.

CodeHeap 'non-profiled nmethods': size=120000Kb used=3070Kb max_used=3555Kb free=116929Kb
 bounds [0x0000029a07ad0000, 0x0000029a07e50000, 0x0000029a0f000000]
CodeHeap 'profiled nmethods': size=120000Kb used=10091Kb max_used=11154Kb free=109908Kb
 bounds [0x0000029a00000000, 0x0000029a00af0000, 0x0000029a07530000]
CodeHeap 'non-nmethods': size=5760Kb used=2307Kb max_used=2394Kb free=3452Kb
 bounds [0x0000029a07530000, 0x0000029a077a0000, 0x0000029a07ad0000]
 total_blobs=6174 nmethods=5352 adapters=734
 compilation: enabled
              stopped_count=0, restarted_count=0
 full_count=0

Compilation events (20 events):
Event: 14.474 Thread 0x0000029a7d8a2f80 nmethod 6127 0x0000029a002c8290 code [0x0000029a002c85a0, 0x0000029a002c98f8]
Event: 14.474 Thread 0x0000029a7d8a2f80 6128       3       org.gradle.internal.instantiation.generator.AbstractClassGenerator$AbstractInjectedPropertyHandler::claimPropertyImplementation (61 bytes)
Event: 14.474 Thread 0x0000029a134dbef0 6130 %     4       org.codehaus.groovy.runtime.metaclass.MetaMethodIndex::resize @ 20 (103 bytes)
Event: 14.475 Thread 0x0000029a7d8a2f80 nmethod 6128 0x0000029a002e2810 code [0x0000029a002e2aa0, 0x0000029a002e3788]
Event: 14.475 Thread 0x0000029a7d8a2f80 6129       1       org.codehaus.groovy.runtime.metaclass.NewStaticMetaMethod::isStatic (2 bytes)
Event: 14.476 Thread 0x0000029a7d8a2f80 nmethod 6129 0x0000029a07b06790 code [0x0000029a07b06920, 0x0000029a07b069f8]
Event: 14.478 Thread 0x0000029a7d8825c0 6131       4       org.codehaus.groovy.util.SingleKeyHashMap::get (67 bytes)
Event: 14.480 Thread 0x0000029a7f1ee340 nmethod 6117 0x0000029a07b5ca10 code [0x0000029a07b5cbc0, 0x0000029a07b5d3f8]
Event: 14.490 Thread 0x0000029a134dbef0 nmethod 6130% 0x0000029a07bb1f10 code [0x0000029a07bb20a0, 0x0000029a07bb2658]
Event: 14.492 Thread 0x0000029a134dbef0 6132   !   4       java.util.concurrent.ConcurrentHashMap::replaceNode (437 bytes)
Event: 14.493 Thread 0x0000029a7d8825c0 nmethod 6131 0x0000029a07bb1390 code [0x0000029a07bb1540, 0x0000029a07bb1b68]
Event: 14.494 Thread 0x0000029a7d8a2f80 6133       3       jdk.internal.org.objectweb.asm.SymbolTable::addMergedType (164 bytes)
Event: 14.494 Thread 0x0000029a7f1ee340 6134       4       jdk.internal.org.objectweb.asm.Frame::getLocal (46 bytes)
Event: 14.495 Thread 0x0000029a7d8a2f80 nmethod 6133 0x0000029a00260f10 code [0x0000029a00261120, 0x0000029a00261798]
Event: 14.496 Thread 0x0000029a7d8825c0 6135       4       jdk.internal.org.objectweb.asm.Label::resolve (219 bytes)
Event: 14.496 Thread 0x0000029a7f1ee340 nmethod 6134 0x0000029a07b06310 code [0x0000029a07b06480, 0x0000029a07b06578]
Event: 14.502 Thread 0x0000029a7d8a2f80 6136       1       org.gradle.internal.instantiation.generator.AbstractClassGenerator$PropertyMetadata::access$1300 (5 bytes)
Event: 14.502 Thread 0x0000029a7d8a2f80 nmethod 6136 0x0000029a07bb1090 code [0x0000029a07bb1220, 0x0000029a07bb12d8]
Event: 14.507 Thread 0x0000029a7d8825c0 nmethod 6135 0x0000029a07bb0890 code [0x0000029a07bb0a20, 0x0000029a07bb0e98]
Event: 14.507 Thread 0x0000029a134dbef0 nmethod 6132 0x0000029a07bafa10 code [0x0000029a07bafba0, 0x0000029a07bb0438]

GC Heap History (20 events):
Event: 9.422 GC heap after
{Heap after GC invocations=15 (full 0):
 garbage-first heap   total 136192K, used 59212K [0x0000000080000000, 0x0000000100000000)
  region size 1024K, 5 young (5120K), 5 survivors (5120K)
 Metaspace       used 39526K, committed 39936K, reserved 1089536K
  class space    used 5219K, committed 5440K, reserved 1048576K
}
Event: 9.430 GC heap before
{Heap before GC invocations=15 (full 0):
 garbage-first heap   total 136192K, used 60236K [0x0000000080000000, 0x0000000100000000)
  region size 1024K, 6 young (6144K), 5 survivors (5120K)
 Metaspace       used 39527K, committed 39936K, reserved 1089536K
  class space    used 5219K, committed 5440K, reserved 1048576K
}
Event: 9.436 GC heap after
{Heap after GC invocations=16 (full 0):
 garbage-first heap   total 136192K, used 59248K [0x0000000080000000, 0x0000000100000000)
  region size 1024K, 1 young (1024K), 1 survivors (1024K)
 Metaspace       used 39527K, committed 39936K, reserved 1089536K
  class space    used 5219K, committed 5440K, reserved 1048576K
}
Event: 10.502 GC heap before
{Heap before GC invocations=16 (full 0):
 garbage-first heap   total 136192K, used 97136K [0x0000000080000000, 0x0000000100000000)
  region size 1024K, 36 young (36864K), 1 survivors (1024K)
 Metaspace       used 43714K, committed 44032K, reserved 1089536K
  class space    used 5719K, committed 5888K, reserved 1048576K
}
Event: 10.507 GC heap after
{Heap after GC invocations=17 (full 0):
 garbage-first heap   total 136192K, used 62453K [0x0000000080000000, 0x0000000100000000)
  region size 1024K, 4 young (4096K), 4 survivors (4096K)
 Metaspace       used 43714K, committed 44032K, reserved 1089536K
  class space    used 5719K, committed 5888K, reserved 1048576K
}
Event: 10.874 GC heap before
{Heap before GC invocations=17 (full 0):
 garbage-first heap   total 136192K, used 74741K [0x0000000080000000, 0x0000000100000000)
  region size 1024K, 12 young (12288K), 4 survivors (4096K)
 Metaspace       used 44209K, committed 44672K, reserved 1089536K
  class space    used 5799K, committed 6016K, reserved 1048576K
}
Event: 10.880 GC heap after
{Heap after GC invocations=18 (full 0):
 garbage-first heap   total 136192K, used 69354K [0x0000000080000000, 0x0000000100000000)
  region size 1024K, 2 young (2048K), 2 survivors (2048K)
 Metaspace       used 44209K, committed 44672K, reserved 1089536K
  class space    used 5799K, committed 6016K, reserved 1048576K
}
Event: 11.933 GC heap before
{Heap before GC invocations=19 (full 0):
 garbage-first heap   total 137216K, used 119530K [0x0000000080000000, 0x0000000100000000)
  region size 1024K, 35 young (35840K), 2 survivors (2048K)
 Metaspace       used 46869K, committed 47296K, reserved 1097728K
  class space    used 6060K, committed 6272K, reserved 1048576K
}
Event: 11.941 GC heap after
{Heap after GC invocations=20 (full 0):
 garbage-first heap   total 137216K, used 90784K [0x0000000080000000, 0x0000000100000000)
  region size 1024K, 5 young (5120K), 5 survivors (5120K)
 Metaspace       used 46869K, committed 47296K, reserved 1097728K
  class space    used 6060K, committed 6272K, reserved 1048576K
}
Event: 11.976 GC heap before
{Heap before GC invocations=20 (full 0):
 garbage-first heap   total 137216K, used 91808K [0x0000000080000000, 0x0000000100000000)
  region size 1024K, 6 young (6144K), 5 survivors (5120K)
 Metaspace       used 46971K, committed 47424K, reserved 1097728K
  class space    used 6080K, committed 6272K, reserved 1048576K
}
Event: 11.985 GC heap after
{Heap after GC invocations=21 (full 0):
 garbage-first heap   total 137216K, used 90368K [0x0000000080000000, 0x0000000100000000)
  region size 1024K, 1 young (1024K), 1 survivors (1024K)
 Metaspace       used 46971K, committed 47424K, reserved 1097728K
  class space    used 6080K, committed 6272K, reserved 1048576K
}
Event: 12.631 GC heap before
{Heap before GC invocations=21 (full 0):
 garbage-first heap   total 137216K, used 119040K [0x0000000080000000, 0x0000000100000000)
  region size 1024K, 22 young (22528K), 1 survivors (1024K)
 Metaspace       used 48964K, committed 49408K, reserved 1097728K
  class space    used 6409K, committed 6592K, reserved 1048576K
}
Event: 12.636 GC heap after
{Heap after GC invocations=22 (full 0):
 garbage-first heap   total 137216K, used 99631K [0x0000000080000000, 0x0000000100000000)
  region size 1024K, 3 young (3072K), 3 survivors (3072K)
 Metaspace       used 48964K, committed 49408K, reserved 1097728K
  class space    used 6409K, committed 6592K, reserved 1048576K
}
Event: 12.940 GC heap before
{Heap before GC invocations=22 (full 0):
 garbage-first heap   total 137216K, used 114991K [0x0000000080000000, 0x0000000100000000)
  region size 1024K, 18 young (18432K), 3 survivors (3072K)
 Metaspace       used 49957K, committed 50496K, reserved 1097728K
  class space    used 6586K, committed 6848K, reserved 1048576K
}
Event: 12.944 GC heap after
{Heap after GC invocations=23 (full 0):
 garbage-first heap   total 137216K, used 100544K [0x0000000080000000, 0x0000000100000000)
  region size 1024K, 1 young (1024K), 1 survivors (1024K)
 Metaspace       used 49957K, committed 50496K, reserved 1097728K
  class space    used 6586K, committed 6848K, reserved 1048576K
}
Event: 13.801 GC heap before
{Heap before GC invocations=23 (full 0):
 garbage-first heap   total 137216K, used 115904K [0x0000000080000000, 0x0000000100000000)
  region size 1024K, 16 young (16384K), 1 survivors (1024K)
 Metaspace       used 51212K, committed 51776K, reserved 1097728K
  class space    used 6721K, committed 6976K, reserved 1048576K
}
Event: 13.809 GC heap after
{Heap after GC invocations=24 (full 0):
 garbage-first heap   total 137216K, used 102532K [0x0000000080000000, 0x0000000100000000)
  region size 1024K, 2 young (2048K), 2 survivors (2048K)
 Metaspace       used 51212K, committed 51776K, reserved 1097728K
  class space    used 6721K, committed 6976K, reserved 1048576K
}
Event: 14.167 GC heap before
{Heap before GC invocations=25 (full 0):
 garbage-first heap   total 174080K, used 112772K [0x0000000080000000, 0x0000000100000000)
  region size 1024K, 13 young (13312K), 2 survivors (2048K)
 Metaspace       used 51548K, committed 52096K, reserved 1097728K
  class space    used 6771K, committed 7040K, reserved 1048576K
}
Event: 14.173 GC heap after
{Heap after GC invocations=26 (full 0):
 garbage-first heap   total 174080K, used 104219K [0x0000000080000000, 0x0000000100000000)
  region size 1024K, 2 young (2048K), 2 survivors (2048K)
 Metaspace       used 51548K, committed 52096K, reserved 1097728K
  class space    used 6771K, committed 7040K, reserved 1048576K
}
Event: 14.533 GC heap before
{Heap before GC invocations=26 (full 0):
 garbage-first heap   total 174080K, used 120603K [0x0000000080000000, 0x0000000100000000)
  region size 1024K, 17 young (17408K), 2 survivors (2048K)
 Metaspace       used 51876K, committed 52416K, reserved 1097728K
  class space    used 6809K, committed 7040K, reserved 1048576K
}

Dll operation events (2 events):
Event: 0.042 Loaded shared library C:\Program Files\Android\Android Studio1\jbr\bin\java.dll
Event: 1.132 Loaded shared library C:\Program Files\Android\Android Studio1\jbr\bin\verify.dll

Deoptimization events (20 events):
Event: 14.125 Thread 0x0000029a11951070 DEOPT PACKING pc=0x0000029a003e3ed4 sp=0x000000ae416fd8d0
Event: 14.125 Thread 0x0000029a11951070 DEOPT UNPACKING pc=0x0000029a07587143 sp=0x000000ae416fce28 mode 0
Event: 14.151 Thread 0x0000029a0fba0e50 Uncommon trap: trap_request=0xffffff45 fr.pc=0x0000029a07d7b910 relative=0x00000000000003d0
Event: 14.151 Thread 0x0000029a0fba0e50 Uncommon trap: reason=unstable_if action=reinterpret pc=0x0000029a07d7b910 method=org.gradle.internal.snapshot.PathUtil.equalChars(CCLorg/gradle/internal/snapshot/CaseSensitivity;)Z @ 40 c2
Event: 14.151 Thread 0x0000029a0fba0e50 DEOPT PACKING pc=0x0000029a07d7b910 sp=0x000000ae3ecf9220
Event: 14.151 Thread 0x0000029a0fba0e50 DEOPT UNPACKING pc=0x0000029a075869a3 sp=0x000000ae3ecf91b0 mode 2
Event: 14.199 Thread 0x0000029a0f2894e0 DEOPT PACKING pc=0x0000029a005e3cc3 sp=0x000000ae3f5fe840
Event: 14.199 Thread 0x0000029a0f2894e0 DEOPT UNPACKING pc=0x0000029a07587143 sp=0x000000ae3f5fdcc8 mode 0
Event: 14.444 Thread 0x0000029a0fba0e50 DEOPT PACKING pc=0x0000029a00864813 sp=0x000000ae3ecf9cb0
Event: 14.444 Thread 0x0000029a0fba0e50 DEOPT UNPACKING pc=0x0000029a07587143 sp=0x000000ae3ecf91e8 mode 0
Event: 14.451 Thread 0x0000029a0fba0e50 DEOPT PACKING pc=0x0000029a009d99d1 sp=0x000000ae3ecf9c30
Event: 14.451 Thread 0x0000029a0fba0e50 DEOPT UNPACKING pc=0x0000029a07587143 sp=0x000000ae3ecf9128 mode 0
Event: 14.454 Thread 0x0000029a0fba0e50 DEOPT PACKING pc=0x0000029a00864813 sp=0x000000ae3ecf9cb0
Event: 14.454 Thread 0x0000029a0fba0e50 DEOPT UNPACKING pc=0x0000029a07587143 sp=0x000000ae3ecf91e8 mode 0
Event: 14.459 Thread 0x0000029a0fba0e50 DEOPT PACKING pc=0x0000029a009d99d1 sp=0x000000ae3ecf9c30
Event: 14.460 Thread 0x0000029a0fba0e50 DEOPT UNPACKING pc=0x0000029a07587143 sp=0x000000ae3ecf9128 mode 0
Event: 14.480 Thread 0x0000029a0fba0e50 Uncommon trap: trap_request=0xffffffc6 fr.pc=0x0000029a07d57d70 relative=0x0000000000003d90
Event: 14.480 Thread 0x0000029a0fba0e50 Uncommon trap: reason=bimorphic_or_optimized_type_check action=maybe_recompile pc=0x0000029a07d57d70 method=java.util.AbstractCollection.addAll(Ljava/util/Collection;)Z @ 29 c2
Event: 14.480 Thread 0x0000029a0fba0e50 DEOPT PACKING pc=0x0000029a07d57d70 sp=0x000000ae3ecf94e0
Event: 14.480 Thread 0x0000029a0fba0e50 DEOPT UNPACKING pc=0x0000029a075869a3 sp=0x000000ae3ecf94d0 mode 2

Classes unloaded (0 events):
No events

Classes redefined (0 events):
No events

Internal exceptions (20 events):
Event: 12.512 Thread 0x0000029a0fba0e50 Exception <a 'java/lang/NoSuchMethodError'{0x000000008721ff28}: 'java.lang.Object java.lang.invoke.DirectMethodHandle$Holder.invokeStatic(java.lang.Object, java.lang.Object, java.lang.Object, java.lang.Object, java.lang.Object, java.lang.Object, java.lang.Object, java.lang.Object, java.lang.Object, java.lang.Object, java.lang.Object, java.lang.Object, java.lang.Object, java.lang.Object, java.lang.Object, java.lang.Object, java.lang.Object, java.lang.Object, java.lang.Object)'> (0x000000008721ff28) 
thrown 
Event: 12.516 Thread 0x0000029a0fba0e50 Exception <a 'java/lang/NoSuchMethodError'{0x0000000087249fa8}: 'java.lang.Object java.lang.invoke.DirectMethodHandle$Holder.invokeStatic(java.lang.Object, java.lang.Object, java.lang.Object, java.lang.Object, java.lang.Object, java.lang.Object, java.lang.Object, java.lang.Object, java.lang.Object, java.lang.Object, java.lang.Object, java.lang.Object, java.lang.Object, java.lang.Object, java.lang.Object, java.lang.Object, java.lang.Object, java.lang.Object, java.lang.Object, java.lang.Object)'> (0x00000000
Event: 12.520 Thread 0x0000029a0fba0e50 Exception <a 'java/lang/NoSuchMethodError'{0x0000000087274cf8}: 'java.lang.Object java.lang.invoke.DirectMethodHandle$Holder.invokeStatic(java.lang.Object, java.lang.Object, java.lang.Object, java.lang.Object, java.lang.Object, java.lang.Object, java.lang.Object, java.lang.Object, java.lang.Object, java.lang.Object, java.lang.Object, java.lang.Object, java.lang.Object, java.lang.Object, java.lang.Object, java.lang.Object, java.lang.Object, java.lang.Object, java.lang.Object, java.lang.Object, java.lang.Obj
Event: 12.526 Thread 0x0000029a0fba0e50 Exception <a 'java/lang/NoSuchMethodError'{0x00000000872a1210}: 'java.lang.Object java.lang.invoke.DirectMethodHandle$Holder.invokeStatic(java.lang.Object, java.lang.Object, java.lang.Object, java.lang.Object, java.lang.Object, java.lang.Object, java.lang.Object, java.lang.Object, java.lang.Object, java.lang.Object, java.lang.Object, java.lang.Object, java.lang.Object, java.lang.Object, java.lang.Object, java.lang.Object, java.lang.Object, java.lang.Object, java.lang.Object, java.lang.Object, java.lang.Obj
Event: 12.531 Thread 0x0000029a0fba0e50 Exception <a 'java/lang/NoSuchMethodError'{0x00000000872cef48}: 'java.lang.Object java.lang.invoke.DirectMethodHandle$Holder.invokeStatic(java.lang.Object, java.lang.Object, java.lang.Object, java.lang.Object, java.lang.Object, java.lang.Object, java.lang.Object, java.lang.Object, java.lang.Object, java.lang.Object, java.lang.Object, java.lang.Object, java.lang.Object, java.lang.Object, java.lang.Object, java.lang.Object, java.lang.Object, java.lang.Object, java.lang.Object, java.lang.Object, java.lang.Obj
Event: 12.666 Thread 0x0000029a0fba0e50 Implicit null exception at 0x0000029a07c475ef to 0x0000029a07c47814
Event: 12.761 Thread 0x0000029a0fba0e50 Exception <a 'java/lang/ClassNotFoundException'{0x000000008cf9f300}: build_d5ospdj14bwkmdfd1hcodvq4nBeanInfo> (0x000000008cf9f300) 
thrown [s\src\hotspot\share\classfile\systemDictionary.cpp, line 256]
Event: 12.762 Thread 0x0000029a0fba0e50 Exception <a 'java/lang/ClassNotFoundException'{0x000000008cfa9638}: org/gradle/api/internal/project/ProjectScriptBeanInfo> (0x000000008cfa9638) 
thrown [s\src\hotspot\share\classfile\systemDictionary.cpp, line 256]
Event: 12.762 Thread 0x0000029a0fba0e50 Exception <a 'java/lang/ClassNotFoundException'{0x000000008cfb3718}: org/gradle/api/internal/project/ProjectScriptCustomizer> (0x000000008cfb3718) 
thrown [s\src\hotspot\share\classfile\systemDictionary.cpp, line 256]
Event: 12.766 Thread 0x0000029a0fba0e50 Exception <a 'java/lang/ClassNotFoundException'{0x000000008cfca1e8}: build_d5ospdj14bwkmdfd1hcodvq4nCustomizer> (0x000000008cfca1e8) 
thrown [s\src\hotspot\share\classfile\systemDictionary.cpp, line 256]
Event: 12.810 Thread 0x0000029a0fba0e50 Exception <a 'java/lang/ClassNotFoundException'{0x000000008cd4ff40}: groovy/lang/GString$1BeanInfo> (0x000000008cd4ff40) 
thrown [s\src\hotspot\share\classfile\systemDictionary.cpp, line 256]
Event: 12.813 Thread 0x0000029a0fba0e50 Exception <a 'java/lang/ClassNotFoundException'{0x000000008cd75c38}: groovy/lang/GStringBeanInfo> (0x000000008cd75c38) 
thrown [s\src\hotspot\share\classfile\systemDictionary.cpp, line 256]
Event: 12.815 Thread 0x0000029a0fba0e50 Exception <a 'java/lang/ClassNotFoundException'{0x000000008cd9bb58}: groovy/lang/GStringCustomizer> (0x000000008cd9bb58) 
thrown [s\src\hotspot\share\classfile\systemDictionary.cpp, line 256]
Event: 12.819 Thread 0x0000029a0fba0e50 Exception <a 'java/lang/ClassNotFoundException'{0x000000008cdcbd20}: groovy/lang/GString$1Customizer> (0x000000008cdcbd20) 
thrown [s\src\hotspot\share\classfile\systemDictionary.cpp, line 256]
Event: 12.835 Thread 0x0000029a0fba0e50 Exception <a 'java/lang/ClassNotFoundException'{0x000000008c95f1f0}: org/codehaus/groovy/runtime/GStringImplBeanInfo> (0x000000008c95f1f0) 
thrown [s\src\hotspot\share\classfile\systemDictionary.cpp, line 256]
Event: 12.844 Thread 0x0000029a0fba0e50 Exception <a 'java/lang/ClassNotFoundException'{0x0000000087afd328}: org/codehaus/groovy/runtime/GStringImplCustomizer> (0x0000000087afd328) 
thrown [s\src\hotspot\share\classfile\systemDictionary.cpp, line 256]
Event: 13.613 Thread 0x0000029a0fba0e50 Exception <a 'java/lang/NoSuchMethodError'{0x000000008797ec60}: 'void java.lang.invoke.DirectMethodHandle$Holder.invokeStatic(java.lang.Object, java.lang.Object, java.lang.Object, java.lang.Object, java.lang.Object, java.lang.Object)'> (0x000000008797ec60) 
thrown [s\src\hotspot\share\interpreter\linkResolver.cpp, line 771]
Event: 13.940 Thread 0x0000029a0fba0e50 Exception <a 'java/lang/NoSuchMethodError'{0x000000008d11fcd0}: 'void java.lang.invoke.DirectMethodHandle$Holder.invokeStatic(java.lang.Object, java.lang.Object, java.lang.Object, int, java.lang.Object)'> (0x000000008d11fcd0) 
thrown [s\src\hotspot\share\interpreter\linkResolver.cpp, line 771]
Event: 14.476 Thread 0x0000029a0fba0e50 Exception <a 'java/lang/ClassNotFoundException'{0x0000000089b041a0}: build_d5ospdj14bwkmdfd1hcodvq4nBeanInfo> (0x0000000089b041a0) 
thrown [s\src\hotspot\share\classfile\systemDictionary.cpp, line 256]
Event: 14.477 Thread 0x0000029a0fba0e50 Exception <a 'java/lang/ClassNotFoundException'{0x0000000089b0a1c8}: build_d5ospdj14bwkmdfd1hcodvq4nCustomizer> (0x0000000089b0a1c8) 
thrown [s\src\hotspot\share\classfile\systemDictionary.cpp, line 256]

VM Operations (20 events):
Event: 12.636 Executing VM operation: G1CollectForAllocation done
Event: 12.939 Executing VM operation: G1CollectForAllocation
Event: 12.945 Executing VM operation: G1CollectForAllocation done
Event: 13.800 Executing VM operation: G1CollectForAllocation
Event: 13.813 Executing VM operation: G1CollectForAllocation done
Event: 13.834 Executing VM operation: HandshakeAllThreads
Event: 13.841 Executing VM operation: HandshakeAllThreads done
Event: 13.863 Executing VM operation: HandshakeAllThreads
Event: 13.864 Executing VM operation: HandshakeAllThreads done
Event: 13.864 Executing VM operation: HandshakeAllThreads
Event: 13.864 Executing VM operation: HandshakeAllThreads done
Event: 13.877 Executing VM operation: G1Concurrent
Event: 13.881 Executing VM operation: G1Concurrent done
Event: 13.892 Executing VM operation: HandshakeAllThreads
Event: 13.892 Executing VM operation: HandshakeAllThreads done
Event: 13.914 Executing VM operation: G1Concurrent
Event: 13.914 Executing VM operation: G1Concurrent done
Event: 14.167 Executing VM operation: G1CollectForAllocation
Event: 14.173 Executing VM operation: G1CollectForAllocation done
Event: 14.532 Executing VM operation: G1TryInitiateConcMark

Events (20 events):
Event: 14.012 Thread 0x0000029a11087100 Thread added: 0x0000029a11087100
Event: 14.013 Thread 0x0000029a11086290 Thread added: 0x0000029a11086290
Event: 14.013 Thread 0x0000029a11086c30 Thread added: 0x0000029a11086c30
Event: 14.013 Thread 0x0000029a11089c50 Thread added: 0x0000029a11089c50
Event: 14.014 Thread 0x0000029a11088de0 Thread added: 0x0000029a11088de0
Event: 14.014 Thread 0x0000029a1108a120 Thread added: 0x0000029a1108a120
Event: 14.014 Thread 0x0000029a110845b0 Thread added: 0x0000029a110845b0
Event: 14.015 Thread 0x0000029a110875d0 Thread added: 0x0000029a110875d0
Event: 14.016 Thread 0x0000029a1108a5f0 Thread added: 0x0000029a1108a5f0
Event: 14.016 Thread 0x0000029a11086760 Thread added: 0x0000029a11086760
Event: 14.017 Thread 0x0000029a11087aa0 Thread added: 0x0000029a11087aa0
Event: 14.018 Thread 0x0000029a1108af90 Thread added: 0x0000029a1108af90
Event: 14.018 Thread 0x0000029a1108aac0 Thread added: 0x0000029a1108aac0
Event: 14.019 Thread 0x0000029a11087f70 Thread added: 0x0000029a11087f70
Event: 14.019 Thread 0x0000029a110892b0 Thread added: 0x0000029a110892b0
Event: 14.019 Thread 0x0000029a11088440 Thread added: 0x0000029a11088440
Event: 14.020 Thread 0x0000029a1108be00 Thread added: 0x0000029a1108be00
Event: 14.020 Thread 0x0000029a11088910 Thread added: 0x0000029a11088910
Event: 14.021 Thread 0x0000029a11089780 Thread added: 0x0000029a11089780
Event: 14.022 Thread 0x0000029a1108b460 Thread added: 0x0000029a1108b460


Dynamic libraries:
0x00007ff7d33b0000 - 0x00007ff7d33ba000 	C:\Program Files\Android\Android Studio1\jbr\bin\java.exe
0x00007ffc86bb0000 - 0x00007ffc86da8000 	C:\WINDOWS\SYSTEM32\ntdll.dll
0x00007ffc85830000 - 0x00007ffc858ef000 	C:\WINDOWS\System32\KERNEL32.DLL
0x00007ffc846f0000 - 0x00007ffc849e6000 	C:\WINDOWS\System32\KERNELBASE.dll
0x00007ffc84580000 - 0x00007ffc84680000 	C:\WINDOWS\System32\ucrtbase.dll
0x00007ffc7dae0000 - 0x00007ffc7daf7000 	C:\Program Files\Android\Android Studio1\jbr\bin\jli.dll
0x00007ffc86230000 - 0x00007ffc863cd000 	C:\WINDOWS\System32\USER32.dll
0x00007ffc843b0000 - 0x00007ffc843d2000 	C:\WINDOWS\System32\win32u.dll
0x00007ffc86730000 - 0x00007ffc8675c000 	C:\WINDOWS\System32\GDI32.dll
0x00007ffc84290000 - 0x00007ffc843a5000 	C:\WINDOWS\System32\gdi32full.dll
0x00007ffc843e0000 - 0x00007ffc8447d000 	C:\WINDOWS\System32\msvcp_win.dll
0x00007ffc6af80000 - 0x00007ffc6b21a000 	C:\WINDOWS\WinSxS\amd64_microsoft.windows.common-controls_6595b64144ccf1df_6.0.19041.1110_none_60b5254171f9507e\COMCTL32.dll
0x00007ffc867d0000 - 0x00007ffc8686e000 	C:\WINDOWS\System32\msvcrt.dll
0x00007ffc737a0000 - 0x00007ffc737bb000 	C:\Program Files\Android\Android Studio1\jbr\bin\VCRUNTIME140.dll
0x00007ffc85b80000 - 0x00007ffc85bb0000 	C:\WINDOWS\System32\IMM32.DLL
0x00007ffc7db20000 - 0x00007ffc7db2c000 	C:\Program Files\Android\Android Studio1\jbr\bin\vcruntime140_1.dll
0x00007ffc5e560000 - 0x00007ffc5e5ed000 	C:\Program Files\Android\Android Studio1\jbr\bin\msvcp140.dll
0x00007ffc17e90000 - 0x00007ffc18afd000 	C:\Program Files\Android\Android Studio1\jbr\bin\server\jvm.dll
0x00007ffc858f0000 - 0x00007ffc8599f000 	C:\WINDOWS\System32\ADVAPI32.dll
0x00007ffc85a50000 - 0x00007ffc85aec000 	C:\WINDOWS\System32\sechost.dll
0x00007ffc860f0000 - 0x00007ffc86216000 	C:\WINDOWS\System32\RPCRT4.dll
0x00007ffc6fcc0000 - 0x00007ffc6fcc9000 	C:\WINDOWS\SYSTEM32\WSOCK32.dll
0x00007ffc85af0000 - 0x00007ffc85b5b000 	C:\WINDOWS\System32\WS2_32.dll
0x00007ffc71710000 - 0x00007ffc71737000 	C:\WINDOWS\SYSTEM32\WINMM.dll
0x00007ffc7d850000 - 0x00007ffc7d85a000 	C:\WINDOWS\SYSTEM32\VERSION.dll
0x00007ffc82a90000 - 0x00007ffc82aa2000 	C:\WINDOWS\SYSTEM32\kernel.appcore.dll
0x00007ffc733f0000 - 0x00007ffc733fa000 	C:\Program Files\Android\Android Studio1\jbr\bin\jimage.dll
0x00007ffc82010000 - 0x00007ffc821f4000 	C:\WINDOWS\SYSTEM32\DBGHELP.DLL
0x00007ffc74670000 - 0x00007ffc746a4000 	C:\WINDOWS\SYSTEM32\dbgcore.DLL
0x00007ffc849f0000 - 0x00007ffc84a72000 	C:\WINDOWS\System32\bcryptPrimitives.dll
0x00007ffc46fe0000 - 0x00007ffc47005000 	C:\Program Files\Android\Android Studio1\jbr\bin\java.dll
0x00007ffc730f0000 - 0x00007ffc73108000 	C:\Program Files\Android\Android Studio1\jbr\bin\zip.dll
0x00007ffc84dd0000 - 0x00007ffc85514000 	C:\WINDOWS\System32\SHELL32.dll
0x00007ffc822e0000 - 0x00007ffc82a74000 	C:\WINDOWS\SYSTEM32\windows.storage.dll
0x00007ffc863d0000 - 0x00007ffc86724000 	C:\WINDOWS\System32\combase.dll
0x00007ffc83cd0000 - 0x00007ffc83cfe000 	C:\WINDOWS\SYSTEM32\Wldp.dll
0x00007ffc859a0000 - 0x00007ffc85a4d000 	C:\WINDOWS\System32\SHCORE.dll
0x00007ffc86770000 - 0x00007ffc867c5000 	C:\WINDOWS\System32\shlwapi.dll
0x00007ffc841c0000 - 0x00007ffc841e5000 	C:\WINDOWS\SYSTEM32\profapi.dll
0x00007ffc5dfe0000 - 0x00007ffc5dff9000 	C:\Program Files\Android\Android Studio1\jbr\bin\net.dll
0x00007ffc7ab70000 - 0x00007ffc7ac7a000 	C:\WINDOWS\SYSTEM32\WINHTTP.dll
0x00007ffc839e0000 - 0x00007ffc83a4a000 	C:\WINDOWS\system32\mswsock.dll
0x00007ffc5ce50000 - 0x00007ffc5ce66000 	C:\Program Files\Android\Android Studio1\jbr\bin\nio.dll
0x00007ffc6d5b0000 - 0x00007ffc6d5c0000 	C:\Program Files\Android\Android Studio1\jbr\bin\verify.dll
0x00007ffc6d2f0000 - 0x00007ffc6d317000 	C:\Users\Filipe Guia\.gradle\native\e1d6ef7f7dcc3fd88c89a11ec53ec762bb8ba0a96d01ffa2cd45eb1d1d8dd5c5\windows-amd64\native-platform.dll
0x00007ffc3e080000 - 0x00007ffc3e1c4000 	C:\Users\Filipe Guia\.gradle\native\5664cfc778a61ccfe75a443a1ab52a65af34e5dc3c78e0209fed803814484fcb\windows-amd64\native-platform-file-events.dll
0x00007ffc73390000 - 0x00007ffc73399000 	C:\Program Files\Android\Android Studio1\jbr\bin\management.dll
0x00007ffc71450000 - 0x00007ffc7145b000 	C:\Program Files\Android\Android Studio1\jbr\bin\management_ext.dll
0x00007ffc855d0000 - 0x00007ffc855d8000 	C:\WINDOWS\System32\PSAPI.DLL
0x00007ffc83ba0000 - 0x00007ffc83bb8000 	C:\WINDOWS\SYSTEM32\CRYPTSP.dll
0x00007ffc832a0000 - 0x00007ffc832d4000 	C:\WINDOWS\system32\rsaenh.dll
0x00007ffc84be0000 - 0x00007ffc84c07000 	C:\WINDOWS\System32\bcrypt.dll
0x00007ffc84180000 - 0x00007ffc841ae000 	C:\WINDOWS\SYSTEM32\USERENV.dll
0x00007ffc83b90000 - 0x00007ffc83b9c000 	C:\WINDOWS\SYSTEM32\CRYPTBASE.dll
0x00007ffc83690000 - 0x00007ffc836cc000 	C:\WINDOWS\SYSTEM32\IPHLPAPI.DLL
0x00007ffc86760000 - 0x00007ffc86768000 	C:\WINDOWS\System32\NSI.dll
0x00007ffc7c4f0000 - 0x00007ffc7c507000 	C:\WINDOWS\SYSTEM32\dhcpcsvc6.DLL
0x00007ffc7c4d0000 - 0x00007ffc7c4ed000 	C:\WINDOWS\SYSTEM32\dhcpcsvc.DLL
0x00007ffc836e0000 - 0x00007ffc837aa000 	C:\WINDOWS\SYSTEM32\DNSAPI.dll
0x00007ffc6d580000 - 0x00007ffc6d587000 	C:\WINDOWS\system32\wshunix.dll

dbghelp: loaded successfully - version: 4.0.5 - missing functions: none
symbol engine: initialized successfully - sym options: 0x614 - pdb path: .;C:\Program Files\Android\Android Studio1\jbr\bin;C:\WINDOWS\SYSTEM32;C:\WINDOWS\WinSxS\amd64_microsoft.windows.common-controls_6595b64144ccf1df_6.0.19041.1110_none_60b5254171f9507e;C:\Program Files\Android\Android Studio1\jbr\bin\server;C:\Users\Filipe Guia\.gradle\native\e1d6ef7f7dcc3fd88c89a11ec53ec762bb8ba0a96d01ffa2cd45eb1d1d8dd5c5\windows-amd64;C:\Users\Filipe Guia\.gradle\native\5664cfc778a61ccfe75a443a1ab52a65af34e5dc3c78e0209fed803814484fcb\windows-amd64

VM Arguments:
jvm_args: --add-opens=java.base/java.util=ALL-UNNAMED --add-opens=java.base/java.lang=ALL-UNNAMED --add-opens=java.base/java.lang.invoke=ALL-UNNAMED --add-opens=java.base/java.util=ALL-UNNAMED --add-opens=java.prefs/java.util.prefs=ALL-UNNAMED --add-opens=java.prefs/java.util.prefs=ALL-UNNAMED --add-opens=java.base/java.nio.charset=ALL-UNNAMED --add-opens=java.base/java.net=ALL-UNNAMED --add-opens=java.base/java.util.concurrent.atomic=ALL-UNNAMED -Xmx2048m -Dfile.encoding=UTF-8 -Duser.country=PT -Duser.language=pt -Duser.variant 
java_command: org.gradle.launcher.daemon.bootstrap.GradleDaemon 7.2
java_class_path (initial): C:\Users\Filipe Guia\.gradle\wrapper\dists\gradle-7.2-bin\2dnblmf4td7x66yl1d74lt32g\gradle-7.2\lib\gradle-launcher-7.2.jar
Launcher Type: SUN_STANDARD

[Global flags]
     intx CICompilerCount                          = 4                                         {product} {ergonomic}
     uint ConcGCThreads                            = 2                                         {product} {ergonomic}
     uint G1ConcRefinementThreads                  = 8                                         {product} {ergonomic}
   size_t G1HeapRegionSize                         = 1048576                                   {product} {ergonomic}
    uintx GCDrainStackTargetSize                   = 64                                        {product} {ergonomic}
   size_t InitialHeapSize                          = 266338304                                 {product} {ergonomic}
   size_t MarkStackSize                            = 4194304                                   {product} {ergonomic}
   size_t MaxHeapSize                              = 2147483648                                {product} {command line}
   size_t MaxNewSize                               = 1287651328                                {product} {ergonomic}
   size_t MinHeapDeltaBytes                        = 1048576                                   {product} {ergonomic}
   size_t MinHeapSize                              = 8388608                                   {product} {ergonomic}
    uintx NonNMethodCodeHeapSize                   = 5839372                                {pd product} {ergonomic}
    uintx NonProfiledCodeHeapSize                  = 122909434                              {pd product} {ergonomic}
    uintx ProfiledCodeHeapSize                     = 122909434                              {pd product} {ergonomic}
    uintx ReservedCodeCacheSize                    = 251658240                              {pd product} {ergonomic}
     bool SegmentedCodeCache                       = true                                      {product} {ergonomic}
   size_t SoftMaxHeapSize                          = 2147483648                             {manageable} {ergonomic}
     bool UseCompressedClassPointers               = true                           {product lp64_product} {ergonomic}
     bool UseCompressedOops                        = true                           {product lp64_product} {ergonomic}
     bool UseG1GC                                  = true                                      {product} {ergonomic}
     bool UseLargePagesIndividualAllocation        = false                                  {pd product} {ergonomic}

Logging:
Log output configuration:
 #0: stdout all=warning uptime,level,tags
 #1: stderr all=off uptime,level,tags

Environment Variables:
JAVA_HOME=C:\Program Files\Java\jdk-11.0.13
PATH=C:\Program Files\Common Files\Oracle\Java\javapath;C:\Program Files (x86)\Common Files\Oracle\Java\javapath;C:\WINDOWS\system32;C:\WINDOWS;C:\WINDOWS\System32\Wbem;C:\WINDOWS\System32\WindowsPowerShell\v1.0\;C:\WINDOWS\System32\OpenSSH\;C:\Program Files\PuTTY\;C:\Program Files\Java\jdk-16.0.2\bin;C:\Program Files\Git\cmd;C:\Program Files (x86)\NVIDIA Corporation\PhysX\Common;C:\Program Files\NVIDIA Corporation\NVIDIA NvDLISR;C:\Program Files\nodejs\;C:\src\flutter;C:\HashiCorp\Vagrant\bin;;C:\Program Files\Docker\Docker\resources\bin;C:\Users\Filipe Guia\AppData\Local\Programs\Python\Python310\Scripts\;C:\Users\Filipe Guia\AppData\Local\Programs\Python\Python310\;"C:\Users\Filipe Guia\AppData\Local\Microsoft\WindowsApps;C:\Android\Sdk\platform-tools";C:\Users\Filipe Guia\AppData\Local\GitHubDesktop\bin;C:\Users\Filipe Guia\AppData\Local\Programs\Microsoft VS Code\bin;C:\xampp\php;C:\sqlite;C:\Users\Filipe Guia\AppData\Local\Microsoft\WindowsApps;C:\Users\Filipe Guia\AppData\Roaming\npm;
USERNAME=Filipe Guia
OS=Windows_NT
PROCESSOR_IDENTIFIER=Intel64 Family 6 Model 158 Stepping 10, GenuineIntel
TMP=C:\Users\FILIPE~1\AppData\Local\Temp
TEMP=C:\Users\FILIPE~1\AppData\Local\Temp



---------------  S Y S T E M  ---------------

OS:
 Windows 10 , 64 bit Build 19041 (10.0.19041.3155)
OS uptime: 4 days 19:46 hours
Hyper-V role detected

CPU: total 8 (initial active 8) (4 cores per cpu, 2 threads per core) family 6 model 158 stepping 10 microcode 0xca, cx8, cmov, fxsr, ht, mmx, 3dnowpref, sse, sse2, sse3, ssse3, sse4.1, sse4.2, popcnt, lzcnt, tsc, tscinvbit, avx, avx2, aes, erms, clmul, bmi1, bmi2, adx, fma, vzeroupper, clflush, clflushopt, hv

Memory: 4k page, system-wide physical 16232M (3443M free)
TotalPageFile size 32232M (AvailPageFile size 56M)
current process WorkingSet (physical memory assigned to process): 336M, peak: 336M
current process commit charge ("private bytes"): 487M, peak: 609M

vm_info: OpenJDK 64-Bit Server VM (17.0.6+0-b2043.56-9586694) for windows-amd64 JRE (17.0.6+0-b2043.56-9586694), built on Feb  9 2023 20:06:20 by "androidbuild" with MS VC++ 16.10 / 16.11 (VS2019)

END.
