#
# There is insufficient memory for the Java Runtime Environment to continue.
# Native memory allocation (malloc) failed to allocate 1688816 bytes for Chunk::new
# Possible reasons:
#   The system is out of physical RAM or swap space
#   The process is running with CompressedOops enabled, and the Java Heap may be blocking the growth of the native heap
# Possible solutions:
#   Reduce memory load on the system
#   Increase physical memory or swap space
#   Check if swap backing store is full
#   Decrease Java heap size (-Xmx/-Xms)
#   Decrease number of Java threads
#   Decrease Java thread stack sizes (-Xss)
#   Set larger code cache with -XX:ReservedCodeCacheSize=
#   JVM is running with Unscaled Compressed Oops mode in which the Java heap is
#     placed in the first 4GB address space. The Java Heap base address is the
#     maximum limit for the native heap growth. Please use -XX:HeapBaseMinAddress
#     to set the Java Heap base and to place the Java Heap above 4GB virtual address.
# This output file may be truncated or incomplete.
#
#  Out of Memory Error (arena.cpp:189), pid=24612, tid=11508
#
# JRE version: OpenJDK Runtime Environment (17.0.6) (build 17.0.6+0-b2043.56-9586694)
# Java VM: OpenJDK 64-Bit Server VM (17.0.6+0-b2043.56-9586694, mixed mode, tiered, compressed oops, compressed class ptrs, g1 gc, windows-amd64)
# No core dump will be written. Minidumps are not enabled by default on client versions of Windows
#

---------------  S U M M A R Y ------------

Command Line: --add-opens=java.base/java.util=ALL-UNNAMED --add-opens=java.base/java.lang=ALL-UNNAMED --add-opens=java.base/java.lang.invoke=ALL-UNNAMED --add-opens=java.base/java.util=ALL-UNNAMED --add-opens=java.prefs/java.util.prefs=ALL-UNNAMED --add-opens=java.prefs/java.util.prefs=ALL-UNNAMED --add-opens=java.base/java.nio.charset=ALL-UNNAMED --add-opens=java.base/java.net=ALL-UNNAMED --add-opens=java.base/java.util.concurrent.atomic=ALL-UNNAMED -Xmx2048m -Dfile.encoding=UTF-8 -Duser.country=PT -Duser.language=pt -Duser.variant org.gradle.launcher.daemon.bootstrap.GradleDaemon 7.2

Host: Intel(R) Core(TM) i5-8300H CPU @ 2.30GHz, 8 cores, 15G,  Windows 10 , 64 bit Build 19041 (10.0.19041.3155)
Time: Fri Jul 21 23:43:13 2023 Hora de Verão de GMT elapsed time: 17.026387 seconds (0d 0h 0m 17s)

---------------  T H R E A D  ---------------

Current thread (0x0000017d0618ca90):  JavaThread "C2 CompilerThread2" daemon [_thread_in_native, id=11508, stack(0x0000000c38300000,0x0000000c38400000)]


Current CompileTask:
C2:  17026 8375       4       java.lang.Class::privateGetPublicMethods (224 bytes)

Stack: [0x0000000c38300000,0x0000000c38400000]
Native frames: (J=compiled Java code, j=interpreted, Vv=VM code, C=native code)
V  [jvm.dll+0x683b4a]
V  [jvm.dll+0x842654]
V  [jvm.dll+0x843dfe]
V  [jvm.dll+0x844463]
V  [jvm.dll+0x249b75]
V  [jvm.dll+0xabcac]
V  [jvm.dll+0xac27c]
V  [jvm.dll+0x368802]
V  [jvm.dll+0x332f31]
V  [jvm.dll+0x3323da]
V  [jvm.dll+0x21c201]
V  [jvm.dll+0x21b621]
V  [jvm.dll+0x1a4fdd]
V  [jvm.dll+0x22b098]
V  [jvm.dll+0x229159]
V  [jvm.dll+0x7f809c]
V  [jvm.dll+0x7f25fa]
V  [jvm.dll+0x682985]
C  [ucrtbase.dll+0x21bb2]
C  [KERNEL32.DLL+0x17614]
C  [ntdll.dll+0x526b1]


---------------  P R O C E S S  ---------------

Threads class SMR info:
_java_thread_list=0x0000017d087d2fc0, length=129, elements={
0x0000017d67c0c100, 0x0000017d7faca680, 0x0000017d7facbe20, 0x0000017d7fb10290,
0x0000017d7fb11b60, 0x0000017d7fb14bd0, 0x0000017d7fb18040, 0x0000017d7fb1af00,
0x0000017d7fb27990, 0x0000017d7fb2e020, 0x0000017d7fca4be0, 0x0000017d7fca54c0,
0x0000017d0480f7d0, 0x0000017d057ce4f0, 0x0000017d03c0e4d0, 0x0000017d03a602b0,
0x0000017d03dda0e0, 0x0000017d03c50be0, 0x0000017d03c3f5f0, 0x0000017d055d3ba0,
0x0000017d055d2d30, 0x0000017d055d36d0, 0x0000017d055d2390, 0x0000017d055d2860,
0x0000017d055d3200, 0x0000017d7fb26f70, 0x0000017d05c9ed60, 0x0000017d05c9c6e0,
0x0000017d05c9c210, 0x0000017d05c996c0, 0x0000017d05ca0f10, 0x0000017d05c9f700,
0x0000017d05ca0a40, 0x0000017d05c9b3a0, 0x0000017d05c9a530, 0x0000017d05c9f230,
0x0000017d05c9fbd0, 0x0000017d05c9a060, 0x0000017d05c9cbb0, 0x0000017d05c9bd40,
0x0000017d05c99b90, 0x0000017d05c9d080, 0x0000017d05ca0570, 0x0000017d05c9e3c0,
0x0000017d0659ef30, 0x0000017d0659d720, 0x0000017d0659e590, 0x0000017d0659f8d0,
0x0000017d0659c8b0, 0x0000017d0659c3e0, 0x0000017d0659ea60, 0x0000017d0659f400,
0x0000017d0659cd80, 0x0000017d0659fda0, 0x0000017d0659dbf0, 0x0000017d0659d250,
0x0000017d0659e0c0, 0x0000017d09576950, 0x0000017d09576e20, 0x0000017d09570910,
0x0000017d095772f0, 0x0000017d09572f90, 0x0000017d09575610, 0x0000017d095747a0,
0x0000017d09573e00, 0x0000017d09575ae0, 0x0000017d09575140, 0x0000017d09571780,
0x0000017d09570de0, 0x0000017d09576480, 0x0000017d09571c50, 0x0000017d0956faa0,
0x0000017d095725f0, 0x0000017d095712b0, 0x0000017d09575fb0, 0x0000017d09572120,
0x0000017d0956ff70, 0x0000017d09573930, 0x0000017d09570440, 0x0000017d09572ac0,
0x0000017d09573460, 0x0000017d095742d0, 0x0000017d09574c70, 0x0000017d0496e890,
0x0000017d0496bd40, 0x0000017d0496b870, 0x0000017d0496cbb0, 0x0000017d0496f700,
0x0000017d0496ed60, 0x0000017d0496d080, 0x0000017d0496a060, 0x0000017d0496e3c0,
0x0000017d0496a530, 0x0000017d0496c210, 0x0000017d04970570, 0x0000017d0496f230,
0x0000017d0496c6e0, 0x0000017d0496d550, 0x0000017d0496da20, 0x0000017d0496fbd0,
0x0000017d0496def0, 0x0000017d049700a0, 0x0000017d04970a40, 0x0000017d04970f10,
0x0000017d049713e0, 0x0000017d0496b3a0, 0x0000017d049718b0, 0x0000017d0496aa00,
0x0000017d0496aed0, 0x0000017d095237a0, 0x0000017d09524610, 0x0000017d09527b00,
0x0000017d09527160, 0x0000017d09528e40, 0x0000017d09529310, 0x0000017d09523c70,
0x0000017d09524ae0, 0x0000017d09524140, 0x0000017d09525950, 0x0000017d095267c0,
0x0000017d0952a180, 0x0000017d095297e0, 0x0000017d09527630, 0x0000017d09527fd0,
0x0000017d09529cb0, 0x0000017d09525e20, 0x0000017d0618ca90, 0x0000017d08601fb0,
0x0000017d086054a0
}

Java Threads: ( => current thread )
  0x0000017d67c0c100 JavaThread "main" [_thread_blocked, id=28104, stack(0x0000000c35900000,0x0000000c35a00000)]
  0x0000017d7faca680 JavaThread "Reference Handler" daemon [_thread_blocked, id=2912, stack(0x0000000c36000000,0x0000000c36100000)]
  0x0000017d7facbe20 JavaThread "Finalizer" daemon [_thread_blocked, id=17708, stack(0x0000000c36100000,0x0000000c36200000)]
  0x0000017d7fb10290 JavaThread "Signal Dispatcher" daemon [_thread_blocked, id=28308, stack(0x0000000c36200000,0x0000000c36300000)]
  0x0000017d7fb11b60 JavaThread "Attach Listener" daemon [_thread_blocked, id=9604, stack(0x0000000c36300000,0x0000000c36400000)]
  0x0000017d7fb14bd0 JavaThread "Service Thread" daemon [_thread_blocked, id=12144, stack(0x0000000c36400000,0x0000000c36500000)]
  0x0000017d7fb18040 JavaThread "Monitor Deflation Thread" daemon [_thread_blocked, id=14568, stack(0x0000000c36500000,0x0000000c36600000)]
  0x0000017d7fb1af00 JavaThread "C2 CompilerThread0" daemon [_thread_in_native, id=23204, stack(0x0000000c36600000,0x0000000c36700000)]
  0x0000017d7fb27990 JavaThread "C1 CompilerThread0" daemon [_thread_blocked, id=10416, stack(0x0000000c36700000,0x0000000c36800000)]
  0x0000017d7fb2e020 JavaThread "Sweeper thread" daemon [_thread_blocked, id=28980, stack(0x0000000c36800000,0x0000000c36900000)]
  0x0000017d7fca4be0 JavaThread "Common-Cleaner" daemon [_thread_blocked, id=27812, stack(0x0000000c36900000,0x0000000c36a00000)]
  0x0000017d7fca54c0 JavaThread "Notification Thread" daemon [_thread_blocked, id=27972, stack(0x0000000c36a00000,0x0000000c36b00000)]
  0x0000017d0480f7d0 JavaThread "Daemon health stats" [_thread_blocked, id=2488, stack(0x0000000c37300000,0x0000000c37400000)]
  0x0000017d057ce4f0 JavaThread "Incoming local TCP Connector on port 60968" [_thread_in_native, id=5864, stack(0x0000000c36c00000,0x0000000c36d00000)]
  0x0000017d03c0e4d0 JavaThread "Daemon periodic checks" [_thread_blocked, id=30528, stack(0x0000000c37200000,0x0000000c37300000)]
  0x0000017d03a602b0 JavaThread "Daemon" [_thread_blocked, id=21488, stack(0x0000000c37400000,0x0000000c37500000)]
  0x0000017d03dda0e0 JavaThread "Handler for socket connection from /127.0.0.1:60968 to /127.0.0.1:60969" [_thread_in_native, id=3860, stack(0x0000000c37500000,0x0000000c37600000)]
  0x0000017d03c50be0 JavaThread "Cancel handler" [_thread_blocked, id=16076, stack(0x0000000c37600000,0x0000000c37700000)]
  0x0000017d03c3f5f0 JavaThread "Daemon worker" [_thread_in_vm, id=18888, stack(0x0000000c37700000,0x0000000c37800000)]
  0x0000017d055d3ba0 JavaThread "Asynchronous log dispatcher for DefaultDaemonConnection: socket connection from /127.0.0.1:60968 to /127.0.0.1:60969" [_thread_blocked, id=17584, stack(0x0000000c37800000,0x0000000c37900000)]
  0x0000017d055d2d30 JavaThread "Stdin handler" [_thread_blocked, id=13724, stack(0x0000000c37900000,0x0000000c37a00000)]
  0x0000017d055d36d0 JavaThread "Daemon client event forwarder" [_thread_blocked, id=4940, stack(0x0000000c37a00000,0x0000000c37b00000)]
  0x0000017d055d2390 JavaThread "Cache worker for journal cache (C:\Users\Filipe Guia\.gradle\caches\journal-1)" [_thread_blocked, id=13424, stack(0x0000000c37e00000,0x0000000c37f00000)]
  0x0000017d055d2860 JavaThread "File lock request listener" [_thread_in_native, id=29340, stack(0x0000000c37f00000,0x0000000c38000000)]
  0x0000017d055d3200 JavaThread "Cache worker for file hash cache (C:\Users\Filipe Guia\.gradle\caches\7.2\fileHashes)" [_thread_blocked, id=24204, stack(0x0000000c38000000,0x0000000c38100000)]
  0x0000017d7fb26f70 JavaThread "C2 CompilerThread1" daemon [_thread_in_native, id=18340, stack(0x0000000c38100000,0x0000000c38200000)]
  0x0000017d05c9ed60 JavaThread "Cache worker for file hash cache (C:\ProjetoAndroid\MoviesManager\.gradle\7.2\fileHashes)" [_thread_blocked, id=10976, stack(0x0000000c38200000,0x0000000c38300000)]
  0x0000017d05c9c6e0 JavaThread "File watcher server" daemon [_thread_in_native, id=9172, stack(0x0000000c38400000,0x0000000c38500000)]
  0x0000017d05c9c210 JavaThread "File watcher consumer" daemon [_thread_blocked, id=27928, stack(0x0000000c38500000,0x0000000c38600000)]
  0x0000017d05c996c0 JavaThread "jar transforms" [_thread_blocked, id=14432, stack(0x0000000c38600000,0x0000000c38700000)]
  0x0000017d05ca0f10 JavaThread "jar transforms Thread 2" [_thread_blocked, id=30228, stack(0x0000000c38700000,0x0000000c38800000)]
  0x0000017d05c9f700 JavaThread "jar transforms Thread 3" [_thread_blocked, id=2416, stack(0x0000000c38800000,0x0000000c38900000)]
  0x0000017d05ca0a40 JavaThread "jar transforms Thread 4" [_thread_blocked, id=10924, stack(0x0000000c38900000,0x0000000c38a00000)]
  0x0000017d05c9b3a0 JavaThread "jar transforms Thread 5" [_thread_blocked, id=24856, stack(0x0000000c38a00000,0x0000000c38b00000)]
  0x0000017d05c9a530 JavaThread "jar transforms Thread 6" [_thread_blocked, id=24124, stack(0x0000000c38b00000,0x0000000c38c00000)]
  0x0000017d05c9f230 JavaThread "jar transforms Thread 7" [_thread_blocked, id=11480, stack(0x0000000c38c00000,0x0000000c38d00000)]
  0x0000017d05c9fbd0 JavaThread "jar transforms Thread 8" [_thread_blocked, id=28544, stack(0x0000000c38d00000,0x0000000c38e00000)]
  0x0000017d05c9a060 JavaThread "Cache worker for checksums cache (C:\ProjetoAndroid\MoviesManager\.gradle\checksums)" [_thread_blocked, id=12452, stack(0x0000000c38e00000,0x0000000c38f00000)]
  0x0000017d05c9cbb0 JavaThread "Cache worker for cache directory md-supplier (C:\Users\Filipe Guia\.gradle\caches\7.2\md-supplier)" [_thread_blocked, id=296, stack(0x0000000c38f00000,0x0000000c39000000)]
  0x0000017d05c9bd40 JavaThread "Cache worker for cache directory md-rule (C:\Users\Filipe Guia\.gradle\caches\7.2\md-rule)" [_thread_blocked, id=23900, stack(0x0000000c39000000,0x0000000c39100000)]
  0x0000017d05c99b90 JavaThread "Cache worker for execution history cache (C:\Users\Filipe Guia\.gradle\caches\7.2\executionHistory)" [_thread_blocked, id=17036, stack(0x0000000c39100000,0x0000000c39200000)]
  0x0000017d05c9d080 JavaThread "Cache worker for file content cache (C:\Users\Filipe Guia\.gradle\caches\7.2\fileContent)" [_thread_blocked, id=8564, stack(0x0000000c39200000,0x0000000c39300000)]
  0x0000017d05ca0570 JavaThread "Cache worker for dependencies-accessors (C:\ProjetoAndroid\MoviesManager\.gradle\7.2\dependencies-accessors)" [_thread_blocked, id=26384, stack(0x0000000c39300000,0x0000000c39400000)]
  0x0000017d05c9e3c0 JavaThread "Cache worker for Build Output Cleanup Cache (C:\ProjetoAndroid\MoviesManager\.gradle\buildOutputCleanup)" [_thread_blocked, id=21556, stack(0x0000000c39400000,0x0000000c39500000)]
  0x0000017d0659ef30 JavaThread "Unconstrained build operations" [_thread_blocked, id=16580, stack(0x0000000c39500000,0x0000000c39600000)]
  0x0000017d0659d720 JavaThread "Unconstrained build operations Thread 2" [_thread_blocked, id=18828, stack(0x0000000c39600000,0x0000000c39700000)]
  0x0000017d0659e590 JavaThread "Unconstrained build operations Thread 3" [_thread_blocked, id=13588, stack(0x0000000c39700000,0x0000000c39800000)]
  0x0000017d0659f8d0 JavaThread "Unconstrained build operations Thread 4" [_thread_blocked, id=3728, stack(0x0000000c39800000,0x0000000c39900000)]
  0x0000017d0659c8b0 JavaThread "Unconstrained build operations Thread 5" [_thread_blocked, id=23684, stack(0x0000000c39900000,0x0000000c39a00000)]
  0x0000017d0659c3e0 JavaThread "Unconstrained build operations Thread 6" [_thread_blocked, id=25628, stack(0x0000000c39a00000,0x0000000c39b00000)]
  0x0000017d0659ea60 JavaThread "Unconstrained build operations Thread 7" [_thread_blocked, id=13632, stack(0x0000000c39b00000,0x0000000c39c00000)]
  0x0000017d0659f400 JavaThread "Unconstrained build operations Thread 8" [_thread_blocked, id=27532, stack(0x0000000c39c00000,0x0000000c39d00000)]
  0x0000017d0659cd80 JavaThread "Unconstrained build operations Thread 9" [_thread_blocked, id=5604, stack(0x0000000c39d00000,0x0000000c39e00000)]
  0x0000017d0659fda0 JavaThread "Unconstrained build operations Thread 10" [_thread_blocked, id=9868, stack(0x0000000c39e00000,0x0000000c39f00000)]
  0x0000017d0659dbf0 JavaThread "Unconstrained build operations Thread 11" [_thread_blocked, id=13968, stack(0x0000000c39f00000,0x0000000c3a000000)]
  0x0000017d0659d250 JavaThread "Unconstrained build operations Thread 12" [_thread_blocked, id=21308, stack(0x0000000c3a000000,0x0000000c3a100000)]
  0x0000017d0659e0c0 JavaThread "Unconstrained build operations Thread 13" [_thread_blocked, id=17368, stack(0x0000000c3a100000,0x0000000c3a200000)]
  0x0000017d09576950 JavaThread "Unconstrained build operations Thread 14" [_thread_blocked, id=28960, stack(0x0000000c3a200000,0x0000000c3a300000)]
  0x0000017d09576e20 JavaThread "Unconstrained build operations Thread 15" [_thread_blocked, id=26696, stack(0x0000000c3a300000,0x0000000c3a400000)]
  0x0000017d09570910 JavaThread "Unconstrained build operations Thread 16" [_thread_blocked, id=29608, stack(0x0000000c3a400000,0x0000000c3a500000)]
  0x0000017d095772f0 JavaThread "Unconstrained build operations Thread 17" [_thread_blocked, id=28896, stack(0x0000000c3a500000,0x0000000c3a600000)]
  0x0000017d09572f90 JavaThread "Unconstrained build operations Thread 18" [_thread_blocked, id=26140, stack(0x0000000c3a600000,0x0000000c3a700000)]
  0x0000017d09575610 JavaThread "Unconstrained build operations Thread 19" [_thread_blocked, id=25476, stack(0x0000000c3a700000,0x0000000c3a800000)]
  0x0000017d095747a0 JavaThread "Unconstrained build operations Thread 20" [_thread_blocked, id=7416, stack(0x0000000c3a800000,0x0000000c3a900000)]
  0x0000017d09573e00 JavaThread "Unconstrained build operations Thread 21" [_thread_blocked, id=23996, stack(0x0000000c3a900000,0x0000000c3aa00000)]
  0x0000017d09575ae0 JavaThread "Unconstrained build operations Thread 22" [_thread_blocked, id=2108, stack(0x0000000c3aa00000,0x0000000c3ab00000)]
  0x0000017d09575140 JavaThread "Unconstrained build operations Thread 23" [_thread_blocked, id=16696, stack(0x0000000c3ab00000,0x0000000c3ac00000)]
  0x0000017d09571780 JavaThread "Unconstrained build operations Thread 24" [_thread_blocked, id=18068, stack(0x0000000c3ac00000,0x0000000c3ad00000)]
  0x0000017d09570de0 JavaThread "Unconstrained build operations Thread 25" [_thread_blocked, id=13952, stack(0x0000000c3ad00000,0x0000000c3ae00000)]
  0x0000017d09576480 JavaThread "Unconstrained build operations Thread 26" [_thread_blocked, id=28812, stack(0x0000000c3ae00000,0x0000000c3af00000)]
  0x0000017d09571c50 JavaThread "Unconstrained build operations Thread 27" [_thread_blocked, id=22020, stack(0x0000000c3af00000,0x0000000c3b000000)]
  0x0000017d0956faa0 JavaThread "Unconstrained build operations Thread 28" [_thread_blocked, id=26356, stack(0x0000000c3b000000,0x0000000c3b100000)]
  0x0000017d095725f0 JavaThread "Unconstrained build operations Thread 29" [_thread_blocked, id=26672, stack(0x0000000c3b100000,0x0000000c3b200000)]
  0x0000017d095712b0 JavaThread "Unconstrained build operations Thread 30" [_thread_blocked, id=15888, stack(0x0000000c3b200000,0x0000000c3b300000)]
  0x0000017d09575fb0 JavaThread "Unconstrained build operations Thread 31" [_thread_blocked, id=3556, stack(0x0000000c3b300000,0x0000000c3b400000)]
  0x0000017d09572120 JavaThread "Unconstrained build operations Thread 32" [_thread_blocked, id=12592, stack(0x0000000c3b400000,0x0000000c3b500000)]
  0x0000017d0956ff70 JavaThread "Unconstrained build operations Thread 33" [_thread_blocked, id=12000, stack(0x0000000c3b500000,0x0000000c3b600000)]
  0x0000017d09573930 JavaThread "Unconstrained build operations Thread 34" [_thread_blocked, id=22428, stack(0x0000000c3b600000,0x0000000c3b700000)]
  0x0000017d09570440 JavaThread "Unconstrained build operations Thread 35" [_thread_blocked, id=21352, stack(0x0000000c3b700000,0x0000000c3b800000)]
  0x0000017d09572ac0 JavaThread "Unconstrained build operations Thread 36" [_thread_blocked, id=22840, stack(0x0000000c3b800000,0x0000000c3b900000)]
  0x0000017d09573460 JavaThread "Unconstrained build operations Thread 37" [_thread_blocked, id=10316, stack(0x0000000c3b900000,0x0000000c3ba00000)]
  0x0000017d095742d0 JavaThread "Unconstrained build operations Thread 38" [_thread_blocked, id=11352, stack(0x0000000c3ba00000,0x0000000c3bb00000)]
  0x0000017d09574c70 JavaThread "Unconstrained build operations Thread 39" [_thread_blocked, id=13848, stack(0x0000000c3bb00000,0x0000000c3bc00000)]
  0x0000017d0496e890 JavaThread "Unconstrained build operations Thread 40" [_thread_blocked, id=2800, stack(0x0000000c3bc00000,0x0000000c3bd00000)]
  0x0000017d0496bd40 JavaThread "Unconstrained build operations Thread 41" [_thread_blocked, id=25360, stack(0x0000000c3bd00000,0x0000000c3be00000)]
  0x0000017d0496b870 JavaThread "Unconstrained build operations Thread 42" [_thread_blocked, id=20864, stack(0x0000000c3be00000,0x0000000c3bf00000)]
  0x0000017d0496cbb0 JavaThread "Unconstrained build operations Thread 43" [_thread_blocked, id=15988, stack(0x0000000c3bf00000,0x0000000c3c000000)]
  0x0000017d0496f700 JavaThread "Unconstrained build operations Thread 44" [_thread_blocked, id=14456, stack(0x0000000c3c000000,0x0000000c3c100000)]
  0x0000017d0496ed60 JavaThread "Unconstrained build operations Thread 45" [_thread_blocked, id=18092, stack(0x0000000c3c100000,0x0000000c3c200000)]
  0x0000017d0496d080 JavaThread "Unconstrained build operations Thread 46" [_thread_blocked, id=12664, stack(0x0000000c3c200000,0x0000000c3c300000)]
  0x0000017d0496a060 JavaThread "Unconstrained build operations Thread 47" [_thread_blocked, id=22848, stack(0x0000000c3c300000,0x0000000c3c400000)]
  0x0000017d0496e3c0 JavaThread "Unconstrained build operations Thread 48" [_thread_blocked, id=4808, stack(0x0000000c3c400000,0x0000000c3c500000)]
  0x0000017d0496a530 JavaThread "Unconstrained build operations Thread 49" [_thread_blocked, id=20764, stack(0x0000000c3c500000,0x0000000c3c600000)]
  0x0000017d0496c210 JavaThread "Unconstrained build operations Thread 50" [_thread_blocked, id=25348, stack(0x0000000c3c600000,0x0000000c3c700000)]
  0x0000017d04970570 JavaThread "Unconstrained build operations Thread 51" [_thread_blocked, id=8392, stack(0x0000000c3c700000,0x0000000c3c800000)]
  0x0000017d0496f230 JavaThread "Unconstrained build operations Thread 52" [_thread_blocked, id=16252, stack(0x0000000c3c800000,0x0000000c3c900000)]
  0x0000017d0496c6e0 JavaThread "Unconstrained build operations Thread 53" [_thread_blocked, id=18324, stack(0x0000000c3c900000,0x0000000c3ca00000)]
  0x0000017d0496d550 JavaThread "Unconstrained build operations Thread 54" [_thread_blocked, id=15380, stack(0x0000000c3ca00000,0x0000000c3cb00000)]
  0x0000017d0496da20 JavaThread "Unconstrained build operations Thread 55" [_thread_blocked, id=18592, stack(0x0000000c3cb00000,0x0000000c3cc00000)]
  0x0000017d0496fbd0 JavaThread "Unconstrained build operations Thread 56" [_thread_blocked, id=11180, stack(0x0000000c3cc00000,0x0000000c3cd00000)]
  0x0000017d0496def0 JavaThread "Unconstrained build operations Thread 57" [_thread_blocked, id=16020, stack(0x0000000c3cd00000,0x0000000c3ce00000)]
  0x0000017d049700a0 JavaThread "Unconstrained build operations Thread 58" [_thread_blocked, id=19500, stack(0x0000000c3ce00000,0x0000000c3cf00000)]
  0x0000017d04970a40 JavaThread "Unconstrained build operations Thread 59" [_thread_blocked, id=19228, stack(0x0000000c3cf00000,0x0000000c3d000000)]
  0x0000017d04970f10 JavaThread "Unconstrained build operations Thread 60" [_thread_blocked, id=2164, stack(0x0000000c3d000000,0x0000000c3d100000)]
  0x0000017d049713e0 JavaThread "Unconstrained build operations Thread 61" [_thread_blocked, id=21180, stack(0x0000000c3d100000,0x0000000c3d200000)]
  0x0000017d0496b3a0 JavaThread "Unconstrained build operations Thread 62" [_thread_blocked, id=3748, stack(0x0000000c3d200000,0x0000000c3d300000)]
  0x0000017d049718b0 JavaThread "Unconstrained build operations Thread 63" [_thread_blocked, id=21444, stack(0x0000000c3d300000,0x0000000c3d400000)]
  0x0000017d0496aa00 JavaThread "Unconstrained build operations Thread 64" [_thread_blocked, id=10764, stack(0x0000000c3d400000,0x0000000c3d500000)]
  0x0000017d0496aed0 JavaThread "Unconstrained build operations Thread 65" [_thread_blocked, id=10656, stack(0x0000000c3d500000,0x0000000c3d600000)]
  0x0000017d095237a0 JavaThread "Unconstrained build operations Thread 66" [_thread_blocked, id=23156, stack(0x0000000c3d600000,0x0000000c3d700000)]
  0x0000017d09524610 JavaThread "Unconstrained build operations Thread 67" [_thread_blocked, id=6416, stack(0x0000000c3d700000,0x0000000c3d800000)]
  0x0000017d09527b00 JavaThread "Unconstrained build operations Thread 68" [_thread_blocked, id=1548, stack(0x0000000c3d800000,0x0000000c3d900000)]
  0x0000017d09527160 JavaThread "Unconstrained build operations Thread 69" [_thread_blocked, id=20568, stack(0x0000000c3d900000,0x0000000c3da00000)]
  0x0000017d09528e40 JavaThread "Unconstrained build operations Thread 70" [_thread_blocked, id=24232, stack(0x0000000c3da00000,0x0000000c3db00000)]
  0x0000017d09529310 JavaThread "Unconstrained build operations Thread 71" [_thread_blocked, id=23796, stack(0x0000000c3db00000,0x0000000c3dc00000)]
  0x0000017d09523c70 JavaThread "Unconstrained build operations Thread 72" [_thread_blocked, id=11372, stack(0x0000000c3dc00000,0x0000000c3dd00000)]
  0x0000017d09524ae0 JavaThread "Unconstrained build operations Thread 73" [_thread_blocked, id=6808, stack(0x0000000c3dd00000,0x0000000c3de00000)]
  0x0000017d09524140 JavaThread "Unconstrained build operations Thread 74" [_thread_blocked, id=27908, stack(0x0000000c3de00000,0x0000000c3df00000)]
  0x0000017d09525950 JavaThread "Unconstrained build operations Thread 75" [_thread_blocked, id=22864, stack(0x0000000c3df00000,0x0000000c3e000000)]
  0x0000017d095267c0 JavaThread "Unconstrained build operations Thread 76" [_thread_blocked, id=16288, stack(0x0000000c3e000000,0x0000000c3e100000)]
  0x0000017d0952a180 JavaThread "Unconstrained build operations Thread 77" [_thread_blocked, id=29100, stack(0x0000000c3e100000,0x0000000c3e200000)]
  0x0000017d095297e0 JavaThread "Unconstrained build operations Thread 78" [_thread_blocked, id=20840, stack(0x0000000c3e200000,0x0000000c3e300000)]
  0x0000017d09527630 JavaThread "Unconstrained build operations Thread 79" [_thread_blocked, id=24184, stack(0x0000000c3e300000,0x0000000c3e400000)]
  0x0000017d09527fd0 JavaThread "Unconstrained build operations Thread 80" [_thread_blocked, id=11980, stack(0x0000000c3e400000,0x0000000c3e500000)]
  0x0000017d09529cb0 JavaThread "Memory manager" [_thread_blocked, id=22212, stack(0x0000000c3e500000,0x0000000c3e600000)]
  0x0000017d09525e20 JavaThread "build event listener" [_thread_blocked, id=25428, stack(0x0000000c3e600000,0x0000000c3e700000)]
=>0x0000017d0618ca90 JavaThread "C2 CompilerThread2" daemon [_thread_in_native, id=11508, stack(0x0000000c38300000,0x0000000c38400000)]
  0x0000017d08601fb0 JavaThread "Cache worker for execution history cache (C:\ProjetoAndroid\MoviesManager\.gradle\7.2\executionHistory)" [_thread_blocked, id=2544, stack(0x0000000c3ee00000,0x0000000c3ef00000)]
  0x0000017d086054a0 JavaThread "idea-tooling-model-converter" [_thread_blocked, id=29236, stack(0x0000000c3e700000,0x0000000c3e800000)]

Other Threads:
  0x0000017d7fa9ea50 VMThread "VM Thread" [stack: 0x0000000c35f00000,0x0000000c36000000] [id=4124]
  0x0000017d7fca5990 WatcherThread [stack: 0x0000000c36b00000,0x0000000c36c00000] [id=26324]
  0x0000017d67c6bbb0 GCTaskThread "GC Thread#0" [stack: 0x0000000c35a00000,0x0000000c35b00000] [id=19224]
  0x0000017d0332a850 GCTaskThread "GC Thread#1" [stack: 0x0000000c36d00000,0x0000000c36e00000] [id=4896]
  0x0000017d0332ab00 GCTaskThread "GC Thread#2" [stack: 0x0000000c36e00000,0x0000000c36f00000] [id=24228]
  0x0000017d0311bff0 GCTaskThread "GC Thread#3" [stack: 0x0000000c36f00000,0x0000000c37000000] [id=26644]
  0x0000017d0311c6a0 GCTaskThread "GC Thread#4" [stack: 0x0000000c37000000,0x0000000c37100000] [id=10944]
  0x0000017d0311d0f0 GCTaskThread "GC Thread#5" [stack: 0x0000000c37100000,0x0000000c37200000] [id=14824]
  0x0000017d05460090 GCTaskThread "GC Thread#6" [stack: 0x0000000c37b00000,0x0000000c37c00000] [id=26876]
  0x0000017d04cac4f0 GCTaskThread "GC Thread#7" [stack: 0x0000000c37c00000,0x0000000c37d00000] [id=11496]
  0x0000017d67c7ca00 ConcurrentGCThread "G1 Main Marker" [stack: 0x0000000c35b00000,0x0000000c35c00000] [id=2140]
  0x0000017d67c7dac0 ConcurrentGCThread "G1 Conc#0" [stack: 0x0000000c35c00000,0x0000000c35d00000] [id=12676]
  0x0000017d048ce470 ConcurrentGCThread "G1 Conc#1" [stack: 0x0000000c37d00000,0x0000000c37e00000] [id=11140]
  0x0000017d67cde750 ConcurrentGCThread "G1 Refine#0" [stack: 0x0000000c35d00000,0x0000000c35e00000] [id=18440]
  0x0000017d7f91a300 ConcurrentGCThread "G1 Service" [stack: 0x0000000c35e00000,0x0000000c35f00000] [id=20164]

Threads with active compile tasks:
C2 CompilerThread0    17072 8412       4       java.beans.MethodRef::set (58 bytes)
C2 CompilerThread1    17072 8374 %     4       groovy.lang.MetaClassImpl::inheritInterfaceNewMetaMethods @ 100 (195 bytes)
C2 CompilerThread2    17072 8375       4       java.lang.Class::privateGetPublicMethods (224 bytes)

VM state: not at safepoint (normal execution)

VM Mutex/Monitor currently owned by a thread: None

Heap address: 0x0000000080000000, size: 2048 MB, Compressed Oops mode: 32-bit

CDS archive(s) not mapped
Compressed class space mapped at: 0x0000000100000000-0x0000000140000000, reserved size: 1073741824
Narrow klass base: 0x0000000000000000, Narrow klass shift: 3, Narrow klass range: 0x140000000

GC Precious Log:
 CPUs: 8 total, 8 available
 Memory: 16232M
 Large Page Support: Disabled
 NUMA Support: Disabled
 Compressed Oops: Enabled (32-bit)
 Heap Region Size: 1M
 Heap Min Capacity: 8M
 Heap Initial Capacity: 254M
 Heap Max Capacity: 2G
 Pre-touch: Disabled
 Parallel Workers: 8
 Concurrent Workers: 2
 Concurrent Refinement Workers: 8
 Periodic GC: Disabled

Heap:
 garbage-first heap   total 281600K, used 226114K [0x0000000080000000, 0x0000000100000000)
  region size 1024K, 62 young (63488K), 3 survivors (3072K)
 Metaspace       used 82420K, committed 83072K, reserved 1122304K
  class space    used 10963K, committed 11264K, reserved 1048576K

Heap Regions: E=young(eden), S=young(survivor), O=old, HS=humongous(starts), HC=humongous(continues), CS=collection set, F=free, OA=open archive, CA=closed archive, TAMS=top-at-mark-start (previous, next)
|   0|0x0000000080000000, 0x0000000080100000, 0x0000000080100000|100%| O|  |TAMS 0x0000000080100000, 0x0000000080000000| Untracked 
|   1|0x0000000080100000, 0x0000000080200000, 0x0000000080200000|100%| O|  |TAMS 0x0000000080200000, 0x0000000080100000| Untracked 
|   2|0x0000000080200000, 0x0000000080300000, 0x0000000080300000|100%| O|  |TAMS 0x0000000080300000, 0x0000000080200000| Untracked 
|   3|0x0000000080300000, 0x0000000080400000, 0x0000000080400000|100%|HS|  |TAMS 0x0000000080400000, 0x0000000080300000| Complete 
|   4|0x0000000080400000, 0x0000000080500000, 0x0000000080500000|100%|HC|  |TAMS 0x0000000080500000, 0x0000000080400000| Complete 
|   5|0x0000000080500000, 0x0000000080600000, 0x0000000080600000|100%|HC|  |TAMS 0x0000000080600000, 0x0000000080500000| Complete 
|   6|0x0000000080600000, 0x0000000080700000, 0x0000000080700000|100%| O|  |TAMS 0x0000000080700000, 0x0000000080600000| Untracked 
|   7|0x0000000080700000, 0x0000000080800000, 0x0000000080800000|100%| O|  |TAMS 0x0000000080800000, 0x0000000080700000| Untracked 
|   8|0x0000000080800000, 0x0000000080900000, 0x0000000080900000|100%| O|  |TAMS 0x0000000080900000, 0x0000000080800000| Untracked 
|   9|0x0000000080900000, 0x0000000080a00000, 0x0000000080a00000|100%|HS|  |TAMS 0x0000000080a00000, 0x0000000080900000| Complete 
|  10|0x0000000080a00000, 0x0000000080b00000, 0x0000000080b00000|100%| O|  |TAMS 0x0000000080b00000, 0x0000000080a00000| Untracked 
|  11|0x0000000080b00000, 0x0000000080c00000, 0x0000000080c00000|100%| O|  |TAMS 0x0000000080c00000, 0x0000000080b00000| Untracked 
|  12|0x0000000080c00000, 0x0000000080d00000, 0x0000000080d00000|100%| O|  |TAMS 0x0000000080d00000, 0x0000000080c00000| Untracked 
|  13|0x0000000080d00000, 0x0000000080e00000, 0x0000000080e00000|100%| O|  |TAMS 0x0000000080e00000, 0x0000000080d00000| Untracked 
|  14|0x0000000080e00000, 0x0000000080f00000, 0x0000000080f00000|100%| O|  |TAMS 0x0000000080f00000, 0x0000000080e00000| Untracked 
|  15|0x0000000080f00000, 0x0000000081000000, 0x0000000081000000|100%| O|  |TAMS 0x0000000081000000, 0x0000000080f00000| Untracked 
|  16|0x0000000081000000, 0x0000000081100000, 0x0000000081100000|100%| O|  |TAMS 0x0000000081100000, 0x0000000081000000| Untracked 
|  17|0x0000000081100000, 0x0000000081200000, 0x0000000081200000|100%| O|  |TAMS 0x0000000081200000, 0x0000000081100000| Untracked 
|  18|0x0000000081200000, 0x0000000081300000, 0x0000000081300000|100%| O|  |TAMS 0x0000000081300000, 0x0000000081200000| Untracked 
|  19|0x0000000081300000, 0x0000000081400000, 0x0000000081400000|100%| O|  |TAMS 0x0000000081400000, 0x0000000081300000| Untracked 
|  20|0x0000000081400000, 0x0000000081500000, 0x0000000081500000|100%|HS|  |TAMS 0x0000000081500000, 0x0000000081400000| Complete 
|  21|0x0000000081500000, 0x0000000081600000, 0x0000000081600000|100%|HC|  |TAMS 0x0000000081600000, 0x0000000081500000| Complete 
|  22|0x0000000081600000, 0x0000000081700000, 0x0000000081700000|100%|HS|  |TAMS 0x0000000081700000, 0x0000000081600000| Complete 
|  23|0x0000000081700000, 0x0000000081800000, 0x0000000081800000|100%|HC|  |TAMS 0x0000000081800000, 0x0000000081700000| Complete 
|  24|0x0000000081800000, 0x0000000081900000, 0x0000000081900000|100%|HC|  |TAMS 0x0000000081900000, 0x0000000081800000| Complete 
|  25|0x0000000081900000, 0x0000000081a00000, 0x0000000081a00000|100%|HS|  |TAMS 0x0000000081a00000, 0x0000000081900000| Complete 
|  26|0x0000000081a00000, 0x0000000081b00000, 0x0000000081b00000|100%|HC|  |TAMS 0x0000000081b00000, 0x0000000081a00000| Complete 
|  27|0x0000000081b00000, 0x0000000081c00000, 0x0000000081c00000|100%|HC|  |TAMS 0x0000000081c00000, 0x0000000081b00000| Complete 
|  28|0x0000000081c00000, 0x0000000081d00000, 0x0000000081d00000|100%|HS|  |TAMS 0x0000000081d00000, 0x0000000081c00000| Complete 
|  29|0x0000000081d00000, 0x0000000081e00000, 0x0000000081e00000|100%|HC|  |TAMS 0x0000000081e00000, 0x0000000081d00000| Complete 
|  30|0x0000000081e00000, 0x0000000081f00000, 0x0000000081f00000|100%|HS|  |TAMS 0x0000000081f00000, 0x0000000081e00000| Complete 
|  31|0x0000000081f00000, 0x0000000082000000, 0x0000000082000000|100%|HC|  |TAMS 0x0000000082000000, 0x0000000081f00000| Complete 
|  32|0x0000000082000000, 0x0000000082100000, 0x0000000082100000|100%|HC|  |TAMS 0x0000000082100000, 0x0000000082000000| Complete 
|  33|0x0000000082100000, 0x0000000082200000, 0x0000000082200000|100%|HC|  |TAMS 0x0000000082200000, 0x0000000082100000| Complete 
|  34|0x0000000082200000, 0x0000000082300000, 0x0000000082300000|100%|HC|  |TAMS 0x0000000082300000, 0x0000000082200000| Complete 
|  35|0x0000000082300000, 0x0000000082400000, 0x0000000082400000|100%|HC|  |TAMS 0x0000000082400000, 0x0000000082300000| Complete 
|  36|0x0000000082400000, 0x0000000082500000, 0x0000000082500000|100%|HC|  |TAMS 0x0000000082500000, 0x0000000082400000| Complete 
|  37|0x0000000082500000, 0x0000000082600000, 0x0000000082600000|100%|HC|  |TAMS 0x0000000082600000, 0x0000000082500000| Complete 
|  38|0x0000000082600000, 0x0000000082700000, 0x0000000082700000|100%|HC|  |TAMS 0x0000000082700000, 0x0000000082600000| Complete 
|  39|0x0000000082700000, 0x0000000082800000, 0x0000000082800000|100%|HC|  |TAMS 0x0000000082800000, 0x0000000082700000| Complete 
|  40|0x0000000082800000, 0x0000000082900000, 0x0000000082900000|100%|HS|  |TAMS 0x0000000082900000, 0x0000000082800000| Complete 
|  41|0x0000000082900000, 0x0000000082a00000, 0x0000000082a00000|100%|HC|  |TAMS 0x0000000082a00000, 0x0000000082900000| Complete 
|  42|0x0000000082a00000, 0x0000000082b00000, 0x0000000082b00000|100%| O|  |TAMS 0x0000000082b00000, 0x0000000082a00000| Untracked 
|  43|0x0000000082b00000, 0x0000000082c00000, 0x0000000082c00000|100%| O|  |TAMS 0x0000000082c00000, 0x0000000082b00000| Untracked 
|  44|0x0000000082c00000, 0x0000000082d00000, 0x0000000082d00000|100%| O|  |TAMS 0x0000000082d00000, 0x0000000082c00000| Untracked 
|  45|0x0000000082d00000, 0x0000000082e00000, 0x0000000082e00000|100%| O|  |TAMS 0x0000000082e00000, 0x0000000082d00000| Untracked 
|  46|0x0000000082e00000, 0x0000000082f00000, 0x0000000082f00000|100%| O|  |TAMS 0x0000000082f00000, 0x0000000082e00000| Untracked 
|  47|0x0000000082f00000, 0x0000000083000000, 0x0000000083000000|100%| O|  |TAMS 0x0000000083000000, 0x0000000082f00000| Untracked 
|  48|0x0000000083000000, 0x0000000083100000, 0x0000000083100000|100%| O|  |TAMS 0x0000000083100000, 0x0000000083000000| Untracked 
|  49|0x0000000083100000, 0x0000000083200000, 0x0000000083200000|100%|HS|  |TAMS 0x0000000083200000, 0x0000000083100000| Complete 
|  50|0x0000000083200000, 0x0000000083300000, 0x0000000083300000|100%|HC|  |TAMS 0x0000000083300000, 0x0000000083200000| Complete 
|  51|0x0000000083300000, 0x0000000083400000, 0x0000000083400000|100%|HC|  |TAMS 0x0000000083400000, 0x0000000083300000| Complete 
|  52|0x0000000083400000, 0x0000000083500000, 0x0000000083500000|100%|HC|  |TAMS 0x0000000083500000, 0x0000000083400000| Complete 
|  53|0x0000000083500000, 0x0000000083600000, 0x0000000083600000|100%|HC|  |TAMS 0x0000000083600000, 0x0000000083500000| Complete 
|  54|0x0000000083600000, 0x0000000083700000, 0x0000000083700000|100%|HC|  |TAMS 0x0000000083700000, 0x0000000083600000| Complete 
|  55|0x0000000083700000, 0x0000000083800000, 0x0000000083800000|100%| O|  |TAMS 0x0000000083800000, 0x0000000083700000| Untracked 
|  56|0x0000000083800000, 0x0000000083900000, 0x0000000083900000|100%|HS|  |TAMS 0x0000000083900000, 0x0000000083800000| Complete 
|  57|0x0000000083900000, 0x0000000083a00000, 0x0000000083a00000|100%|HC|  |TAMS 0x0000000083a00000, 0x0000000083900000| Complete 
|  58|0x0000000083a00000, 0x0000000083b00000, 0x0000000083b00000|100%|HC|  |TAMS 0x0000000083b00000, 0x0000000083a00000| Complete 
|  59|0x0000000083b00000, 0x0000000083c00000, 0x0000000083c00000|100%|HS|  |TAMS 0x0000000083c00000, 0x0000000083b00000| Complete 
|  60|0x0000000083c00000, 0x0000000083d00000, 0x0000000083d00000|100%|HC|  |TAMS 0x0000000083d00000, 0x0000000083c00000| Complete 
|  61|0x0000000083d00000, 0x0000000083e00000, 0x0000000083e00000|100%| O|  |TAMS 0x0000000083e00000, 0x0000000083d00000| Untracked 
|  62|0x0000000083e00000, 0x0000000083f00000, 0x0000000083f00000|100%|HS|  |TAMS 0x0000000083f00000, 0x0000000083e00000| Complete 
|  63|0x0000000083f00000, 0x0000000084000000, 0x0000000084000000|100%|HC|  |TAMS 0x0000000084000000, 0x0000000083f00000| Complete 
|  64|0x0000000084000000, 0x0000000084100000, 0x0000000084100000|100%|HC|  |TAMS 0x0000000084100000, 0x0000000084000000| Complete 
|  65|0x0000000084100000, 0x0000000084200000, 0x0000000084200000|100%|HC|  |TAMS 0x0000000084200000, 0x0000000084100000| Complete 
|  66|0x0000000084200000, 0x0000000084300000, 0x0000000084300000|100%|HC|  |TAMS 0x0000000084300000, 0x0000000084200000| Complete 
|  67|0x0000000084300000, 0x0000000084400000, 0x0000000084400000|100%|HC|  |TAMS 0x0000000084400000, 0x0000000084300000| Complete 
|  68|0x0000000084400000, 0x0000000084500000, 0x0000000084500000|100%|HC|  |TAMS 0x0000000084500000, 0x0000000084400000| Complete 
|  69|0x0000000084500000, 0x0000000084600000, 0x0000000084600000|100%|HC|  |TAMS 0x0000000084600000, 0x0000000084500000| Complete 
|  70|0x0000000084600000, 0x0000000084700000, 0x0000000084700000|100%|HC|  |TAMS 0x0000000084700000, 0x0000000084600000| Complete 
|  71|0x0000000084700000, 0x0000000084800000, 0x0000000084800000|100%|HC|  |TAMS 0x0000000084800000, 0x0000000084700000| Complete 
|  72|0x0000000084800000, 0x0000000084900000, 0x0000000084900000|100%|HC|  |TAMS 0x0000000084900000, 0x0000000084800000| Complete 
|  73|0x0000000084900000, 0x0000000084a00000, 0x0000000084a00000|100%| O|  |TAMS 0x0000000084a00000, 0x0000000084900000| Untracked 
|  74|0x0000000084a00000, 0x0000000084b00000, 0x0000000084b00000|100%| O|  |TAMS 0x0000000084b00000, 0x0000000084a00000| Untracked 
|  75|0x0000000084b00000, 0x0000000084c00000, 0x0000000084c00000|100%| O|  |TAMS 0x0000000084c00000, 0x0000000084b00000| Untracked 
|  76|0x0000000084c00000, 0x0000000084d00000, 0x0000000084d00000|100%| O|  |TAMS 0x0000000084d00000, 0x0000000084c00000| Untracked 
|  77|0x0000000084d00000, 0x0000000084e00000, 0x0000000084e00000|100%|HS|  |TAMS 0x0000000084d00000, 0x0000000084d00000| Complete 
|  78|0x0000000084e00000, 0x0000000084f00000, 0x0000000084f00000|100%|HS|  |TAMS 0x0000000084f00000, 0x0000000084e00000| Complete 
|  79|0x0000000084f00000, 0x0000000085000000, 0x0000000085000000|100%|HC|  |TAMS 0x0000000085000000, 0x0000000084f00000| Complete 
|  80|0x0000000085000000, 0x0000000085100000, 0x0000000085100000|100%|HS|  |TAMS 0x0000000085100000, 0x0000000085000000| Complete 
|  81|0x0000000085100000, 0x0000000085200000, 0x0000000085200000|100%|HC|  |TAMS 0x0000000085200000, 0x0000000085100000| Complete 
|  82|0x0000000085200000, 0x0000000085300000, 0x0000000085300000|100%|HC|  |TAMS 0x0000000085300000, 0x0000000085200000| Complete 
|  83|0x0000000085300000, 0x0000000085400000, 0x0000000085400000|100%|HS|  |TAMS 0x0000000085400000, 0x0000000085300000| Complete 
|  84|0x0000000085400000, 0x0000000085500000, 0x0000000085500000|100%| O|  |TAMS 0x0000000085500000, 0x0000000085400000| Untracked 
|  85|0x0000000085500000, 0x0000000085600000, 0x0000000085600000|100%| O|  |TAMS 0x0000000085600000, 0x0000000085500000| Untracked 
|  86|0x0000000085600000, 0x0000000085700000, 0x0000000085700000|100%| O|  |TAMS 0x0000000085700000, 0x0000000085600000| Untracked 
|  87|0x0000000085700000, 0x0000000085800000, 0x0000000085800000|100%|HS|  |TAMS 0x0000000085800000, 0x0000000085700000| Complete 
|  88|0x0000000085800000, 0x0000000085900000, 0x0000000085900000|100%|HC|  |TAMS 0x0000000085900000, 0x0000000085800000| Complete 
|  89|0x0000000085900000, 0x0000000085a00000, 0x0000000085a00000|100%|HC|  |TAMS 0x0000000085a00000, 0x0000000085900000| Complete 
|  90|0x0000000085a00000, 0x0000000085b00000, 0x0000000085b00000|100%|HC|  |TAMS 0x0000000085b00000, 0x0000000085a00000| Complete 
|  91|0x0000000085b00000, 0x0000000085c00000, 0x0000000085c00000|100%|HC|  |TAMS 0x0000000085c00000, 0x0000000085b00000| Complete 
|  92|0x0000000085c00000, 0x0000000085d00000, 0x0000000085d00000|100%|HC|  |TAMS 0x0000000085d00000, 0x0000000085c00000| Complete 
|  93|0x0000000085d00000, 0x0000000085e00000, 0x0000000085e00000|100%| O|  |TAMS 0x0000000085e00000, 0x0000000085d00000| Untracked 
|  94|0x0000000085e00000, 0x0000000085f00000, 0x0000000085f00000|100%| O|  |TAMS 0x0000000085f00000, 0x0000000085e00000| Untracked 
|  95|0x0000000085f00000, 0x0000000086000000, 0x0000000086000000|100%| O|  |TAMS 0x0000000086000000, 0x0000000085f00000| Untracked 
|  96|0x0000000086000000, 0x0000000086100000, 0x0000000086100000|100%| O|  |TAMS 0x0000000086100000, 0x0000000086000000| Untracked 
|  97|0x0000000086100000, 0x0000000086200000, 0x0000000086200000|100%| O|  |TAMS 0x0000000086200000, 0x0000000086100000| Untracked 
|  98|0x0000000086200000, 0x0000000086300000, 0x0000000086300000|100%| O|  |TAMS 0x0000000086300000, 0x0000000086200000| Untracked 
|  99|0x0000000086300000, 0x0000000086400000, 0x0000000086400000|100%| O|  |TAMS 0x0000000086400000, 0x0000000086300000| Untracked 
| 100|0x0000000086400000, 0x0000000086500000, 0x0000000086500000|100%| O|  |TAMS 0x0000000086500000, 0x0000000086400000| Untracked 
| 101|0x0000000086500000, 0x0000000086600000, 0x0000000086600000|100%| O|  |TAMS 0x0000000086600000, 0x0000000086500000| Untracked 
| 102|0x0000000086600000, 0x0000000086700000, 0x0000000086700000|100%| O|  |TAMS 0x0000000086700000, 0x0000000086600000| Untracked 
| 103|0x0000000086700000, 0x0000000086800000, 0x0000000086800000|100%|HS|  |TAMS 0x0000000086800000, 0x0000000086700000| Complete 
| 104|0x0000000086800000, 0x0000000086900000, 0x0000000086900000|100%|HS|  |TAMS 0x0000000086900000, 0x0000000086800000| Complete 
| 105|0x0000000086900000, 0x0000000086a00000, 0x0000000086a00000|100%|HS|  |TAMS 0x0000000086a00000, 0x0000000086900000| Complete 
| 106|0x0000000086a00000, 0x0000000086b00000, 0x0000000086b00000|100%|HS|  |TAMS 0x0000000086b00000, 0x0000000086a00000| Complete 
| 107|0x0000000086b00000, 0x0000000086c00000, 0x0000000086c00000|100%|HS|  |TAMS 0x0000000086c00000, 0x0000000086b00000| Complete 
| 108|0x0000000086c00000, 0x0000000086d00000, 0x0000000086d00000|100%|HC|  |TAMS 0x0000000086d00000, 0x0000000086c00000| Complete 
| 109|0x0000000086d00000, 0x0000000086e00000, 0x0000000086e00000|100%|HC|  |TAMS 0x0000000086e00000, 0x0000000086d00000| Complete 
| 110|0x0000000086e00000, 0x0000000086f00000, 0x0000000086f00000|100%|HS|  |TAMS 0x0000000086f00000, 0x0000000086e00000| Complete 
| 111|0x0000000086f00000, 0x0000000087000000, 0x0000000087000000|100%|HC|  |TAMS 0x0000000087000000, 0x0000000086f00000| Complete 
| 112|0x0000000087000000, 0x0000000087100000, 0x0000000087100000|100%| O|  |TAMS 0x0000000087100000, 0x0000000087000000| Untracked 
| 113|0x0000000087100000, 0x0000000087200000, 0x0000000087200000|100%| O|  |TAMS 0x0000000087200000, 0x0000000087100000| Untracked 
| 114|0x0000000087200000, 0x0000000087300000, 0x0000000087300000|100%| O|  |TAMS 0x0000000087300000, 0x0000000087200000| Untracked 
| 115|0x0000000087300000, 0x0000000087400000, 0x0000000087400000|100%| O|  |TAMS 0x0000000087400000, 0x0000000087300000| Untracked 
| 116|0x0000000087400000, 0x0000000087500000, 0x0000000087500000|100%| O|  |TAMS 0x0000000087500000, 0x0000000087400000| Untracked 
| 117|0x0000000087500000, 0x0000000087600000, 0x0000000087600000|100%| O|  |TAMS 0x0000000087600000, 0x0000000087500000| Untracked 
| 118|0x0000000087600000, 0x0000000087700000, 0x0000000087700000|100%| O|  |TAMS 0x0000000087700000, 0x0000000087600000| Untracked 
| 119|0x0000000087700000, 0x0000000087800000, 0x0000000087800000|100%| O|  |TAMS 0x0000000087800000, 0x0000000087700000| Untracked 
| 120|0x0000000087800000, 0x0000000087900000, 0x0000000087900000|100%| O|  |TAMS 0x0000000087900000, 0x0000000087800000| Untracked 
| 121|0x0000000087900000, 0x0000000087a00000, 0x0000000087a00000|100%| O|  |TAMS 0x0000000087a00000, 0x0000000087900000| Untracked 
| 122|0x0000000087a00000, 0x0000000087b00000, 0x0000000087b00000|100%| O|  |TAMS 0x0000000087b00000, 0x0000000087a00000| Untracked 
| 123|0x0000000087b00000, 0x0000000087c00000, 0x0000000087c00000|100%| O|  |TAMS 0x0000000087c00000, 0x0000000087b00000| Untracked 
| 124|0x0000000087c00000, 0x0000000087d00000, 0x0000000087d00000|100%| O|  |TAMS 0x0000000087d00000, 0x0000000087c00000| Untracked 
| 125|0x0000000087d00000, 0x0000000087e00000, 0x0000000087e00000|100%| O|  |TAMS 0x0000000087e00000, 0x0000000087d00000| Complete 
| 126|0x0000000087e00000, 0x0000000087f00000, 0x0000000087f00000|100%| O|  |TAMS 0x0000000087f00000, 0x0000000087e00000| Untracked 
| 127|0x0000000087f00000, 0x0000000088000000, 0x0000000088000000|100%| O|  |TAMS 0x0000000088000000, 0x0000000087f00000| Untracked 
| 128|0x0000000088000000, 0x0000000088100000, 0x0000000088100000|100%| O|  |TAMS 0x0000000088100000, 0x0000000088000000| Untracked 
| 129|0x0000000088100000, 0x0000000088200000, 0x0000000088200000|100%| O|  |TAMS 0x0000000088200000, 0x0000000088100000| Untracked 
| 130|0x0000000088200000, 0x0000000088300000, 0x0000000088300000|100%| O|  |TAMS 0x0000000088300000, 0x0000000088200000| Untracked 
| 131|0x0000000088300000, 0x00000000883d0a00, 0x0000000088400000| 81%| O|  |TAMS 0x00000000883d0a00, 0x0000000088300000| Untracked 
| 132|0x0000000088400000, 0x0000000088500000, 0x0000000088500000|100%|HS|  |TAMS 0x0000000088500000, 0x0000000088400000| Complete 
| 133|0x0000000088500000, 0x0000000088600000, 0x0000000088600000|100%|HC|  |TAMS 0x0000000088600000, 0x0000000088500000| Complete 
| 134|0x0000000088600000, 0x0000000088700000, 0x0000000088700000|100%|HS|  |TAMS 0x0000000088600000, 0x0000000088600000| Complete 
| 135|0x0000000088700000, 0x0000000088800000, 0x0000000088800000|100%|HC|  |TAMS 0x0000000088700000, 0x0000000088700000| Complete 
| 136|0x0000000088800000, 0x0000000088900000, 0x0000000088900000|100%|HC|  |TAMS 0x0000000088800000, 0x0000000088800000| Complete 
| 137|0x0000000088900000, 0x0000000088a00000, 0x0000000088a00000|100%|HS|  |TAMS 0x0000000088900000, 0x0000000088900000| Complete 
| 138|0x0000000088a00000, 0x0000000088b00000, 0x0000000088b00000|100%|HC|  |TAMS 0x0000000088a00000, 0x0000000088a00000| Complete 
| 139|0x0000000088b00000, 0x0000000088c00000, 0x0000000088c00000|100%|HC|  |TAMS 0x0000000088b00000, 0x0000000088b00000| Complete 
| 140|0x0000000088c00000, 0x0000000088d00000, 0x0000000088d00000|100%|HS|  |TAMS 0x0000000088c00000, 0x0000000088c00000| Complete 
| 141|0x0000000088d00000, 0x0000000088e00000, 0x0000000088e00000|100%|HC|  |TAMS 0x0000000088d00000, 0x0000000088d00000| Complete 
| 142|0x0000000088e00000, 0x0000000088f00000, 0x0000000088f00000|100%|HS|  |TAMS 0x0000000088e00000, 0x0000000088e00000| Complete 
| 143|0x0000000088f00000, 0x0000000089000000, 0x0000000089000000|100%|HC|  |TAMS 0x0000000088f00000, 0x0000000088f00000| Complete 
| 144|0x0000000089000000, 0x0000000089100000, 0x0000000089100000|100%|HC|  |TAMS 0x0000000089000000, 0x0000000089000000| Complete 
| 145|0x0000000089100000, 0x0000000089200000, 0x0000000089200000|100%|HC|  |TAMS 0x0000000089100000, 0x0000000089100000| Complete 
| 146|0x0000000089200000, 0x0000000089300000, 0x0000000089300000|100%|HC|  |TAMS 0x0000000089200000, 0x0000000089200000| Complete 
| 147|0x0000000089300000, 0x0000000089400000, 0x0000000089400000|100%|HC|  |TAMS 0x0000000089300000, 0x0000000089300000| Complete 
| 148|0x0000000089400000, 0x0000000089500000, 0x0000000089500000|100%|HC|  |TAMS 0x0000000089400000, 0x0000000089400000| Complete 
| 149|0x0000000089500000, 0x0000000089600000, 0x0000000089600000|100%|HC|  |TAMS 0x0000000089500000, 0x0000000089500000| Complete 
| 150|0x0000000089600000, 0x0000000089700000, 0x0000000089700000|100%|HC|  |TAMS 0x0000000089600000, 0x0000000089600000| Complete 
| 151|0x0000000089700000, 0x0000000089800000, 0x0000000089800000|100%|HC|  |TAMS 0x0000000089700000, 0x0000000089700000| Complete 
| 152|0x0000000089800000, 0x0000000089900000, 0x0000000089900000|100%|HS|  |TAMS 0x0000000089800000, 0x0000000089800000| Complete 
| 153|0x0000000089900000, 0x0000000089a00000, 0x0000000089a00000|100%|HC|  |TAMS 0x0000000089900000, 0x0000000089900000| Complete 
| 154|0x0000000089a00000, 0x0000000089b00000, 0x0000000089b00000|100%|HS|  |TAMS 0x0000000089a00000, 0x0000000089a00000| Complete 
| 155|0x0000000089b00000, 0x0000000089c00000, 0x0000000089c00000|100%|HC|  |TAMS 0x0000000089b00000, 0x0000000089b00000| Complete 
| 156|0x0000000089c00000, 0x0000000089d00000, 0x0000000089d00000|100%|HC|  |TAMS 0x0000000089c00000, 0x0000000089c00000| Complete 
| 157|0x0000000089d00000, 0x0000000089e00000, 0x0000000089e00000|100%|HC|  |TAMS 0x0000000089d00000, 0x0000000089d00000| Complete 
| 158|0x0000000089e00000, 0x0000000089f00000, 0x0000000089f00000|100%|HC|  |TAMS 0x0000000089e00000, 0x0000000089e00000| Complete 
| 159|0x0000000089f00000, 0x000000008a000000, 0x000000008a000000|100%|HC|  |TAMS 0x0000000089f00000, 0x0000000089f00000| Complete 
| 160|0x000000008a000000, 0x000000008a100000, 0x000000008a100000|100%|HS|  |TAMS 0x000000008a000000, 0x000000008a000000| Complete 
| 161|0x000000008a100000, 0x000000008a100000, 0x000000008a200000|  0%| F|  |TAMS 0x000000008a100000, 0x000000008a100000| Untracked 
| 162|0x000000008a200000, 0x000000008a200000, 0x000000008a300000|  0%| F|  |TAMS 0x000000008a200000, 0x000000008a200000| Untracked 
| 163|0x000000008a300000, 0x000000008a300000, 0x000000008a400000|  0%| F|  |TAMS 0x000000008a300000, 0x000000008a300000| Untracked 
| 164|0x000000008a400000, 0x000000008a400000, 0x000000008a500000|  0%| F|  |TAMS 0x000000008a400000, 0x000000008a400000| Untracked 
| 165|0x000000008a500000, 0x000000008a500000, 0x000000008a600000|  0%| F|  |TAMS 0x000000008a500000, 0x000000008a500000| Untracked 
| 166|0x000000008a600000, 0x000000008a600000, 0x000000008a700000|  0%| F|  |TAMS 0x000000008a600000, 0x000000008a600000| Untracked 
| 167|0x000000008a700000, 0x000000008a700000, 0x000000008a800000|  0%| F|  |TAMS 0x000000008a700000, 0x000000008a700000| Untracked 
| 168|0x000000008a800000, 0x000000008a800000, 0x000000008a900000|  0%| F|  |TAMS 0x000000008a800000, 0x000000008a800000| Untracked 
| 169|0x000000008a900000, 0x000000008a900000, 0x000000008aa00000|  0%| F|  |TAMS 0x000000008a900000, 0x000000008a900000| Untracked 
| 170|0x000000008aa00000, 0x000000008aa00000, 0x000000008ab00000|  0%| F|  |TAMS 0x000000008aa00000, 0x000000008aa00000| Untracked 
| 171|0x000000008ab00000, 0x000000008ab00000, 0x000000008ac00000|  0%| F|  |TAMS 0x000000008ab00000, 0x000000008ab00000| Untracked 
| 172|0x000000008ac00000, 0x000000008ac00000, 0x000000008ad00000|  0%| F|  |TAMS 0x000000008ac00000, 0x000000008ac00000| Untracked 
| 173|0x000000008ad00000, 0x000000008ad00000, 0x000000008ae00000|  0%| F|  |TAMS 0x000000008ad00000, 0x000000008ad00000| Untracked 
| 174|0x000000008ae00000, 0x000000008ae00000, 0x000000008af00000|  0%| F|  |TAMS 0x000000008ae00000, 0x000000008ae00000| Untracked 
| 175|0x000000008af00000, 0x000000008af00000, 0x000000008b000000|  0%| F|  |TAMS 0x000000008af00000, 0x000000008af00000| Untracked 
| 176|0x000000008b000000, 0x000000008b000000, 0x000000008b100000|  0%| F|  |TAMS 0x000000008b000000, 0x000000008b000000| Untracked 
| 177|0x000000008b100000, 0x000000008b100000, 0x000000008b200000|  0%| F|  |TAMS 0x000000008b100000, 0x000000008b100000| Untracked 
| 178|0x000000008b200000, 0x000000008b200000, 0x000000008b300000|  0%| F|  |TAMS 0x000000008b200000, 0x000000008b200000| Untracked 
| 179|0x000000008b300000, 0x000000008b300000, 0x000000008b400000|  0%| F|  |TAMS 0x000000008b300000, 0x000000008b300000| Untracked 
| 180|0x000000008b400000, 0x000000008b400000, 0x000000008b500000|  0%| F|  |TAMS 0x000000008b400000, 0x000000008b400000| Untracked 
| 181|0x000000008b500000, 0x000000008b500000, 0x000000008b600000|  0%| F|  |TAMS 0x000000008b500000, 0x000000008b500000| Untracked 
| 182|0x000000008b600000, 0x000000008b600000, 0x000000008b700000|  0%| F|  |TAMS 0x000000008b600000, 0x000000008b600000| Untracked 
| 183|0x000000008b700000, 0x000000008b700000, 0x000000008b800000|  0%| F|  |TAMS 0x000000008b700000, 0x000000008b700000| Untracked 
| 184|0x000000008b800000, 0x000000008b800000, 0x000000008b900000|  0%| F|  |TAMS 0x000000008b800000, 0x000000008b800000| Untracked 
| 185|0x000000008b900000, 0x000000008b900000, 0x000000008ba00000|  0%| F|  |TAMS 0x000000008b900000, 0x000000008b900000| Untracked 
| 186|0x000000008ba00000, 0x000000008ba00000, 0x000000008bb00000|  0%| F|  |TAMS 0x000000008ba00000, 0x000000008ba00000| Untracked 
| 187|0x000000008bb00000, 0x000000008bb00000, 0x000000008bc00000|  0%| F|  |TAMS 0x000000008bb00000, 0x000000008bb00000| Untracked 
| 188|0x000000008bc00000, 0x000000008bc00000, 0x000000008bd00000|  0%| F|  |TAMS 0x000000008bc00000, 0x000000008bc00000| Untracked 
| 189|0x000000008bd00000, 0x000000008bd00000, 0x000000008be00000|  0%| F|  |TAMS 0x000000008bd00000, 0x000000008bd00000| Untracked 
| 190|0x000000008be00000, 0x000000008be00000, 0x000000008bf00000|  0%| F|  |TAMS 0x000000008be00000, 0x000000008be00000| Untracked 
| 191|0x000000008bf00000, 0x000000008bf00000, 0x000000008c000000|  0%| F|  |TAMS 0x000000008bf00000, 0x000000008bf00000| Untracked 
| 192|0x000000008c000000, 0x000000008c000000, 0x000000008c100000|  0%| F|  |TAMS 0x000000008c000000, 0x000000008c000000| Untracked 
| 193|0x000000008c100000, 0x000000008c100000, 0x000000008c200000|  0%| F|  |TAMS 0x000000008c100000, 0x000000008c100000| Untracked 
| 194|0x000000008c200000, 0x000000008c200000, 0x000000008c300000|  0%| F|  |TAMS 0x000000008c200000, 0x000000008c200000| Untracked 
| 195|0x000000008c300000, 0x000000008c300000, 0x000000008c400000|  0%| F|  |TAMS 0x000000008c300000, 0x000000008c300000| Untracked 
| 196|0x000000008c400000, 0x000000008c400000, 0x000000008c500000|  0%| F|  |TAMS 0x000000008c400000, 0x000000008c400000| Untracked 
| 197|0x000000008c500000, 0x000000008c500000, 0x000000008c600000|  0%| F|  |TAMS 0x000000008c500000, 0x000000008c500000| Untracked 
| 198|0x000000008c600000, 0x000000008c600000, 0x000000008c700000|  0%| F|  |TAMS 0x000000008c600000, 0x000000008c600000| Untracked 
| 199|0x000000008c700000, 0x000000008c700000, 0x000000008c800000|  0%| F|  |TAMS 0x000000008c700000, 0x000000008c700000| Untracked 
| 200|0x000000008c800000, 0x000000008c800000, 0x000000008c900000|  0%| F|  |TAMS 0x000000008c800000, 0x000000008c800000| Untracked 
| 201|0x000000008c900000, 0x000000008c900000, 0x000000008ca00000|  0%| F|  |TAMS 0x000000008c900000, 0x000000008c900000| Untracked 
| 202|0x000000008ca00000, 0x000000008ca00000, 0x000000008cb00000|  0%| F|  |TAMS 0x000000008ca00000, 0x000000008ca00000| Untracked 
| 203|0x000000008cb00000, 0x000000008cb00000, 0x000000008cc00000|  0%| F|  |TAMS 0x000000008cb00000, 0x000000008cb00000| Untracked 
| 204|0x000000008cc00000, 0x000000008cc00000, 0x000000008cd00000|  0%| F|  |TAMS 0x000000008cc00000, 0x000000008cc00000| Untracked 
| 205|0x000000008cd00000, 0x000000008cd00000, 0x000000008ce00000|  0%| F|  |TAMS 0x000000008cd00000, 0x000000008cd00000| Untracked 
| 206|0x000000008ce00000, 0x000000008ce00000, 0x000000008cf00000|  0%| F|  |TAMS 0x000000008ce00000, 0x000000008ce00000| Untracked 
| 207|0x000000008cf00000, 0x000000008cf00000, 0x000000008d000000|  0%| F|  |TAMS 0x000000008cf00000, 0x000000008cf00000| Untracked 
| 208|0x000000008d000000, 0x000000008d000000, 0x000000008d100000|  0%| F|  |TAMS 0x000000008d000000, 0x000000008d000000| Untracked 
| 209|0x000000008d100000, 0x000000008d100000, 0x000000008d200000|  0%| F|  |TAMS 0x000000008d100000, 0x000000008d100000| Untracked 
| 210|0x000000008d200000, 0x000000008d200000, 0x000000008d300000|  0%| F|  |TAMS 0x000000008d200000, 0x000000008d200000| Untracked 
| 211|0x000000008d300000, 0x000000008d300000, 0x000000008d400000|  0%| F|  |TAMS 0x000000008d300000, 0x000000008d300000| Untracked 
| 212|0x000000008d400000, 0x000000008d400000, 0x000000008d500000|  0%| F|  |TAMS 0x000000008d400000, 0x000000008d400000| Untracked 
| 213|0x000000008d500000, 0x000000008d5a19f8, 0x000000008d600000| 63%| E|  |TAMS 0x000000008d500000, 0x000000008d500000| Complete 
| 214|0x000000008d600000, 0x000000008d700000, 0x000000008d700000|100%| E|  |TAMS 0x000000008d600000, 0x000000008d600000| Complete 
| 215|0x000000008d700000, 0x000000008d800000, 0x000000008d800000|100%| E|CS|TAMS 0x000000008d700000, 0x000000008d700000| Complete 
| 216|0x000000008d800000, 0x000000008d900000, 0x000000008d900000|100%| E|CS|TAMS 0x000000008d800000, 0x000000008d800000| Complete 
| 217|0x000000008d900000, 0x000000008da00000, 0x000000008da00000|100%| E|CS|TAMS 0x000000008d900000, 0x000000008d900000| Complete 
| 218|0x000000008da00000, 0x000000008db00000, 0x000000008db00000|100%| E|CS|TAMS 0x000000008da00000, 0x000000008da00000| Complete 
| 219|0x000000008db00000, 0x000000008dc00000, 0x000000008dc00000|100%| E|CS|TAMS 0x000000008db00000, 0x000000008db00000| Complete 
| 220|0x000000008dc00000, 0x000000008dd00000, 0x000000008dd00000|100%| E|CS|TAMS 0x000000008dc00000, 0x000000008dc00000| Complete 
| 221|0x000000008dd00000, 0x000000008de00000, 0x000000008de00000|100%| E|CS|TAMS 0x000000008dd00000, 0x000000008dd00000| Complete 
| 222|0x000000008de00000, 0x000000008df00000, 0x000000008df00000|100%| E|CS|TAMS 0x000000008de00000, 0x000000008de00000| Complete 
| 223|0x000000008df00000, 0x000000008e000000, 0x000000008e000000|100%| E|CS|TAMS 0x000000008df00000, 0x000000008df00000| Complete 
| 224|0x000000008e000000, 0x000000008e100000, 0x000000008e100000|100%| E|CS|TAMS 0x000000008e000000, 0x000000008e000000| Complete 
| 225|0x000000008e100000, 0x000000008e200000, 0x000000008e200000|100%| E|CS|TAMS 0x000000008e100000, 0x000000008e100000| Complete 
| 226|0x000000008e200000, 0x000000008e300000, 0x000000008e300000|100%| E|CS|TAMS 0x000000008e200000, 0x000000008e200000| Complete 
| 227|0x000000008e300000, 0x000000008e400000, 0x000000008e400000|100%| E|CS|TAMS 0x000000008e300000, 0x000000008e300000| Complete 
| 228|0x000000008e400000, 0x000000008e500000, 0x000000008e500000|100%| E|CS|TAMS 0x000000008e400000, 0x000000008e400000| Complete 
| 229|0x000000008e500000, 0x000000008e600000, 0x000000008e600000|100%| E|CS|TAMS 0x000000008e500000, 0x000000008e500000| Complete 
| 230|0x000000008e600000, 0x000000008e700000, 0x000000008e700000|100%| E|CS|TAMS 0x000000008e600000, 0x000000008e600000| Complete 
| 231|0x000000008e700000, 0x000000008e800000, 0x000000008e800000|100%| E|CS|TAMS 0x000000008e700000, 0x000000008e700000| Complete 
| 232|0x000000008e800000, 0x000000008e900000, 0x000000008e900000|100%| E|CS|TAMS 0x000000008e800000, 0x000000008e800000| Complete 
| 233|0x000000008e900000, 0x000000008ea00000, 0x000000008ea00000|100%| E|CS|TAMS 0x000000008e900000, 0x000000008e900000| Complete 
| 234|0x000000008ea00000, 0x000000008eb00000, 0x000000008eb00000|100%| E|CS|TAMS 0x000000008ea00000, 0x000000008ea00000| Complete 
| 235|0x000000008eb00000, 0x000000008ec00000, 0x000000008ec00000|100%| E|CS|TAMS 0x000000008eb00000, 0x000000008eb00000| Complete 
| 236|0x000000008ec00000, 0x000000008ed00000, 0x000000008ed00000|100%| E|CS|TAMS 0x000000008ec00000, 0x000000008ec00000| Complete 
| 237|0x000000008ed00000, 0x000000008ee00000, 0x000000008ee00000|100%| E|CS|TAMS 0x000000008ed00000, 0x000000008ed00000| Complete 
| 238|0x000000008ee00000, 0x000000008ef00000, 0x000000008ef00000|100%| E|CS|TAMS 0x000000008ee00000, 0x000000008ee00000| Complete 
| 239|0x000000008ef00000, 0x000000008f000000, 0x000000008f000000|100%| E|CS|TAMS 0x000000008ef00000, 0x000000008ef00000| Complete 
| 240|0x000000008f000000, 0x000000008f100000, 0x000000008f100000|100%| E|CS|TAMS 0x000000008f000000, 0x000000008f000000| Complete 
| 241|0x000000008f100000, 0x000000008f200000, 0x000000008f200000|100%| E|CS|TAMS 0x000000008f100000, 0x000000008f100000| Complete 
| 242|0x000000008f200000, 0x000000008f300000, 0x000000008f300000|100%| E|CS|TAMS 0x000000008f200000, 0x000000008f200000| Complete 
| 243|0x000000008f300000, 0x000000008f400000, 0x000000008f400000|100%| E|CS|TAMS 0x000000008f300000, 0x000000008f300000| Complete 
| 244|0x000000008f400000, 0x000000008f500000, 0x000000008f500000|100%| E|CS|TAMS 0x000000008f400000, 0x000000008f400000| Complete 
| 245|0x000000008f500000, 0x000000008f600000, 0x000000008f600000|100%| E|CS|TAMS 0x000000008f500000, 0x000000008f500000| Complete 
| 246|0x000000008f600000, 0x000000008f700000, 0x000000008f700000|100%| E|CS|TAMS 0x000000008f600000, 0x000000008f600000| Complete 
| 247|0x000000008f700000, 0x000000008f800000, 0x000000008f800000|100%| E|CS|TAMS 0x000000008f700000, 0x000000008f700000| Complete 
| 248|0x000000008f800000, 0x000000008f900000, 0x000000008f900000|100%| E|CS|TAMS 0x000000008f800000, 0x000000008f800000| Complete 
| 249|0x000000008f900000, 0x000000008fa00000, 0x000000008fa00000|100%| E|CS|TAMS 0x000000008f900000, 0x000000008f900000| Complete 
| 250|0x000000008fa00000, 0x000000008fb00000, 0x000000008fb00000|100%| E|CS|TAMS 0x000000008fa00000, 0x000000008fa00000| Complete 
| 251|0x000000008fb00000, 0x000000008fc00000, 0x000000008fc00000|100%| E|CS|TAMS 0x000000008fb00000, 0x000000008fb00000| Complete 
| 252|0x000000008fc00000, 0x000000008fd00000, 0x000000008fd00000|100%| E|CS|TAMS 0x000000008fc00000, 0x000000008fc00000| Complete 
| 253|0x000000008fd00000, 0x000000008fe00000, 0x000000008fe00000|100%| E|CS|TAMS 0x000000008fd00000, 0x000000008fd00000| Complete 
| 254|0x000000008fe00000, 0x000000008ff00000, 0x000000008ff00000|100%| E|CS|TAMS 0x000000008fe00000, 0x000000008fe00000| Complete 
| 255|0x000000008ff00000, 0x0000000090000000, 0x0000000090000000|100%| E|CS|TAMS 0x000000008ff00000, 0x000000008ff00000| Complete 
| 256|0x0000000090000000, 0x0000000090100000, 0x0000000090100000|100%| E|CS|TAMS 0x0000000090000000, 0x0000000090000000| Complete 
| 257|0x0000000090100000, 0x0000000090200000, 0x0000000090200000|100%| E|CS|TAMS 0x0000000090100000, 0x0000000090100000| Complete 
| 258|0x0000000090200000, 0x0000000090300000, 0x0000000090300000|100%| E|CS|TAMS 0x0000000090200000, 0x0000000090200000| Complete 
| 259|0x0000000090300000, 0x0000000090400000, 0x0000000090400000|100%| S|CS|TAMS 0x0000000090300000, 0x0000000090300000| Complete 
| 260|0x0000000090400000, 0x0000000090500000, 0x0000000090500000|100%| S|CS|TAMS 0x0000000090400000, 0x0000000090400000| Complete 
| 261|0x0000000090500000, 0x0000000090600000, 0x0000000090600000|100%| S|CS|TAMS 0x0000000090500000, 0x0000000090500000| Complete 
| 262|0x0000000090600000, 0x0000000090700000, 0x0000000090700000|100%| E|CS|TAMS 0x0000000090600000, 0x0000000090600000| Complete 
| 263|0x0000000090700000, 0x0000000090800000, 0x0000000090800000|100%| E|CS|TAMS 0x0000000090700000, 0x0000000090700000| Complete 
| 264|0x0000000090800000, 0x0000000090900000, 0x0000000090900000|100%| E|CS|TAMS 0x0000000090800000, 0x0000000090800000| Complete 
| 265|0x0000000090900000, 0x0000000090a00000, 0x0000000090a00000|100%| E|CS|TAMS 0x0000000090900000, 0x0000000090900000| Complete 
| 266|0x0000000090a00000, 0x0000000090b00000, 0x0000000090b00000|100%| E|CS|TAMS 0x0000000090a00000, 0x0000000090a00000| Complete 
| 267|0x0000000090b00000, 0x0000000090c00000, 0x0000000090c00000|100%| E|CS|TAMS 0x0000000090b00000, 0x0000000090b00000| Complete 
| 268|0x0000000090c00000, 0x0000000090d00000, 0x0000000090d00000|100%| E|CS|TAMS 0x0000000090c00000, 0x0000000090c00000| Complete 
| 269|0x0000000090d00000, 0x0000000090e00000, 0x0000000090e00000|100%| E|CS|TAMS 0x0000000090d00000, 0x0000000090d00000| Complete 
| 270|0x0000000090e00000, 0x0000000090f00000, 0x0000000090f00000|100%| E|CS|TAMS 0x0000000090e00000, 0x0000000090e00000| Complete 
| 271|0x0000000090f00000, 0x0000000091000000, 0x0000000091000000|100%| E|CS|TAMS 0x0000000090f00000, 0x0000000090f00000| Complete 
| 272|0x0000000091000000, 0x0000000091100000, 0x0000000091100000|100%| E|CS|TAMS 0x0000000091000000, 0x0000000091000000| Complete 
| 273|0x0000000091100000, 0x0000000091200000, 0x0000000091200000|100%| E|CS|TAMS 0x0000000091100000, 0x0000000091100000| Complete 
| 274|0x0000000091200000, 0x0000000091300000, 0x0000000091300000|100%| E|CS|TAMS 0x0000000091200000, 0x0000000091200000| Complete 

Card table byte_map: [0x0000017d7a820000,0x0000017d7ac20000] _byte_map_base: 0x0000017d7a420000

Marking Bits (Prev, Next): (CMBitMap*) 0x0000017d67c6c0d0, (CMBitMap*) 0x0000017d67c6c110
 Prev Bits: [0x0000017d7b020000, 0x0000017d7d020000)
 Next Bits: [0x0000017d7d020000, 0x0000017d7f020000)

Polling page: 0x0000017d673e0000

Metaspace:

Usage:
  Non-class:     69.83 MB used.
      Class:     10.71 MB used.
       Both:     80.54 MB used.

Virtual space:
  Non-class space:       72.00 MB reserved,      70.19 MB ( 97%) committed,  9 nodes.
      Class space:        1.00 GB reserved,      11.00 MB (  1%) committed,  1 nodes.
             Both:        1.07 GB reserved,      81.19 MB (  7%) committed. 

Chunk freelists:
   Non-Class:  1.08 MB
       Class:  1.00 MB
        Both:  2.08 MB

MaxMetaspaceSize: unlimited
CompressedClassSpaceSize: 1.00 GB
Initial GC threshold: 21.00 MB
Current GC threshold: 127.31 MB
CDS: off
MetaspaceReclaimPolicy: balanced
 - commit_granule_bytes: 65536.
 - commit_granule_words: 8192.
 - virtual_space_node_default_size: 1048576.
 - enlarge_chunks_in_place: 1.
 - new_chunks_are_fully_committed: 0.
 - uncommit_free_chunks: 1.
 - use_allocation_guard: 0.
 - handle_deallocations: 1.


Internal statistics:

num_allocs_failed_limit: 3.
num_arena_births: 748.
num_arena_deaths: 0.
num_vsnodes_births: 10.
num_vsnodes_deaths: 0.
num_space_committed: 1299.
num_space_uncommitted: 0.
num_chunks_returned_to_freelist: 3.
num_chunks_taken_from_freelist: 3720.
num_chunk_merges: 3.
num_chunk_splits: 2437.
num_chunks_enlarged: 1637.
num_purges: 0.
num_inconsistent_stats: 0.

CodeHeap 'non-profiled nmethods': size=120000Kb used=5043Kb max_used=5043Kb free=114956Kb
 bounds [0x0000017d72bb0000, 0x0000017d730a0000, 0x0000017d7a0e0000]
CodeHeap 'profiled nmethods': size=120000Kb used=15429Kb max_used=15429Kb free=104570Kb
 bounds [0x0000017d6b0e0000, 0x0000017d6c000000, 0x0000017d72610000]
CodeHeap 'non-nmethods': size=5760Kb used=2368Kb max_used=2506Kb free=3392Kb
 bounds [0x0000017d72610000, 0x0000017d728b0000, 0x0000017d72bb0000]
 total_blobs=8630 nmethods=7732 adapters=810
 compilation: enabled
              stopped_count=0, restarted_count=0
 full_count=0

Compilation events (20 events):
Event: 16.931 Thread 0x0000017d7fb27990 8521       1       org.gradle.internal.logging.events.ProgressStartEvent::getBuildOperationId (5 bytes)
Event: 16.932 Thread 0x0000017d7fb27990 nmethod 8521 0x0000017d7309bb90 code [0x0000017d7309bd20, 0x0000017d7309bdf8]
Event: 16.932 Thread 0x0000017d7fb27990 8522       1       org.gradle.internal.serialize.Serializers$StatefulSerializerAdapter::access$000 (5 bytes)
Event: 16.932 Thread 0x0000017d7fb27990 nmethod 8522 0x0000017d7309be90 code [0x0000017d7309c020, 0x0000017d7309c0d8]
Event: 16.932 Thread 0x0000017d7fb27990 8523       1       org.gradle.internal.logging.events.ProgressCompleteEvent::getTimestamp (5 bytes)
Event: 16.932 Thread 0x0000017d7fb27990 nmethod 8523 0x0000017d7309c190 code [0x0000017d7309c320, 0x0000017d7309c3f8]
Event: 16.932 Thread 0x0000017d7fb27990 8524       1       org.gradle.internal.logging.events.ProgressCompleteEvent::getStatus (5 bytes)
Event: 16.932 Thread 0x0000017d7fb27990 nmethod 8524 0x0000017d7309c490 code [0x0000017d7309c620, 0x0000017d7309c6f8]
Event: 16.932 Thread 0x0000017d7fb27990 8525       1       org.gradle.launcher.daemon.protocol.OutputMessage::getEvent (5 bytes)
Event: 16.932 Thread 0x0000017d7fb27990 nmethod 8525 0x0000017d7309c790 code [0x0000017d7309c920, 0x0000017d7309c9f8]
Event: 16.941 Thread 0x0000017d7fb27990 8526       1       org.gradle.internal.resource.UriTextResource::access$100 (5 bytes)
Event: 16.941 Thread 0x0000017d7fb27990 nmethod 8526 0x0000017d7309ca90 code [0x0000017d7309cc20, 0x0000017d7309ccd8]
Event: 16.950 Thread 0x0000017d7fb27990 8527       3       org.gradle.tooling.internal.adapter.TypeInspector::visit (298 bytes)
Event: 16.951 Thread 0x0000017d7fb27990 nmethod 8527 0x0000017d6bfedd90 code [0x0000017d6bfee0c0, 0x0000017d6bfef8a8]
Event: 16.951 Thread 0x0000017d7fb27990 8528       3       java.lang.System$2::defineClass (14 bytes)
Event: 16.951 Thread 0x0000017d7fb27990 nmethod 8528 0x0000017d6bfefe10 code [0x0000017d6bfeffc0, 0x0000017d6bff0128]
Event: 16.954 Thread 0x0000017d7fb27990 8530       3       jdk.internal.reflect.Label::add (23 bytes)
Event: 16.954 Thread 0x0000017d7fb27990 nmethod 8530 0x0000017d6bff0210 code [0x0000017d6bff03c0, 0x0000017d6bff0708]
Event: 16.954 Thread 0x0000017d7fb27990 8531       3       jdk.internal.reflect.ClassFileAssembler::emitShort (38 bytes)
Event: 16.955 Thread 0x0000017d7fb27990 nmethod 8531 0x0000017d6bff0890 code [0x0000017d6bff0a80, 0x0000017d6bff0eb8]

GC Heap History (20 events):
Event: 11.393 GC heap before
{Heap before GC invocations=27 (full 0):
 garbage-first heap   total 188416K, used 151751K [0x0000000080000000, 0x0000000100000000)
  region size 1024K, 38 young (38912K), 1 survivors (1024K)
 Metaspace       used 56205K, committed 56768K, reserved 1105920K
  class space    used 7365K, committed 7616K, reserved 1048576K
}
Event: 11.399 GC heap after
{Heap after GC invocations=28 (full 0):
 garbage-first heap   total 188416K, used 121953K [0x0000000080000000, 0x0000000100000000)
  region size 1024K, 5 young (5120K), 5 survivors (5120K)
 Metaspace       used 56205K, committed 56768K, reserved 1105920K
  class space    used 7365K, committed 7616K, reserved 1048576K
}
Event: 11.522 GC heap before
{Heap before GC invocations=28 (full 0):
 garbage-first heap   total 188416K, used 126049K [0x0000000080000000, 0x0000000100000000)
  region size 1024K, 9 young (9216K), 5 survivors (5120K)
 Metaspace       used 56989K, committed 57536K, reserved 1105920K
  class space    used 7486K, committed 7744K, reserved 1048576K
}
Event: 11.525 GC heap after
{Heap after GC invocations=29 (full 0):
 garbage-first heap   total 188416K, used 122293K [0x0000000080000000, 0x0000000100000000)
  region size 1024K, 1 young (1024K), 1 survivors (1024K)
 Metaspace       used 56989K, committed 57536K, reserved 1105920K
  class space    used 7486K, committed 7744K, reserved 1048576K
}
Event: 12.272 GC heap before
{Heap before GC invocations=29 (full 0):
 garbage-first heap   total 188416K, used 155061K [0x0000000080000000, 0x0000000100000000)
  region size 1024K, 33 young (33792K), 1 survivors (1024K)
 Metaspace       used 63144K, committed 63744K, reserved 1105920K
  class space    used 8258K, committed 8512K, reserved 1048576K
}
Event: 12.276 GC heap after
{Heap after GC invocations=30 (full 0):
 garbage-first heap   total 188416K, used 125702K [0x0000000080000000, 0x0000000100000000)
  region size 1024K, 4 young (4096K), 4 survivors (4096K)
 Metaspace       used 63144K, committed 63744K, reserved 1105920K
  class space    used 8258K, committed 8512K, reserved 1048576K
}
Event: 12.925 GC heap before
{Heap before GC invocations=31 (full 0):
 garbage-first heap   total 219136K, used 155398K [0x0000000080000000, 0x0000000100000000)
  region size 1024K, 34 young (34816K), 4 survivors (4096K)
 Metaspace       used 65993K, committed 66560K, reserved 1114112K
  class space    used 8614K, committed 8896K, reserved 1048576K
}
Event: 12.931 GC heap after
{Heap after GC invocations=32 (full 0):
 garbage-first heap   total 219136K, used 127215K [0x0000000080000000, 0x0000000100000000)
  region size 1024K, 3 young (3072K), 3 survivors (3072K)
 Metaspace       used 65993K, committed 66560K, reserved 1114112K
  class space    used 8614K, committed 8896K, reserved 1048576K
}
Event: 13.073 GC heap before
{Heap before GC invocations=32 (full 0):
 garbage-first heap   total 219136K, used 135407K [0x0000000080000000, 0x0000000100000000)
  region size 1024K, 10 young (10240K), 3 survivors (3072K)
 Metaspace       used 66688K, committed 67328K, reserved 1114112K
  class space    used 8677K, committed 8960K, reserved 1048576K
}
Event: 13.083 GC heap after
{Heap after GC invocations=33 (full 0):
 garbage-first heap   total 219136K, used 128547K [0x0000000080000000, 0x0000000100000000)
  region size 1024K, 2 young (2048K), 2 survivors (2048K)
 Metaspace       used 66688K, committed 67328K, reserved 1114112K
  class space    used 8677K, committed 8960K, reserved 1048576K
}
Event: 14.014 GC heap before
{Heap before GC invocations=33 (full 0):
 garbage-first heap   total 219136K, used 174627K [0x0000000080000000, 0x0000000100000000)
  region size 1024K, 47 young (48128K), 2 survivors (2048K)
 Metaspace       used 69775K, committed 70400K, reserved 1114112K
  class space    used 9093K, committed 9344K, reserved 1048576K
}
Event: 14.019 GC heap after
{Heap after GC invocations=34 (full 0):
 garbage-first heap   total 219136K, used 130970K [0x0000000080000000, 0x0000000100000000)
  region size 1024K, 4 young (4096K), 4 survivors (4096K)
 Metaspace       used 69775K, committed 70400K, reserved 1114112K
  class space    used 9093K, committed 9344K, reserved 1048576K
}
Event: 15.129 GC heap before
{Heap before GC invocations=35 (full 0):
 garbage-first heap   total 224256K, used 178074K [0x0000000080000000, 0x0000000100000000)
  region size 1024K, 50 young (51200K), 4 survivors (4096K)
 Metaspace       used 74673K, committed 75264K, reserved 1114112K
  class space    used 9919K, committed 10176K, reserved 1048576K
}
Event: 15.136 GC heap after
{Heap after GC invocations=36 (full 0):
 garbage-first heap   total 224256K, used 134566K [0x0000000080000000, 0x0000000100000000)
  region size 1024K, 7 young (7168K), 7 survivors (7168K)
 Metaspace       used 74673K, committed 75264K, reserved 1114112K
  class space    used 9919K, committed 10176K, reserved 1048576K
}
Event: 15.197 GC heap before
{Heap before GC invocations=36 (full 0):
 garbage-first heap   total 224256K, used 137638K [0x0000000080000000, 0x0000000100000000)
  region size 1024K, 10 young (10240K), 7 survivors (7168K)
 Metaspace       used 74986K, committed 75584K, reserved 1114112K
  class space    used 9960K, committed 10240K, reserved 1048576K
}
Event: 15.203 GC heap after
{Heap after GC invocations=37 (full 0):
 garbage-first heap   total 224256K, used 135127K [0x0000000080000000, 0x0000000100000000)
  region size 1024K, 2 young (2048K), 2 survivors (2048K)
 Metaspace       used 74986K, committed 75584K, reserved 1114112K
  class space    used 9960K, committed 10240K, reserved 1048576K
}
Event: 15.718 GC heap before
{Heap before GC invocations=37 (full 0):
 garbage-first heap   total 224256K, used 156631K [0x0000000080000000, 0x0000000100000000)
  region size 1024K, 24 young (24576K), 2 survivors (2048K)
 Metaspace       used 77637K, committed 78208K, reserved 1122304K
  class space    used 10369K, committed 10624K, reserved 1048576K
}
Event: 15.722 GC heap after
{Heap after GC invocations=38 (full 0):
 garbage-first heap   total 269312K, used 136795K [0x0000000080000000, 0x0000000100000000)
  region size 1024K, 3 young (3072K), 3 survivors (3072K)
 Metaspace       used 77637K, committed 78208K, reserved 1122304K
  class space    used 10369K, committed 10624K, reserved 1048576K
}
Event: 15.728 GC heap before
{Heap before GC invocations=38 (full 0):
 garbage-first heap   total 269312K, used 138843K [0x0000000080000000, 0x0000000100000000)
  region size 1024K, 4 young (4096K), 3 survivors (3072K)
 Metaspace       used 77637K, committed 78208K, reserved 1122304K
  class space    used 10369K, committed 10624K, reserved 1048576K
}
Event: 15.731 GC heap after
{Heap after GC invocations=39 (full 0):
 garbage-first heap   total 269312K, used 139074K [0x0000000080000000, 0x0000000100000000)
  region size 1024K, 3 young (3072K), 3 survivors (3072K)
 Metaspace       used 77637K, committed 78208K, reserved 1122304K
  class space    used 10369K, committed 10624K, reserved 1048576K
}

Dll operation events (2 events):
Event: 0.010 Loaded shared library C:\Program Files\Android\Android Studio1\jbr\bin\java.dll
Event: 0.816 Loaded shared library C:\Program Files\Android\Android Studio1\jbr\bin\verify.dll

Deoptimization events (20 events):
Event: 16.763 Thread 0x0000017d03c3f5f0 DEOPT PACKING pc=0x0000017d72eb235c sp=0x0000000c377f9f50
Event: 16.763 Thread 0x0000017d03c3f5f0 DEOPT UNPACKING pc=0x0000017d726669a3 sp=0x0000000c377f9ed8 mode 2
Event: 16.765 Thread 0x0000017d03c3f5f0 Uncommon trap: trap_request=0xffffffde fr.pc=0x0000017d72eb235c relative=0x000000000000005c
Event: 16.765 Thread 0x0000017d03c3f5f0 Uncommon trap: reason=class_check action=maybe_recompile pc=0x0000017d72eb235c method=groovy.lang.MetaMethod.isStatic()Z @ 1 c2
Event: 16.765 Thread 0x0000017d03c3f5f0 DEOPT PACKING pc=0x0000017d72eb235c sp=0x0000000c377f9f50
Event: 16.765 Thread 0x0000017d03c3f5f0 DEOPT UNPACKING pc=0x0000017d726669a3 sp=0x0000000c377f9ed8 mode 2
Event: 16.768 Thread 0x0000017d03c3f5f0 Uncommon trap: trap_request=0xffffff45 fr.pc=0x0000017d72d2657c relative=0x000000000000025c
Event: 16.768 Thread 0x0000017d03c3f5f0 Uncommon trap: reason=unstable_if action=reinterpret pc=0x0000017d72d2657c method=java.util.concurrent.ConcurrentHashMap.get(Ljava/lang/Object;)Ljava/lang/Object; @ 76 c2
Event: 16.768 Thread 0x0000017d03c3f5f0 DEOPT PACKING pc=0x0000017d72d2657c sp=0x0000000c377f9210
Event: 16.768 Thread 0x0000017d03c3f5f0 DEOPT UNPACKING pc=0x0000017d726669a3 sp=0x0000000c377f9178 mode 2
Event: 16.768 Thread 0x0000017d03c3f5f0 Uncommon trap: trap_request=0xffffff45 fr.pc=0x0000017d72ffbf24 relative=0x0000000000001e04
Event: 16.768 Thread 0x0000017d03c3f5f0 Uncommon trap: reason=unstable_if action=reinterpret pc=0x0000017d72ffbf24 method=java.util.concurrent.ConcurrentHashMap.computeIfAbsent(Ljava/lang/Object;Ljava/util/function/Function;)Ljava/lang/Object; @ 244 c2
Event: 16.768 Thread 0x0000017d03c3f5f0 DEOPT PACKING pc=0x0000017d72ffbf24 sp=0x0000000c377f9140
Event: 16.768 Thread 0x0000017d03c3f5f0 DEOPT UNPACKING pc=0x0000017d726669a3 sp=0x0000000c377f90f0 mode 2
Event: 16.800 Thread 0x0000017d03c3f5f0 DEOPT PACKING pc=0x0000017d6b99174e sp=0x0000000c377fac60
Event: 16.800 Thread 0x0000017d03c3f5f0 DEOPT UNPACKING pc=0x0000017d72667143 sp=0x0000000c377fa0c0 mode 0
Event: 16.956 Thread 0x0000017d03c3f5f0 Uncommon trap: trap_request=0xffffffde fr.pc=0x0000017d72bcaebc relative=0x000000000000087c
Event: 16.956 Thread 0x0000017d03c3f5f0 Uncommon trap: reason=class_check action=maybe_recompile pc=0x0000017d72bcaebc method=java.util.stream.AbstractPipeline.copyIntoWithCancel(Ljava/util/stream/Sink;Ljava/util/Spliterator;)Z @ 32 c2
Event: 16.956 Thread 0x0000017d03c3f5f0 DEOPT PACKING pc=0x0000017d72bcaebc sp=0x0000000c377fb9b0
Event: 16.956 Thread 0x0000017d03c3f5f0 DEOPT UNPACKING pc=0x0000017d726669a3 sp=0x0000000c377fb868 mode 2

Classes unloaded (0 events):
No events

Classes redefined (0 events):
No events

Internal exceptions (20 events):
Event: 16.801 Thread 0x0000017d03c3f5f0 Exception <a 'java/lang/ClassNotFoundException'{0x000000008e5d3388}: org/gradle/internal/extensibility/ExtensionsStorage$ExtensionHolderCustomizer> (0x000000008e5d3388) 
thrown [s\src\hotspot\share\classfile\systemDictionary.cpp, line 256]
Event: 16.816 Thread 0x0000017d03c3f5f0 Exception <a 'java/lang/ClassNotFoundException'{0x000000008e2cca98}: org/codehaus/groovy/runtime/NullObjectBeanInfo> (0x000000008e2cca98) 
thrown [s\src\hotspot\share\classfile\systemDictionary.cpp, line 256]
Event: 16.821 Thread 0x0000017d03c3f5f0 Exception <a 'java/lang/ClassNotFoundException'{0x000000008e094c50}: org/codehaus/groovy/runtime/NullObjectCustomizer> (0x000000008e094c50) 
thrown [s\src\hotspot\share\classfile\systemDictionary.cpp, line 256]
Event: 16.825 Thread 0x0000017d03c3f5f0 Exception <a 'java/lang/ClassNotFoundException'{0x000000008e0b73a8}: org/gradle/internal/service/scopes/ProjectScopeServicesBeanInfo> (0x000000008e0b73a8) 
thrown [s\src\hotspot\share\classfile\systemDictionary.cpp, line 256]
Event: 16.825 Thread 0x0000017d03c3f5f0 Exception <a 'java/lang/ClassNotFoundException'{0x000000008e0bf720}: org/gradle/internal/service/scopes/ProjectScopeServicesCustomizer> (0x000000008e0bf720) 
thrown [s\src\hotspot\share\classfile\systemDictionary.cpp, line 256]
Event: 16.827 Thread 0x0000017d03c3f5f0 Exception <a 'java/lang/ClassNotFoundException'{0x000000008e0da670}: org/gradle/api/internal/catalog/DefaultDependenciesAccessorsBeanInfo> (0x000000008e0da670) 
thrown [s\src\hotspot\share\classfile\systemDictionary.cpp, line 256]
Event: 16.829 Thread 0x0000017d03c3f5f0 Exception <a 'java/lang/ClassNotFoundException'{0x000000008e0e4520}: org/gradle/api/internal/catalog/DefaultDependenciesAccessorsCustomizer> (0x000000008e0e4520) 
thrown [s\src\hotspot\share\classfile\systemDictionary.cpp, line 256]
Event: 16.832 Thread 0x0000017d03c3f5f0 Exception <a 'java/lang/ClassNotFoundException'{0x000000008df02560}: org/gradle/internal/classpath/DefaultClassPathBeanInfo> (0x000000008df02560) 
thrown [s\src\hotspot\share\classfile\systemDictionary.cpp, line 256]
Event: 16.832 Thread 0x0000017d03c3f5f0 Exception <a 'java/lang/ClassNotFoundException'{0x000000008df0a660}: org/gradle/internal/classpath/DefaultClassPathCustomizer> (0x000000008df0a660) 
thrown [s\src\hotspot\share\classfile\systemDictionary.cpp, line 256]
Event: 16.841 Thread 0x0000017d03c3f5f0 Exception <a 'java/lang/ClassNotFoundException'{0x000000008de16040}: org/gradle/internal/classpath/DefaultClassPath$ImmutableUniqueListBeanInfo> (0x000000008de16040) 
thrown [s\src\hotspot\share\classfile\systemDictionary.cpp, line 256]
Event: 16.842 Thread 0x0000017d03c3f5f0 Exception <a 'java/lang/ClassNotFoundException'{0x000000008de1a5e0}: java/util/AbstractListBeanInfo> (0x000000008de1a5e0) 
thrown [s\src\hotspot\share\classfile\systemDictionary.cpp, line 256]
Event: 16.842 Thread 0x0000017d03c3f5f0 Exception <a 'java/lang/ClassNotFoundException'{0x000000008de1eb58}: java/util/AbstractListCustomizer> (0x000000008de1eb58) 
thrown [s\src\hotspot\share\classfile\systemDictionary.cpp, line 256]
Event: 16.846 Thread 0x0000017d03c3f5f0 Exception <a 'java/lang/ClassNotFoundException'{0x000000008de31ce0}: org/gradle/internal/classpath/DefaultClassPath$ImmutableUniqueListCustomizer> (0x000000008de31ce0) 
thrown [s\src\hotspot\share\classfile\systemDictionary.cpp, line 256]
Event: 16.852 Thread 0x0000017d03c3f5f0 Exception <a 'java/lang/ClassNotFoundException'{0x000000008de69ca0}: org/jetbrains/plugins/gradle/model/DefaultDependencyAccessorsModelBeanInfo> (0x000000008de69ca0) 
thrown [s\src\hotspot\share\classfile\systemDictionary.cpp, line 256]
Event: 16.854 Thread 0x0000017d03c3f5f0 Exception <a 'java/lang/ClassNotFoundException'{0x000000008de720f8}: org/jetbrains/plugins/gradle/model/DefaultDependencyAccessorsModelCustomizer> (0x000000008de720f8) 
thrown [s\src\hotspot\share\classfile\systemDictionary.cpp, line 256]
Event: 16.915 Thread 0x0000017d03c3f5f0 Exception <a 'java/lang/ClassNotFoundException'{0x000000008dabef08}: org/gradle/api/internal/tasks/DefaultSourceSetContainer_DecoratedBeanInfo> (0x000000008dabef08) 
thrown [s\src\hotspot\share\classfile\systemDictionary.cpp, line 256]
Event: 16.916 Thread 0x0000017d03c3f5f0 Exception <a 'java/lang/ClassNotFoundException'{0x000000008dac8d60}: org/gradle/api/internal/tasks/DefaultSourceSetContainerBeanInfo> (0x000000008dac8d60) 
thrown [s\src\hotspot\share\classfile\systemDictionary.cpp, line 256]
Event: 16.916 Thread 0x0000017d03c3f5f0 Exception <a 'java/lang/ClassNotFoundException'{0x000000008dad2bd8}: org/gradle/api/internal/tasks/DefaultSourceSetContainerCustomizer> (0x000000008dad2bd8) 
thrown [s\src\hotspot\share\classfile\systemDictionary.cpp, line 256]
Event: 16.917 Thread 0x0000017d03c3f5f0 Exception <a 'java/lang/ClassNotFoundException'{0x000000008dae8268}: org/gradle/api/internal/tasks/DefaultSourceSetContainer_DecoratedCustomizer> (0x000000008dae8268) 
thrown [s\src\hotspot\share\classfile\systemDictionary.cpp, line 256]
Event: 16.955 Thread 0x0000017d086054a0 Exception <a 'java/lang/NoSuchMethodError'{0x000000008d9db478}: static Lorg/jetbrains/plugins/gradle/tooling/serialization/internal/adapter/kotlin/dsl/InternalKotlinDslScriptsModel;.<clinit>()V> (0x000000008d9db478) 
thrown [s\src\hotspot\share\prims\jni.cpp, line 1108]

VM Operations (20 events):
Event: 15.197 Executing VM operation: G1CollectForAllocation
Event: 15.203 Executing VM operation: G1CollectForAllocation done
Event: 15.379 Executing VM operation: HandshakeAllThreads
Event: 15.379 Executing VM operation: HandshakeAllThreads done
Event: 15.718 Executing VM operation: G1TryInitiateConcMark
Event: 15.722 Executing VM operation: G1TryInitiateConcMark done
Event: 15.728 Executing VM operation: G1TryInitiateConcMark
Event: 15.731 Executing VM operation: G1TryInitiateConcMark done
Event: 15.816 Executing VM operation: G1Concurrent
Event: 15.820 Executing VM operation: G1Concurrent done
Event: 15.856 Executing VM operation: G1Concurrent
Event: 15.857 Executing VM operation: G1Concurrent done
Event: 16.131 Executing VM operation: HandshakeAllThreads
Event: 16.132 Executing VM operation: HandshakeAllThreads done
Event: 16.270 Executing VM operation: HandshakeAllThreads
Event: 16.270 Executing VM operation: HandshakeAllThreads done
Event: 16.272 Executing VM operation: HandshakeAllThreads
Event: 16.272 Executing VM operation: HandshakeAllThreads done
Event: 16.656 Executing VM operation: ICBufferFull
Event: 16.658 Executing VM operation: ICBufferFull done

Events (20 events):
Event: 16.767 loading class java/lang/NumberBeanInfo
Event: 16.767 loading class java/lang/NumberBeanInfo done
Event: 16.767 loading class java/lang/NumberCustomizer
Event: 16.767 loading class java/lang/NumberCustomizer done
Event: 16.767 loading class java/lang/NumberCustomizer
Event: 16.767 loading class java/lang/NumberCustomizer done
Event: 16.768 loading class java/lang/IntegerCustomizer
Event: 16.768 loading class java/lang/IntegerCustomizer done
Event: 16.768 loading class java/lang/IntegerCustomizer
Event: 16.768 loading class java/lang/IntegerCustomizer done
Event: 16.768 loading class jdk/internal/ValueBased
Event: 16.768 loading class jdk/internal/ValueBased done
Event: 16.842 loading class java/util/AbstractListBeanInfo
Event: 16.842 loading class java/util/AbstractListBeanInfo done
Event: 16.842 loading class java/util/AbstractListBeanInfo
Event: 16.842 loading class java/util/AbstractListBeanInfo done
Event: 16.842 loading class java/util/AbstractListCustomizer
Event: 16.842 loading class java/util/AbstractListCustomizer done
Event: 16.842 loading class java/util/AbstractListCustomizer
Event: 16.842 loading class java/util/AbstractListCustomizer done


Dynamic libraries:
0x00007ff7d33b0000 - 0x00007ff7d33ba000 	C:\Program Files\Android\Android Studio1\jbr\bin\java.exe
0x00007ffc86bb0000 - 0x00007ffc86da8000 	C:\WINDOWS\SYSTEM32\ntdll.dll
0x00007ffc85830000 - 0x00007ffc858ef000 	C:\WINDOWS\System32\KERNEL32.DLL
0x00007ffc846f0000 - 0x00007ffc849e6000 	C:\WINDOWS\System32\KERNELBASE.dll
0x00007ffc84580000 - 0x00007ffc84680000 	C:\WINDOWS\System32\ucrtbase.dll
0x00007ffc734e0000 - 0x00007ffc734f7000 	C:\Program Files\Android\Android Studio1\jbr\bin\jli.dll
0x00007ffc5e560000 - 0x00007ffc5e57b000 	C:\Program Files\Android\Android Studio1\jbr\bin\VCRUNTIME140.dll
0x00007ffc86230000 - 0x00007ffc863cd000 	C:\WINDOWS\System32\USER32.dll
0x00007ffc843b0000 - 0x00007ffc843d2000 	C:\WINDOWS\System32\win32u.dll
0x00007ffc86730000 - 0x00007ffc8675c000 	C:\WINDOWS\System32\GDI32.dll
0x00007ffc6af80000 - 0x00007ffc6b21a000 	C:\WINDOWS\WinSxS\amd64_microsoft.windows.common-controls_6595b64144ccf1df_6.0.19041.1110_none_60b5254171f9507e\COMCTL32.dll
0x00007ffc84290000 - 0x00007ffc843a5000 	C:\WINDOWS\System32\gdi32full.dll
0x00007ffc867d0000 - 0x00007ffc8686e000 	C:\WINDOWS\System32\msvcrt.dll
0x00007ffc843e0000 - 0x00007ffc8447d000 	C:\WINDOWS\System32\msvcp_win.dll
0x00007ffc85b80000 - 0x00007ffc85bb0000 	C:\WINDOWS\System32\IMM32.DLL
0x00007ffc7da00000 - 0x00007ffc7da0c000 	C:\Program Files\Android\Android Studio1\jbr\bin\vcruntime140_1.dll
0x00007ffc4bec0000 - 0x00007ffc4bf4d000 	C:\Program Files\Android\Android Studio1\jbr\bin\msvcp140.dll
0x00007ffc17e90000 - 0x00007ffc18afd000 	C:\Program Files\Android\Android Studio1\jbr\bin\server\jvm.dll
0x00007ffc858f0000 - 0x00007ffc8599f000 	C:\WINDOWS\System32\ADVAPI32.dll
0x00007ffc85a50000 - 0x00007ffc85aec000 	C:\WINDOWS\System32\sechost.dll
0x00007ffc860f0000 - 0x00007ffc86216000 	C:\WINDOWS\System32\RPCRT4.dll
0x00007ffc6fcc0000 - 0x00007ffc6fcc9000 	C:\WINDOWS\SYSTEM32\WSOCK32.dll
0x00007ffc71710000 - 0x00007ffc71737000 	C:\WINDOWS\SYSTEM32\WINMM.dll
0x00007ffc85af0000 - 0x00007ffc85b5b000 	C:\WINDOWS\System32\WS2_32.dll
0x00007ffc7d850000 - 0x00007ffc7d85a000 	C:\WINDOWS\SYSTEM32\VERSION.dll
0x00007ffc82a90000 - 0x00007ffc82aa2000 	C:\WINDOWS\SYSTEM32\kernel.appcore.dll
0x00007ffc733f0000 - 0x00007ffc733fa000 	C:\Program Files\Android\Android Studio1\jbr\bin\jimage.dll
0x00007ffc82010000 - 0x00007ffc821f4000 	C:\WINDOWS\SYSTEM32\DBGHELP.DLL
0x00007ffc74670000 - 0x00007ffc746a4000 	C:\WINDOWS\SYSTEM32\dbgcore.DLL
0x00007ffc849f0000 - 0x00007ffc84a72000 	C:\WINDOWS\System32\bcryptPrimitives.dll
0x00007ffc46fe0000 - 0x00007ffc47005000 	C:\Program Files\Android\Android Studio1\jbr\bin\java.dll
0x00007ffc730f0000 - 0x00007ffc73108000 	C:\Program Files\Android\Android Studio1\jbr\bin\zip.dll
0x00007ffc84dd0000 - 0x00007ffc85514000 	C:\WINDOWS\System32\SHELL32.dll
0x00007ffc822e0000 - 0x00007ffc82a74000 	C:\WINDOWS\SYSTEM32\windows.storage.dll
0x00007ffc863d0000 - 0x00007ffc86724000 	C:\WINDOWS\System32\combase.dll
0x00007ffc83cd0000 - 0x00007ffc83cfe000 	C:\WINDOWS\SYSTEM32\Wldp.dll
0x00007ffc859a0000 - 0x00007ffc85a4d000 	C:\WINDOWS\System32\SHCORE.dll
0x00007ffc86770000 - 0x00007ffc867c5000 	C:\WINDOWS\System32\shlwapi.dll
0x00007ffc841c0000 - 0x00007ffc841e5000 	C:\WINDOWS\SYSTEM32\profapi.dll
0x00007ffc5dfe0000 - 0x00007ffc5dff9000 	C:\Program Files\Android\Android Studio1\jbr\bin\net.dll
0x00007ffc7ab70000 - 0x00007ffc7ac7a000 	C:\WINDOWS\SYSTEM32\WINHTTP.dll
0x00007ffc839e0000 - 0x00007ffc83a4a000 	C:\WINDOWS\system32\mswsock.dll
0x00007ffc5ce50000 - 0x00007ffc5ce66000 	C:\Program Files\Android\Android Studio1\jbr\bin\nio.dll
0x00007ffc6d5b0000 - 0x00007ffc6d5c0000 	C:\Program Files\Android\Android Studio1\jbr\bin\verify.dll
0x00007ffc6d2f0000 - 0x00007ffc6d317000 	C:\Users\Filipe Guia\.gradle\native\e1d6ef7f7dcc3fd88c89a11ec53ec762bb8ba0a96d01ffa2cd45eb1d1d8dd5c5\windows-amd64\native-platform.dll
0x00007ffc3e080000 - 0x00007ffc3e1c4000 	C:\Users\Filipe Guia\.gradle\native\5664cfc778a61ccfe75a443a1ab52a65af34e5dc3c78e0209fed803814484fcb\windows-amd64\native-platform-file-events.dll
0x00007ffc73390000 - 0x00007ffc73399000 	C:\Program Files\Android\Android Studio1\jbr\bin\management.dll
0x00007ffc71450000 - 0x00007ffc7145b000 	C:\Program Files\Android\Android Studio1\jbr\bin\management_ext.dll
0x00007ffc855d0000 - 0x00007ffc855d8000 	C:\WINDOWS\System32\PSAPI.DLL
0x00007ffc83ba0000 - 0x00007ffc83bb8000 	C:\WINDOWS\SYSTEM32\CRYPTSP.dll
0x00007ffc832a0000 - 0x00007ffc832d4000 	C:\WINDOWS\system32\rsaenh.dll
0x00007ffc84be0000 - 0x00007ffc84c07000 	C:\WINDOWS\System32\bcrypt.dll
0x00007ffc84180000 - 0x00007ffc841ae000 	C:\WINDOWS\SYSTEM32\USERENV.dll
0x00007ffc83b90000 - 0x00007ffc83b9c000 	C:\WINDOWS\SYSTEM32\CRYPTBASE.dll
0x00007ffc83690000 - 0x00007ffc836cc000 	C:\WINDOWS\SYSTEM32\IPHLPAPI.DLL
0x00007ffc86760000 - 0x00007ffc86768000 	C:\WINDOWS\System32\NSI.dll
0x00007ffc7c4f0000 - 0x00007ffc7c507000 	C:\WINDOWS\SYSTEM32\dhcpcsvc6.DLL
0x00007ffc7c4d0000 - 0x00007ffc7c4ed000 	C:\WINDOWS\SYSTEM32\dhcpcsvc.DLL
0x00007ffc836e0000 - 0x00007ffc837aa000 	C:\WINDOWS\SYSTEM32\DNSAPI.dll
0x00007ffc6d580000 - 0x00007ffc6d587000 	C:\WINDOWS\system32\wshunix.dll

dbghelp: loaded successfully - version: 4.0.5 - missing functions: none
symbol engine: initialized successfully - sym options: 0x614 - pdb path: .;C:\Program Files\Android\Android Studio1\jbr\bin;C:\WINDOWS\SYSTEM32;C:\WINDOWS\WinSxS\amd64_microsoft.windows.common-controls_6595b64144ccf1df_6.0.19041.1110_none_60b5254171f9507e;C:\Program Files\Android\Android Studio1\jbr\bin\server;C:\Users\Filipe Guia\.gradle\native\e1d6ef7f7dcc3fd88c89a11ec53ec762bb8ba0a96d01ffa2cd45eb1d1d8dd5c5\windows-amd64;C:\Users\Filipe Guia\.gradle\native\5664cfc778a61ccfe75a443a1ab52a65af34e5dc3c78e0209fed803814484fcb\windows-amd64

VM Arguments:
jvm_args: --add-opens=java.base/java.util=ALL-UNNAMED --add-opens=java.base/java.lang=ALL-UNNAMED --add-opens=java.base/java.lang.invoke=ALL-UNNAMED --add-opens=java.base/java.util=ALL-UNNAMED --add-opens=java.prefs/java.util.prefs=ALL-UNNAMED --add-opens=java.prefs/java.util.prefs=ALL-UNNAMED --add-opens=java.base/java.nio.charset=ALL-UNNAMED --add-opens=java.base/java.net=ALL-UNNAMED --add-opens=java.base/java.util.concurrent.atomic=ALL-UNNAMED -Xmx2048m -Dfile.encoding=UTF-8 -Duser.country=PT -Duser.language=pt -Duser.variant 
java_command: org.gradle.launcher.daemon.bootstrap.GradleDaemon 7.2
java_class_path (initial): C:\Users\Filipe Guia\.gradle\wrapper\dists\gradle-7.2-bin\2dnblmf4td7x66yl1d74lt32g\gradle-7.2\lib\gradle-launcher-7.2.jar
Launcher Type: SUN_STANDARD

[Global flags]
     intx CICompilerCount                          = 4                                         {product} {ergonomic}
     uint ConcGCThreads                            = 2                                         {product} {ergonomic}
     uint G1ConcRefinementThreads                  = 8                                         {product} {ergonomic}
   size_t G1HeapRegionSize                         = 1048576                                   {product} {ergonomic}
    uintx GCDrainStackTargetSize                   = 64                                        {product} {ergonomic}
   size_t InitialHeapSize                          = 266338304                                 {product} {ergonomic}
   size_t MarkStackSize                            = 4194304                                   {product} {ergonomic}
   size_t MaxHeapSize                              = 2147483648                                {product} {command line}
   size_t MaxNewSize                               = 1287651328                                {product} {ergonomic}
   size_t MinHeapDeltaBytes                        = 1048576                                   {product} {ergonomic}
   size_t MinHeapSize                              = 8388608                                   {product} {ergonomic}
    uintx NonNMethodCodeHeapSize                   = 5839372                                {pd product} {ergonomic}
    uintx NonProfiledCodeHeapSize                  = 122909434                              {pd product} {ergonomic}
    uintx ProfiledCodeHeapSize                     = 122909434                              {pd product} {ergonomic}
    uintx ReservedCodeCacheSize                    = 251658240                              {pd product} {ergonomic}
     bool SegmentedCodeCache                       = true                                      {product} {ergonomic}
   size_t SoftMaxHeapSize                          = 2147483648                             {manageable} {ergonomic}
     bool UseCompressedClassPointers               = true                           {product lp64_product} {ergonomic}
     bool UseCompressedOops                        = true                           {product lp64_product} {ergonomic}
     bool UseG1GC                                  = true                                      {product} {ergonomic}
     bool UseLargePagesIndividualAllocation        = false                                  {pd product} {ergonomic}

Logging:
Log output configuration:
 #0: stdout all=warning uptime,level,tags
 #1: stderr all=off uptime,level,tags

Environment Variables:
JAVA_HOME=C:\Program Files\Java\jdk-11.0.13
PATH=C:\Program Files\Common Files\Oracle\Java\javapath;C:\Program Files (x86)\Common Files\Oracle\Java\javapath;C:\WINDOWS\system32;C:\WINDOWS;C:\WINDOWS\System32\Wbem;C:\WINDOWS\System32\WindowsPowerShell\v1.0\;C:\WINDOWS\System32\OpenSSH\;C:\Program Files\PuTTY\;C:\Program Files\Java\jdk-16.0.2\bin;C:\Program Files\Git\cmd;C:\Program Files (x86)\NVIDIA Corporation\PhysX\Common;C:\Program Files\NVIDIA Corporation\NVIDIA NvDLISR;C:\Program Files\nodejs\;C:\src\flutter;C:\HashiCorp\Vagrant\bin;;C:\Program Files\Docker\Docker\resources\bin;C:\Users\Filipe Guia\AppData\Local\Programs\Python\Python310\Scripts\;C:\Users\Filipe Guia\AppData\Local\Programs\Python\Python310\;"C:\Users\Filipe Guia\AppData\Local\Microsoft\WindowsApps;C:\Android\Sdk\platform-tools";C:\Users\Filipe Guia\AppData\Local\GitHubDesktop\bin;C:\Users\Filipe Guia\AppData\Local\Programs\Microsoft VS Code\bin;C:\xampp\php;C:\sqlite;C:\Users\Filipe Guia\AppData\Local\Microsoft\WindowsApps;C:\Users\Filipe Guia\AppData\Roaming\npm;
USERNAME=Filipe Guia
OS=Windows_NT
PROCESSOR_IDENTIFIER=Intel64 Family 6 Model 158 Stepping 10, GenuineIntel
TMP=C:\Users\FILIPE~1\AppData\Local\Temp
TEMP=C:\Users\FILIPE~1\AppData\Local\Temp



---------------  S Y S T E M  ---------------

OS:
 Windows 10 , 64 bit Build 19041 (10.0.19041.3155)
OS uptime: 4 days 20:01 hours
Hyper-V role detected

CPU: total 8 (initial active 8) (4 cores per cpu, 2 threads per core) family 6 model 158 stepping 10 microcode 0xca, cx8, cmov, fxsr, ht, mmx, 3dnowpref, sse, sse2, sse3, ssse3, sse4.1, sse4.2, popcnt, lzcnt, tsc, tscinvbit, avx, avx2, aes, erms, clmul, bmi1, bmi2, adx, fma, vzeroupper, clflush, clflushopt, hv

Memory: 4k page, system-wide physical 16232M (3958M free)
TotalPageFile size 32232M (AvailPageFile size 5M)
current process WorkingSet (physical memory assigned to process): 524M, peak: 524M
current process commit charge ("private bytes"): 566M, peak: 567M

vm_info: OpenJDK 64-Bit Server VM (17.0.6+0-b2043.56-9586694) for windows-amd64 JRE (17.0.6+0-b2043.56-9586694), built on Feb  9 2023 20:06:20 by "androidbuild" with MS VC++ 16.10 / 16.11 (VS2019)

END.
